1.5773 	WARNING 	We strongly recommend you activate the PTB sound engine in PsychoPy prefs as the preferred audio engine. Its timing is vastly superior. Your prefs are currently set to use ['sounddevice', 'PTB', 'pyo', 'pygame'] (in that order).
16.6918 	EXP 	Created window1 = Window(allowGUI=True, allowStencil=False, autoLog=True, backendConf=UNKNOWN, bitsMode=UNKNOWN, blendMode='avg', bpc=(8, 8, 8), color=array([0, 0, 0]), colorSpace='rgb', depthBits=8, fullscr=<method-wrapper '__getattribute__' of attributeSetter object at 0x000001ECADCC13D0>, gamma=None, gammaErrorPolicy='raise', lms=UNKNOWN, monitor=<psychopy.monitors.calibTools.Monitor object at 0x000001ECAEE72310>, multiSample=False, name='window1', numSamples=2, pos=(0, 0), screen=0, size=array([1920, 1080]), stencilBits=0, stereo=False, units='height', useFBO=True, useRetina=False, viewOri=0.0, viewPos=None, viewScale=None, waitBlanking=True, winType='pyglet')
16.6918 	EXP 	window1: mouseVisible = True
16.6919 	EXP 	window1: mouseVisible = False
16.6919 	EXP 	window1: Attempting to measure frame rate of screen (0) ...
16.6919 	EXP 	window1: recordFrameIntervals = False
16.8581 	EXP 	window1: recordFrameIntervals = True
17.0418 	EXP 	Screen (0) actual frame rate measured at 59.91Hz
17.0418 	EXP 	window1: recordFrameIntervals = False
19.0355 	EXP 	Created instruction = TextStim(__class__=<class 'psychopy.visual.text.TextStim'>, alignHoriz=method-wrapper(...), alignText='center', alignVert=method-wrapper(...), anchorHoriz='center', anchorVert='center', antialias=True, autoDraw=False, autoLog=True, bold=False, color=array([1, 1, 1]), colorSpace='rgb', contrast=1.0, depth=0.0, flipHoriz=False, flipVert=False, font='Open Sans', fontFiles=[], height=0.05, italic=False, languageStyle='LTR', name='instruction', opacity=1.0, ori=0.0, pos=array([0., 0.]), rgb=UNKNOWN, text='PRESS SPACE BAR TO PROCEED TO EXPERIMENT ', units='height', win=Window(...), wrapWidth=1)
19.0381 	EXP 	Created Fixation = ShapeStim(__class__=<class 'psychopy.visual.shape.ShapeStim'>, anchor=('center', 'center'), autoDraw=False, autoLog=True, closeShape=True, color=method-wrapper(...), colorSpace='rgb', contrast=None, depth=0.0, fillColor=array([ 1, -1, -1]), fillColorSpace='rgb', fillRGB=array([ 1, -1, -1]), interpolate=True, lineColor=array([ 1, -1, -1]), lineColorSpace='rgb', lineRGB=array([ 1, -1, -1]), lineWidth=1.0, name='Fixation', opacity=1.0, ori=0.0, pos=array([0., 0.]), size=array([0.05, 0.05]), units='height', vertices=ndarray(...), win=Window(...), windingRule=None)
19.0454 	EXP 	Created Human_image = ImageStim(__class__=<class 'psychopy.visual.image.ImageStim'>, anchor=('center', 'center'), autoLog=True, color=array([1, 1, 1]), colorSpace='rgb', contrast=1.0, depth=0.0, flipHoriz=False, flipVert=False, image='sin', interpolate=True, mask=None, maskParams=None, name='Human_image', opacity=1.0, ori=0.0, pos=array([0., 0.]), size=array([0.5, 0.5]), texRes=128.0, units='height', win=Window(...))
19.0468 	EXP 	Created roi = ROI(__class__=<class 'psychopy.visual.roi.ROI'>, anchor=('center', 'center'), autoDraw=False, autoLog=True, closeShape=True, color=method-wrapper(...), colorSpace='rgb', contrast=None, depth=0, fillColor=array([ 1, -1, -1]), fillColorSpace='rgb', fillRGB=array([ 1, -1, -1]), interpolate=True, lineColor=array([-1, -1, -1]), lineColorSpace='rgb', lineRGB=array([-1, -1, -1]), lineWidth=1.5, name='roi', opacity=0.0, ori=0.0, pos=array([0., 0.]), size=array([0.5, 0.5]), units='height', vertices=ndarray(...), win=Window(...), windingRule=None)
19.0522 	EXP 	window1: mouseVisible = True
19.1027 	EXP 	Created Likebility_slider_3 = Slider(__class__=<class 'psychopy.visual.slider.Slider'>, autoDraw=False, autoLog=True, borderColor=None, color=None, colorSpace='rgb', depth=-1, fillColor=None, flip=False, font='Open Sans', granularity=0.0, labelColor=None, labelHeight=0.05, labelWrapWidth=None, labels=['Least', 'Most'], lineColor=None, markerColor=None, name='Likebility_slider_3', opacity=None, ori=0.0, pos=array([ 0. , -0.1]), readOnly=False, self=UNKNOWN, size=array([1. , 0.1]), startValue=0.0, style='slider', styleTweaks=[], ticks=array([-100,  100]), units='height', win=Window(...))
19.1034 	EXP 	Created ratingText = TextStim(__class__=<class 'psychopy.visual.text.TextStim'>, alignHoriz=method-wrapper(...), alignText='center', alignVert=method-wrapper(...), anchorHoriz='center', anchorVert='center', antialias=True, autoDraw=False, autoLog=True, bold=False, color=array([1, 1, 1]), colorSpace='rgb', contrast=1.0, depth=-2.0, flipHoriz=False, flipVert=False, font='Open Sans', fontFiles=[], height=0.05, italic=False, languageStyle='LTR', name='ratingText', opacity=1.0, ori=0.0, pos=array([ 0. , -0.3]), rgb=UNKNOWN, text='', units='height', win=Window(...), wrapWidth=1)
19.1244 	EXP 	Created image = ImageStim(__class__=<class 'psychopy.visual.image.ImageStim'>, anchor=('center', 'center'), autoLog=True, color=array([1, 1, 1]), colorSpace='rgb', contrast=1.0, depth=-3.0, flipHoriz=False, flipVert=False, image='Button_Image.png', interpolate=True, mask=None, maskParams=None, name='image', opacity=1.0, ori=0.0, pos=array([ 0.49, -0.43]), size=array([0.33 , 0.106]), texRes=128.0, units='height', win=Window(...))
19.1246 	EXP 	window1: mouseVisible = True
19.1332 	EXP 	Created instruct_Likeability_2 = TextStim(__class__=<class 'psychopy.visual.text.TextStim'>, alignHoriz=method-wrapper(...), alignText='center', alignVert=method-wrapper(...), anchorHoriz='center', anchorVert='center', antialias=True, autoDraw=False, autoLog=True, bold=False, color=array([1, 1, 1]), colorSpace='rgb', contrast=1.0, depth=-5.0, flipHoriz=False, flipVert=False, font='Open Sans', fontFiles=[], height=0.05, italic=False, languageStyle='LTR', name='instruct_Likeability_2', opacity=1.0, ori=0.0, pos=array([0., 0.]), rgb=UNKNOWN, text='Rate the Likeability', units='height', win=Window(...), wrapWidth=1)
19.1370 	EXP 	Created calibrationTarget = ShapeStim(__class__=<class 'psychopy.visual.shape.ShapeStim'>, anchor=('center', 'center'), autoDraw=False, autoLog=True, closeShape=True, color=method-wrapper(...), colorSpace='rgb', contrast=None, depth=0, fillColor=array([0, 0, 0]), fillColorSpace='rgb', fillRGB=array([0, 0, 0]), interpolate=True, lineColor=array([-1, -1, -1]), lineColorSpace='rgb', lineRGB=array([-1, -1, -1]), lineWidth=2.0, name='calibrationTarget', opacity=1.0, ori=0.0, pos=array([0., 0.]), size=array([0., 0.]), units='height', vertices=ndarray(...), win=Window(...), windingRule=None)
19.1404 	EXP 	Created calibrationTargetInner = ShapeStim(__class__=<class 'psychopy.visual.shape.ShapeStim'>, anchor=('center', 'center'), autoDraw=False, autoLog=True, closeShape=True, color=method-wrapper(...), colorSpace='rgb', contrast=None, depth=0, fillColor=array([-1.        ,  0.00392157, -1.        ]), fillColorSpace='rgb', fillRGB=array([-1.        ,  0.00392157, -1.        ]), interpolate=True, lineColor=array([-1, -1, -1]), lineColorSpace='rgb', lineRGB=array([-1, -1, -1]), lineWidth=2.0, name='calibrationTargetInner', opacity=1.0, ori=0.0, pos=array([0., 0.]), size=array([0., 0.]), units='height', vertices=ndarray(...), win=Window(...), windingRule=None)
59.0165 	EXP 	Likebility_slider_3: autoLog = True
59.0165 	EXP 	Likebility_slider_3: markerPos = 0.0
59.0165 	EXP 	Likebility_slider_3: styleTweaks = []
59.0165 	EXP 	Likebility_slider_3: styleTweaks = []
59.0165 	EXP 	Likebility_slider_3: styleTweaks = []
59.0165 	EXP 	Likebility_slider_3: styleTweaks = []
59.0165 	EXP 	Likebility_slider_3: contrast = 1.0
59.0165 	EXP 	Likebility_slider_3: autoLog = True
59.0221 	EXP 	instruction: autoDraw = True
64.4578 	EXP 	eyetracker.clearEvents()
64.4587 	EXP 	eyetracker.setRecordingState(True)
64.4628 	EXP 	Imported Human Stimuli  - Human Stimuli.csv as conditions, 45 conditions, 4 params
64.4632 	EXP 	Created sequence: random, trialTypes=45, nReps=1, seed=None
64.4634 	EXP 	New trial (rep=0, index=0): OrderedDict([('Type', 'Human'), ('Spatial_Frequency', 'HSF'), ('filepath', 'Stimuli For Psychopy/Human/matched-32-cpi-low-Rafd090_36_Caucasian_male_neutral_frontal.jpg'), ('file_name', 'matched-32-cpi-low-Rafd090_36_Caucasian_male_neutral_frontal.jpg')])
64.4648 	DATA 	Keypress: space
64.4737 	EXP 	instruction: autoDraw = False
64.4737 	EXP 	Fixation: autoDraw = True
65.4735 	EXP 	Fixation: autoDraw = False
65.4735 	EXP 	Fixation: autoDraw = False
65.4735 	EXP 	Human_image: image = 'Stimuli For Psychopy/Human/matched-32-cpi-low-Rafd090_36_Caucasian_male_neutral_frontal.jpg'
65.4735 	EXP 	Human_image: autoDraw = True
66.4728 	EXP 	Human_image: autoDraw = False
66.4728 	EXP 	Human_image: autoDraw = False
66.4728 	EXP 	roi: autoDraw = False
66.4728 	EXP 	Likebility_slider_3: markerPos = None
66.4728 	EXP 	Likebility_slider_3: markerPos = 0.0
66.4728 	EXP 	Likebility_slider_3: autoDraw = True
66.4728 	EXP 	ratingText: autoDraw = True
66.4728 	EXP 	instruct_Likeability_2: autoDraw = True
67.4411 	DATA 	Mouse: Left button down, pos=(1158,412)
67.4547 	EXP 	Likebility_slider_3: markerPos = 36.66666666666666
67.4735 	EXP 	Likebility_slider_3: markerPos = 36.66666666666666
67.4903 	EXP 	Likebility_slider_3: markerPos = 36.66666666666666
67.5069 	EXP 	Likebility_slider_3: markerPos = 36.66666666666666
67.5238 	EXP 	Likebility_slider_3: markerPos = 36.66666666666666
67.5381 	EXP 	Likebility_slider_3: markerPos = 36.66666666666666
67.5389 	DATA 	Mouse:  Left button up, pos=(1158,412)
67.5547 	EXP 	Likebility_slider_3: markerPos = 36.66666666666666
67.5715 	EXP 	image: autoDraw = True
68.0404 	DATA 	Mouse: Left button down, pos=(1464,107)
68.0428 	EXP 	window1: recordFrameIntervals = False
68.0572 	EXP 	Likebility_slider_3: autoDraw = False
68.0572 	EXP 	ratingText: autoDraw = False
68.0572 	EXP 	image: autoDraw = False
68.0572 	EXP 	instruct_Likeability_2: autoDraw = False
68.0573 	EXP 	window1: recordFrameIntervals = False
68.3271 	DATA 	Mouse:  Left button up, pos=(1464,106)
68.5272 	EXP 	New trial (rep=0, index=1): OrderedDict([('Type', 'Human'), ('Spatial_Frequency', 'HSF'), ('filepath', 'Stimuli For Psychopy/Human/matched-32-cpi-low-Rafd090_37_Caucasian_female_neutral_frontal.jpg'), ('file_name', 'matched-32-cpi-low-Rafd090_37_Caucasian_female_neutral_frontal.jpg')])
68.5434 	EXP 	Fixation: autoDraw = True
69.5546 	EXP 	Fixation: autoDraw = False
69.5546 	EXP 	Fixation: autoDraw = False
69.5546 	EXP 	Human_image: image = 'Stimuli For Psychopy/Human/matched-32-cpi-low-Rafd090_37_Caucasian_female_neutral_frontal.jpg'
69.5546 	EXP 	Human_image: autoDraw = True
70.5567 	EXP 	Human_image: autoDraw = False
70.5567 	EXP 	Human_image: autoDraw = False
70.5567 	EXP 	roi: autoDraw = False
70.5567 	EXP 	Likebility_slider_3: markerPos = None
70.5567 	EXP 	Likebility_slider_3: markerPos = 0.0
70.5567 	EXP 	Likebility_slider_3: autoDraw = True
70.5567 	EXP 	ratingText: autoDraw = True
70.5567 	EXP 	instruct_Likeability_2: autoDraw = True
70.9244 	DATA 	Mouse: Left button down, pos=(1151,399)
70.9401 	EXP 	Likebility_slider_3: markerPos = 35.37037037037035
70.9570 	EXP 	Likebility_slider_3: markerPos = 35.37037037037035
70.9734 	EXP 	Likebility_slider_3: markerPos = 35.37037037037035
70.9881 	EXP 	Likebility_slider_3: markerPos = 35.37037037037035
71.0068 	EXP 	Likebility_slider_3: markerPos = 35.37037037037035
71.0113 	DATA 	Mouse:  Left button up, pos=(1151,399)
71.0236 	EXP 	Likebility_slider_3: markerPos = 35.37037037037035
71.0401 	EXP 	Likebility_slider_3: markerPos = 35.37037037037035
71.0573 	EXP 	image: autoDraw = True
71.4570 	DATA 	Mouse: Left button down, pos=(1499,103)
71.4583 	EXP 	window1: recordFrameIntervals = False
71.4735 	EXP 	Likebility_slider_3: autoDraw = False
71.4735 	EXP 	ratingText: autoDraw = False
71.4735 	EXP 	image: autoDraw = False
71.4735 	EXP 	instruct_Likeability_2: autoDraw = False
71.4736 	EXP 	window1: recordFrameIntervals = False
71.7428 	DATA 	Mouse:  Left button up, pos=(1498,103)
71.9432 	EXP 	New trial (rep=0, index=2): OrderedDict([('Type', 'Human'), ('Spatial_Frequency', 'LSF'), ('filepath', 'Stimuli For Psychopy/Human/matched-8-cpi-low-Rafd090_28_Caucasian_male_neutral_frontal.jpg'), ('file_name', 'matched-8-cpi-low-Rafd090_28_Caucasian_male_neutral_frontal.jpg')])
71.9598 	EXP 	Fixation: autoDraw = True
72.9713 	EXP 	Fixation: autoDraw = False
72.9713 	EXP 	Fixation: autoDraw = False
72.9713 	EXP 	Human_image: image = 'Stimuli For Psychopy/Human/matched-8-cpi-low-Rafd090_28_Caucasian_male_neutral_frontal.jpg'
72.9713 	EXP 	Human_image: autoDraw = True
73.9715 	EXP 	Human_image: autoDraw = False
73.9715 	EXP 	Human_image: autoDraw = False
73.9715 	EXP 	roi: autoDraw = False
73.9715 	EXP 	Likebility_slider_3: markerPos = None
73.9715 	EXP 	Likebility_slider_3: markerPos = 0.0
73.9715 	EXP 	Likebility_slider_3: autoDraw = True
73.9715 	EXP 	ratingText: autoDraw = True
73.9715 	EXP 	instruct_Likeability_2: autoDraw = True
74.4747 	DATA 	Mouse: Left button down, pos=(997,416)
74.4903 	EXP 	Likebility_slider_3: markerPos = 6.851851851851848
74.5069 	EXP 	Likebility_slider_3: markerPos = 6.851851851851848
74.5214 	EXP 	Likebility_slider_3: markerPos = 6.851851851851848
74.5400 	EXP 	Likebility_slider_3: markerPos = 6.851851851851848
74.5569 	EXP 	Likebility_slider_3: markerPos = 6.851851851851848
74.5576 	DATA 	Mouse:  Left button up, pos=(997,416)
74.5712 	EXP 	Likebility_slider_3: markerPos = 6.851851851851848
74.5902 	EXP 	image: autoDraw = True
74.9438 	DATA 	Mouse: Left button down, pos=(1385,33)
74.9571 	EXP 	window1: recordFrameIntervals = False
74.9737 	EXP 	Likebility_slider_3: autoDraw = False
74.9737 	EXP 	ratingText: autoDraw = False
74.9737 	EXP 	image: autoDraw = False
74.9737 	EXP 	instruct_Likeability_2: autoDraw = False
74.9739 	EXP 	window1: recordFrameIntervals = False
75.2415 	DATA 	Mouse:  Left button up, pos=(1385,33)
75.4419 	EXP 	New trial (rep=0, index=3): OrderedDict([('Type', 'Human'), ('Spatial_Frequency', 'LSF'), ('filepath', 'Stimuli For Psychopy/Human/matched-8-cpi-low-Rafd090_26_Caucasian_female_neutral_frontal.jpg'), ('file_name', 'matched-8-cpi-low-Rafd090_26_Caucasian_female_neutral_frontal.jpg')])
75.4453 	EXP 	Fixation: autoDraw = True
76.4550 	EXP 	Fixation: autoDraw = False
76.4550 	EXP 	Fixation: autoDraw = False
76.4550 	EXP 	Human_image: image = 'Stimuli For Psychopy/Human/matched-8-cpi-low-Rafd090_26_Caucasian_female_neutral_frontal.jpg'
76.4550 	EXP 	Human_image: autoDraw = True
77.4566 	EXP 	Human_image: autoDraw = False
77.4566 	EXP 	Human_image: autoDraw = False
77.4566 	EXP 	roi: autoDraw = False
77.4566 	EXP 	Likebility_slider_3: markerPos = None
77.4566 	EXP 	Likebility_slider_3: markerPos = 0.0
77.4566 	EXP 	Likebility_slider_3: autoDraw = True
77.4566 	EXP 	ratingText: autoDraw = True
77.4566 	EXP 	instruct_Likeability_2: autoDraw = True
78.0886 	DATA 	Mouse: Left button down, pos=(821,405)
78.1070 	EXP 	Likebility_slider_3: markerPos = -25.740740740740748
78.1213 	EXP 	Likebility_slider_3: markerPos = -25.740740740740748
78.1380 	EXP 	Likebility_slider_3: markerPos = -25.740740740740748
78.1547 	EXP 	Likebility_slider_3: markerPos = -25.740740740740748
78.1559 	DATA 	Mouse:  Left button up, pos=(821,405)
78.1714 	EXP 	Likebility_slider_3: markerPos = -25.740740740740748
78.1877 	EXP 	image: autoDraw = True
78.5717 	DATA 	Mouse: Left button down, pos=(1502,89)
78.5731 	EXP 	window1: recordFrameIntervals = False
78.5881 	EXP 	Likebility_slider_3: autoDraw = False
78.5881 	EXP 	ratingText: autoDraw = False
78.5881 	EXP 	image: autoDraw = False
78.5881 	EXP 	instruct_Likeability_2: autoDraw = False
78.5883 	EXP 	window1: recordFrameIntervals = False
78.8570 	DATA 	Mouse:  Left button up, pos=(1502,89)
79.0575 	EXP 	New trial (rep=0, index=4): OrderedDict([('Type', 'Human'), ('Spatial_Frequency', 'LSF'), ('filepath', 'Stimuli For Psychopy/Human/matched-8-cpi-low-Rafd090_16_Caucasian_female_neutral_frontal.jpg'), ('file_name', 'matched-8-cpi-low-Rafd090_16_Caucasian_female_neutral_frontal.jpg')])
79.0737 	EXP 	Fixation: autoDraw = True
80.0900 	EXP 	Fixation: autoDraw = False
80.0900 	EXP 	Human_image: image = 'Stimuli For Psychopy/Human/matched-8-cpi-low-Rafd090_16_Caucasian_female_neutral_frontal.jpg'
80.0900 	EXP 	Human_image: autoDraw = True
81.0900 	EXP 	Human_image: autoDraw = False
81.0900 	EXP 	roi: autoDraw = False
81.0900 	EXP 	Likebility_slider_3: markerPos = None
81.0900 	EXP 	Likebility_slider_3: markerPos = 0.0
81.0900 	EXP 	Likebility_slider_3: autoDraw = True
81.0900 	EXP 	ratingText: autoDraw = True
81.0900 	EXP 	instruct_Likeability_2: autoDraw = True
81.3769 	DATA 	Mouse: Left button down, pos=(1210,426)
81.3932 	EXP 	Likebility_slider_3: markerPos = 46.296296296296305
81.4096 	EXP 	Likebility_slider_3: markerPos = 46.296296296296305
81.4210 	EXP 	Likebility_slider_3: markerPos = 46.296296296296305
81.4378 	EXP 	Likebility_slider_3: markerPos = 46.296296296296305
81.4542 	EXP 	Likebility_slider_3: markerPos = 46.296296296296305
81.4594 	DATA 	Mouse:  Left button up, pos=(1210,426)
81.4711 	EXP 	Likebility_slider_3: markerPos = 46.296296296296305
81.4876 	EXP 	Likebility_slider_3: markerPos = 46.296296296296305
81.5041 	EXP 	image: autoDraw = True
81.7878 	DATA 	Mouse: Left button down, pos=(1409,92)
81.7898 	EXP 	window1: recordFrameIntervals = False
81.8044 	EXP 	Likebility_slider_3: autoDraw = False
81.8044 	EXP 	ratingText: autoDraw = False
81.8044 	EXP 	image: autoDraw = False
81.8044 	EXP 	instruct_Likeability_2: autoDraw = False
81.8045 	EXP 	window1: recordFrameIntervals = False
82.0734 	DATA 	Mouse:  Left button up, pos=(1409,92)
82.2736 	EXP 	New trial (rep=0, index=5): OrderedDict([('Type', 'Human'), ('Spatial_Frequency', 'HSF'), ('filepath', 'Stimuli For Psychopy/Human/matched-32-cpi-low-Rafd090_32_Caucasian_female_neutral_frontal.jpg'), ('file_name', 'matched-32-cpi-low-Rafd090_32_Caucasian_female_neutral_frontal.jpg')])
82.2874 	EXP 	Fixation: autoDraw = True
83.2875 	EXP 	Fixation: autoDraw = False
83.2875 	EXP 	Fixation: autoDraw = False
83.2875 	EXP 	Human_image: image = 'Stimuli For Psychopy/Human/matched-32-cpi-low-Rafd090_32_Caucasian_female_neutral_frontal.jpg'
83.3066 	EXP 	Human_image: autoDraw = True
84.3068 	EXP 	Human_image: autoDraw = False
84.3068 	EXP 	roi: autoDraw = False
84.3068 	EXP 	Likebility_slider_3: markerPos = None
84.3068 	EXP 	Likebility_slider_3: markerPos = 0.0
84.3068 	EXP 	Likebility_slider_3: autoDraw = True
84.3068 	EXP 	ratingText: autoDraw = True
84.3068 	EXP 	instruct_Likeability_2: autoDraw = True
84.5910 	DATA 	Mouse: Left button down, pos=(1226,471)
84.6067 	EXP 	Likebility_slider_3: markerPos = 49.25925925925924
84.6233 	EXP 	Likebility_slider_3: markerPos = 49.25925925925924
84.6429 	EXP 	Likebility_slider_3: markerPos = 49.25925925925924
84.6596 	EXP 	Likebility_slider_3: markerPos = 49.25925925925924
84.6601 	DATA 	Mouse:  Left button up, pos=(1226,471)
84.6766 	EXP 	Likebility_slider_3: markerPos = 49.25925925925924
84.6929 	EXP 	image: autoDraw = True
84.9603 	DATA 	Mouse: Left button down, pos=(1501,44)
84.9750 	EXP 	window1: recordFrameIntervals = False
84.9899 	EXP 	Likebility_slider_3: autoDraw = False
84.9899 	EXP 	ratingText: autoDraw = False
84.9899 	EXP 	image: autoDraw = False
84.9899 	EXP 	instruct_Likeability_2: autoDraw = False
84.9900 	EXP 	window1: recordFrameIntervals = False
85.2589 	DATA 	Mouse:  Left button up, pos=(1501,44)
85.4592 	EXP 	New trial (rep=0, index=6): OrderedDict([('Type', 'Human'), ('Spatial_Frequency', 'HSF'), ('filepath', 'Stimuli For Psychopy/Human/matched-32-cpi-low-Rafd090_24_Caucasian_male_neutral_frontal.jpg'), ('file_name', 'matched-32-cpi-low-Rafd090_24_Caucasian_male_neutral_frontal.jpg')])
85.4734 	EXP 	Fixation: autoDraw = True
86.4732 	EXP 	Fixation: autoDraw = False
86.4732 	EXP 	Fixation: autoDraw = False
86.4732 	EXP 	Human_image: image = 'Stimuli For Psychopy/Human/matched-32-cpi-low-Rafd090_24_Caucasian_male_neutral_frontal.jpg'
86.4898 	EXP 	Human_image: autoDraw = True
87.4900 	EXP 	Human_image: autoDraw = False
87.4900 	EXP 	Human_image: autoDraw = False
87.4900 	EXP 	roi: autoDraw = False
87.4900 	EXP 	Likebility_slider_3: markerPos = None
87.4900 	EXP 	Likebility_slider_3: markerPos = 0.0
87.4900 	EXP 	Likebility_slider_3: autoDraw = True
87.4900 	EXP 	ratingText: autoDraw = True
87.4900 	EXP 	instruct_Likeability_2: autoDraw = True
88.0388 	DATA 	Mouse: Left button down, pos=(1224,399)
88.0564 	EXP 	Likebility_slider_3: markerPos = 48.888888888888886
88.0710 	EXP 	Likebility_slider_3: markerPos = 48.888888888888886
88.0877 	EXP 	Likebility_slider_3: markerPos = 48.888888888888886
88.0883 	DATA 	Mouse:  Left button up, pos=(1224,399)
88.1066 	EXP 	Likebility_slider_3: markerPos = 48.888888888888886
88.1210 	EXP 	image: autoDraw = True
88.5047 	DATA 	Mouse: Left button down, pos=(1521,56)
88.5062 	EXP 	window1: recordFrameIntervals = False
88.5231 	EXP 	Likebility_slider_3: autoDraw = False
88.5231 	EXP 	ratingText: autoDraw = False
88.5231 	EXP 	image: autoDraw = False
88.5231 	EXP 	instruct_Likeability_2: autoDraw = False
88.5232 	EXP 	window1: recordFrameIntervals = False
88.7905 	DATA 	Mouse:  Left button up, pos=(1521,56)
88.9908 	EXP 	New trial (rep=0, index=7): OrderedDict([('Type', 'Human'), ('Spatial_Frequency', 'LSF'), ('filepath', 'Stimuli For Psychopy/Human/matched-8-cpi-low-Rafd090_12_Caucasian_female_neutral_frontal.jpg'), ('file_name', 'matched-8-cpi-low-Rafd090_12_Caucasian_female_neutral_frontal.jpg')])
88.9929 	EXP 	Fixation: autoDraw = True
90.0042 	EXP 	Fixation: autoDraw = False
90.0042 	EXP 	Fixation: autoDraw = False
90.0042 	EXP 	Human_image: image = 'Stimuli For Psychopy/Human/matched-8-cpi-low-Rafd090_12_Caucasian_female_neutral_frontal.jpg'
90.0210 	EXP 	Human_image: autoDraw = True
91.0209 	EXP 	Human_image: autoDraw = False
91.0209 	EXP 	Human_image: autoDraw = False
91.0209 	EXP 	roi: autoDraw = False
91.0209 	EXP 	Likebility_slider_3: markerPos = None
91.0209 	EXP 	Likebility_slider_3: markerPos = 0.0
91.0209 	EXP 	Likebility_slider_3: autoDraw = True
91.0209 	EXP 	ratingText: autoDraw = True
91.0209 	EXP 	instruct_Likeability_2: autoDraw = True
92.1714 	DATA 	Mouse: Left button down, pos=(1035,426)
92.1899 	EXP 	Likebility_slider_3: markerPos = 13.888888888888886
92.2063 	EXP 	Likebility_slider_3: markerPos = 13.888888888888886
92.2231 	EXP 	Likebility_slider_3: markerPos = 13.888888888888886
92.2281 	DATA 	Mouse:  Left button up, pos=(1035,426)
92.2374 	EXP 	Likebility_slider_3: markerPos = 13.888888888888886
92.2545 	EXP 	Likebility_slider_3: markerPos = 13.888888888888886
92.2712 	EXP 	image: autoDraw = True
92.6568 	DATA 	Mouse: Left button down, pos=(1371,128)
92.6585 	EXP 	window1: recordFrameIntervals = False
92.6731 	EXP 	Likebility_slider_3: autoDraw = False
92.6731 	EXP 	ratingText: autoDraw = False
92.6731 	EXP 	image: autoDraw = False
92.6731 	EXP 	instruct_Likeability_2: autoDraw = False
92.6732 	EXP 	window1: recordFrameIntervals = False
92.9432 	DATA 	Mouse:  Left button up, pos=(1372,128)
93.1433 	EXP 	New trial (rep=0, index=8): OrderedDict([('Type', 'Human'), ('Spatial_Frequency', 'BSF'), ('filepath', 'Stimuli For Psychopy/Human/matched-Rafd090_36_Caucasian_male_neutral_frontal.jpg'), ('file_name', 'matched-Rafd090_36_Caucasian_male_neutral_frontal.jpg')])
93.1594 	EXP 	Fixation: autoDraw = True
94.1731 	EXP 	Fixation: autoDraw = False
94.1731 	EXP 	Fixation: autoDraw = False
94.1731 	EXP 	Human_image: image = 'Stimuli For Psychopy/Human/matched-Rafd090_36_Caucasian_male_neutral_frontal.jpg'
94.1731 	EXP 	Human_image: autoDraw = True
95.1895 	EXP 	Human_image: autoDraw = False
95.1895 	EXP 	roi: autoDraw = False
95.1895 	EXP 	Likebility_slider_3: markerPos = None
95.1895 	EXP 	Likebility_slider_3: markerPos = 0.0
95.1895 	EXP 	Likebility_slider_3: autoDraw = True
95.1895 	EXP 	ratingText: autoDraw = True
95.1895 	EXP 	instruct_Likeability_2: autoDraw = True
95.6237 	DATA 	Mouse: Left button down, pos=(1252,447)
95.6397 	EXP 	Likebility_slider_3: markerPos = 54.074074074074076
95.6562 	EXP 	Likebility_slider_3: markerPos = 54.074074074074076
95.6709 	EXP 	Likebility_slider_3: markerPos = 54.074074074074076
95.6874 	EXP 	Likebility_slider_3: markerPos = 54.074074074074076
95.7043 	EXP 	Likebility_slider_3: markerPos = 54.074074074074076
95.7050 	DATA 	Mouse:  Left button up, pos=(1252,447)
95.7231 	EXP 	Likebility_slider_3: markerPos = 54.074074074074076
95.7396 	EXP 	image: autoDraw = True
96.1048 	DATA 	Mouse: Left button down, pos=(1434,159)
96.2069 	DATA 	Mouse:  Left button up, pos=(1434,132)
96.3615 	DATA 	Mouse: Left button down, pos=(1434,108)
96.3732 	EXP 	window1: recordFrameIntervals = False
96.3897 	EXP 	Likebility_slider_3: autoDraw = False
96.3897 	EXP 	ratingText: autoDraw = False
96.3897 	EXP 	image: autoDraw = False
96.3897 	EXP 	instruct_Likeability_2: autoDraw = False
96.3898 	EXP 	window1: recordFrameIntervals = False
96.6570 	DATA 	Mouse:  Left button up, pos=(1433,108)
96.8571 	EXP 	New trial (rep=0, index=9): OrderedDict([('Type', 'Human'), ('Spatial_Frequency', 'BSF'), ('filepath', 'Stimuli For Psychopy/Human/matched-Rafd090_19_Caucasian_female_neutral_frontal.jpg'), ('file_name', 'matched-Rafd090_19_Caucasian_female_neutral_frontal.jpg')])
96.8600 	EXP 	Fixation: autoDraw = True
97.8706 	EXP 	Fixation: autoDraw = False
97.8706 	EXP 	Fixation: autoDraw = False
97.8706 	EXP 	Human_image: image = 'Stimuli For Psychopy/Human/matched-Rafd090_19_Caucasian_female_neutral_frontal.jpg'
97.8872 	EXP 	Human_image: autoDraw = True
98.8872 	EXP 	Human_image: autoDraw = False
98.8872 	EXP 	Human_image: autoDraw = False
98.8872 	EXP 	roi: autoDraw = False
98.8872 	EXP 	Likebility_slider_3: markerPos = None
98.8872 	EXP 	Likebility_slider_3: markerPos = 0.0
98.8872 	EXP 	Likebility_slider_3: autoDraw = True
98.8872 	EXP 	ratingText: autoDraw = True
98.8872 	EXP 	instruct_Likeability_2: autoDraw = True
99.4742 	DATA 	Mouse: Left button down, pos=(1137,454)
99.4872 	EXP 	Likebility_slider_3: markerPos = 32.77777777777777
99.5063 	EXP 	Likebility_slider_3: markerPos = 32.77777777777777
99.5208 	EXP 	Likebility_slider_3: markerPos = 32.77777777777777
99.5372 	EXP 	Likebility_slider_3: markerPos = 32.77777777777777
99.5563 	EXP 	Likebility_slider_3: markerPos = 32.77777777777777
99.5732 	EXP 	Likebility_slider_3: markerPos = 32.77777777777777
99.5739 	DATA 	Mouse:  Left button up, pos=(1137,454)
99.5904 	EXP 	Likebility_slider_3: markerPos = 32.77777777777777
99.6063 	EXP 	image: autoDraw = True
99.9710 	DATA 	Mouse: Left button down, pos=(1394,78)
99.9729 	EXP 	window1: recordFrameIntervals = False
99.9901 	EXP 	Likebility_slider_3: autoDraw = False
99.9901 	EXP 	ratingText: autoDraw = False
99.9901 	EXP 	image: autoDraw = False
99.9901 	EXP 	instruct_Likeability_2: autoDraw = False
99.9902 	EXP 	window1: recordFrameIntervals = False
100.2571 	DATA 	Mouse:  Left button up, pos=(1395,77)
100.4574 	EXP 	New trial (rep=0, index=10): OrderedDict([('Type', 'Human'), ('Spatial_Frequency', 'BSF'), ('filepath', 'Stimuli For Psychopy/Human/matched-Rafd090_01_Caucasian_female_neutral_frontal.jpg'), ('file_name', 'matched-Rafd090_01_Caucasian_female_neutral_frontal.jpg')])
100.4606 	EXP 	Fixation: autoDraw = True
101.4708 	EXP 	Fixation: autoDraw = False
101.4708 	EXP 	Fixation: autoDraw = False
101.4708 	EXP 	Human_image: image = 'Stimuli For Psychopy/Human/matched-Rafd090_01_Caucasian_female_neutral_frontal.jpg'
101.4708 	EXP 	Human_image: autoDraw = True
102.4729 	EXP 	Human_image: autoDraw = False
102.4729 	EXP 	Human_image: autoDraw = False
102.4729 	EXP 	roi: autoDraw = False
102.4729 	EXP 	Likebility_slider_3: markerPos = None
102.4729 	EXP 	Likebility_slider_3: markerPos = 0.0
102.4729 	EXP 	Likebility_slider_3: autoDraw = True
102.4729 	EXP 	ratingText: autoDraw = True
102.4729 	EXP 	instruct_Likeability_2: autoDraw = True
103.0721 	DATA 	Mouse: Left button down, pos=(1206,392)
103.0871 	EXP 	Likebility_slider_3: markerPos = 45.55555555555554
103.1038 	EXP 	Likebility_slider_3: markerPos = 45.55555555555554
103.1204 	EXP 	Likebility_slider_3: markerPos = 45.55555555555554
103.1371 	EXP 	Likebility_slider_3: markerPos = 45.55555555555554
103.1383 	DATA 	Mouse:  Left button up, pos=(1206,392)
103.1538 	EXP 	Likebility_slider_3: markerPos = 45.55555555555554
103.1705 	EXP 	image: autoDraw = True
103.6242 	DATA 	Mouse: Left button down, pos=(1431,63)
103.6386 	EXP 	window1: recordFrameIntervals = False
103.6537 	EXP 	Likebility_slider_3: autoDraw = False
103.6537 	EXP 	ratingText: autoDraw = False
103.6537 	EXP 	image: autoDraw = False
103.6537 	EXP 	instruct_Likeability_2: autoDraw = False
103.6538 	EXP 	window1: recordFrameIntervals = False
103.9224 	DATA 	Mouse:  Left button up, pos=(1431,63)
104.1231 	EXP 	New trial (rep=0, index=11): OrderedDict([('Type', 'Human'), ('Spatial_Frequency', 'BSF'), ('filepath', 'Stimuli For Psychopy/Human/matched-Rafd090_24_Caucasian_male_neutral_frontal.jpg'), ('file_name', 'matched-Rafd090_24_Caucasian_male_neutral_frontal.jpg')])
104.1371 	EXP 	Fixation: autoDraw = True
105.1374 	EXP 	Fixation: autoDraw = False
105.1374 	EXP 	Fixation: autoDraw = False
105.1374 	EXP 	Human_image: image = 'Stimuli For Psychopy/Human/matched-Rafd090_24_Caucasian_male_neutral_frontal.jpg'
105.1374 	EXP 	Human_image: autoDraw = True
106.1374 	EXP 	Human_image: autoDraw = False
106.1374 	EXP 	Human_image: autoDraw = False
106.1374 	EXP 	roi: autoDraw = False
106.1374 	EXP 	Likebility_slider_3: markerPos = None
106.1374 	EXP 	Likebility_slider_3: markerPos = 0.0
106.1374 	EXP 	Likebility_slider_3: autoDraw = True
106.1374 	EXP 	ratingText: autoDraw = True
106.1374 	EXP 	instruct_Likeability_2: autoDraw = True
106.6738 	DATA 	Mouse: Left button down, pos=(1164,432)
106.6874 	EXP 	Likebility_slider_3: markerPos = 37.77777777777777
106.7061 	EXP 	Likebility_slider_3: markerPos = 37.77777777777777
106.7231 	EXP 	Likebility_slider_3: markerPos = 37.96296296296299
106.7393 	EXP 	Likebility_slider_3: markerPos = 37.96296296296299
106.7560 	EXP 	Likebility_slider_3: markerPos = 37.96296296296299
106.7727 	EXP 	Likebility_slider_3: markerPos = 37.96296296296299
106.7734 	DATA 	Mouse:  Left button up, pos=(1166,432)
106.7877 	EXP 	Likebility_slider_3: markerPos = 37.96296296296299
106.8061 	EXP 	image: autoDraw = True
107.1383 	DATA 	Mouse: Left button down, pos=(1457,79)
107.1403 	EXP 	window1: recordFrameIntervals = False
107.1543 	EXP 	Likebility_slider_3: autoDraw = False
107.1543 	EXP 	ratingText: autoDraw = False
107.1543 	EXP 	image: autoDraw = False
107.1543 	EXP 	instruct_Likeability_2: autoDraw = False
107.1546 	EXP 	window1: recordFrameIntervals = False
107.4250 	DATA 	Mouse:  Left button up, pos=(1457,79)
107.6253 	EXP 	New trial (rep=0, index=12): OrderedDict([('Type', 'Human'), ('Spatial_Frequency', 'HSF'), ('filepath', 'Stimuli For Psychopy/Human/matched-32-cpi-low-Rafd090_01_Caucasian_female_neutral_frontal.jpg'), ('file_name', 'matched-32-cpi-low-Rafd090_01_Caucasian_female_neutral_frontal.jpg')])
107.6394 	EXP 	Fixation: autoDraw = True
108.6560 	EXP 	Fixation: autoDraw = False
108.6560 	EXP 	Fixation: autoDraw = False
108.6560 	EXP 	Human_image: image = 'Stimuli For Psychopy/Human/matched-32-cpi-low-Rafd090_01_Caucasian_female_neutral_frontal.jpg'
108.6560 	EXP 	Human_image: autoDraw = True
109.6725 	EXP 	Human_image: autoDraw = False
109.6725 	EXP 	roi: autoDraw = False
109.6725 	EXP 	Likebility_slider_3: markerPos = None
109.6725 	EXP 	Likebility_slider_3: markerPos = 0.0
109.6725 	EXP 	Likebility_slider_3: autoDraw = True
109.6725 	EXP 	ratingText: autoDraw = True
109.6725 	EXP 	instruct_Likeability_2: autoDraw = True
109.9928 	DATA 	Mouse: Left button down, pos=(1198,417)
110.0226 	EXP 	Likebility_slider_3: markerPos = 44.074074074074076
110.0392 	EXP 	Likebility_slider_3: markerPos = 44.074074074074076
110.0541 	EXP 	Likebility_slider_3: markerPos = 44.074074074074076
110.0728 	EXP 	Likebility_slider_3: markerPos = 44.074074074074076
110.0871 	EXP 	Likebility_slider_3: markerPos = 44.074074074074076
110.0882 	DATA 	Mouse:  Left button up, pos=(1198,417)
110.1041 	EXP 	Likebility_slider_3: markerPos = 44.074074074074076
110.1207 	EXP 	image: autoDraw = True
110.4899 	DATA 	Mouse: Left button down, pos=(1499,68)
110.4915 	EXP 	window1: recordFrameIntervals = False
110.5060 	EXP 	Likebility_slider_3: autoDraw = False
110.5060 	EXP 	ratingText: autoDraw = False
110.5060 	EXP 	image: autoDraw = False
110.5060 	EXP 	instruct_Likeability_2: autoDraw = False
110.5061 	EXP 	window1: recordFrameIntervals = False
110.7753 	DATA 	Mouse:  Left button up, pos=(1500,67)
110.9757 	EXP 	New trial (rep=0, index=13): OrderedDict([('Type', 'Human'), ('Spatial_Frequency', 'HSF'), ('filepath', 'Stimuli For Psychopy/Human/matched-32-cpi-low-Rafd090_31_Caucasian_female_neutral_frontal.jpg'), ('file_name', 'matched-32-cpi-low-Rafd090_31_Caucasian_female_neutral_frontal.jpg')])
110.9926 	EXP 	Fixation: autoDraw = True
112.0036 	EXP 	Fixation: autoDraw = False
112.0036 	EXP 	Fixation: autoDraw = False
112.0036 	EXP 	Human_image: image = 'Stimuli For Psychopy/Human/matched-32-cpi-low-Rafd090_31_Caucasian_female_neutral_frontal.jpg'
112.0036 	EXP 	Human_image: autoDraw = True
113.0036 	EXP 	Human_image: autoDraw = False
113.0036 	EXP 	Human_image: autoDraw = False
113.0036 	EXP 	roi: autoDraw = False
113.0036 	EXP 	Likebility_slider_3: markerPos = None
113.0036 	EXP 	Likebility_slider_3: markerPos = 0.0
113.0036 	EXP 	Likebility_slider_3: autoDraw = True
113.0036 	EXP 	ratingText: autoDraw = True
113.0036 	EXP 	instruct_Likeability_2: autoDraw = True
113.4910 	DATA 	Mouse: Left button down, pos=(1114,431)
113.5060 	EXP 	Likebility_slider_3: markerPos = 28.518518518518533
113.5203 	EXP 	Likebility_slider_3: markerPos = 28.518518518518533
113.5393 	EXP 	Likebility_slider_3: markerPos = 28.518518518518533
113.5535 	EXP 	Likebility_slider_3: markerPos = 28.518518518518533
113.5725 	EXP 	Likebility_slider_3: markerPos = 28.518518518518533
113.5742 	DATA 	Mouse:  Left button up, pos=(1114,431)
113.5897 	EXP 	Likebility_slider_3: markerPos = 28.518518518518533
113.6060 	EXP 	image: autoDraw = True
113.9398 	DATA 	Mouse: Left button down, pos=(1416,82)
113.9413 	EXP 	window1: recordFrameIntervals = False
113.9565 	EXP 	Likebility_slider_3: autoDraw = False
113.9565 	EXP 	ratingText: autoDraw = False
113.9565 	EXP 	image: autoDraw = False
113.9565 	EXP 	instruct_Likeability_2: autoDraw = False
113.9566 	EXP 	window1: recordFrameIntervals = False
114.2250 	DATA 	Mouse:  Left button up, pos=(1416,82)
114.4252 	EXP 	New trial (rep=0, index=14): OrderedDict([('Type', 'Human'), ('Spatial_Frequency', 'LSF'), ('filepath', 'Stimuli For Psychopy/Human/matched-8-cpi-low-Rafd090_37_Caucasian_female_neutral_frontal.jpg'), ('file_name', 'matched-8-cpi-low-Rafd090_37_Caucasian_female_neutral_frontal.jpg')])
114.4427 	EXP 	Fixation: autoDraw = True
115.4539 	EXP 	Fixation: autoDraw = False
115.4539 	EXP 	Fixation: autoDraw = False
115.4539 	EXP 	Human_image: image = 'Stimuli For Psychopy/Human/matched-8-cpi-low-Rafd090_37_Caucasian_female_neutral_frontal.jpg'
115.4539 	EXP 	Human_image: autoDraw = True
116.4558 	EXP 	Human_image: autoDraw = False
116.4558 	EXP 	Human_image: autoDraw = False
116.4558 	EXP 	roi: autoDraw = False
116.4558 	EXP 	Likebility_slider_3: markerPos = None
116.4558 	EXP 	Likebility_slider_3: markerPos = 0.0
116.4558 	EXP 	Likebility_slider_3: autoDraw = True
116.4558 	EXP 	ratingText: autoDraw = True
116.4558 	EXP 	instruct_Likeability_2: autoDraw = True
116.8570 	DATA 	Mouse: Left button down, pos=(757,416)
116.8728 	EXP 	Likebility_slider_3: markerPos = -37.5925925925926
116.8891 	EXP 	Likebility_slider_3: markerPos = -37.5925925925926
116.9061 	EXP 	Likebility_slider_3: markerPos = -37.5925925925926
116.9203 	EXP 	Likebility_slider_3: markerPos = -37.5925925925926
116.9211 	DATA 	Mouse:  Left button up, pos=(757,416)
116.9373 	EXP 	Likebility_slider_3: markerPos = -37.5925925925926
116.9558 	EXP 	image: autoDraw = True
117.3541 	DATA 	Mouse: Left button down, pos=(1400,44)
117.3558 	EXP 	window1: recordFrameIntervals = False
117.3702 	EXP 	Likebility_slider_3: autoDraw = False
117.3702 	EXP 	ratingText: autoDraw = False
117.3702 	EXP 	image: autoDraw = False
117.3702 	EXP 	instruct_Likeability_2: autoDraw = False
117.3704 	EXP 	window1: recordFrameIntervals = False
117.6399 	DATA 	Mouse:  Left button up, pos=(1400,44)
117.8400 	EXP 	New trial (rep=0, index=15): OrderedDict([('Type', 'Human'), ('Spatial_Frequency', 'BSF'), ('filepath', 'Stimuli For Psychopy/Human/matched-Rafd090_12_Caucasian_female_neutral_frontal.jpg'), ('file_name', 'matched-Rafd090_12_Caucasian_female_neutral_frontal.jpg')])
117.8558 	EXP 	Fixation: autoDraw = True
118.8539 	EXP 	Fixation: autoDraw = False
118.8539 	EXP 	Fixation: autoDraw = False
118.8539 	EXP 	Human_image: image = 'Stimuli For Psychopy/Human/matched-Rafd090_12_Caucasian_female_neutral_frontal.jpg'
118.8539 	EXP 	Human_image: autoDraw = True
119.8538 	EXP 	Human_image: autoDraw = False
119.8538 	EXP 	Human_image: autoDraw = False
119.8538 	EXP 	roi: autoDraw = False
119.8538 	EXP 	Likebility_slider_3: markerPos = None
119.8538 	EXP 	Likebility_slider_3: markerPos = 0.0
119.8538 	EXP 	Likebility_slider_3: autoDraw = True
119.8538 	EXP 	ratingText: autoDraw = True
119.8538 	EXP 	instruct_Likeability_2: autoDraw = True
120.3732 	DATA 	Mouse: Left button down, pos=(1075,427)
120.3894 	EXP 	Likebility_slider_3: markerPos = 21.296296296296305
120.4057 	EXP 	Likebility_slider_3: markerPos = 21.296296296296305
120.4201 	EXP 	Likebility_slider_3: markerPos = 21.296296296296305
120.4394 	EXP 	Likebility_slider_3: markerPos = 21.296296296296305
120.4559 	EXP 	Likebility_slider_3: markerPos = 21.296296296296305
120.4724 	EXP 	Likebility_slider_3: markerPos = 21.296296296296305
120.4729 	DATA 	Mouse:  Left button up, pos=(1075,427)
120.4872 	EXP 	Likebility_slider_3: markerPos = 21.296296296296305
120.5041 	EXP 	image: autoDraw = True
120.8796 	DATA 	Mouse: Left button down, pos=(1441,107)
120.8949 	EXP 	window1: recordFrameIntervals = False
120.9035 	EXP 	Likebility_slider_3: autoDraw = False
120.9035 	EXP 	ratingText: autoDraw = False
120.9035 	EXP 	image: autoDraw = False
120.9035 	EXP 	instruct_Likeability_2: autoDraw = False
120.9036 	EXP 	window1: recordFrameIntervals = False
121.1784 	DATA 	Mouse:  Left button up, pos=(1441,107)
121.3787 	EXP 	New trial (rep=0, index=16): OrderedDict([('Type', 'Human'), ('Spatial_Frequency', 'HSF'), ('filepath', 'Stimuli For Psychopy/Human/matched-32-cpi-low-Rafd090_12_Caucasian_female_neutral_frontal.jpg'), ('file_name', 'matched-32-cpi-low-Rafd090_12_Caucasian_female_neutral_frontal.jpg')])
121.3866 	EXP 	Fixation: autoDraw = True
122.3867 	EXP 	Fixation: autoDraw = False
122.3867 	EXP 	Fixation: autoDraw = False
122.3867 	EXP 	Human_image: image = 'Stimuli For Psychopy/Human/matched-32-cpi-low-Rafd090_12_Caucasian_female_neutral_frontal.jpg'
122.4033 	EXP 	Human_image: autoDraw = True
123.4057 	EXP 	Human_image: autoDraw = False
123.4057 	EXP 	Human_image: autoDraw = False
123.4057 	EXP 	roi: autoDraw = False
123.4057 	EXP 	Likebility_slider_3: markerPos = None
123.4057 	EXP 	Likebility_slider_3: markerPos = 0.0
123.4057 	EXP 	Likebility_slider_3: autoDraw = True
123.4057 	EXP 	ratingText: autoDraw = True
123.4057 	EXP 	instruct_Likeability_2: autoDraw = True
123.9598 	DATA 	Mouse: Left button down, pos=(1138,406)
123.9892 	EXP 	Likebility_slider_3: markerPos = 32.96296296296296
124.0057 	EXP 	Likebility_slider_3: markerPos = 32.96296296296296
124.0225 	EXP 	Likebility_slider_3: markerPos = 32.96296296296296
124.0369 	EXP 	Likebility_slider_3: markerPos = 32.96296296296296
124.0558 	EXP 	Likebility_slider_3: markerPos = 32.96296296296296
124.0725 	EXP 	Likebility_slider_3: markerPos = 32.96296296296296
124.0733 	DATA 	Mouse:  Left button up, pos=(1138,406)
124.0870 	EXP 	Likebility_slider_3: markerPos = 32.96296296296296
124.1063 	EXP 	image: autoDraw = True
124.4406 	DATA 	Mouse: Left button down, pos=(1504,96)
124.4556 	EXP 	window1: recordFrameIntervals = False
124.4724 	EXP 	Likebility_slider_3: autoDraw = False
124.4724 	EXP 	ratingText: autoDraw = False
124.4724 	EXP 	image: autoDraw = False
124.4724 	EXP 	instruct_Likeability_2: autoDraw = False
124.4726 	EXP 	window1: recordFrameIntervals = False
124.7400 	DATA 	Mouse:  Left button up, pos=(1504,96)
124.9406 	EXP 	New trial (rep=0, index=17): OrderedDict([('Type', 'Human'), ('Spatial_Frequency', 'HSF'), ('filepath', 'Stimuli For Psychopy/Human/matched-32-cpi-low-Rafd090_33_Caucasian_male_neutral_frontal.jpg'), ('file_name', 'matched-32-cpi-low-Rafd090_33_Caucasian_male_neutral_frontal.jpg')])
124.9438 	EXP 	Fixation: autoDraw = True
125.9556 	EXP 	Fixation: autoDraw = False
125.9556 	EXP 	Fixation: autoDraw = False
125.9556 	EXP 	Human_image: image = 'Stimuli For Psychopy/Human/matched-32-cpi-low-Rafd090_33_Caucasian_male_neutral_frontal.jpg'
125.9556 	EXP 	Human_image: autoDraw = True
126.9586 	EXP 	Human_image: autoDraw = False
126.9586 	EXP 	Human_image: autoDraw = False
126.9586 	EXP 	roi: autoDraw = False
126.9586 	EXP 	Likebility_slider_3: markerPos = None
126.9586 	EXP 	Likebility_slider_3: markerPos = 0.0
126.9586 	EXP 	Likebility_slider_3: autoDraw = True
126.9586 	EXP 	ratingText: autoDraw = True
126.9586 	EXP 	instruct_Likeability_2: autoDraw = True
127.4712 	DATA 	Mouse: Left button down, pos=(1130,483)
127.4866 	EXP 	Likebility_slider_3: markerPos = 31.481481481481495
127.5032 	EXP 	Likebility_slider_3: markerPos = 31.481481481481495
127.5200 	EXP 	Likebility_slider_3: markerPos = 31.481481481481495
127.5365 	EXP 	Likebility_slider_3: markerPos = 31.481481481481495
127.5535 	EXP 	Likebility_slider_3: markerPos = 31.481481481481495
127.5700 	EXP 	Likebility_slider_3: markerPos = 31.481481481481495
127.5709 	DATA 	Mouse:  Left button up, pos=(1130,483)
127.5865 	EXP 	Likebility_slider_3: markerPos = 31.481481481481495
127.6033 	EXP 	image: autoDraw = True
127.9539 	DATA 	Mouse: Left button down, pos=(1474,95)
127.9558 	EXP 	window1: recordFrameIntervals = False
127.9700 	EXP 	Likebility_slider_3: autoDraw = False
127.9700 	EXP 	ratingText: autoDraw = False
127.9700 	EXP 	image: autoDraw = False
127.9700 	EXP 	instruct_Likeability_2: autoDraw = False
127.9701 	EXP 	window1: recordFrameIntervals = False
128.2398 	DATA 	Mouse:  Left button up, pos=(1474,95)
128.4398 	EXP 	New trial (rep=0, index=18): OrderedDict([('Type', 'Human'), ('Spatial_Frequency', 'LSF'), ('filepath', 'Stimuli For Psychopy/Human/matched-8-cpi-low-Rafd090_36_Caucasian_male_neutral_frontal.jpg'), ('file_name', 'matched-8-cpi-low-Rafd090_36_Caucasian_male_neutral_frontal.jpg')])
128.4536 	EXP 	Fixation: autoDraw = True
129.4556 	EXP 	Fixation: autoDraw = False
129.4556 	EXP 	Fixation: autoDraw = False
129.4556 	EXP 	Human_image: image = 'Stimuli For Psychopy/Human/matched-8-cpi-low-Rafd090_36_Caucasian_male_neutral_frontal.jpg'
129.4556 	EXP 	Human_image: autoDraw = True
130.4535 	EXP 	Human_image: autoDraw = False
130.4535 	EXP 	Human_image: autoDraw = False
130.4535 	EXP 	roi: autoDraw = False
130.4535 	EXP 	Likebility_slider_3: markerPos = None
130.4535 	EXP 	Likebility_slider_3: markerPos = 0.0
130.4535 	EXP 	Likebility_slider_3: autoDraw = True
130.4535 	EXP 	ratingText: autoDraw = True
130.4535 	EXP 	instruct_Likeability_2: autoDraw = True
130.9708 	DATA 	Mouse: Left button down, pos=(1043,387)
130.9889 	EXP 	Likebility_slider_3: markerPos = 15.370370370370367
131.0035 	EXP 	Likebility_slider_3: markerPos = 15.555555555555543
131.0223 	EXP 	Likebility_slider_3: markerPos = 15.555555555555543
131.0391 	EXP 	Likebility_slider_3: markerPos = 15.555555555555543
131.0557 	EXP 	Likebility_slider_3: markerPos = 15.555555555555543
131.0703 	EXP 	Likebility_slider_3: markerPos = 15.555555555555543
131.0890 	EXP 	Likebility_slider_3: markerPos = 15.555555555555543
131.1055 	EXP 	Likebility_slider_3: markerPos = 15.555555555555543
131.1064 	DATA 	Mouse:  Left button up, pos=(1044,388)
131.1203 	EXP 	Likebility_slider_3: markerPos = 15.555555555555543
131.1390 	EXP 	image: autoDraw = True
131.5228 	DATA 	Mouse: Left button down, pos=(1387,78)
131.5243 	EXP 	window1: recordFrameIntervals = False
131.5369 	EXP 	Likebility_slider_3: autoDraw = False
131.5369 	EXP 	ratingText: autoDraw = False
131.5369 	EXP 	image: autoDraw = False
131.5369 	EXP 	instruct_Likeability_2: autoDraw = False
131.5370 	EXP 	window1: recordFrameIntervals = False
131.8082 	DATA 	Mouse:  Left button up, pos=(1387,78)
132.0082 	EXP 	New trial (rep=0, index=19): OrderedDict([('Type', 'Human'), ('Spatial_Frequency', 'BSF'), ('filepath', 'Stimuli For Psychopy/Human/matched-Rafd090_28_Caucasian_male_neutral_frontal.jpg'), ('file_name', 'matched-Rafd090_28_Caucasian_male_neutral_frontal.jpg')])
132.0255 	EXP 	Fixation: autoDraw = True
133.0389 	EXP 	Fixation: autoDraw = False
133.0389 	EXP 	Fixation: autoDraw = False
133.0389 	EXP 	Human_image: image = 'Stimuli For Psychopy/Human/matched-Rafd090_28_Caucasian_male_neutral_frontal.jpg'
133.0389 	EXP 	Human_image: autoDraw = True
134.0389 	EXP 	Human_image: autoDraw = False
134.0389 	EXP 	Human_image: autoDraw = False
134.0389 	EXP 	roi: autoDraw = False
134.0389 	EXP 	Likebility_slider_3: markerPos = None
134.0389 	EXP 	Likebility_slider_3: markerPos = 0.0
134.0389 	EXP 	Likebility_slider_3: autoDraw = True
134.0389 	EXP 	ratingText: autoDraw = True
134.0389 	EXP 	instruct_Likeability_2: autoDraw = True
134.5541 	DATA 	Mouse: Left button down, pos=(1156,395)
134.5698 	EXP 	Likebility_slider_3: markerPos = 36.296296296296305
134.5864 	EXP 	Likebility_slider_3: markerPos = 36.296296296296305
134.6030 	EXP 	Likebility_slider_3: markerPos = 36.296296296296305
134.6199 	EXP 	Likebility_slider_3: markerPos = 36.296296296296305
134.6363 	EXP 	Likebility_slider_3: markerPos = 36.296296296296305
134.6531 	EXP 	Likebility_slider_3: markerPos = 36.296296296296305
134.6543 	DATA 	Mouse:  Left button up, pos=(1156,395)
134.6700 	EXP 	Likebility_slider_3: markerPos = 36.296296296296305
134.6864 	EXP 	image: autoDraw = True
134.9868 	DATA 	Mouse: Left button down, pos=(1529,76)
134.9887 	EXP 	window1: recordFrameIntervals = False
135.0033 	EXP 	Likebility_slider_3: autoDraw = False
135.0033 	EXP 	ratingText: autoDraw = False
135.0033 	EXP 	image: autoDraw = False
135.0033 	EXP 	instruct_Likeability_2: autoDraw = False
135.0035 	EXP 	window1: recordFrameIntervals = False
135.2728 	DATA 	Mouse:  Left button up, pos=(1529,76)
135.4732 	EXP 	New trial (rep=0, index=20): OrderedDict([('Type', 'Human'), ('Spatial_Frequency', 'HSF'), ('filepath', 'Stimuli For Psychopy/Human/matched-32-cpi-low-Rafd090_30_Caucasian_male_neutral_frontal.jpg'), ('file_name', 'matched-32-cpi-low-Rafd090_30_Caucasian_male_neutral_frontal.jpg')])
135.4863 	EXP 	Fixation: autoDraw = True
136.4868 	EXP 	Fixation: autoDraw = False
136.4868 	EXP 	Fixation: autoDraw = False
136.4868 	EXP 	Human_image: image = 'Stimuli For Psychopy/Human/matched-32-cpi-low-Rafd090_30_Caucasian_male_neutral_frontal.jpg'
136.4868 	EXP 	Human_image: autoDraw = True
137.4889 	EXP 	Human_image: autoDraw = False
137.4889 	EXP 	Human_image: autoDraw = False
137.4889 	EXP 	roi: autoDraw = False
137.4889 	EXP 	Likebility_slider_3: markerPos = None
137.4889 	EXP 	Likebility_slider_3: markerPos = 0.0
137.4889 	EXP 	Likebility_slider_3: autoDraw = True
137.4889 	EXP 	ratingText: autoDraw = True
137.4889 	EXP 	instruct_Likeability_2: autoDraw = True
137.9800 	DATA 	Mouse: Left button down, pos=(1125,402)
138.0083 	EXP 	Likebility_slider_3: markerPos = 30.55555555555557
138.0255 	EXP 	Likebility_slider_3: markerPos = 30.55555555555557
138.0363 	EXP 	Likebility_slider_3: markerPos = 30.55555555555557
138.0553 	EXP 	Likebility_slider_3: markerPos = 30.55555555555557
138.0699 	EXP 	Likebility_slider_3: markerPos = 30.55555555555557
138.0706 	DATA 	Mouse:  Left button up, pos=(1125,402)
138.0864 	EXP 	Likebility_slider_3: markerPos = 30.55555555555557
138.1060 	EXP 	image: autoDraw = True
138.4894 	DATA 	Mouse: Left button down, pos=(1418,111)
138.4908 	EXP 	window1: recordFrameIntervals = False
138.5032 	EXP 	Likebility_slider_3: autoDraw = False
138.5032 	EXP 	ratingText: autoDraw = False
138.5032 	EXP 	image: autoDraw = False
138.5032 	EXP 	instruct_Likeability_2: autoDraw = False
138.5033 	EXP 	window1: recordFrameIntervals = False
138.7745 	DATA 	Mouse:  Left button up, pos=(1418,110)
138.9747 	EXP 	New trial (rep=0, index=21): OrderedDict([('Type', 'Human'), ('Spatial_Frequency', 'BSF'), ('filepath', 'Stimuli For Psychopy/Human/matched-Rafd090_22_Caucasian_female_neutral_frontal.jpg'), ('file_name', 'matched-Rafd090_22_Caucasian_female_neutral_frontal.jpg')])
138.9865 	EXP 	Fixation: autoDraw = True
139.9916 	EXP 	Fixation: autoDraw = False
139.9916 	EXP 	Fixation: autoDraw = False
139.9916 	EXP 	Human_image: image = 'Stimuli For Psychopy/Human/matched-Rafd090_22_Caucasian_female_neutral_frontal.jpg'
139.9916 	EXP 	Human_image: autoDraw = True
141.0052 	EXP 	Human_image: autoDraw = False
141.0052 	EXP 	Human_image: autoDraw = False
141.0052 	EXP 	roi: autoDraw = False
141.0052 	EXP 	Likebility_slider_3: markerPos = None
141.0052 	EXP 	Likebility_slider_3: markerPos = 0.0
141.0052 	EXP 	Likebility_slider_3: autoDraw = True
141.0052 	EXP 	ratingText: autoDraw = True
141.0052 	EXP 	instruct_Likeability_2: autoDraw = True
141.4071 	DATA 	Mouse: Left button down, pos=(1090,418)
141.4197 	EXP 	Likebility_slider_3: markerPos = 24.259259259259252
141.4366 	EXP 	Likebility_slider_3: markerPos = 24.259259259259252
141.4534 	EXP 	Likebility_slider_3: markerPos = 24.259259259259252
141.4699 	EXP 	Likebility_slider_3: markerPos = 24.259259259259252
141.4743 	DATA 	Mouse:  Left button up, pos=(1091,418)
141.4888 	EXP 	Likebility_slider_3: markerPos = 24.259259259259252
141.5032 	EXP 	Likebility_slider_3: markerPos = 24.259259259259252
141.5219 	EXP 	image: autoDraw = True
141.9768 	DATA 	Mouse: Left button down, pos=(1397,91)
141.9908 	EXP 	window1: recordFrameIntervals = False
142.0054 	EXP 	Likebility_slider_3: autoDraw = False
142.0054 	EXP 	ratingText: autoDraw = False
142.0054 	EXP 	image: autoDraw = False
142.0054 	EXP 	instruct_Likeability_2: autoDraw = False
142.0055 	EXP 	window1: recordFrameIntervals = False
142.2752 	DATA 	Mouse:  Left button up, pos=(1397,91)
142.4754 	EXP 	New trial (rep=0, index=22): OrderedDict([('Type', 'Human'), ('Spatial_Frequency', 'LSF'), ('filepath', 'Stimuli For Psychopy/Human/matched-8-cpi-low-Rafd090_30_Caucasian_male_neutral_frontal.jpg'), ('file_name', 'matched-8-cpi-low-Rafd090_30_Caucasian_male_neutral_frontal.jpg')])
142.4890 	EXP 	Fixation: autoDraw = True
143.4885 	EXP 	Fixation: autoDraw = False
143.4885 	EXP 	Fixation: autoDraw = False
143.4885 	EXP 	Human_image: image = 'Stimuli For Psychopy/Human/matched-8-cpi-low-Rafd090_30_Caucasian_male_neutral_frontal.jpg'
143.5052 	EXP 	Human_image: autoDraw = True
144.5219 	EXP 	Human_image: autoDraw = False
144.5219 	EXP 	roi: autoDraw = False
144.5219 	EXP 	Likebility_slider_3: markerPos = None
144.5219 	EXP 	Likebility_slider_3: markerPos = 0.0
144.5219 	EXP 	Likebility_slider_3: autoDraw = True
144.5219 	EXP 	ratingText: autoDraw = True
144.5219 	EXP 	instruct_Likeability_2: autoDraw = True
145.4730 	DATA 	Mouse: Left button down, pos=(917,411)
145.4862 	EXP 	Likebility_slider_3: markerPos = -7.962962962962962
145.5030 	EXP 	Likebility_slider_3: markerPos = -7.962962962962962
145.5200 	EXP 	Likebility_slider_3: markerPos = -7.962962962962962
145.5387 	EXP 	Likebility_slider_3: markerPos = -7.962962962962962
145.5535 	EXP 	Likebility_slider_3: markerPos = -7.962962962962962
145.5719 	EXP 	Likebility_slider_3: markerPos = -7.962962962962962
145.5725 	DATA 	Mouse:  Left button up, pos=(917,411)
145.5886 	EXP 	Likebility_slider_3: markerPos = -7.962962962962962
145.6033 	EXP 	image: autoDraw = True
145.9595 	DATA 	Mouse: Left button down, pos=(1339,73)
145.9739 	EXP 	window1: recordFrameIntervals = False
145.9886 	EXP 	Likebility_slider_3: autoDraw = False
145.9886 	EXP 	ratingText: autoDraw = False
145.9886 	EXP 	image: autoDraw = False
145.9886 	EXP 	instruct_Likeability_2: autoDraw = False
145.9887 	EXP 	window1: recordFrameIntervals = False
146.2583 	DATA 	Mouse:  Left button up, pos=(1339,72)
146.4584 	EXP 	New trial (rep=0, index=23): OrderedDict([('Type', 'Human'), ('Spatial_Frequency', 'HSF'), ('filepath', 'Stimuli For Psychopy/Human/matched-32-cpi-low-Rafd090_28_Caucasian_male_neutral_frontal.jpg'), ('file_name', 'matched-32-cpi-low-Rafd090_28_Caucasian_male_neutral_frontal.jpg')])
146.4751 	EXP 	Fixation: autoDraw = True
147.4862 	EXP 	Fixation: autoDraw = False
147.4862 	EXP 	Fixation: autoDraw = False
147.4862 	EXP 	Human_image: image = 'Stimuli For Psychopy/Human/matched-32-cpi-low-Rafd090_28_Caucasian_male_neutral_frontal.jpg'
147.4862 	EXP 	Human_image: autoDraw = True
148.4860 	EXP 	Human_image: autoDraw = False
148.4860 	EXP 	Human_image: autoDraw = False
148.4860 	EXP 	roi: autoDraw = False
148.4860 	EXP 	Likebility_slider_3: markerPos = None
148.4860 	EXP 	Likebility_slider_3: markerPos = 0.0
148.4860 	EXP 	Likebility_slider_3: autoDraw = True
148.4860 	EXP 	ratingText: autoDraw = True
148.4860 	EXP 	instruct_Likeability_2: autoDraw = True
148.9543 	DATA 	Mouse: Left button down, pos=(1109,462)
148.9720 	EXP 	Likebility_slider_3: markerPos = 27.592592592592595
148.9885 	EXP 	Likebility_slider_3: markerPos = 27.592592592592595
149.0031 	EXP 	Likebility_slider_3: markerPos = 27.592592592592595
149.0194 	EXP 	Likebility_slider_3: markerPos = 27.592592592592595
149.0204 	DATA 	Mouse:  Left button up, pos=(1109,462)
149.0363 	EXP 	Likebility_slider_3: markerPos = 27.592592592592595
149.0528 	EXP 	image: autoDraw = True
149.3923 	DATA 	Mouse: Left button down, pos=(1333,115)
149.4047 	EXP 	window1: recordFrameIntervals = False
149.4220 	EXP 	Likebility_slider_3: autoDraw = False
149.4220 	EXP 	ratingText: autoDraw = False
149.4220 	EXP 	image: autoDraw = False
149.4220 	EXP 	instruct_Likeability_2: autoDraw = False
149.4221 	EXP 	window1: recordFrameIntervals = False
149.6879 	DATA 	Mouse:  Left button up, pos=(1333,115)
149.8884 	EXP 	New trial (rep=0, index=24): OrderedDict([('Type', 'Human'), ('Spatial_Frequency', 'BSF'), ('filepath', 'Stimuli For Psychopy/Human/matched-Rafd090_33_Caucasian_male_neutral_frontal.jpg'), ('file_name', 'matched-Rafd090_33_Caucasian_male_neutral_frontal.jpg')])
149.9052 	EXP 	Fixation: autoDraw = True
150.9218 	EXP 	Fixation: autoDraw = False
150.9218 	EXP 	Human_image: image = 'Stimuli For Psychopy/Human/matched-Rafd090_33_Caucasian_male_neutral_frontal.jpg'
150.9218 	EXP 	Human_image: autoDraw = True
151.9221 	EXP 	Human_image: autoDraw = False
151.9221 	EXP 	roi: autoDraw = False
151.9221 	EXP 	Likebility_slider_3: markerPos = None
151.9221 	EXP 	Likebility_slider_3: markerPos = 0.0
151.9221 	EXP 	Likebility_slider_3: autoDraw = True
151.9221 	EXP 	ratingText: autoDraw = True
151.9221 	EXP 	instruct_Likeability_2: autoDraw = True
152.6704 	DATA 	Mouse: Left button down, pos=(1128,389)
152.6861 	EXP 	Likebility_slider_3: markerPos = 31.111111111111114
152.7027 	EXP 	Likebility_slider_3: markerPos = 31.111111111111114
152.7197 	EXP 	Likebility_slider_3: markerPos = 31.111111111111114
152.7360 	EXP 	Likebility_slider_3: markerPos = 31.111111111111114
152.7526 	EXP 	Likebility_slider_3: markerPos = 31.111111111111114
152.7534 	DATA 	Mouse:  Left button up, pos=(1128,389)
152.7694 	EXP 	Likebility_slider_3: markerPos = 31.111111111111114
152.7860 	EXP 	image: autoDraw = True
153.1373 	DATA 	Mouse: Left button down, pos=(1505,75)
153.1391 	EXP 	window1: recordFrameIntervals = False
153.1529 	EXP 	Likebility_slider_3: autoDraw = False
153.1529 	EXP 	ratingText: autoDraw = False
153.1529 	EXP 	image: autoDraw = False
153.1529 	EXP 	instruct_Likeability_2: autoDraw = False
153.1530 	EXP 	window1: recordFrameIntervals = False
153.4231 	DATA 	Mouse:  Left button up, pos=(1505,75)
153.6232 	EXP 	New trial (rep=0, index=25): OrderedDict([('Type', 'Human'), ('Spatial_Frequency', 'BSF'), ('filepath', 'Stimuli For Psychopy/Human/matched-Rafd090_18_Caucasian_female_neutral_frontal.jpg'), ('file_name', 'matched-Rafd090_18_Caucasian_female_neutral_frontal.jpg')])
153.6361 	EXP 	Fixation: autoDraw = True
154.6386 	EXP 	Fixation: autoDraw = False
154.6386 	EXP 	Fixation: autoDraw = False
154.6386 	EXP 	Human_image: image = 'Stimuli For Psychopy/Human/matched-Rafd090_18_Caucasian_female_neutral_frontal.jpg'
154.6386 	EXP 	Human_image: autoDraw = True
155.6367 	EXP 	Human_image: autoDraw = False
155.6367 	EXP 	Human_image: autoDraw = False
155.6367 	EXP 	roi: autoDraw = False
155.6367 	EXP 	Likebility_slider_3: markerPos = None
155.6367 	EXP 	Likebility_slider_3: markerPos = 0.0
155.6367 	EXP 	Likebility_slider_3: autoDraw = True
155.6367 	EXP 	ratingText: autoDraw = True
155.6367 	EXP 	instruct_Likeability_2: autoDraw = True
156.2253 	DATA 	Mouse: Left button down, pos=(1089,415)
156.2530 	EXP 	Likebility_slider_3: markerPos = 23.888888888888886
156.2698 	EXP 	Likebility_slider_3: markerPos = 23.888888888888886
156.2883 	EXP 	Likebility_slider_3: markerPos = 23.888888888888886
156.3028 	EXP 	Likebility_slider_3: markerPos = 23.888888888888886
156.3040 	DATA 	Mouse:  Left button up, pos=(1089,415)
156.3216 	EXP 	Likebility_slider_3: markerPos = 23.888888888888886
156.3383 	EXP 	image: autoDraw = True
156.7035 	DATA 	Mouse: Left button down, pos=(1503,67)
156.7056 	EXP 	window1: recordFrameIntervals = False
156.7217 	EXP 	Likebility_slider_3: autoDraw = False
156.7217 	EXP 	ratingText: autoDraw = False
156.7217 	EXP 	image: autoDraw = False
156.7217 	EXP 	instruct_Likeability_2: autoDraw = False
156.7218 	EXP 	window1: recordFrameIntervals = False
156.9905 	DATA 	Mouse:  Left button up, pos=(1501,66)
157.1907 	EXP 	New trial (rep=0, index=26): OrderedDict([('Type', 'Human'), ('Spatial_Frequency', 'BSF'), ('filepath', 'Stimuli For Psychopy/Human/matched-Rafd090_16_Caucasian_female_neutral_frontal.jpg'), ('file_name', 'matched-Rafd090_16_Caucasian_female_neutral_frontal.jpg')])
157.1927 	EXP 	Fixation: autoDraw = True
158.2052 	EXP 	Fixation: autoDraw = False
158.2052 	EXP 	Fixation: autoDraw = False
158.2052 	EXP 	Human_image: image = 'Stimuli For Psychopy/Human/matched-Rafd090_16_Caucasian_female_neutral_frontal.jpg'
158.2052 	EXP 	Human_image: autoDraw = True
159.2048 	EXP 	Human_image: autoDraw = False
159.2048 	EXP 	Human_image: autoDraw = False
159.2048 	EXP 	roi: autoDraw = False
159.2048 	EXP 	Likebility_slider_3: markerPos = None
159.2048 	EXP 	Likebility_slider_3: markerPos = 0.0
159.2048 	EXP 	Likebility_slider_3: autoDraw = True
159.2048 	EXP 	ratingText: autoDraw = True
159.2048 	EXP 	instruct_Likeability_2: autoDraw = True
159.8035 	DATA 	Mouse: Left button down, pos=(1112,399)
159.8214 	EXP 	Likebility_slider_3: markerPos = 28.148148148148152
159.8381 	EXP 	Likebility_slider_3: markerPos = 28.148148148148152
159.8527 	EXP 	Likebility_slider_3: markerPos = 28.148148148148152
159.8697 	EXP 	Likebility_slider_3: markerPos = 28.148148148148152
159.8882 	EXP 	Likebility_slider_3: markerPos = 28.148148148148152
159.8888 	DATA 	Mouse:  Left button up, pos=(1112,399)
159.9048 	EXP 	Likebility_slider_3: markerPos = 28.148148148148152
159.9194 	EXP 	image: autoDraw = True
160.4198 	DATA 	Mouse: Left button down, pos=(1541,71)
160.4212 	EXP 	window1: recordFrameIntervals = False
160.4381 	EXP 	Likebility_slider_3: autoDraw = False
160.4381 	EXP 	ratingText: autoDraw = False
160.4381 	EXP 	image: autoDraw = False
160.4381 	EXP 	instruct_Likeability_2: autoDraw = False
160.4382 	EXP 	window1: recordFrameIntervals = False
160.7057 	DATA 	Mouse:  Left button up, pos=(1541,71)
160.9059 	EXP 	New trial (rep=0, index=27): OrderedDict([('Type', 'Human'), ('Spatial_Frequency', 'LSF'), ('filepath', 'Stimuli For Psychopy/Human/matched-8-cpi-low-Rafd090_31_Caucasian_female_neutral_frontal.jpg'), ('file_name', 'matched-8-cpi-low-Rafd090_31_Caucasian_female_neutral_frontal.jpg')])
160.9078 	EXP 	Fixation: autoDraw = True
161.9192 	EXP 	Fixation: autoDraw = False
161.9192 	EXP 	Fixation: autoDraw = False
161.9192 	EXP 	Human_image: image = 'Stimuli For Psychopy/Human/matched-8-cpi-low-Rafd090_31_Caucasian_female_neutral_frontal.jpg'
161.9358 	EXP 	Human_image: autoDraw = True
162.9357 	EXP 	Human_image: autoDraw = False
162.9357 	EXP 	Human_image: autoDraw = False
162.9357 	EXP 	roi: autoDraw = False
162.9357 	EXP 	Likebility_slider_3: markerPos = None
162.9357 	EXP 	Likebility_slider_3: markerPos = 0.0
162.9357 	EXP 	Likebility_slider_3: autoDraw = True
162.9357 	EXP 	ratingText: autoDraw = True
162.9357 	EXP 	instruct_Likeability_2: autoDraw = True
163.6227 	DATA 	Mouse: Left button down, pos=(1049,422)
163.6358 	EXP 	Likebility_slider_3: markerPos = 16.48148148148148
163.6550 	EXP 	Likebility_slider_3: markerPos = 16.48148148148148
163.6696 	EXP 	Likebility_slider_3: markerPos = 16.48148148148148
163.6742 	DATA 	Mouse:  Left button up, pos=(1049,422)
163.6885 	EXP 	Likebility_slider_3: markerPos = 16.48148148148148
163.7029 	EXP 	Likebility_slider_3: markerPos = 16.48148148148148
163.7215 	EXP 	image: autoDraw = True
164.0036 	DATA 	Mouse: Left button down, pos=(1398,27)
164.0055 	EXP 	window1: recordFrameIntervals = False
164.0217 	EXP 	Likebility_slider_3: autoDraw = False
164.0217 	EXP 	ratingText: autoDraw = False
164.0217 	EXP 	image: autoDraw = False
164.0217 	EXP 	instruct_Likeability_2: autoDraw = False
164.0218 	EXP 	window1: recordFrameIntervals = False
164.2894 	DATA 	Mouse:  Left button up, pos=(1399,26)
164.4894 	EXP 	New trial (rep=0, index=28): OrderedDict([('Type', 'Human'), ('Spatial_Frequency', 'HSF'), ('filepath', 'Stimuli For Psychopy/Human/matched-32-cpi-low-Rafd090_16_Caucasian_female_neutral_frontal.jpg'), ('file_name', 'matched-32-cpi-low-Rafd090_16_Caucasian_female_neutral_frontal.jpg')])
164.4926 	EXP 	Fixation: autoDraw = True
165.5047 	EXP 	Fixation: autoDraw = False
165.5047 	EXP 	Fixation: autoDraw = False
165.5047 	EXP 	Human_image: image = 'Stimuli For Psychopy/Human/matched-32-cpi-low-Rafd090_16_Caucasian_female_neutral_frontal.jpg'
165.5047 	EXP 	Human_image: autoDraw = True
166.5027 	EXP 	Human_image: autoDraw = False
166.5027 	EXP 	Human_image: autoDraw = False
166.5027 	EXP 	roi: autoDraw = False
166.5027 	EXP 	Likebility_slider_3: markerPos = None
166.5027 	EXP 	Likebility_slider_3: markerPos = 0.0
166.5027 	EXP 	Likebility_slider_3: autoDraw = True
166.5027 	EXP 	ratingText: autoDraw = True
166.5027 	EXP 	instruct_Likeability_2: autoDraw = True
167.2087 	DATA 	Mouse: Left button down, pos=(1066,418)
167.2381 	EXP 	Likebility_slider_3: markerPos = 19.62962962962962
167.2547 	EXP 	Likebility_slider_3: markerPos = 19.62962962962962
167.2691 	EXP 	Likebility_slider_3: markerPos = 19.62962962962962
167.2881 	EXP 	Likebility_slider_3: markerPos = 19.62962962962962
167.2891 	DATA 	Mouse:  Left button up, pos=(1066,418)
167.3026 	EXP 	Likebility_slider_3: markerPos = 19.62962962962962
167.3214 	EXP 	image: autoDraw = True
167.6883 	DATA 	Mouse: Left button down, pos=(1420,91)
167.6897 	EXP 	window1: recordFrameIntervals = False
167.7047 	EXP 	Likebility_slider_3: autoDraw = False
167.7047 	EXP 	ratingText: autoDraw = False
167.7047 	EXP 	image: autoDraw = False
167.7047 	EXP 	instruct_Likeability_2: autoDraw = False
167.7048 	EXP 	window1: recordFrameIntervals = False
167.9742 	DATA 	Mouse:  Left button up, pos=(1420,91)
168.1747 	EXP 	New trial (rep=0, index=29): OrderedDict([('Type', 'Human'), ('Spatial_Frequency', 'LSF'), ('filepath', 'Stimuli For Psychopy/Human/matched-8-cpi-low-Rafd090_22_Caucasian_female_neutral_frontal.jpg'), ('file_name', 'matched-8-cpi-low-Rafd090_22_Caucasian_female_neutral_frontal.jpg')])
168.1913 	EXP 	Fixation: autoDraw = True
169.2046 	EXP 	Fixation: autoDraw = False
169.2046 	EXP 	Fixation: autoDraw = False
169.2046 	EXP 	Human_image: image = 'Stimuli For Psychopy/Human/matched-8-cpi-low-Rafd090_22_Caucasian_female_neutral_frontal.jpg'
169.2046 	EXP 	Human_image: autoDraw = True
170.2028 	EXP 	Human_image: autoDraw = False
170.2028 	EXP 	Human_image: autoDraw = False
170.2028 	EXP 	roi: autoDraw = False
170.2028 	EXP 	Likebility_slider_3: markerPos = None
170.2028 	EXP 	Likebility_slider_3: markerPos = 0.0
170.2028 	EXP 	Likebility_slider_3: autoDraw = True
170.2028 	EXP 	ratingText: autoDraw = True
170.2028 	EXP 	instruct_Likeability_2: autoDraw = True
170.6392 	DATA 	Mouse: Left button down, pos=(997,440)
170.6547 	EXP 	Likebility_slider_3: markerPos = 6.851851851851848
170.6713 	EXP 	Likebility_slider_3: markerPos = 6.851851851851848
170.6880 	EXP 	Likebility_slider_3: markerPos = 6.851851851851848
170.6893 	DATA 	Mouse:  Left button up, pos=(997,441)
170.7028 	EXP 	Likebility_slider_3: markerPos = 6.851851851851848
170.7215 	EXP 	image: autoDraw = True
171.1218 	DATA 	Mouse: Left button down, pos=(1362,121)
171.1234 	EXP 	window1: recordFrameIntervals = False
171.1359 	EXP 	Likebility_slider_3: autoDraw = False
171.1359 	EXP 	ratingText: autoDraw = False
171.1359 	EXP 	image: autoDraw = False
171.1359 	EXP 	instruct_Likeability_2: autoDraw = False
171.1361 	EXP 	window1: recordFrameIntervals = False
171.4071 	DATA 	Mouse:  Left button up, pos=(1363,120)
171.6074 	EXP 	New trial (rep=0, index=30): OrderedDict([('Type', 'Human'), ('Spatial_Frequency', 'BSF'), ('filepath', 'Stimuli For Psychopy/Human/matched-Rafd090_31_Caucasian_female_neutral_frontal.jpg'), ('file_name', 'matched-Rafd090_31_Caucasian_female_neutral_frontal.jpg')])
171.6191 	EXP 	Fixation: autoDraw = True
172.6215 	EXP 	Fixation: autoDraw = False
172.6215 	EXP 	Fixation: autoDraw = False
172.6215 	EXP 	Human_image: image = 'Stimuli For Psychopy/Human/matched-Rafd090_31_Caucasian_female_neutral_frontal.jpg'
172.6360 	EXP 	Human_image: autoDraw = True
173.6378 	EXP 	Human_image: autoDraw = False
173.6378 	EXP 	Human_image: autoDraw = False
173.6378 	EXP 	roi: autoDraw = False
173.6378 	EXP 	Likebility_slider_3: markerPos = None
173.6378 	EXP 	Likebility_slider_3: markerPos = 0.0
173.6378 	EXP 	Likebility_slider_3: autoDraw = True
173.6378 	EXP 	ratingText: autoDraw = True
173.6378 	EXP 	instruct_Likeability_2: autoDraw = True
174.0869 	DATA 	Mouse: Left button down, pos=(1147,451)
174.1023 	EXP 	Likebility_slider_3: markerPos = 34.62962962962962
174.1214 	EXP 	Likebility_slider_3: markerPos = 34.62962962962962
174.1380 	EXP 	Likebility_slider_3: markerPos = 34.62962962962962
174.1527 	EXP 	Likebility_slider_3: markerPos = 34.62962962962962
174.1715 	EXP 	Likebility_slider_3: markerPos = 34.62962962962962
174.1723 	DATA 	Mouse:  Left button up, pos=(1147,451)
174.1858 	EXP 	Likebility_slider_3: markerPos = 34.62962962962962
174.2047 	EXP 	image: autoDraw = True
174.5531 	DATA 	Mouse: Left button down, pos=(1386,41)
174.5550 	EXP 	window1: recordFrameIntervals = False
174.5713 	EXP 	Likebility_slider_3: autoDraw = False
174.5713 	EXP 	ratingText: autoDraw = False
174.5713 	EXP 	image: autoDraw = False
174.5713 	EXP 	instruct_Likeability_2: autoDraw = False
174.5714 	EXP 	window1: recordFrameIntervals = False
174.8390 	DATA 	Mouse:  Left button up, pos=(1386,41)
175.0393 	EXP 	New trial (rep=0, index=31): OrderedDict([('Type', 'Human'), ('Spatial_Frequency', 'BSF'), ('filepath', 'Stimuli For Psychopy/Human/matched-Rafd090_32_Caucasian_female_neutral_frontal.jpg'), ('file_name', 'matched-Rafd090_32_Caucasian_female_neutral_frontal.jpg')])
175.0413 	EXP 	Fixation: autoDraw = True
176.0545 	EXP 	Fixation: autoDraw = False
176.0545 	EXP 	Fixation: autoDraw = False
176.0545 	EXP 	Human_image: image = 'Stimuli For Psychopy/Human/matched-Rafd090_32_Caucasian_female_neutral_frontal.jpg'
176.0545 	EXP 	Human_image: autoDraw = True
177.0692 	EXP 	Human_image: autoDraw = False
177.0692 	EXP 	Human_image: autoDraw = False
177.0692 	EXP 	roi: autoDraw = False
177.0692 	EXP 	Likebility_slider_3: markerPos = None
177.0692 	EXP 	Likebility_slider_3: markerPos = 0.0
177.0692 	EXP 	Likebility_slider_3: autoDraw = True
177.0692 	EXP 	ratingText: autoDraw = True
177.0692 	EXP 	instruct_Likeability_2: autoDraw = True
178.1052 	DATA 	Mouse: Left button down, pos=(1101,411)
178.1213 	EXP 	Likebility_slider_3: markerPos = 26.111111111111114
178.1381 	EXP 	Likebility_slider_3: markerPos = 26.111111111111114
178.1548 	EXP 	Likebility_slider_3: markerPos = 26.111111111111114
178.1694 	EXP 	Likebility_slider_3: markerPos = 26.111111111111114
178.1879 	EXP 	Likebility_slider_3: markerPos = 26.111111111111114
178.1884 	DATA 	Mouse:  Left button up, pos=(1101,411)
178.2022 	EXP 	Likebility_slider_3: markerPos = 26.111111111111114
178.2212 	EXP 	image: autoDraw = True
178.5384 	DATA 	Mouse: Left button down, pos=(1462,67)
178.5398 	EXP 	window1: recordFrameIntervals = False
178.5545 	EXP 	Likebility_slider_3: autoDraw = False
178.5545 	EXP 	ratingText: autoDraw = False
178.5545 	EXP 	image: autoDraw = False
178.5545 	EXP 	instruct_Likeability_2: autoDraw = False
178.5546 	EXP 	window1: recordFrameIntervals = False
178.8244 	DATA 	Mouse:  Left button up, pos=(1462,67)
179.0247 	EXP 	New trial (rep=0, index=32): OrderedDict([('Type', 'Human'), ('Spatial_Frequency', 'LSF'), ('filepath', 'Stimuli For Psychopy/Human/matched-8-cpi-low-Rafd090_24_Caucasian_male_neutral_frontal.jpg'), ('file_name', 'matched-8-cpi-low-Rafd090_24_Caucasian_male_neutral_frontal.jpg')])
179.0414 	EXP 	Fixation: autoDraw = True
180.0544 	EXP 	Fixation: autoDraw = False
180.0544 	EXP 	Fixation: autoDraw = False
180.0544 	EXP 	Human_image: image = 'Stimuli For Psychopy/Human/matched-8-cpi-low-Rafd090_24_Caucasian_male_neutral_frontal.jpg'
180.0544 	EXP 	Human_image: autoDraw = True
181.0519 	EXP 	Human_image: autoDraw = False
181.0519 	EXP 	roi: autoDraw = False
181.0519 	EXP 	Likebility_slider_3: markerPos = None
181.0519 	EXP 	Likebility_slider_3: markerPos = 0.0
181.0519 	EXP 	Likebility_slider_3: autoDraw = True
181.0519 	EXP 	ratingText: autoDraw = True
181.0519 	EXP 	instruct_Likeability_2: autoDraw = True
181.6702 	DATA 	Mouse: Left button down, pos=(1027,462)
181.6855 	EXP 	Likebility_slider_3: markerPos = 12.407407407407405
181.7021 	EXP 	Likebility_slider_3: markerPos = 12.407407407407405
181.7189 	EXP 	Likebility_slider_3: markerPos = 12.592592592592595
181.7353 	EXP 	Likebility_slider_3: markerPos = 12.592592592592595
181.7520 	EXP 	Likebility_slider_3: markerPos = 12.592592592592595
181.7689 	EXP 	Likebility_slider_3: markerPos = 12.592592592592595
181.7697 	DATA 	Mouse:  Left button up, pos=(1028,462)
181.7853 	EXP 	Likebility_slider_3: markerPos = 12.592592592592595
181.8022 	EXP 	image: autoDraw = True
182.3228 	DATA 	Mouse: Left button down, pos=(1331,109)
182.3372 	EXP 	window1: recordFrameIntervals = False
182.3520 	EXP 	Likebility_slider_3: autoDraw = False
182.3520 	EXP 	ratingText: autoDraw = False
182.3520 	EXP 	image: autoDraw = False
182.3520 	EXP 	instruct_Likeability_2: autoDraw = False
182.3521 	EXP 	window1: recordFrameIntervals = False
182.6212 	DATA 	Mouse:  Left button up, pos=(1331,109)
182.8213 	EXP 	New trial (rep=0, index=33): OrderedDict([('Type', 'Human'), ('Spatial_Frequency', 'LSF'), ('filepath', 'Stimuli For Psychopy/Human/matched-8-cpi-low-Rafd090_19_Caucasian_female_neutral_frontal.jpg'), ('file_name', 'matched-8-cpi-low-Rafd090_19_Caucasian_female_neutral_frontal.jpg')])
182.8354 	EXP 	Fixation: autoDraw = True
183.8353 	EXP 	Fixation: autoDraw = False
183.8353 	EXP 	Fixation: autoDraw = False
183.8353 	EXP 	Human_image: image = 'Stimuli For Psychopy/Human/matched-8-cpi-low-Rafd090_19_Caucasian_female_neutral_frontal.jpg'
183.8546 	EXP 	Human_image: autoDraw = True
184.8544 	EXP 	Human_image: autoDraw = False
184.8544 	EXP 	roi: autoDraw = False
184.8544 	EXP 	Likebility_slider_3: markerPos = None
184.8544 	EXP 	Likebility_slider_3: markerPos = 0.0
184.8544 	EXP 	Likebility_slider_3: autoDraw = True
184.8544 	EXP 	ratingText: autoDraw = True
184.8544 	EXP 	instruct_Likeability_2: autoDraw = True
185.3718 	DATA 	Mouse: Left button down, pos=(1048,454)
185.3854 	EXP 	Likebility_slider_3: markerPos = 16.296296296296305
185.4045 	EXP 	Likebility_slider_3: markerPos = 16.296296296296305
185.4210 	EXP 	Likebility_slider_3: markerPos = 16.296296296296305
185.4379 	EXP 	Likebility_slider_3: markerPos = 16.296296296296305
185.4544 	EXP 	Likebility_slider_3: markerPos = 16.296296296296305
185.4711 	EXP 	Likebility_slider_3: markerPos = 16.296296296296305
185.4718 	DATA 	Mouse:  Left button up, pos=(1048,454)
185.4857 	EXP 	Likebility_slider_3: markerPos = 16.296296296296305
185.5043 	EXP 	image: autoDraw = True
185.9549 	DATA 	Mouse: Left button down, pos=(1329,107)
185.9562 	EXP 	window1: recordFrameIntervals = False
185.9712 	EXP 	Likebility_slider_3: autoDraw = False
185.9712 	EXP 	ratingText: autoDraw = False
185.9712 	EXP 	image: autoDraw = False
185.9712 	EXP 	instruct_Likeability_2: autoDraw = False
185.9713 	EXP 	window1: recordFrameIntervals = False
186.2404 	DATA 	Mouse:  Left button up, pos=(1330,106)
186.4406 	EXP 	New trial (rep=0, index=34): OrderedDict([('Type', 'Human'), ('Spatial_Frequency', 'BSF'), ('filepath', 'Stimuli For Psychopy/Human/matched-Rafd090_37_Caucasian_female_neutral_frontal.jpg'), ('file_name', 'matched-Rafd090_37_Caucasian_female_neutral_frontal.jpg')])
186.4579 	EXP 	Fixation: autoDraw = True
187.4689 	EXP 	Fixation: autoDraw = False
187.4689 	EXP 	Fixation: autoDraw = False
187.4689 	EXP 	Human_image: image = 'Stimuli For Psychopy/Human/matched-Rafd090_37_Caucasian_female_neutral_frontal.jpg'
187.4689 	EXP 	Human_image: autoDraw = True
188.4689 	EXP 	Human_image: autoDraw = False
188.4689 	EXP 	Human_image: autoDraw = False
188.4689 	EXP 	roi: autoDraw = False
188.4689 	EXP 	Likebility_slider_3: markerPos = None
188.4689 	EXP 	Likebility_slider_3: markerPos = 0.0
188.4689 	EXP 	Likebility_slider_3: autoDraw = True
188.4689 	EXP 	ratingText: autoDraw = True
188.4689 	EXP 	instruct_Likeability_2: autoDraw = True
188.9627 	DATA 	Mouse: Left button down, pos=(1062,400)
188.9909 	EXP 	Likebility_slider_3: markerPos = 18.888888888888886
189.0073 	EXP 	Likebility_slider_3: markerPos = 18.888888888888886
189.0187 	EXP 	Likebility_slider_3: markerPos = 18.888888888888886
189.0352 	EXP 	Likebility_slider_3: markerPos = 18.888888888888886
189.0521 	EXP 	Likebility_slider_3: markerPos = 18.888888888888886
189.0529 	DATA 	Mouse:  Left button up, pos=(1062,400)
189.0689 	EXP 	Likebility_slider_3: markerPos = 18.888888888888886
189.0855 	EXP 	image: autoDraw = True
189.4690 	DATA 	Mouse: Left button down, pos=(1406,127)
189.4703 	EXP 	window1: recordFrameIntervals = False
189.4851 	EXP 	Likebility_slider_3: autoDraw = False
189.4851 	EXP 	ratingText: autoDraw = False
189.4851 	EXP 	image: autoDraw = False
189.4851 	EXP 	instruct_Likeability_2: autoDraw = False
189.4853 	EXP 	window1: recordFrameIntervals = False
189.7540 	DATA 	Mouse:  Left button up, pos=(1406,127)
189.9542 	EXP 	New trial (rep=0, index=35): OrderedDict([('Type', 'Human'), ('Spatial_Frequency', 'LSF'), ('filepath', 'Stimuli For Psychopy/Human/matched-8-cpi-low-Rafd090_32_Caucasian_female_neutral_frontal.jpg'), ('file_name', 'matched-8-cpi-low-Rafd090_32_Caucasian_female_neutral_frontal.jpg')])
189.9685 	EXP 	Fixation: autoDraw = True
190.9710 	EXP 	Fixation: autoDraw = False
190.9710 	EXP 	Fixation: autoDraw = False
190.9710 	EXP 	Human_image: image = 'Stimuli For Psychopy/Human/matched-8-cpi-low-Rafd090_32_Caucasian_female_neutral_frontal.jpg'
190.9710 	EXP 	Human_image: autoDraw = True
191.9686 	EXP 	Human_image: autoDraw = False
191.9686 	EXP 	Human_image: autoDraw = False
191.9686 	EXP 	roi: autoDraw = False
191.9686 	EXP 	Likebility_slider_3: markerPos = None
191.9686 	EXP 	Likebility_slider_3: markerPos = 0.0
191.9686 	EXP 	Likebility_slider_3: autoDraw = True
191.9686 	EXP 	ratingText: autoDraw = True
191.9686 	EXP 	instruct_Likeability_2: autoDraw = True
192.4717 	DATA 	Mouse: Left button down, pos=(1014,424)
192.4874 	EXP 	Likebility_slider_3: markerPos = 10.000000000000014
192.5042 	EXP 	Likebility_slider_3: markerPos = 10.000000000000014
192.5189 	EXP 	Likebility_slider_3: markerPos = 10.000000000000014
192.5377 	EXP 	Likebility_slider_3: markerPos = 10.000000000000014
192.5542 	EXP 	Likebility_slider_3: markerPos = 10.000000000000014
192.5689 	EXP 	Likebility_slider_3: markerPos = 10.000000000000014
192.5700 	DATA 	Mouse:  Left button up, pos=(1014,424)
192.5875 	EXP 	Likebility_slider_3: markerPos = 10.000000000000014
192.6021 	EXP 	image: autoDraw = True
193.0045 	DATA 	Mouse: Left button down, pos=(1418,92)
193.0063 	EXP 	window1: recordFrameIntervals = False
193.0209 	EXP 	Likebility_slider_3: autoDraw = False
193.0209 	EXP 	ratingText: autoDraw = False
193.0209 	EXP 	image: autoDraw = False
193.0209 	EXP 	instruct_Likeability_2: autoDraw = False
193.0210 	EXP 	window1: recordFrameIntervals = False
193.2908 	DATA 	Mouse:  Left button up, pos=(1418,92)
193.4909 	EXP 	New trial (rep=0, index=36): OrderedDict([('Type', 'Human'), ('Spatial_Frequency', 'HSF'), ('filepath', 'Stimuli For Psychopy/Human/matched-32-cpi-low-Rafd090_18_Caucasian_female_neutral_frontal.jpg'), ('file_name', 'matched-32-cpi-low-Rafd090_18_Caucasian_female_neutral_frontal.jpg')])
193.5042 	EXP 	Fixation: autoDraw = True
194.5042 	EXP 	Fixation: autoDraw = False
194.5042 	EXP 	Fixation: autoDraw = False
194.5042 	EXP 	Human_image: image = 'Stimuli For Psychopy/Human/matched-32-cpi-low-Rafd090_18_Caucasian_female_neutral_frontal.jpg'
194.5187 	EXP 	Human_image: autoDraw = True
195.5186 	EXP 	Human_image: autoDraw = False
195.5186 	EXP 	Human_image: autoDraw = False
195.5186 	EXP 	roi: autoDraw = False
195.5186 	EXP 	Likebility_slider_3: markerPos = None
195.5186 	EXP 	Likebility_slider_3: markerPos = 0.0
195.5186 	EXP 	Likebility_slider_3: autoDraw = True
195.5186 	EXP 	ratingText: autoDraw = True
195.5186 	EXP 	instruct_Likeability_2: autoDraw = True
195.9383 	DATA 	Mouse: Left button down, pos=(1020,424)
195.9521 	EXP 	Likebility_slider_3: markerPos = 11.111111111111114
195.9709 	EXP 	Likebility_slider_3: markerPos = 11.111111111111114
195.9855 	EXP 	Likebility_slider_3: markerPos = 11.111111111111114
196.0041 	EXP 	Likebility_slider_3: markerPos = 11.111111111111114
196.0047 	DATA 	Mouse:  Left button up, pos=(1020,424)
196.0186 	EXP 	Likebility_slider_3: markerPos = 11.111111111111114
196.0375 	EXP 	image: autoDraw = True
196.4550 	DATA 	Mouse: Left button down, pos=(1492,60)
196.4564 	EXP 	window1: recordFrameIntervals = False
196.4707 	EXP 	Likebility_slider_3: autoDraw = False
196.4707 	EXP 	ratingText: autoDraw = False
196.4707 	EXP 	image: autoDraw = False
196.4707 	EXP 	instruct_Likeability_2: autoDraw = False
196.4708 	EXP 	window1: recordFrameIntervals = False
196.7404 	DATA 	Mouse:  Left button up, pos=(1492,60)
196.9407 	EXP 	New trial (rep=0, index=37): OrderedDict([('Type', 'Human'), ('Spatial_Frequency', 'LSF'), ('filepath', 'Stimuli For Psychopy/Human/matched-8-cpi-low-Rafd090_33_Caucasian_male_neutral_frontal.jpg'), ('file_name', 'matched-8-cpi-low-Rafd090_33_Caucasian_male_neutral_frontal.jpg')])
196.9521 	EXP 	Fixation: autoDraw = True
197.9517 	EXP 	Fixation: autoDraw = False
197.9517 	EXP 	Fixation: autoDraw = False
197.9517 	EXP 	Human_image: image = 'Stimuli For Psychopy/Human/matched-8-cpi-low-Rafd090_33_Caucasian_male_neutral_frontal.jpg'
197.9684 	EXP 	Human_image: autoDraw = True
198.9683 	EXP 	Human_image: autoDraw = False
198.9683 	EXP 	Human_image: autoDraw = False
198.9683 	EXP 	roi: autoDraw = False
198.9683 	EXP 	Likebility_slider_3: markerPos = None
198.9683 	EXP 	Likebility_slider_3: markerPos = 0.0
198.9683 	EXP 	Likebility_slider_3: autoDraw = True
198.9683 	EXP 	ratingText: autoDraw = True
198.9683 	EXP 	instruct_Likeability_2: autoDraw = True
199.2363 	DATA 	Mouse: Left button down, pos=(1014,397)
199.2517 	EXP 	Likebility_slider_3: markerPos = 10.000000000000014
199.2685 	EXP 	Likebility_slider_3: markerPos = 10.000000000000014
199.2851 	EXP 	Likebility_slider_3: markerPos = 10.000000000000014
199.2899 	DATA 	Mouse:  Left button up, pos=(1014,397)
199.3018 	EXP 	Likebility_slider_3: markerPos = 10.000000000000014
199.3184 	EXP 	Likebility_slider_3: markerPos = 10.000000000000014
199.3350 	EXP 	image: autoDraw = True
199.7022 	DATA 	Mouse: Left button down, pos=(1500,99)
199.7035 	EXP 	window1: recordFrameIntervals = False
199.7209 	EXP 	Likebility_slider_3: autoDraw = False
199.7209 	EXP 	ratingText: autoDraw = False
199.7209 	EXP 	image: autoDraw = False
199.7209 	EXP 	instruct_Likeability_2: autoDraw = False
199.7210 	EXP 	window1: recordFrameIntervals = False
199.9868 	DATA 	Mouse:  Left button up, pos=(1500,99)
200.1871 	EXP 	New trial (rep=0, index=38): OrderedDict([('Type', 'Human'), ('Spatial_Frequency', 'HSF'), ('filepath', 'Stimuli For Psychopy/Human/matched-32-cpi-low-Rafd090_26_Caucasian_female_neutral_frontal.jpg'), ('file_name', 'matched-32-cpi-low-Rafd090_26_Caucasian_female_neutral_frontal.jpg')])
200.2019 	EXP 	Fixation: autoDraw = True
201.2040 	EXP 	Fixation: autoDraw = False
201.2040 	EXP 	Fixation: autoDraw = False
201.2040 	EXP 	Human_image: image = 'Stimuli For Psychopy/Human/matched-32-cpi-low-Rafd090_26_Caucasian_female_neutral_frontal.jpg'
201.2040 	EXP 	Human_image: autoDraw = True
202.2019 	EXP 	Human_image: autoDraw = False
202.2019 	EXP 	Human_image: autoDraw = False
202.2019 	EXP 	roi: autoDraw = False
202.2019 	EXP 	Likebility_slider_3: markerPos = None
202.2019 	EXP 	Likebility_slider_3: markerPos = 0.0
202.2019 	EXP 	Likebility_slider_3: autoDraw = True
202.2019 	EXP 	ratingText: autoDraw = True
202.2019 	EXP 	instruct_Likeability_2: autoDraw = True
202.5528 	DATA 	Mouse: Left button down, pos=(1064,403)
202.5706 	EXP 	Likebility_slider_3: markerPos = 19.259259259259267
202.5877 	EXP 	Likebility_slider_3: markerPos = 19.259259259259267
202.6022 	EXP 	Likebility_slider_3: markerPos = 19.259259259259267
202.6209 	EXP 	Likebility_slider_3: markerPos = 19.259259259259267
202.6373 	EXP 	Likebility_slider_3: markerPos = 19.259259259259267
202.6418 	DATA 	Mouse:  Left button up, pos=(1064,403)
202.6541 	EXP 	Likebility_slider_3: markerPos = 19.259259259259267
202.6684 	EXP 	Likebility_slider_3: markerPos = 19.259259259259267
202.6874 	EXP 	image: autoDraw = True
203.1687 	DATA 	Mouse: Left button down, pos=(1426,100)
203.1701 	EXP 	window1: recordFrameIntervals = False
203.1848 	EXP 	Likebility_slider_3: autoDraw = False
203.1848 	EXP 	ratingText: autoDraw = False
203.1848 	EXP 	image: autoDraw = False
203.1848 	EXP 	instruct_Likeability_2: autoDraw = False
203.1850 	EXP 	window1: recordFrameIntervals = False
203.4551 	DATA 	Mouse:  Left button up, pos=(1426,99)
203.6549 	EXP 	New trial (rep=0, index=39): OrderedDict([('Type', 'Human'), ('Spatial_Frequency', 'LSF'), ('filepath', 'Stimuli For Psychopy/Human/matched-8-cpi-low-Rafd090_01_Caucasian_female_neutral_frontal.jpg'), ('file_name', 'matched-8-cpi-low-Rafd090_01_Caucasian_female_neutral_frontal.jpg')])
203.6682 	EXP 	Fixation: autoDraw = True
204.6683 	EXP 	Fixation: autoDraw = False
204.6683 	EXP 	Fixation: autoDraw = False
204.6683 	EXP 	Human_image: image = 'Stimuli For Psychopy/Human/matched-8-cpi-low-Rafd090_01_Caucasian_female_neutral_frontal.jpg'
204.6849 	EXP 	Human_image: autoDraw = True
205.6875 	EXP 	Human_image: autoDraw = False
205.6875 	EXP 	roi: autoDraw = False
205.6875 	EXP 	Likebility_slider_3: markerPos = None
205.6875 	EXP 	Likebility_slider_3: markerPos = 0.0
205.6875 	EXP 	Likebility_slider_3: autoDraw = True
205.6875 	EXP 	ratingText: autoDraw = True
205.6875 	EXP 	instruct_Likeability_2: autoDraw = True
206.1578 	DATA 	Mouse: Left button down, pos=(1030,417)
206.1737 	EXP 	Likebility_slider_3: markerPos = 12.962962962962948
206.1909 	EXP 	Likebility_slider_3: markerPos = 12.962962962962948
206.2072 	EXP 	Likebility_slider_3: markerPos = 12.962962962962948
206.2239 	EXP 	Likebility_slider_3: markerPos = 12.962962962962948
206.2410 	EXP 	Likebility_slider_3: markerPos = 12.962962962962948
206.2421 	DATA 	Mouse:  Left button up, pos=(1030,417)
206.2575 	EXP 	Likebility_slider_3: markerPos = 12.962962962962948
206.2736 	EXP 	image: autoDraw = True
206.5709 	DATA 	Mouse: Left button down, pos=(1431,97)
206.5727 	EXP 	window1: recordFrameIntervals = False
206.5874 	EXP 	Likebility_slider_3: autoDraw = False
206.5874 	EXP 	ratingText: autoDraw = False
206.5874 	EXP 	image: autoDraw = False
206.5874 	EXP 	instruct_Likeability_2: autoDraw = False
206.5875 	EXP 	window1: recordFrameIntervals = False
206.8563 	DATA 	Mouse:  Left button up, pos=(1431,97)
207.0567 	EXP 	New trial (rep=0, index=40): OrderedDict([('Type', 'Human'), ('Spatial_Frequency', 'HSF'), ('filepath', 'Stimuli For Psychopy/Human/matched-32-cpi-low-Rafd090_19_Caucasian_female_neutral_frontal.jpg'), ('file_name', 'matched-32-cpi-low-Rafd090_19_Caucasian_female_neutral_frontal.jpg')])
207.0683 	EXP 	Fixation: autoDraw = True
208.0706 	EXP 	Fixation: autoDraw = False
208.0706 	EXP 	Fixation: autoDraw = False
208.0706 	EXP 	Human_image: image = 'Stimuli For Psychopy/Human/matched-32-cpi-low-Rafd090_19_Caucasian_female_neutral_frontal.jpg'
208.0872 	EXP 	Human_image: autoDraw = True
209.0849 	EXP 	Human_image: autoDraw = False
209.0849 	EXP 	Human_image: autoDraw = False
209.0849 	EXP 	roi: autoDraw = False
209.0849 	EXP 	Likebility_slider_3: markerPos = None
209.0849 	EXP 	Likebility_slider_3: markerPos = 0.0
209.0849 	EXP 	Likebility_slider_3: autoDraw = True
209.0849 	EXP 	ratingText: autoDraw = True
209.0849 	EXP 	instruct_Likeability_2: autoDraw = True
209.5883 	DATA 	Mouse: Left button down, pos=(1044,441)
209.6040 	EXP 	Likebility_slider_3: markerPos = 15.555555555555543
209.6184 	EXP 	Likebility_slider_3: markerPos = 15.555555555555543
209.6349 	EXP 	Likebility_slider_3: markerPos = 15.555555555555543
209.6517 	EXP 	Likebility_slider_3: markerPos = 15.555555555555543
209.6564 	DATA 	Mouse:  Left button up, pos=(1044,441)
209.6685 	EXP 	Likebility_slider_3: markerPos = 15.555555555555543
209.6854 	EXP 	Likebility_slider_3: markerPos = 15.555555555555543
209.7018 	EXP 	image: autoDraw = True
210.0040 	DATA 	Mouse: Left button down, pos=(1497,88)
210.0054 	EXP 	window1: recordFrameIntervals = False
210.0183 	EXP 	Likebility_slider_3: autoDraw = False
210.0183 	EXP 	ratingText: autoDraw = False
210.0183 	EXP 	image: autoDraw = False
210.0183 	EXP 	instruct_Likeability_2: autoDraw = False
210.0185 	EXP 	window1: recordFrameIntervals = False
210.2893 	DATA 	Mouse:  Left button up, pos=(1497,88)
210.4894 	EXP 	New trial (rep=0, index=41): OrderedDict([('Type', 'Human'), ('Spatial_Frequency', 'HSF'), ('filepath', 'Stimuli For Psychopy/Human/matched-32-cpi-low-Rafd090_22_Caucasian_female_neutral_frontal.jpg'), ('file_name', 'matched-32-cpi-low-Rafd090_22_Caucasian_female_neutral_frontal.jpg')])
210.5018 	EXP 	Fixation: autoDraw = True
211.5070 	EXP 	Fixation: autoDraw = False
211.5070 	EXP 	Fixation: autoDraw = False
211.5070 	EXP 	Human_image: image = 'Stimuli For Psychopy/Human/matched-32-cpi-low-Rafd090_22_Caucasian_female_neutral_frontal.jpg'
211.5070 	EXP 	Human_image: autoDraw = True
212.5183 	EXP 	Human_image: autoDraw = False
212.5183 	EXP 	Human_image: autoDraw = False
212.5183 	EXP 	roi: autoDraw = False
212.5183 	EXP 	Likebility_slider_3: markerPos = None
212.5183 	EXP 	Likebility_slider_3: markerPos = 0.0
212.5183 	EXP 	Likebility_slider_3: autoDraw = True
212.5183 	EXP 	ratingText: autoDraw = True
212.5183 	EXP 	instruct_Likeability_2: autoDraw = True
213.2860 	DATA 	Mouse: Left button down, pos=(1087,406)
213.3016 	EXP 	Likebility_slider_3: markerPos = 23.51851851851852
213.3180 	EXP 	Likebility_slider_3: markerPos = 23.703703703703695
213.3348 	EXP 	Likebility_slider_3: markerPos = 23.703703703703695
213.3513 	EXP 	Likebility_slider_3: markerPos = 23.703703703703695
213.3681 	EXP 	Likebility_slider_3: markerPos = 23.703703703703695
213.3688 	DATA 	Mouse:  Left button up, pos=(1089,406)
213.3848 	EXP 	Likebility_slider_3: markerPos = 23.703703703703695
213.4015 	EXP 	image: autoDraw = True
213.7711 	DATA 	Mouse: Left button down, pos=(1365,119)
213.7730 	EXP 	window1: recordFrameIntervals = False
213.7850 	EXP 	Likebility_slider_3: autoDraw = False
213.7850 	EXP 	ratingText: autoDraw = False
213.7850 	EXP 	image: autoDraw = False
213.7850 	EXP 	instruct_Likeability_2: autoDraw = False
213.7852 	EXP 	window1: recordFrameIntervals = False
214.0571 	DATA 	Mouse:  Left button up, pos=(1365,119)
214.2573 	EXP 	New trial (rep=0, index=42): OrderedDict([('Type', 'Human'), ('Spatial_Frequency', 'BSF'), ('filepath', 'Stimuli For Psychopy/Human/matched-Rafd090_26_Caucasian_female_neutral_frontal.jpg'), ('file_name', 'matched-Rafd090_26_Caucasian_female_neutral_frontal.jpg')])
214.2705 	EXP 	Fixation: autoDraw = True
215.2704 	EXP 	Fixation: autoDraw = False
215.2704 	EXP 	Fixation: autoDraw = False
215.2704 	EXP 	Human_image: image = 'Stimuli For Psychopy/Human/matched-Rafd090_26_Caucasian_female_neutral_frontal.jpg'
215.2873 	EXP 	Human_image: autoDraw = True
216.2850 	EXP 	Human_image: autoDraw = False
216.2850 	EXP 	Human_image: autoDraw = False
216.2850 	EXP 	roi: autoDraw = False
216.2850 	EXP 	Likebility_slider_3: markerPos = None
216.2850 	EXP 	Likebility_slider_3: markerPos = 0.0
216.2850 	EXP 	Likebility_slider_3: autoDraw = True
216.2850 	EXP 	ratingText: autoDraw = True
216.2850 	EXP 	instruct_Likeability_2: autoDraw = True
216.7774 	DATA 	Mouse: Left button down, pos=(1052,436)
216.8076 	EXP 	Likebility_slider_3: markerPos = 17.037037037037024
216.8237 	EXP 	Likebility_slider_3: markerPos = 17.037037037037024
216.8346 	EXP 	Likebility_slider_3: markerPos = 17.037037037037024
216.8516 	EXP 	Likebility_slider_3: markerPos = 17.037037037037024
216.8679 	EXP 	Likebility_slider_3: markerPos = 17.037037037037024
216.8690 	DATA 	Mouse:  Left button up, pos=(1052,436)
216.8849 	EXP 	Likebility_slider_3: markerPos = 17.037037037037024
216.9013 	EXP 	image: autoDraw = True
217.2353 	DATA 	Mouse: Left button down, pos=(1453,102)
217.2370 	EXP 	window1: recordFrameIntervals = False
217.2514 	EXP 	Likebility_slider_3: autoDraw = False
217.2514 	EXP 	ratingText: autoDraw = False
217.2514 	EXP 	image: autoDraw = False
217.2514 	EXP 	instruct_Likeability_2: autoDraw = False
217.2516 	EXP 	window1: recordFrameIntervals = False
217.5211 	DATA 	Mouse:  Left button up, pos=(1453,102)
217.7217 	EXP 	New trial (rep=0, index=43): OrderedDict([('Type', 'Human'), ('Spatial_Frequency', 'BSF'), ('filepath', 'Stimuli For Psychopy/Human/matched-Rafd090_30_Caucasian_male_neutral_frontal.jpg'), ('file_name', 'matched-Rafd090_30_Caucasian_male_neutral_frontal.jpg')])
217.7346 	EXP 	Fixation: autoDraw = True
218.7349 	EXP 	Fixation: autoDraw = False
218.7349 	EXP 	Fixation: autoDraw = False
218.7349 	EXP 	Human_image: image = 'Stimuli For Psychopy/Human/matched-Rafd090_30_Caucasian_male_neutral_frontal.jpg'
218.7538 	EXP 	Human_image: autoDraw = True
219.7536 	EXP 	Human_image: autoDraw = False
219.7536 	EXP 	roi: autoDraw = False
219.7536 	EXP 	Likebility_slider_3: markerPos = None
219.7536 	EXP 	Likebility_slider_3: markerPos = 0.0
219.7536 	EXP 	Likebility_slider_3: autoDraw = True
219.7536 	EXP 	ratingText: autoDraw = True
219.7536 	EXP 	instruct_Likeability_2: autoDraw = True
220.2415 	DATA 	Mouse: Left button down, pos=(1076,409)
220.2513 	EXP 	Likebility_slider_3: markerPos = 21.48148148148148
220.2703 	EXP 	Likebility_slider_3: markerPos = 21.48148148148148
220.2869 	EXP 	Likebility_slider_3: markerPos = 21.48148148148148
220.3036 	EXP 	Likebility_slider_3: markerPos = 21.48148148148148
220.3043 	DATA 	Mouse:  Left button up, pos=(1076,409)
220.3182 	EXP 	Likebility_slider_3: markerPos = 21.48148148148148
220.3372 	EXP 	image: autoDraw = True
220.8038 	DATA 	Mouse: Left button down, pos=(1465,94)
220.8056 	EXP 	window1: recordFrameIntervals = False
220.8204 	EXP 	Likebility_slider_3: autoDraw = False
220.8204 	EXP 	ratingText: autoDraw = False
220.8204 	EXP 	image: autoDraw = False
220.8204 	EXP 	instruct_Likeability_2: autoDraw = False
220.8205 	EXP 	window1: recordFrameIntervals = False
221.0902 	DATA 	Mouse:  Left button up, pos=(1465,94)
221.2905 	EXP 	New trial (rep=0, index=44): OrderedDict([('Type', 'Human'), ('Spatial_Frequency', 'LSF'), ('filepath', 'Stimuli For Psychopy/Human/matched-8-cpi-low-Rafd090_18_Caucasian_female_neutral_frontal.jpg'), ('file_name', 'matched-8-cpi-low-Rafd090_18_Caucasian_female_neutral_frontal.jpg')])
221.3013 	EXP 	Fixation: autoDraw = True
222.3036 	EXP 	Fixation: autoDraw = False
222.3036 	EXP 	Fixation: autoDraw = False
222.3036 	EXP 	Human_image: image = 'Stimuli For Psychopy/Human/matched-8-cpi-low-Rafd090_18_Caucasian_female_neutral_frontal.jpg'
222.3203 	EXP 	Human_image: autoDraw = True
223.3347 	EXP 	Human_image: autoDraw = False
223.3347 	EXP 	roi: autoDraw = False
223.3347 	EXP 	Likebility_slider_3: markerPos = None
223.3347 	EXP 	Likebility_slider_3: markerPos = 0.0
223.3347 	EXP 	Likebility_slider_3: autoDraw = True
223.3347 	EXP 	ratingText: autoDraw = True
223.3347 	EXP 	instruct_Likeability_2: autoDraw = True
224.1360 	DATA 	Mouse: Left button down, pos=(1027,432)
224.1541 	EXP 	Likebility_slider_3: markerPos = 12.407407407407405
224.1684 	EXP 	Likebility_slider_3: markerPos = 12.407407407407405
224.1852 	EXP 	Likebility_slider_3: markerPos = 12.407407407407405
224.2018 	EXP 	Likebility_slider_3: markerPos = 12.407407407407405
224.2028 	DATA 	Mouse:  Left button up, pos=(1027,432)
224.2202 	EXP 	Likebility_slider_3: markerPos = 12.407407407407405
224.2369 	EXP 	image: autoDraw = True
224.7708 	DATA 	Mouse: Left button down, pos=(1494,74)
224.7729 	EXP 	window1: recordFrameIntervals = False
224.7868 	EXP 	Likebility_slider_3: autoDraw = False
224.7868 	EXP 	ratingText: autoDraw = False
224.7868 	EXP 	image: autoDraw = False
224.7868 	EXP 	instruct_Likeability_2: autoDraw = False
224.7869 	EXP 	window1: recordFrameIntervals = False
225.0578 	DATA 	Mouse:  Left button up, pos=(1494,74)
226.3026 	EXP 	eyetracker.setRecordingState(False)
226.3503 	EXP 	window1: mouseVisible = True
