1.4729 	WARNING 	We strongly recommend you activate the PTB sound engine in PsychoPy prefs as the preferred audio engine. Its timing is vastly superior. Your prefs are currently set to use ['sounddevice', 'PTB', 'pyo', 'pygame'] (in that order).
35.9422 	EXP 	Created window1 = Window(allowGUI=True, allowStencil=False, autoLog=True, backendConf=UNKNOWN, bitsMode=UNKNOWN, blendMode='avg', bpc=(8, 8, 8), color=array([0, 0, 0]), colorSpace='rgb', depthBits=8, fullscr=<method-wrapper '__getattribute__' of attributeSetter object at 0x000001CFD21402B0>, gamma=None, gammaErrorPolicy='raise', lms=UNKNOWN, monitor=<psychopy.monitors.calibTools.Monitor object at 0x000001CFD3364190>, multiSample=False, name='window1', numSamples=2, pos=(0, 0), screen=0, size=array([1920, 1080]), stencilBits=0, stereo=False, units='height', useFBO=True, useRetina=False, viewOri=0.0, viewPos=None, viewScale=None, waitBlanking=True, winType='pyglet')
35.9422 	EXP 	window1: mouseVisible = True
35.9423 	EXP 	window1: mouseVisible = False
35.9423 	EXP 	window1: Attempting to measure frame rate of screen (0) ...
35.9423 	EXP 	window1: recordFrameIntervals = False
36.1087 	EXP 	window1: recordFrameIntervals = True
36.2927 	EXP 	Screen (0) actual frame rate measured at 60.10Hz
36.2928 	EXP 	window1: recordFrameIntervals = False
38.2544 	EXP 	Created instruction = TextStim(__class__=<class 'psychopy.visual.text.TextStim'>, alignHoriz=method-wrapper(...), alignText='center', alignVert=method-wrapper(...), anchorHoriz='center', anchorVert='center', antialias=True, autoDraw=False, autoLog=True, bold=False, color=array([1, 1, 1]), colorSpace='rgb', contrast=1.0, depth=0.0, flipHoriz=False, flipVert=False, font='Open Sans', fontFiles=[], height=0.05, italic=False, languageStyle='LTR', name='instruction', opacity=1.0, ori=0.0, pos=array([0., 0.]), rgb=UNKNOWN, text='PRESS SPACE BAR TO PROCEED TO EXPERIMENT ', units='height', win=Window(...), wrapWidth=1)
38.2567 	EXP 	Created Fixation = ShapeStim(__class__=<class 'psychopy.visual.shape.ShapeStim'>, anchor=('center', 'center'), autoDraw=False, autoLog=True, closeShape=True, color=method-wrapper(...), colorSpace='rgb', contrast=None, depth=0.0, fillColor=array([ 1, -1, -1]), fillColorSpace='rgb', fillRGB=array([ 1, -1, -1]), interpolate=True, lineColor=array([ 1, -1, -1]), lineColorSpace='rgb', lineRGB=array([ 1, -1, -1]), lineWidth=1.0, name='Fixation', opacity=1.0, ori=0.0, pos=array([0., 0.]), size=array([0.05, 0.05]), units='height', vertices=ndarray(...), win=Window(...), windingRule=None)
38.2615 	EXP 	Created Human_image = ImageStim(__class__=<class 'psychopy.visual.image.ImageStim'>, anchor=('center', 'center'), autoLog=True, color=array([1, 1, 1]), colorSpace='rgb', contrast=1.0, depth=0.0, flipHoriz=False, flipVert=False, image='sin', interpolate=True, mask=None, maskParams=None, name='Human_image', opacity=1.0, ori=0.0, pos=array([0., 0.]), size=array([0.5, 0.5]), texRes=128.0, units='height', win=Window(...))
38.2627 	EXP 	Created roi = ROI(__class__=<class 'psychopy.visual.roi.ROI'>, anchor=('center', 'center'), autoDraw=False, autoLog=True, closeShape=True, color=method-wrapper(...), colorSpace='rgb', contrast=None, depth=0, fillColor=array([ 1, -1, -1]), fillColorSpace='rgb', fillRGB=array([ 1, -1, -1]), interpolate=True, lineColor=array([-1, -1, -1]), lineColorSpace='rgb', lineRGB=array([-1, -1, -1]), lineWidth=1.5, name='roi', opacity=0.0, ori=0.0, pos=array([0., 0.]), size=array([0.5, 0.5]), units='height', vertices=ndarray(...), win=Window(...), windingRule=None)
38.2678 	EXP 	window1: mouseVisible = True
38.3226 	EXP 	Created Likebility_slider_3 = Slider(__class__=<class 'psychopy.visual.slider.Slider'>, autoDraw=False, autoLog=True, borderColor=None, color=None, colorSpace='rgb', depth=-1, fillColor=None, flip=False, font='Open Sans', granularity=0.0, labelColor=None, labelHeight=0.05, labelWrapWidth=None, labels=['Least', 'Most'], lineColor=None, markerColor=None, name='Likebility_slider_3', opacity=None, ori=0.0, pos=array([ 0. , -0.1]), readOnly=False, self=UNKNOWN, size=array([1. , 0.1]), startValue=0.0, style='slider', styleTweaks=[], ticks=array([-100,  100]), units='height', win=Window(...))
38.3232 	EXP 	Created ratingText = TextStim(__class__=<class 'psychopy.visual.text.TextStim'>, alignHoriz=method-wrapper(...), alignText='center', alignVert=method-wrapper(...), anchorHoriz='center', anchorVert='center', antialias=True, autoDraw=False, autoLog=True, bold=False, color=array([1, 1, 1]), colorSpace='rgb', contrast=1.0, depth=-2.0, flipHoriz=False, flipVert=False, font='Open Sans', fontFiles=[], height=0.05, italic=False, languageStyle='LTR', name='ratingText', opacity=1.0, ori=0.0, pos=array([ 0. , -0.3]), rgb=UNKNOWN, text='', units='height', win=Window(...), wrapWidth=1)
38.3426 	EXP 	Created image = ImageStim(__class__=<class 'psychopy.visual.image.ImageStim'>, anchor=('center', 'center'), autoLog=True, color=array([1, 1, 1]), colorSpace='rgb', contrast=1.0, depth=-3.0, flipHoriz=False, flipVert=False, image='Button_Image.png', interpolate=True, mask=None, maskParams=None, name='image', opacity=1.0, ori=0.0, pos=array([ 0.49, -0.43]), size=array([0.33 , 0.106]), texRes=128.0, units='height', win=Window(...))
38.3427 	EXP 	window1: mouseVisible = True
38.3513 	EXP 	Created instruct_Likeability_2 = TextStim(__class__=<class 'psychopy.visual.text.TextStim'>, alignHoriz=method-wrapper(...), alignText='center', alignVert=method-wrapper(...), anchorHoriz='center', anchorVert='center', antialias=True, autoDraw=False, autoLog=True, bold=False, color=array([1, 1, 1]), colorSpace='rgb', contrast=1.0, depth=-5.0, flipHoriz=False, flipVert=False, font='Open Sans', fontFiles=[], height=0.05, italic=False, languageStyle='LTR', name='instruct_Likeability_2', opacity=1.0, ori=0.0, pos=array([0., 0.]), rgb=UNKNOWN, text='Rate the Likeability', units='height', win=Window(...), wrapWidth=1)
38.3551 	EXP 	Created calibrationTarget = ShapeStim(__class__=<class 'psychopy.visual.shape.ShapeStim'>, anchor=('center', 'center'), autoDraw=False, autoLog=True, closeShape=True, color=method-wrapper(...), colorSpace='rgb', contrast=None, depth=0, fillColor=array([0, 0, 0]), fillColorSpace='rgb', fillRGB=array([0, 0, 0]), interpolate=True, lineColor=array([-1, -1, -1]), lineColorSpace='rgb', lineRGB=array([-1, -1, -1]), lineWidth=2.0, name='calibrationTarget', opacity=1.0, ori=0.0, pos=array([0., 0.]), size=array([0., 0.]), units='height', vertices=ndarray(...), win=Window(...), windingRule=None)
38.3584 	EXP 	Created calibrationTargetInner = ShapeStim(__class__=<class 'psychopy.visual.shape.ShapeStim'>, anchor=('center', 'center'), autoDraw=False, autoLog=True, closeShape=True, color=method-wrapper(...), colorSpace='rgb', contrast=None, depth=0, fillColor=array([-1.        ,  0.00392157, -1.        ]), fillColorSpace='rgb', fillRGB=array([-1.        ,  0.00392157, -1.        ]), interpolate=True, lineColor=array([-1, -1, -1]), lineColorSpace='rgb', lineRGB=array([-1, -1, -1]), lineWidth=2.0, name='calibrationTargetInner', opacity=1.0, ori=0.0, pos=array([0., 0.]), size=array([0., 0.]), units='height', vertices=ndarray(...), win=Window(...), windingRule=None)
47.9349 	EXP 	Likebility_slider_3: autoLog = True
47.9349 	EXP 	Likebility_slider_3: markerPos = 0.0
47.9349 	EXP 	Likebility_slider_3: styleTweaks = []
47.9349 	EXP 	Likebility_slider_3: styleTweaks = []
47.9349 	EXP 	Likebility_slider_3: styleTweaks = []
47.9349 	EXP 	Likebility_slider_3: styleTweaks = []
47.9349 	EXP 	Likebility_slider_3: contrast = 1.0
47.9349 	EXP 	Likebility_slider_3: autoLog = True
47.9442 	EXP 	instruction: autoDraw = True
50.0754 	EXP 	eyetracker.clearEvents()
50.0761 	EXP 	eyetracker.setRecordingState(True)
50.0801 	EXP 	Imported Human Stimuli  - Human Stimuli.csv as conditions, 45 conditions, 4 params
50.0806 	EXP 	Created sequence: random, trialTypes=45, nReps=1, seed=None
50.0808 	EXP 	New trial (rep=0, index=0): OrderedDict([('Type', 'Human'), ('Spatial_Frequency', 'BSF'), ('filepath', 'Stimuli For Psychopy/Human/matched-Rafd090_22_Caucasian_female_neutral_frontal.jpg'), ('file_name', 'matched-Rafd090_22_Caucasian_female_neutral_frontal.jpg')])
50.0821 	DATA 	Keypress: space
50.0913 	EXP 	instruction: autoDraw = False
50.0913 	EXP 	Fixation: autoDraw = True
51.0907 	EXP 	Fixation: autoDraw = False
51.0907 	EXP 	Fixation: autoDraw = False
51.0907 	EXP 	Human_image: image = 'Stimuli For Psychopy/Human/matched-Rafd090_22_Caucasian_female_neutral_frontal.jpg'
51.0907 	EXP 	Human_image: autoDraw = True
52.0902 	EXP 	Human_image: autoDraw = False
52.0902 	EXP 	Human_image: autoDraw = False
52.0902 	EXP 	roi: autoDraw = False
52.0902 	EXP 	Likebility_slider_3: markerPos = None
52.0902 	EXP 	Likebility_slider_3: markerPos = 0.0
52.0902 	EXP 	Likebility_slider_3: autoDraw = True
52.0902 	EXP 	ratingText: autoDraw = True
52.0902 	EXP 	instruct_Likeability_2: autoDraw = True
53.0600 	DATA 	Mouse: Left button down, pos=(1097,425)
53.0893 	EXP 	Likebility_slider_3: markerPos = 25.37037037037038
53.1058 	EXP 	Likebility_slider_3: markerPos = 25.37037037037038
53.1225 	EXP 	Likebility_slider_3: markerPos = 25.37037037037038
53.1391 	EXP 	Likebility_slider_3: markerPos = 25.37037037037038
53.1558 	EXP 	Likebility_slider_3: markerPos = 25.37037037037038
53.1565 	DATA 	Mouse:  Left button up, pos=(1097,425)
53.1725 	EXP 	Likebility_slider_3: markerPos = 25.37037037037038
53.1891 	EXP 	image: autoDraw = True
54.0395 	DATA 	Mouse: Left button down, pos=(1584,48)
54.0412 	EXP 	window1: recordFrameIntervals = False
54.0559 	EXP 	Likebility_slider_3: autoDraw = False
54.0559 	EXP 	ratingText: autoDraw = False
54.0559 	EXP 	image: autoDraw = False
54.0559 	EXP 	instruct_Likeability_2: autoDraw = False
54.0560 	EXP 	window1: recordFrameIntervals = False
54.3252 	DATA 	Mouse:  Left button up, pos=(1584,48)
54.5260 	EXP 	New trial (rep=0, index=1): OrderedDict([('Type', 'Human'), ('Spatial_Frequency', 'BSF'), ('filepath', 'Stimuli For Psychopy/Human/matched-Rafd090_19_Caucasian_female_neutral_frontal.jpg'), ('file_name', 'matched-Rafd090_19_Caucasian_female_neutral_frontal.jpg')])
54.5374 	EXP 	Fixation: autoDraw = True
55.5414 	EXP 	Fixation: autoDraw = False
55.5414 	EXP 	Fixation: autoDraw = False
55.5414 	EXP 	Human_image: image = 'Stimuli For Psychopy/Human/matched-Rafd090_19_Caucasian_female_neutral_frontal.jpg'
55.5414 	EXP 	Human_image: autoDraw = True
56.5417 	EXP 	Human_image: autoDraw = False
56.5417 	EXP 	Human_image: autoDraw = False
56.5417 	EXP 	roi: autoDraw = False
56.5417 	EXP 	Likebility_slider_3: markerPos = None
56.5417 	EXP 	Likebility_slider_3: markerPos = 0.0
56.5417 	EXP 	Likebility_slider_3: autoDraw = True
56.5417 	EXP 	ratingText: autoDraw = True
56.5417 	EXP 	instruct_Likeability_2: autoDraw = True
57.9259 	DATA 	Mouse: Left button down, pos=(1109,442)
57.9557 	EXP 	Likebility_slider_3: markerPos = 27.592592592592595
57.9708 	EXP 	Likebility_slider_3: markerPos = 27.592592592592595
57.9894 	EXP 	Likebility_slider_3: markerPos = 27.592592592592595
58.0056 	EXP 	Likebility_slider_3: markerPos = 27.592592592592595
58.0207 	EXP 	Likebility_slider_3: markerPos = 27.592592592592595
58.0216 	DATA 	Mouse:  Left button up, pos=(1109,441)
58.0390 	EXP 	Likebility_slider_3: markerPos = 27.592592592592595
58.0556 	EXP 	image: autoDraw = True
58.4560 	DATA 	Mouse: Left button down, pos=(1476,129)
58.4575 	EXP 	window1: recordFrameIntervals = False
58.4745 	EXP 	Likebility_slider_3: autoDraw = False
58.4745 	EXP 	ratingText: autoDraw = False
58.4745 	EXP 	image: autoDraw = False
58.4745 	EXP 	instruct_Likeability_2: autoDraw = False
58.4746 	EXP 	window1: recordFrameIntervals = False
58.7416 	DATA 	Mouse:  Left button up, pos=(1476,129)
58.9418 	EXP 	New trial (rep=0, index=2): OrderedDict([('Type', 'Human'), ('Spatial_Frequency', 'BSF'), ('filepath', 'Stimuli For Psychopy/Human/matched-Rafd090_37_Caucasian_female_neutral_frontal.jpg'), ('file_name', 'matched-Rafd090_37_Caucasian_female_neutral_frontal.jpg')])
58.9449 	EXP 	Fixation: autoDraw = True
59.9577 	EXP 	Fixation: autoDraw = False
59.9577 	EXP 	Fixation: autoDraw = False
59.9577 	EXP 	Human_image: image = 'Stimuli For Psychopy/Human/matched-Rafd090_37_Caucasian_female_neutral_frontal.jpg'
59.9577 	EXP 	Human_image: autoDraw = True
60.9577 	EXP 	Human_image: autoDraw = False
60.9577 	EXP 	Human_image: autoDraw = False
60.9577 	EXP 	roi: autoDraw = False
60.9577 	EXP 	Likebility_slider_3: markerPos = None
60.9577 	EXP 	Likebility_slider_3: markerPos = 0.0
60.9577 	EXP 	Likebility_slider_3: autoDraw = True
60.9577 	EXP 	ratingText: autoDraw = True
60.9577 	EXP 	instruct_Likeability_2: autoDraw = True
61.6565 	DATA 	Mouse: Left button down, pos=(864,436)
61.6722 	EXP 	Likebility_slider_3: markerPos = -17.777777777777786
61.6889 	EXP 	Likebility_slider_3: markerPos = -17.777777777777786
61.7056 	EXP 	Likebility_slider_3: markerPos = -17.777777777777786
61.7205 	EXP 	Likebility_slider_3: markerPos = -17.777777777777786
61.7392 	EXP 	Likebility_slider_3: markerPos = -17.777777777777786
61.7397 	DATA 	Mouse:  Left button up, pos=(864,436)
61.7539 	EXP 	Likebility_slider_3: markerPos = -17.777777777777786
61.7706 	EXP 	image: autoDraw = True
62.2374 	DATA 	Mouse: Left button down, pos=(1582,62)
62.2389 	EXP 	window1: recordFrameIntervals = False
62.2556 	EXP 	Likebility_slider_3: autoDraw = False
62.2556 	EXP 	ratingText: autoDraw = False
62.2556 	EXP 	image: autoDraw = False
62.2556 	EXP 	instruct_Likeability_2: autoDraw = False
62.2558 	EXP 	window1: recordFrameIntervals = False
62.5236 	DATA 	Mouse:  Left button up, pos=(1582,62)
62.7241 	EXP 	New trial (rep=0, index=3): OrderedDict([('Type', 'Human'), ('Spatial_Frequency', 'LSF'), ('filepath', 'Stimuli For Psychopy/Human/matched-8-cpi-low-Rafd090_32_Caucasian_female_neutral_frontal.jpg'), ('file_name', 'matched-8-cpi-low-Rafd090_32_Caucasian_female_neutral_frontal.jpg')])
62.7265 	EXP 	Fixation: autoDraw = True
63.7412 	EXP 	Fixation: autoDraw = False
63.7412 	EXP 	Fixation: autoDraw = False
63.7412 	EXP 	Human_image: image = 'Stimuli For Psychopy/Human/matched-8-cpi-low-Rafd090_32_Caucasian_female_neutral_frontal.jpg'
63.7412 	EXP 	Human_image: autoDraw = True
64.7410 	EXP 	Human_image: autoDraw = False
64.7410 	EXP 	Human_image: autoDraw = False
64.7410 	EXP 	roi: autoDraw = False
64.7410 	EXP 	Likebility_slider_3: markerPos = None
64.7410 	EXP 	Likebility_slider_3: markerPos = 0.0
64.7410 	EXP 	Likebility_slider_3: autoDraw = True
64.7410 	EXP 	ratingText: autoDraw = True
64.7410 	EXP 	instruct_Likeability_2: autoDraw = True
65.4063 	DATA 	Mouse: Left button down, pos=(829,424)
65.4205 	EXP 	Likebility_slider_3: markerPos = -24.259259259259252
65.4389 	EXP 	Likebility_slider_3: markerPos = -24.259259259259252
65.4555 	EXP 	Likebility_slider_3: markerPos = -24.259259259259252
65.4722 	EXP 	Likebility_slider_3: markerPos = -24.259259259259252
65.4729 	DATA 	Mouse:  Left button up, pos=(829,424)
65.4872 	EXP 	Likebility_slider_3: markerPos = -24.259259259259252
65.5060 	EXP 	image: autoDraw = True
65.9885 	DATA 	Mouse: Left button down, pos=(1501,94)
65.9901 	EXP 	window1: recordFrameIntervals = False
66.0055 	EXP 	Likebility_slider_3: autoDraw = False
66.0055 	EXP 	ratingText: autoDraw = False
66.0055 	EXP 	image: autoDraw = False
66.0055 	EXP 	instruct_Likeability_2: autoDraw = False
66.0056 	EXP 	window1: recordFrameIntervals = False
66.2745 	DATA 	Mouse:  Left button up, pos=(1501,94)
66.4747 	EXP 	New trial (rep=0, index=4): OrderedDict([('Type', 'Human'), ('Spatial_Frequency', 'HSF'), ('filepath', 'Stimuli For Psychopy/Human/matched-32-cpi-low-Rafd090_24_Caucasian_male_neutral_frontal.jpg'), ('file_name', 'matched-32-cpi-low-Rafd090_24_Caucasian_male_neutral_frontal.jpg')])
66.4888 	EXP 	Fixation: autoDraw = True
67.4909 	EXP 	Fixation: autoDraw = False
67.4909 	EXP 	Fixation: autoDraw = False
67.4909 	EXP 	Human_image: image = 'Stimuli For Psychopy/Human/matched-32-cpi-low-Rafd090_24_Caucasian_male_neutral_frontal.jpg'
67.4909 	EXP 	Human_image: autoDraw = True
68.4906 	EXP 	Human_image: autoDraw = False
68.4906 	EXP 	Human_image: autoDraw = False
68.4906 	EXP 	roi: autoDraw = False
68.4906 	EXP 	Likebility_slider_3: markerPos = None
68.4906 	EXP 	Likebility_slider_3: markerPos = 0.0
68.4906 	EXP 	Likebility_slider_3: autoDraw = True
68.4906 	EXP 	ratingText: autoDraw = True
68.4906 	EXP 	instruct_Likeability_2: autoDraw = True
69.0383 	DATA 	Mouse: Left button down, pos=(874,391)
69.0555 	EXP 	Likebility_slider_3: markerPos = -15.925925925925924
69.0721 	EXP 	Likebility_slider_3: markerPos = -15.925925925925924
69.0887 	EXP 	Likebility_slider_3: markerPos = -15.925925925925924
69.0934 	DATA 	Mouse:  Left button up, pos=(874,391)
69.1037 	EXP 	Likebility_slider_3: markerPos = -15.925925925925924
69.1221 	EXP 	Likebility_slider_3: markerPos = -15.925925925925924
69.1388 	EXP 	image: autoDraw = True
69.6059 	DATA 	Mouse: Left button down, pos=(1460,102)
69.6074 	EXP 	window1: recordFrameIntervals = False
69.6220 	EXP 	Likebility_slider_3: autoDraw = False
69.6220 	EXP 	ratingText: autoDraw = False
69.6220 	EXP 	image: autoDraw = False
69.6220 	EXP 	instruct_Likeability_2: autoDraw = False
69.6221 	EXP 	window1: recordFrameIntervals = False
69.8917 	DATA 	Mouse:  Left button up, pos=(1460,102)
70.0922 	EXP 	New trial (rep=0, index=5): OrderedDict([('Type', 'Human'), ('Spatial_Frequency', 'BSF'), ('filepath', 'Stimuli For Psychopy/Human/matched-Rafd090_33_Caucasian_male_neutral_frontal.jpg'), ('file_name', 'matched-Rafd090_33_Caucasian_male_neutral_frontal.jpg')])
70.1053 	EXP 	Fixation: autoDraw = True
71.1075 	EXP 	Fixation: autoDraw = False
71.1075 	EXP 	Fixation: autoDraw = False
71.1075 	EXP 	Human_image: image = 'Stimuli For Psychopy/Human/matched-Rafd090_33_Caucasian_male_neutral_frontal.jpg'
71.1075 	EXP 	Human_image: autoDraw = True
72.1077 	EXP 	Human_image: autoDraw = False
72.1077 	EXP 	Human_image: autoDraw = False
72.1077 	EXP 	roi: autoDraw = False
72.1077 	EXP 	Likebility_slider_3: markerPos = None
72.1077 	EXP 	Likebility_slider_3: markerPos = 0.0
72.1077 	EXP 	Likebility_slider_3: autoDraw = True
72.1077 	EXP 	ratingText: autoDraw = True
72.1077 	EXP 	instruct_Likeability_2: autoDraw = True
72.8212 	DATA 	Mouse: Left button down, pos=(986,394)
72.8386 	EXP 	Likebility_slider_3: markerPos = 4.8148148148148096
72.8553 	EXP 	Likebility_slider_3: markerPos = 4.8148148148148096
72.8719 	EXP 	Likebility_slider_3: markerPos = 4.8148148148148096
72.8870 	EXP 	Likebility_slider_3: markerPos = 4.8148148148148096
72.8877 	DATA 	Mouse:  Left button up, pos=(986,394)
72.9037 	EXP 	Likebility_slider_3: markerPos = 4.8148148148148096
72.9219 	EXP 	image: autoDraw = True
73.5090 	DATA 	Mouse: Left button down, pos=(1535,61)
73.5221 	EXP 	window1: recordFrameIntervals = False
73.5388 	EXP 	Likebility_slider_3: autoDraw = False
73.5388 	EXP 	ratingText: autoDraw = False
73.5388 	EXP 	image: autoDraw = False
73.5388 	EXP 	instruct_Likeability_2: autoDraw = False
73.5389 	EXP 	window1: recordFrameIntervals = False
73.8063 	DATA 	Mouse:  Left button up, pos=(1535,61)
74.0065 	EXP 	New trial (rep=0, index=6): OrderedDict([('Type', 'Human'), ('Spatial_Frequency', 'BSF'), ('filepath', 'Stimuli For Psychopy/Human/matched-Rafd090_24_Caucasian_male_neutral_frontal.jpg'), ('file_name', 'matched-Rafd090_24_Caucasian_male_neutral_frontal.jpg')])
74.0091 	EXP 	Fixation: autoDraw = True
75.0243 	EXP 	Fixation: autoDraw = False
75.0243 	EXP 	Fixation: autoDraw = False
75.0243 	EXP 	Human_image: image = 'Stimuli For Psychopy/Human/matched-Rafd090_24_Caucasian_male_neutral_frontal.jpg'
75.0243 	EXP 	Human_image: autoDraw = True
76.0240 	EXP 	Human_image: autoDraw = False
76.0240 	EXP 	Human_image: autoDraw = False
76.0240 	EXP 	roi: autoDraw = False
76.0240 	EXP 	Likebility_slider_3: markerPos = None
76.0240 	EXP 	Likebility_slider_3: markerPos = 0.0
76.0240 	EXP 	Likebility_slider_3: autoDraw = True
76.0240 	EXP 	ratingText: autoDraw = True
76.0240 	EXP 	instruct_Likeability_2: autoDraw = True
76.5422 	DATA 	Mouse: Left button down, pos=(714,399)
76.5719 	EXP 	Likebility_slider_3: markerPos = -45.55555555555555
76.5886 	EXP 	Likebility_slider_3: markerPos = -45.74074074074075
76.6057 	EXP 	Likebility_slider_3: markerPos = -45.74074074074075
76.6220 	EXP 	Likebility_slider_3: markerPos = -45.74074074074075
76.6228 	DATA 	Mouse:  Left button up, pos=(713,400)
76.6371 	EXP 	Likebility_slider_3: markerPos = -45.74074074074075
76.6552 	EXP 	image: autoDraw = True
77.0393 	DATA 	Mouse: Left button down, pos=(1638,110)
77.0410 	EXP 	window1: recordFrameIntervals = False
77.0552 	EXP 	Likebility_slider_3: autoDraw = False
77.0552 	EXP 	ratingText: autoDraw = False
77.0552 	EXP 	image: autoDraw = False
77.0552 	EXP 	instruct_Likeability_2: autoDraw = False
77.0553 	EXP 	window1: recordFrameIntervals = False
77.3259 	DATA 	Mouse:  Left button up, pos=(1638,110)
77.5262 	EXP 	New trial (rep=0, index=7): OrderedDict([('Type', 'Human'), ('Spatial_Frequency', 'HSF'), ('filepath', 'Stimuli For Psychopy/Human/matched-32-cpi-low-Rafd090_26_Caucasian_female_neutral_frontal.jpg'), ('file_name', 'matched-32-cpi-low-Rafd090_26_Caucasian_female_neutral_frontal.jpg')])
77.5385 	EXP 	Fixation: autoDraw = True
78.5407 	EXP 	Fixation: autoDraw = False
78.5407 	EXP 	Fixation: autoDraw = False
78.5407 	EXP 	Human_image: image = 'Stimuli For Psychopy/Human/matched-32-cpi-low-Rafd090_26_Caucasian_female_neutral_frontal.jpg'
78.5407 	EXP 	Human_image: autoDraw = True
79.5535 	EXP 	Human_image: autoDraw = False
79.5535 	EXP 	Human_image: autoDraw = False
79.5535 	EXP 	roi: autoDraw = False
79.5535 	EXP 	Likebility_slider_3: markerPos = None
79.5535 	EXP 	Likebility_slider_3: markerPos = 0.0
79.5535 	EXP 	Likebility_slider_3: autoDraw = True
79.5535 	EXP 	ratingText: autoDraw = True
79.5535 	EXP 	instruct_Likeability_2: autoDraw = True
80.0559 	DATA 	Mouse: Left button down, pos=(559,390)
80.0718 	EXP 	Likebility_slider_3: markerPos = -74.25925925925927
80.0885 	EXP 	Likebility_slider_3: markerPos = -74.25925925925927
80.1053 	EXP 	Likebility_slider_3: markerPos = -74.25925925925927
80.1220 	EXP 	Likebility_slider_3: markerPos = -74.25925925925927
80.1389 	EXP 	Likebility_slider_3: markerPos = -74.25925925925927
80.1396 	DATA 	Mouse:  Left button up, pos=(559,390)
80.1539 	EXP 	Likebility_slider_3: markerPos = -74.25925925925927
80.1718 	EXP 	image: autoDraw = True
80.6889 	DATA 	Mouse: Left button down, pos=(1489,70)
80.6905 	EXP 	window1: recordFrameIntervals = False
80.7051 	EXP 	Likebility_slider_3: autoDraw = False
80.7051 	EXP 	ratingText: autoDraw = False
80.7051 	EXP 	image: autoDraw = False
80.7051 	EXP 	instruct_Likeability_2: autoDraw = False
80.7053 	EXP 	window1: recordFrameIntervals = False
80.9742 	DATA 	Mouse:  Left button up, pos=(1489,70)
81.1747 	EXP 	New trial (rep=0, index=8): OrderedDict([('Type', 'Human'), ('Spatial_Frequency', 'HSF'), ('filepath', 'Stimuli For Psychopy/Human/matched-32-cpi-low-Rafd090_31_Caucasian_female_neutral_frontal.jpg'), ('file_name', 'matched-32-cpi-low-Rafd090_31_Caucasian_female_neutral_frontal.jpg')])
81.1887 	EXP 	Fixation: autoDraw = True
82.1870 	EXP 	Fixation: autoDraw = False
82.1870 	EXP 	Fixation: autoDraw = False
82.1870 	EXP 	Human_image: image = 'Stimuli For Psychopy/Human/matched-32-cpi-low-Rafd090_31_Caucasian_female_neutral_frontal.jpg'
82.1870 	EXP 	Human_image: autoDraw = True
83.1885 	EXP 	Human_image: autoDraw = False
83.1885 	EXP 	Human_image: autoDraw = False
83.1885 	EXP 	roi: autoDraw = False
83.1885 	EXP 	Likebility_slider_3: markerPos = None
83.1885 	EXP 	Likebility_slider_3: markerPos = 0.0
83.2036 	EXP 	Likebility_slider_3: autoDraw = True
83.2036 	EXP 	ratingText: autoDraw = True
83.2036 	EXP 	instruct_Likeability_2: autoDraw = True
83.6391 	DATA 	Mouse: Left button down, pos=(692,405)
83.6551 	EXP 	Likebility_slider_3: markerPos = -49.629629629629626
83.6717 	EXP 	Likebility_slider_3: markerPos = -49.629629629629626
83.6884 	EXP 	Likebility_slider_3: markerPos = -49.629629629629626
83.7052 	EXP 	Likebility_slider_3: markerPos = -49.629629629629626
83.7097 	DATA 	Mouse:  Left button up, pos=(692,405)
83.7203 	EXP 	Likebility_slider_3: markerPos = -49.629629629629626
83.7385 	EXP 	Likebility_slider_3: markerPos = -49.629629629629626
83.7552 	EXP 	image: autoDraw = True
84.3097 	DATA 	Mouse: Left button down, pos=(1495,116)
84.3216 	EXP 	window1: recordFrameIntervals = False
84.3384 	EXP 	Likebility_slider_3: autoDraw = False
84.3384 	EXP 	ratingText: autoDraw = False
84.3384 	EXP 	image: autoDraw = False
84.3384 	EXP 	instruct_Likeability_2: autoDraw = False
84.3386 	EXP 	window1: recordFrameIntervals = False
84.6054 	DATA 	Mouse:  Left button up, pos=(1495,116)
84.8057 	EXP 	New trial (rep=0, index=9): OrderedDict([('Type', 'Human'), ('Spatial_Frequency', 'HSF'), ('filepath', 'Stimuli For Psychopy/Human/matched-32-cpi-low-Rafd090_37_Caucasian_female_neutral_frontal.jpg'), ('file_name', 'matched-32-cpi-low-Rafd090_37_Caucasian_female_neutral_frontal.jpg')])
84.8088 	EXP 	Fixation: autoDraw = True
85.8239 	EXP 	Fixation: autoDraw = False
85.8239 	EXP 	Fixation: autoDraw = False
85.8239 	EXP 	Human_image: image = 'Stimuli For Psychopy/Human/matched-32-cpi-low-Rafd090_37_Caucasian_female_neutral_frontal.jpg'
85.8239 	EXP 	Human_image: autoDraw = True
86.8203 	EXP 	Human_image: autoDraw = False
86.8203 	EXP 	Human_image: autoDraw = False
86.8203 	EXP 	roi: autoDraw = False
86.8203 	EXP 	Likebility_slider_3: markerPos = None
86.8203 	EXP 	Likebility_slider_3: markerPos = 0.0
86.8203 	EXP 	Likebility_slider_3: autoDraw = True
86.8203 	EXP 	ratingText: autoDraw = True
86.8203 	EXP 	instruct_Likeability_2: autoDraw = True
87.4044 	DATA 	Mouse: Left button down, pos=(1063,402)
87.4216 	EXP 	Likebility_slider_3: markerPos = 19.074074074074062
87.4383 	EXP 	Likebility_slider_3: markerPos = 19.074074074074062
87.4550 	EXP 	Likebility_slider_3: markerPos = 19.074074074074062
87.4717 	EXP 	Likebility_slider_3: markerPos = 19.074074074074062
87.4764 	DATA 	Mouse:  Left button up, pos=(1063,402)
87.4867 	EXP 	Likebility_slider_3: markerPos = 19.074074074074062
87.5034 	EXP 	Likebility_slider_3: markerPos = 19.074074074074062
87.5218 	EXP 	image: autoDraw = True
87.7886 	DATA 	Mouse: Left button down, pos=(1025,404)
87.8033 	EXP 	Likebility_slider_3: markerPos = 12.037037037037052
87.8219 	EXP 	Likebility_slider_3: markerPos = 12.037037037037052
87.8383 	EXP 	Likebility_slider_3: markerPos = 12.037037037037052
87.8550 	EXP 	Likebility_slider_3: markerPos = 12.037037037037052
87.8717 	EXP 	Likebility_slider_3: markerPos = 12.037037037037052
87.8867 	EXP 	Likebility_slider_3: markerPos = 12.037037037037052
87.8871 	DATA 	Mouse:  Left button up, pos=(1025,404)
87.9051 	EXP 	Likebility_slider_3: markerPos = 12.037037037037052
88.2211 	DATA 	Mouse: Left button down, pos=(1470,55)
88.2225 	EXP 	window1: recordFrameIntervals = False
88.2367 	EXP 	Likebility_slider_3: autoDraw = False
88.2367 	EXP 	ratingText: autoDraw = False
88.2367 	EXP 	image: autoDraw = False
88.2367 	EXP 	instruct_Likeability_2: autoDraw = False
88.2368 	EXP 	window1: recordFrameIntervals = False
88.5071 	DATA 	Mouse:  Left button up, pos=(1470,55)
88.7075 	EXP 	New trial (rep=0, index=10): OrderedDict([('Type', 'Human'), ('Spatial_Frequency', 'BSF'), ('filepath', 'Stimuli For Psychopy/Human/matched-Rafd090_32_Caucasian_female_neutral_frontal.jpg'), ('file_name', 'matched-Rafd090_32_Caucasian_female_neutral_frontal.jpg')])
88.7216 	EXP 	Fixation: autoDraw = True
89.7237 	EXP 	Fixation: autoDraw = False
89.7237 	EXP 	Fixation: autoDraw = False
89.7237 	EXP 	Human_image: image = 'Stimuli For Psychopy/Human/matched-Rafd090_32_Caucasian_female_neutral_frontal.jpg'
89.7237 	EXP 	Human_image: autoDraw = True
90.7237 	EXP 	Human_image: autoDraw = False
90.7237 	EXP 	Human_image: autoDraw = False
90.7237 	EXP 	roi: autoDraw = False
90.7237 	EXP 	Likebility_slider_3: markerPos = None
90.7237 	EXP 	Likebility_slider_3: markerPos = 0.0
90.7237 	EXP 	Likebility_slider_3: autoDraw = True
90.7237 	EXP 	ratingText: autoDraw = True
90.7237 	EXP 	instruct_Likeability_2: autoDraw = True
91.2891 	DATA 	Mouse: Left button down, pos=(926,391)
91.3050 	EXP 	Likebility_slider_3: markerPos = -6.296296296296305
91.3217 	EXP 	Likebility_slider_3: markerPos = -6.296296296296305
91.3383 	EXP 	Likebility_slider_3: markerPos = -6.296296296296305
91.3552 	EXP 	Likebility_slider_3: markerPos = -6.296296296296305
91.3716 	EXP 	Likebility_slider_3: markerPos = -6.296296296296305
91.3725 	DATA 	Mouse:  Left button up, pos=(926,391)
91.3865 	EXP 	Likebility_slider_3: markerPos = -6.296296296296305
91.4031 	EXP 	image: autoDraw = True
91.7054 	DATA 	Mouse: Left button down, pos=(1396,103)
91.7067 	EXP 	window1: recordFrameIntervals = False
91.7215 	EXP 	Likebility_slider_3: autoDraw = False
91.7215 	EXP 	ratingText: autoDraw = False
91.7215 	EXP 	image: autoDraw = False
91.7215 	EXP 	instruct_Likeability_2: autoDraw = False
91.7216 	EXP 	window1: recordFrameIntervals = False
91.9910 	DATA 	Mouse:  Left button up, pos=(1396,103)
92.1913 	EXP 	New trial (rep=0, index=11): OrderedDict([('Type', 'Human'), ('Spatial_Frequency', 'LSF'), ('filepath', 'Stimuli For Psychopy/Human/matched-8-cpi-low-Rafd090_37_Caucasian_female_neutral_frontal.jpg'), ('file_name', 'matched-8-cpi-low-Rafd090_37_Caucasian_female_neutral_frontal.jpg')])
92.2032 	EXP 	Fixation: autoDraw = True
93.2071 	EXP 	Fixation: autoDraw = False
93.2071 	EXP 	Fixation: autoDraw = False
93.2071 	EXP 	Human_image: image = 'Stimuli For Psychopy/Human/matched-8-cpi-low-Rafd090_37_Caucasian_female_neutral_frontal.jpg'
93.2071 	EXP 	Human_image: autoDraw = True
94.2071 	EXP 	Human_image: autoDraw = False
94.2071 	EXP 	Human_image: autoDraw = False
94.2071 	EXP 	roi: autoDraw = False
94.2071 	EXP 	Likebility_slider_3: markerPos = None
94.2071 	EXP 	Likebility_slider_3: markerPos = 0.0
94.2071 	EXP 	Likebility_slider_3: autoDraw = True
94.2071 	EXP 	ratingText: autoDraw = True
94.2071 	EXP 	instruct_Likeability_2: autoDraw = True
94.7544 	DATA 	Mouse: Left button down, pos=(872,435)
94.7699 	EXP 	Likebility_slider_3: markerPos = -16.296296296296305
94.7883 	EXP 	Likebility_slider_3: markerPos = -16.296296296296305
94.8048 	EXP 	Likebility_slider_3: markerPos = -16.296296296296305
94.8215 	EXP 	Likebility_slider_3: markerPos = -16.296296296296305
94.8382 	EXP 	Likebility_slider_3: markerPos = -16.296296296296305
94.8390 	DATA 	Mouse:  Left button up, pos=(872,435)
94.8532 	EXP 	Likebility_slider_3: markerPos = -16.296296296296305
94.8715 	EXP 	image: autoDraw = True
95.1257 	DATA 	Mouse: Left button down, pos=(756,435)
95.1549 	EXP 	Likebility_slider_3: markerPos = -37.77777777777778
95.1714 	EXP 	Likebility_slider_3: markerPos = -37.77777777777778
95.1882 	EXP 	Likebility_slider_3: markerPos = -37.77777777777778
95.1885 	DATA 	Mouse:  Left button up, pos=(756,436)
95.2051 	EXP 	Likebility_slider_3: markerPos = -37.77777777777778
95.6388 	DATA 	Mouse: Left button down, pos=(1551,87)
95.6403 	EXP 	window1: recordFrameIntervals = False
95.6548 	EXP 	Likebility_slider_3: autoDraw = False
95.6548 	EXP 	ratingText: autoDraw = False
95.6548 	EXP 	image: autoDraw = False
95.6548 	EXP 	instruct_Likeability_2: autoDraw = False
95.6549 	EXP 	window1: recordFrameIntervals = False
95.9243 	DATA 	Mouse:  Left button up, pos=(1551,87)
96.1245 	EXP 	New trial (rep=0, index=12): OrderedDict([('Type', 'Human'), ('Spatial_Frequency', 'BSF'), ('filepath', 'Stimuli For Psychopy/Human/matched-Rafd090_31_Caucasian_female_neutral_frontal.jpg'), ('file_name', 'matched-Rafd090_31_Caucasian_female_neutral_frontal.jpg')])
96.1382 	EXP 	Fixation: autoDraw = True
97.1403 	EXP 	Fixation: autoDraw = False
97.1403 	EXP 	Fixation: autoDraw = False
97.1403 	EXP 	Human_image: image = 'Stimuli For Psychopy/Human/matched-Rafd090_31_Caucasian_female_neutral_frontal.jpg'
97.1403 	EXP 	Human_image: autoDraw = True
98.1403 	EXP 	Human_image: autoDraw = False
98.1403 	EXP 	Human_image: autoDraw = False
98.1403 	EXP 	roi: autoDraw = False
98.1403 	EXP 	Likebility_slider_3: markerPos = None
98.1403 	EXP 	Likebility_slider_3: markerPos = 0.0
98.1403 	EXP 	Likebility_slider_3: autoDraw = True
98.1403 	EXP 	ratingText: autoDraw = True
98.1403 	EXP 	instruct_Likeability_2: autoDraw = True
98.6722 	DATA 	Mouse: Left button down, pos=(806,387)
98.6880 	EXP 	Likebility_slider_3: markerPos = -28.51851851851852
98.7048 	EXP 	Likebility_slider_3: markerPos = -28.51851851851852
98.7215 	EXP 	Likebility_slider_3: markerPos = -28.51851851851852
98.7383 	EXP 	Likebility_slider_3: markerPos = -28.51851851851852
98.7550 	EXP 	Likebility_slider_3: markerPos = -28.51851851851852
98.7715 	EXP 	Likebility_slider_3: markerPos = -28.51851851851852
98.7723 	DATA 	Mouse:  Left button up, pos=(806,387)
98.7882 	EXP 	Likebility_slider_3: markerPos = -28.51851851851852
98.8048 	EXP 	image: autoDraw = True
99.0219 	DATA 	Mouse: Left button down, pos=(1592,87)
99.0232 	EXP 	window1: recordFrameIntervals = False
99.0382 	EXP 	Likebility_slider_3: autoDraw = False
99.0382 	EXP 	ratingText: autoDraw = False
99.0382 	EXP 	image: autoDraw = False
99.0382 	EXP 	instruct_Likeability_2: autoDraw = False
99.0383 	EXP 	window1: recordFrameIntervals = False
99.3072 	DATA 	Mouse:  Left button up, pos=(1592,87)
99.5077 	EXP 	New trial (rep=0, index=13): OrderedDict([('Type', 'Human'), ('Spatial_Frequency', 'BSF'), ('filepath', 'Stimuli For Psychopy/Human/matched-Rafd090_12_Caucasian_female_neutral_frontal.jpg'), ('file_name', 'matched-Rafd090_12_Caucasian_female_neutral_frontal.jpg')])
99.5197 	EXP 	Fixation: autoDraw = True
100.5236 	EXP 	Fixation: autoDraw = False
100.5236 	EXP 	Fixation: autoDraw = False
100.5236 	EXP 	Human_image: image = 'Stimuli For Psychopy/Human/matched-Rafd090_12_Caucasian_female_neutral_frontal.jpg'
100.5236 	EXP 	Human_image: autoDraw = True
101.5381 	EXP 	Human_image: autoDraw = False
101.5381 	EXP 	Human_image: autoDraw = False
101.5381 	EXP 	roi: autoDraw = False
101.5381 	EXP 	Likebility_slider_3: markerPos = None
101.5381 	EXP 	Likebility_slider_3: markerPos = 0.0
101.5381 	EXP 	Likebility_slider_3: autoDraw = True
101.5381 	EXP 	ratingText: autoDraw = True
101.5381 	EXP 	instruct_Likeability_2: autoDraw = True
101.9903 	DATA 	Mouse: Left button down, pos=(988,408)
102.0213 	EXP 	Likebility_slider_3: markerPos = 5.185185185185176
102.0380 	EXP 	Likebility_slider_3: markerPos = 5.185185185185176
102.0547 	EXP 	Likebility_slider_3: markerPos = 5.185185185185176
102.0556 	DATA 	Mouse:  Left button up, pos=(988,408)
102.0699 	EXP 	Likebility_slider_3: markerPos = 5.185185185185176
102.0880 	EXP 	image: autoDraw = True
102.2756 	DATA 	Mouse: Left button down, pos=(1395,183)
102.3884 	DATA 	Mouse:  Left button up, pos=(1395,183)
102.6219 	DATA 	Mouse: Left button down, pos=(1451,78)
102.6233 	EXP 	window1: recordFrameIntervals = False
102.6380 	EXP 	Likebility_slider_3: autoDraw = False
102.6380 	EXP 	ratingText: autoDraw = False
102.6380 	EXP 	image: autoDraw = False
102.6380 	EXP 	instruct_Likeability_2: autoDraw = False
102.6381 	EXP 	window1: recordFrameIntervals = False
102.9077 	DATA 	Mouse:  Left button up, pos=(1452,77)
103.1082 	EXP 	New trial (rep=0, index=14): OrderedDict([('Type', 'Human'), ('Spatial_Frequency', 'LSF'), ('filepath', 'Stimuli For Psychopy/Human/matched-8-cpi-low-Rafd090_36_Caucasian_male_neutral_frontal.jpg'), ('file_name', 'matched-8-cpi-low-Rafd090_36_Caucasian_male_neutral_frontal.jpg')])
103.1197 	EXP 	Fixation: autoDraw = True
104.1242 	EXP 	Fixation: autoDraw = False
104.1242 	EXP 	Fixation: autoDraw = False
104.1242 	EXP 	Human_image: image = 'Stimuli For Psychopy/Human/matched-8-cpi-low-Rafd090_36_Caucasian_male_neutral_frontal.jpg'
104.1242 	EXP 	Human_image: autoDraw = True
105.1193 	EXP 	Human_image: autoDraw = False
105.1193 	EXP 	Human_image: autoDraw = False
105.1193 	EXP 	roi: autoDraw = False
105.1193 	EXP 	Likebility_slider_3: markerPos = None
105.1193 	EXP 	Likebility_slider_3: markerPos = 0.0
105.1193 	EXP 	Likebility_slider_3: autoDraw = True
105.1193 	EXP 	ratingText: autoDraw = True
105.1193 	EXP 	instruct_Likeability_2: autoDraw = True
106.0056 	DATA 	Mouse: Left button down, pos=(841,424)
106.0212 	EXP 	Likebility_slider_3: markerPos = -22.037037037037038
106.0378 	EXP 	Likebility_slider_3: markerPos = -22.037037037037038
106.0528 	EXP 	Likebility_slider_3: markerPos = -22.037037037037038
106.0713 	EXP 	Likebility_slider_3: markerPos = -22.037037037037038
106.0880 	EXP 	Likebility_slider_3: markerPos = -22.037037037037038
106.0888 	DATA 	Mouse:  Left button up, pos=(841,424)
106.1030 	EXP 	Likebility_slider_3: markerPos = -22.037037037037038
106.1213 	EXP 	image: autoDraw = True
106.3551 	DATA 	Mouse: Left button down, pos=(527,400)
106.3714 	EXP 	Likebility_slider_3: markerPos = -80.18518518518519
106.3880 	EXP 	Likebility_slider_3: markerPos = -80.18518518518519
106.4046 	EXP 	Likebility_slider_3: markerPos = -80.18518518518519
106.4213 	EXP 	Likebility_slider_3: markerPos = -80.18518518518519
106.4379 	EXP 	Likebility_slider_3: markerPos = -80.18518518518519
106.4530 	EXP 	Likebility_slider_3: markerPos = -80.18518518518519
106.4535 	DATA 	Mouse:  Left button up, pos=(527,400)
106.4697 	EXP 	Likebility_slider_3: markerPos = -80.18518518518519
106.8217 	DATA 	Mouse: Left button down, pos=(1758,8)
106.8920 	DATA 	Mouse:  Left button up, pos=(1758,8)
107.0882 	DATA 	Mouse: Left button down, pos=(1522,75)
107.0897 	EXP 	window1: recordFrameIntervals = False
107.1046 	EXP 	Likebility_slider_3: autoDraw = False
107.1046 	EXP 	ratingText: autoDraw = False
107.1046 	EXP 	image: autoDraw = False
107.1046 	EXP 	instruct_Likeability_2: autoDraw = False
107.1048 	EXP 	window1: recordFrameIntervals = False
107.3737 	DATA 	Mouse:  Left button up, pos=(1522,75)
107.5740 	EXP 	New trial (rep=0, index=15): OrderedDict([('Type', 'Human'), ('Spatial_Frequency', 'LSF'), ('filepath', 'Stimuli For Psychopy/Human/matched-8-cpi-low-Rafd090_33_Caucasian_male_neutral_frontal.jpg'), ('file_name', 'matched-8-cpi-low-Rafd090_33_Caucasian_male_neutral_frontal.jpg')])
107.5901 	EXP 	Fixation: autoDraw = True
108.5902 	EXP 	Fixation: autoDraw = False
108.5902 	EXP 	Fixation: autoDraw = False
108.5902 	EXP 	Human_image: image = 'Stimuli For Psychopy/Human/matched-8-cpi-low-Rafd090_33_Caucasian_male_neutral_frontal.jpg'
108.5902 	EXP 	Human_image: autoDraw = True
109.5902 	EXP 	Human_image: autoDraw = False
109.5902 	EXP 	Human_image: autoDraw = False
109.5902 	EXP 	roi: autoDraw = False
109.5902 	EXP 	Likebility_slider_3: markerPos = None
109.5902 	EXP 	Likebility_slider_3: markerPos = 0.0
109.5902 	EXP 	Likebility_slider_3: autoDraw = True
109.5902 	EXP 	ratingText: autoDraw = True
109.5902 	EXP 	instruct_Likeability_2: autoDraw = True
110.0888 	DATA 	Mouse: Left button down, pos=(744,404)
110.1032 	EXP 	Likebility_slider_3: markerPos = -40.0
110.1211 	EXP 	Likebility_slider_3: markerPos = -40.0
110.1380 	EXP 	Likebility_slider_3: markerPos = -40.0
110.1545 	EXP 	Likebility_slider_3: markerPos = -40.0
110.1712 	EXP 	Likebility_slider_3: markerPos = -40.0
110.1718 	DATA 	Mouse:  Left button up, pos=(744,404)
110.1879 	EXP 	Likebility_slider_3: markerPos = -40.0
110.2028 	EXP 	image: autoDraw = True
110.5049 	DATA 	Mouse: Left button down, pos=(1480,117)
110.5062 	EXP 	window1: recordFrameIntervals = False
110.5211 	EXP 	Likebility_slider_3: autoDraw = False
110.5211 	EXP 	ratingText: autoDraw = False
110.5211 	EXP 	image: autoDraw = False
110.5211 	EXP 	instruct_Likeability_2: autoDraw = False
110.5212 	EXP 	window1: recordFrameIntervals = False
110.7908 	DATA 	Mouse:  Left button up, pos=(1480,117)
110.9910 	EXP 	New trial (rep=0, index=16): OrderedDict([('Type', 'Human'), ('Spatial_Frequency', 'HSF'), ('filepath', 'Stimuli For Psychopy/Human/matched-32-cpi-low-Rafd090_01_Caucasian_female_neutral_frontal.jpg'), ('file_name', 'matched-32-cpi-low-Rafd090_01_Caucasian_female_neutral_frontal.jpg')])
111.0028 	EXP 	Fixation: autoDraw = True
112.0074 	EXP 	Fixation: autoDraw = False
112.0074 	EXP 	Fixation: autoDraw = False
112.0074 	EXP 	Human_image: image = 'Stimuli For Psychopy/Human/matched-32-cpi-low-Rafd090_01_Caucasian_female_neutral_frontal.jpg'
112.0074 	EXP 	Human_image: autoDraw = True
113.0230 	EXP 	Human_image: autoDraw = False
113.0230 	EXP 	roi: autoDraw = False
113.0230 	EXP 	Likebility_slider_3: markerPos = None
113.0230 	EXP 	Likebility_slider_3: markerPos = 0.0
113.0230 	EXP 	Likebility_slider_3: autoDraw = True
113.0230 	EXP 	ratingText: autoDraw = True
113.0230 	EXP 	instruct_Likeability_2: autoDraw = True
113.4930 	DATA 	Mouse: Left button down, pos=(716,437)
113.5212 	EXP 	Likebility_slider_3: markerPos = -45.18518518518518
113.5378 	EXP 	Likebility_slider_3: markerPos = -45.18518518518518
113.5532 	EXP 	Likebility_slider_3: markerPos = -45.18518518518518
113.5712 	EXP 	Likebility_slider_3: markerPos = -45.18518518518518
113.5723 	DATA 	Mouse:  Left button up, pos=(716,437)
113.5880 	EXP 	Likebility_slider_3: markerPos = -45.18518518518518
113.6044 	EXP 	image: autoDraw = True
114.4046 	DATA 	Mouse: Left button down, pos=(911,411)
114.4212 	EXP 	Likebility_slider_3: markerPos = -9.074074074074076
114.4378 	EXP 	Likebility_slider_3: markerPos = -9.074074074074076
114.4545 	EXP 	Likebility_slider_3: markerPos = -9.074074074074076
114.4711 	EXP 	Likebility_slider_3: markerPos = -9.074074074074076
114.4861 	EXP 	Likebility_slider_3: markerPos = -9.074074074074076
114.5045 	EXP 	Likebility_slider_3: markerPos = -9.074074074074076
114.5051 	DATA 	Mouse:  Left button up, pos=(911,411)
114.5194 	EXP 	Likebility_slider_3: markerPos = -9.074074074074076
115.0570 	DATA 	Mouse: Left button down, pos=(1475,51)
115.0582 	EXP 	window1: recordFrameIntervals = False
115.0733 	EXP 	Likebility_slider_3: autoDraw = False
115.0733 	EXP 	ratingText: autoDraw = False
115.0733 	EXP 	image: autoDraw = False
115.0733 	EXP 	instruct_Likeability_2: autoDraw = False
115.0735 	EXP 	window1: recordFrameIntervals = False
115.3425 	DATA 	Mouse:  Left button up, pos=(1475,51)
115.5427 	EXP 	New trial (rep=0, index=17): OrderedDict([('Type', 'Human'), ('Spatial_Frequency', 'HSF'), ('filepath', 'Stimuli For Psychopy/Human/matched-32-cpi-low-Rafd090_36_Caucasian_male_neutral_frontal.jpg'), ('file_name', 'matched-32-cpi-low-Rafd090_36_Caucasian_male_neutral_frontal.jpg')])
115.5530 	EXP 	Fixation: autoDraw = True
116.5566 	EXP 	Fixation: autoDraw = False
116.5566 	EXP 	Fixation: autoDraw = False
116.5566 	EXP 	Human_image: image = 'Stimuli For Psychopy/Human/matched-32-cpi-low-Rafd090_36_Caucasian_male_neutral_frontal.jpg'
116.5734 	EXP 	Human_image: autoDraw = True
117.5695 	EXP 	Human_image: autoDraw = False
117.5695 	EXP 	Human_image: autoDraw = False
117.5695 	EXP 	roi: autoDraw = False
117.5695 	EXP 	Likebility_slider_3: markerPos = None
117.5695 	EXP 	Likebility_slider_3: markerPos = 0.0
117.5695 	EXP 	Likebility_slider_3: autoDraw = True
117.5695 	EXP 	ratingText: autoDraw = True
117.5695 	EXP 	instruct_Likeability_2: autoDraw = True
117.8870 	DATA 	Mouse: Left button down, pos=(791,434)
117.9043 	EXP 	Likebility_slider_3: markerPos = -31.29629629629629
117.9209 	EXP 	Likebility_slider_3: markerPos = -31.29629629629629
117.9359 	EXP 	Likebility_slider_3: markerPos = -31.29629629629629
117.9525 	EXP 	Likebility_slider_3: markerPos = -31.29629629629629
117.9694 	EXP 	Likebility_slider_3: markerPos = -31.29629629629629
117.9708 	DATA 	Mouse:  Left button up, pos=(791,434)
117.9861 	EXP 	Likebility_slider_3: markerPos = -31.29629629629629
118.0044 	EXP 	image: autoDraw = True
118.3366 	DATA 	Mouse: Left button down, pos=(1695,51)
118.4365 	DATA 	Mouse:  Left button up, pos=(1695,51)
118.6549 	DATA 	Mouse: Left button down, pos=(1491,82)
118.6564 	EXP 	window1: recordFrameIntervals = False
118.6710 	EXP 	Likebility_slider_3: autoDraw = False
118.6710 	EXP 	ratingText: autoDraw = False
118.6710 	EXP 	image: autoDraw = False
118.6710 	EXP 	instruct_Likeability_2: autoDraw = False
118.6711 	EXP 	window1: recordFrameIntervals = False
118.9403 	DATA 	Mouse:  Left button up, pos=(1491,82)
119.1405 	EXP 	New trial (rep=0, index=18): OrderedDict([('Type', 'Human'), ('Spatial_Frequency', 'LSF'), ('filepath', 'Stimuli For Psychopy/Human/matched-8-cpi-low-Rafd090_26_Caucasian_female_neutral_frontal.jpg'), ('file_name', 'matched-8-cpi-low-Rafd090_26_Caucasian_female_neutral_frontal.jpg')])
119.1526 	EXP 	Fixation: autoDraw = True
120.1566 	EXP 	Fixation: autoDraw = False
120.1566 	EXP 	Fixation: autoDraw = False
120.1566 	EXP 	Human_image: image = 'Stimuli For Psychopy/Human/matched-8-cpi-low-Rafd090_26_Caucasian_female_neutral_frontal.jpg'
120.1733 	EXP 	Human_image: autoDraw = True
121.1736 	EXP 	Human_image: autoDraw = False
121.1736 	EXP 	roi: autoDraw = False
121.1736 	EXP 	Likebility_slider_3: markerPos = None
121.1736 	EXP 	Likebility_slider_3: markerPos = 0.0
121.1736 	EXP 	Likebility_slider_3: autoDraw = True
121.1736 	EXP 	ratingText: autoDraw = True
121.1736 	EXP 	instruct_Likeability_2: autoDraw = True
121.5049 	DATA 	Mouse: Left button down, pos=(796,409)
121.5209 	EXP 	Likebility_slider_3: markerPos = -30.370370370370367
121.5376 	EXP 	Likebility_slider_3: markerPos = -30.370370370370367
121.5542 	EXP 	Likebility_slider_3: markerPos = -30.370370370370367
121.5709 	EXP 	Likebility_slider_3: markerPos = -30.370370370370367
121.5715 	DATA 	Mouse:  Left button up, pos=(796,409)
121.5877 	EXP 	Likebility_slider_3: markerPos = -30.370370370370367
121.6043 	EXP 	image: autoDraw = True
121.8880 	DATA 	Mouse: Left button down, pos=(1544,157)
121.9700 	DATA 	Mouse:  Left button up, pos=(1544,157)
122.1880 	DATA 	Mouse: Left button down, pos=(1525,106)
122.1898 	EXP 	window1: recordFrameIntervals = False
122.2026 	EXP 	Likebility_slider_3: autoDraw = False
122.2026 	EXP 	ratingText: autoDraw = False
122.2026 	EXP 	image: autoDraw = False
122.2026 	EXP 	instruct_Likeability_2: autoDraw = False
122.2028 	EXP 	window1: recordFrameIntervals = False
122.4739 	DATA 	Mouse:  Left button up, pos=(1524,105)
122.6744 	EXP 	New trial (rep=0, index=19): OrderedDict([('Type', 'Human'), ('Spatial_Frequency', 'LSF'), ('filepath', 'Stimuli For Psychopy/Human/matched-8-cpi-low-Rafd090_30_Caucasian_male_neutral_frontal.jpg'), ('file_name', 'matched-8-cpi-low-Rafd090_30_Caucasian_male_neutral_frontal.jpg')])
122.6859 	EXP 	Fixation: autoDraw = True
123.6899 	EXP 	Fixation: autoDraw = False
123.6899 	EXP 	Fixation: autoDraw = False
123.6899 	EXP 	Human_image: image = 'Stimuli For Psychopy/Human/matched-8-cpi-low-Rafd090_30_Caucasian_male_neutral_frontal.jpg'
123.6899 	EXP 	Human_image: autoDraw = True
124.6903 	EXP 	Human_image: autoDraw = False
124.6903 	EXP 	Human_image: autoDraw = False
124.6903 	EXP 	roi: autoDraw = False
124.6903 	EXP 	Likebility_slider_3: markerPos = None
124.6903 	EXP 	Likebility_slider_3: markerPos = 0.0
124.6903 	EXP 	Likebility_slider_3: autoDraw = True
124.6903 	EXP 	ratingText: autoDraw = True
124.6903 	EXP 	instruct_Likeability_2: autoDraw = True
125.0223 	DATA 	Mouse: Left button down, pos=(819,406)
125.0359 	EXP 	Likebility_slider_3: markerPos = -26.111111111111114
125.0542 	EXP 	Likebility_slider_3: markerPos = -26.111111111111114
125.0708 	EXP 	Likebility_slider_3: markerPos = -26.111111111111114
125.0859 	EXP 	Likebility_slider_3: markerPos = -26.111111111111114
125.1025 	EXP 	Likebility_slider_3: markerPos = -26.111111111111114
125.1040 	DATA 	Mouse:  Left button up, pos=(819,406)
125.1210 	EXP 	Likebility_slider_3: markerPos = -26.111111111111114
125.1358 	EXP 	image: autoDraw = True
125.6048 	DATA 	Mouse: Left button down, pos=(1549,36)
125.6064 	EXP 	window1: recordFrameIntervals = False
125.6209 	EXP 	Likebility_slider_3: autoDraw = False
125.6209 	EXP 	ratingText: autoDraw = False
125.6209 	EXP 	image: autoDraw = False
125.6209 	EXP 	instruct_Likeability_2: autoDraw = False
125.6210 	EXP 	window1: recordFrameIntervals = False
125.8909 	DATA 	Mouse:  Left button up, pos=(1549,36)
126.0914 	EXP 	New trial (rep=0, index=20): OrderedDict([('Type', 'Human'), ('Spatial_Frequency', 'BSF'), ('filepath', 'Stimuli For Psychopy/Human/matched-Rafd090_16_Caucasian_female_neutral_frontal.jpg'), ('file_name', 'matched-Rafd090_16_Caucasian_female_neutral_frontal.jpg')])
126.1041 	EXP 	Fixation: autoDraw = True
127.1064 	EXP 	Fixation: autoDraw = False
127.1064 	EXP 	Fixation: autoDraw = False
127.1064 	EXP 	Human_image: image = 'Stimuli For Psychopy/Human/matched-Rafd090_16_Caucasian_female_neutral_frontal.jpg'
127.1064 	EXP 	Human_image: autoDraw = True
128.1061 	EXP 	Human_image: autoDraw = False
128.1061 	EXP 	Human_image: autoDraw = False
128.1061 	EXP 	roi: autoDraw = False
128.1061 	EXP 	Likebility_slider_3: markerPos = None
128.1061 	EXP 	Likebility_slider_3: markerPos = 0.0
128.1061 	EXP 	Likebility_slider_3: autoDraw = True
128.1061 	EXP 	ratingText: autoDraw = True
128.1061 	EXP 	instruct_Likeability_2: autoDraw = True
128.5883 	DATA 	Mouse: Left button down, pos=(1123,390)
128.6041 	EXP 	Likebility_slider_3: markerPos = 30.18518518518519
128.6209 	EXP 	Likebility_slider_3: markerPos = 30.18518518518519
128.6374 	EXP 	Likebility_slider_3: markerPos = 30.18518518518519
128.6541 	EXP 	Likebility_slider_3: markerPos = 30.18518518518519
128.6710 	EXP 	Likebility_slider_3: markerPos = 30.18518518518519
128.6757 	DATA 	Mouse:  Left button up, pos=(1123,390)
128.6874 	EXP 	Likebility_slider_3: markerPos = 30.18518518518519
128.7041 	EXP 	Likebility_slider_3: markerPos = 30.18518518518519
128.7208 	EXP 	image: autoDraw = True
129.1878 	DATA 	Mouse: Left button down, pos=(1586,75)
129.1897 	EXP 	window1: recordFrameIntervals = False
129.2040 	EXP 	Likebility_slider_3: autoDraw = False
129.2040 	EXP 	ratingText: autoDraw = False
129.2040 	EXP 	image: autoDraw = False
129.2040 	EXP 	instruct_Likeability_2: autoDraw = False
129.2041 	EXP 	window1: recordFrameIntervals = False
129.4732 	DATA 	Mouse:  Left button up, pos=(1586,75)
129.6737 	EXP 	New trial (rep=0, index=21): OrderedDict([('Type', 'Human'), ('Spatial_Frequency', 'HSF'), ('filepath', 'Stimuli For Psychopy/Human/matched-32-cpi-low-Rafd090_18_Caucasian_female_neutral_frontal.jpg'), ('file_name', 'matched-32-cpi-low-Rafd090_18_Caucasian_female_neutral_frontal.jpg')])
129.6857 	EXP 	Fixation: autoDraw = True
130.6896 	EXP 	Fixation: autoDraw = False
130.6896 	EXP 	Fixation: autoDraw = False
130.6896 	EXP 	Human_image: image = 'Stimuli For Psychopy/Human/matched-32-cpi-low-Rafd090_18_Caucasian_female_neutral_frontal.jpg'
130.6896 	EXP 	Human_image: autoDraw = True
131.6893 	EXP 	Human_image: autoDraw = False
131.6893 	EXP 	Human_image: autoDraw = False
131.6893 	EXP 	roi: autoDraw = False
131.6893 	EXP 	Likebility_slider_3: markerPos = None
131.6893 	EXP 	Likebility_slider_3: markerPos = 0.0
131.6893 	EXP 	Likebility_slider_3: autoDraw = True
131.6893 	EXP 	ratingText: autoDraw = True
131.6893 	EXP 	instruct_Likeability_2: autoDraw = True
131.9884 	DATA 	Mouse: Left button down, pos=(812,432)
132.0024 	EXP 	Likebility_slider_3: markerPos = -27.40740740740742
132.0209 	EXP 	Likebility_slider_3: markerPos = -27.40740740740742
132.0375 	EXP 	Likebility_slider_3: markerPos = -27.40740740740742
132.0540 	EXP 	Likebility_slider_3: markerPos = -27.40740740740742
132.0708 	EXP 	Likebility_slider_3: markerPos = -27.40740740740742
132.0858 	EXP 	Likebility_slider_3: markerPos = -27.40740740740742
132.0865 	DATA 	Mouse:  Left button up, pos=(812,432)
132.1024 	EXP 	Likebility_slider_3: markerPos = -27.40740740740742
132.1207 	EXP 	image: autoDraw = True
133.1546 	DATA 	Mouse: Left button down, pos=(624,396)
133.1708 	EXP 	Likebility_slider_3: markerPos = -62.22222222222222
133.1874 	EXP 	Likebility_slider_3: markerPos = -62.22222222222222
133.2040 	EXP 	Likebility_slider_3: markerPos = -62.22222222222222
133.2189 	EXP 	Likebility_slider_3: markerPos = -62.22222222222222
133.2203 	DATA 	Mouse:  Left button up, pos=(624,396)
133.2377 	EXP 	Likebility_slider_3: markerPos = -62.22222222222222
133.5210 	DATA 	Mouse: Left button down, pos=(1427,69)
133.5224 	EXP 	window1: recordFrameIntervals = False
133.5357 	EXP 	Likebility_slider_3: autoDraw = False
133.5357 	EXP 	ratingText: autoDraw = False
133.5357 	EXP 	image: autoDraw = False
133.5357 	EXP 	instruct_Likeability_2: autoDraw = False
133.5358 	EXP 	window1: recordFrameIntervals = False
133.8057 	DATA 	Mouse:  Left button up, pos=(1427,69)
134.0058 	EXP 	New trial (rep=0, index=22): OrderedDict([('Type', 'Human'), ('Spatial_Frequency', 'HSF'), ('filepath', 'Stimuli For Psychopy/Human/matched-32-cpi-low-Rafd090_12_Caucasian_female_neutral_frontal.jpg'), ('file_name', 'matched-32-cpi-low-Rafd090_12_Caucasian_female_neutral_frontal.jpg')])
134.0229 	EXP 	Fixation: autoDraw = True
135.0231 	EXP 	Fixation: autoDraw = False
135.0231 	EXP 	Fixation: autoDraw = False
135.0231 	EXP 	Human_image: image = 'Stimuli For Psychopy/Human/matched-32-cpi-low-Rafd090_12_Caucasian_female_neutral_frontal.jpg'
135.0231 	EXP 	Human_image: autoDraw = True
136.0226 	EXP 	Human_image: autoDraw = False
136.0226 	EXP 	Human_image: autoDraw = False
136.0226 	EXP 	roi: autoDraw = False
136.0226 	EXP 	Likebility_slider_3: markerPos = None
136.0226 	EXP 	Likebility_slider_3: markerPos = 0.0
136.0226 	EXP 	Likebility_slider_3: autoDraw = True
136.0226 	EXP 	ratingText: autoDraw = True
136.0226 	EXP 	instruct_Likeability_2: autoDraw = True
136.8389 	DATA 	Mouse: Left button down, pos=(850,406)
136.8539 	EXP 	Likebility_slider_3: markerPos = -20.370370370370367
136.8706 	EXP 	Likebility_slider_3: markerPos = -20.370370370370367
136.8873 	EXP 	Likebility_slider_3: markerPos = -20.370370370370367
136.8926 	DATA 	Mouse:  Left button up, pos=(853,406)
136.9040 	EXP 	Likebility_slider_3: markerPos = -20.370370370370367
136.9190 	EXP 	Likebility_slider_3: markerPos = -20.370370370370367
136.9374 	EXP 	image: autoDraw = True
137.3244 	DATA 	Mouse: Left button down, pos=(1494,57)
137.3390 	EXP 	window1: recordFrameIntervals = False
137.3538 	EXP 	Likebility_slider_3: autoDraw = False
137.3538 	EXP 	ratingText: autoDraw = False
137.3538 	EXP 	image: autoDraw = False
137.3538 	EXP 	instruct_Likeability_2: autoDraw = False
137.3539 	EXP 	window1: recordFrameIntervals = False
137.6235 	DATA 	Mouse:  Left button up, pos=(1494,57)
137.8239 	EXP 	New trial (rep=0, index=23): OrderedDict([('Type', 'Human'), ('Spatial_Frequency', 'BSF'), ('filepath', 'Stimuli For Psychopy/Human/matched-Rafd090_01_Caucasian_female_neutral_frontal.jpg'), ('file_name', 'matched-Rafd090_01_Caucasian_female_neutral_frontal.jpg')])
137.8372 	EXP 	Fixation: autoDraw = True
138.8394 	EXP 	Fixation: autoDraw = False
138.8394 	EXP 	Fixation: autoDraw = False
138.8394 	EXP 	Human_image: image = 'Stimuli For Psychopy/Human/matched-Rafd090_01_Caucasian_female_neutral_frontal.jpg'
138.8394 	EXP 	Human_image: autoDraw = True
139.8371 	EXP 	Human_image: autoDraw = False
139.8371 	EXP 	Human_image: autoDraw = False
139.8371 	EXP 	roi: autoDraw = False
139.8371 	EXP 	Likebility_slider_3: markerPos = None
139.8371 	EXP 	Likebility_slider_3: markerPos = 0.0
139.8371 	EXP 	Likebility_slider_3: autoDraw = True
139.8371 	EXP 	ratingText: autoDraw = True
139.8371 	EXP 	instruct_Likeability_2: autoDraw = True
140.1047 	DATA 	Mouse: Left button down, pos=(948,369)
140.1548 	DATA 	Mouse:  Left button up, pos=(948,369)
140.4533 	DATA 	Mouse: Left button down, pos=(1002,406)
140.4707 	EXP 	Likebility_slider_3: markerPos = 7.7777777777777715
140.4873 	EXP 	Likebility_slider_3: markerPos = 7.7777777777777715
140.5038 	EXP 	Likebility_slider_3: markerPos = 7.7777777777777715
140.5205 	EXP 	Likebility_slider_3: markerPos = 7.7777777777777715
140.5250 	DATA 	Mouse:  Left button up, pos=(1002,406)
140.5356 	EXP 	Likebility_slider_3: markerPos = 7.7777777777777715
140.5538 	EXP 	Likebility_slider_3: markerPos = 7.7777777777777715
140.5705 	EXP 	image: autoDraw = True
140.9408 	DATA 	Mouse: Left button down, pos=(1475,54)
140.9554 	EXP 	window1: recordFrameIntervals = False
140.9705 	EXP 	Likebility_slider_3: autoDraw = False
140.9705 	EXP 	ratingText: autoDraw = False
140.9705 	EXP 	image: autoDraw = False
140.9705 	EXP 	instruct_Likeability_2: autoDraw = False
140.9706 	EXP 	window1: recordFrameIntervals = False
141.2399 	DATA 	Mouse:  Left button up, pos=(1475,54)
141.4405 	EXP 	New trial (rep=0, index=24): OrderedDict([('Type', 'Human'), ('Spatial_Frequency', 'LSF'), ('filepath', 'Stimuli For Psychopy/Human/matched-8-cpi-low-Rafd090_01_Caucasian_female_neutral_frontal.jpg'), ('file_name', 'matched-8-cpi-low-Rafd090_01_Caucasian_female_neutral_frontal.jpg')])
141.4537 	EXP 	Fixation: autoDraw = True
142.4561 	EXP 	Fixation: autoDraw = False
142.4561 	EXP 	Fixation: autoDraw = False
142.4561 	EXP 	Human_image: image = 'Stimuli For Psychopy/Human/matched-8-cpi-low-Rafd090_01_Caucasian_female_neutral_frontal.jpg'
142.4561 	EXP 	Human_image: autoDraw = True
143.4560 	EXP 	Human_image: autoDraw = False
143.4560 	EXP 	Human_image: autoDraw = False
143.4560 	EXP 	roi: autoDraw = False
143.4560 	EXP 	Likebility_slider_3: markerPos = None
143.4560 	EXP 	Likebility_slider_3: markerPos = 0.0
143.4560 	EXP 	Likebility_slider_3: autoDraw = True
143.4560 	EXP 	ratingText: autoDraw = True
143.4560 	EXP 	instruct_Likeability_2: autoDraw = True
143.9741 	DATA 	Mouse: Left button down, pos=(773,426)
144.0037 	EXP 	Likebility_slider_3: markerPos = -34.62962962962963
144.0188 	EXP 	Likebility_slider_3: markerPos = -34.62962962962963
144.0372 	EXP 	Likebility_slider_3: markerPos = -34.62962962962963
144.0378 	DATA 	Mouse:  Left button up, pos=(773,426)
144.0540 	EXP 	Likebility_slider_3: markerPos = -34.62962962962963
144.0706 	EXP 	image: autoDraw = True
144.7856 	DATA 	Mouse: Left button down, pos=(949,430)
144.8042 	EXP 	Likebility_slider_3: markerPos = -2.037037037037038
144.8205 	EXP 	Likebility_slider_3: markerPos = -2.037037037037038
144.8371 	EXP 	Likebility_slider_3: markerPos = -2.037037037037038
144.8538 	EXP 	Likebility_slider_3: markerPos = -2.037037037037038
144.8705 	EXP 	Likebility_slider_3: markerPos = -2.037037037037038
144.8708 	DATA 	Mouse:  Left button up, pos=(949,430)
144.8875 	EXP 	Likebility_slider_3: markerPos = -2.037037037037038
145.2540 	DATA 	Mouse: Left button down, pos=(1587,109)
145.2555 	EXP 	window1: recordFrameIntervals = False
145.2704 	EXP 	Likebility_slider_3: autoDraw = False
145.2704 	EXP 	ratingText: autoDraw = False
145.2704 	EXP 	image: autoDraw = False
145.2704 	EXP 	instruct_Likeability_2: autoDraw = False
145.2705 	EXP 	window1: recordFrameIntervals = False
145.5395 	DATA 	Mouse:  Left button up, pos=(1587,109)
145.7400 	EXP 	New trial (rep=0, index=25): OrderedDict([('Type', 'Human'), ('Spatial_Frequency', 'HSF'), ('filepath', 'Stimuli For Psychopy/Human/matched-32-cpi-low-Rafd090_28_Caucasian_male_neutral_frontal.jpg'), ('file_name', 'matched-32-cpi-low-Rafd090_28_Caucasian_male_neutral_frontal.jpg')])
145.7560 	EXP 	Fixation: autoDraw = True
146.7560 	EXP 	Fixation: autoDraw = False
146.7560 	EXP 	Fixation: autoDraw = False
146.7560 	EXP 	Human_image: image = 'Stimuli For Psychopy/Human/matched-32-cpi-low-Rafd090_28_Caucasian_male_neutral_frontal.jpg'
146.7560 	EXP 	Human_image: autoDraw = True
147.7704 	EXP 	Human_image: autoDraw = False
147.7704 	EXP 	Human_image: autoDraw = False
147.7704 	EXP 	roi: autoDraw = False
147.7704 	EXP 	Likebility_slider_3: markerPos = None
147.7704 	EXP 	Likebility_slider_3: markerPos = 0.0
147.7704 	EXP 	Likebility_slider_3: autoDraw = True
147.7704 	EXP 	ratingText: autoDraw = True
147.7704 	EXP 	instruct_Likeability_2: autoDraw = True
148.2042 	DATA 	Mouse: Left button down, pos=(786,383)
148.2204 	EXP 	Likebility_slider_3: markerPos = -32.222222222222214
148.2370 	EXP 	Likebility_slider_3: markerPos = -32.222222222222214
148.2537 	EXP 	Likebility_slider_3: markerPos = -32.222222222222214
148.2686 	EXP 	Likebility_slider_3: markerPos = -32.222222222222214
148.2695 	DATA 	Mouse:  Left button up, pos=(786,383)
148.2853 	EXP 	Likebility_slider_3: markerPos = -32.222222222222214
148.3018 	EXP 	image: autoDraw = True
148.6539 	DATA 	Mouse: Left button down, pos=(1501,131)
148.6707 	EXP 	window1: recordFrameIntervals = False
148.6870 	EXP 	Likebility_slider_3: autoDraw = False
148.6870 	EXP 	ratingText: autoDraw = False
148.6870 	EXP 	image: autoDraw = False
148.6870 	EXP 	instruct_Likeability_2: autoDraw = False
148.6871 	EXP 	window1: recordFrameIntervals = False
148.9545 	DATA 	Mouse:  Left button up, pos=(1504,128)
149.1547 	EXP 	New trial (rep=0, index=26): OrderedDict([('Type', 'Human'), ('Spatial_Frequency', 'HSF'), ('filepath', 'Stimuli For Psychopy/Human/matched-32-cpi-low-Rafd090_22_Caucasian_female_neutral_frontal.jpg'), ('file_name', 'matched-32-cpi-low-Rafd090_22_Caucasian_female_neutral_frontal.jpg')])
149.1568 	EXP 	Fixation: autoDraw = True
150.1565 	EXP 	Fixation: autoDraw = False
150.1565 	EXP 	Fixation: autoDraw = False
150.1565 	EXP 	Human_image: image = 'Stimuli For Psychopy/Human/matched-32-cpi-low-Rafd090_22_Caucasian_female_neutral_frontal.jpg'
150.1726 	EXP 	Human_image: autoDraw = True
151.1870 	EXP 	Human_image: autoDraw = False
151.1870 	EXP 	Human_image: autoDraw = False
151.1870 	EXP 	roi: autoDraw = False
151.1870 	EXP 	Likebility_slider_3: markerPos = None
151.1870 	EXP 	Likebility_slider_3: markerPos = 0.0
151.1870 	EXP 	Likebility_slider_3: autoDraw = True
151.1870 	EXP 	ratingText: autoDraw = True
151.1870 	EXP 	instruct_Likeability_2: autoDraw = True
151.7030 	DATA 	Mouse: Left button down, pos=(785,390)
151.7185 	EXP 	Likebility_slider_3: markerPos = -32.407407407407405
151.7375 	EXP 	Likebility_slider_3: markerPos = -32.407407407407405
151.7536 	EXP 	Likebility_slider_3: markerPos = -32.407407407407405
151.7702 	EXP 	Likebility_slider_3: markerPos = -32.407407407407405
151.7748 	DATA 	Mouse:  Left button up, pos=(785,390)
151.7854 	EXP 	Likebility_slider_3: markerPos = -32.407407407407405
151.8036 	EXP 	Likebility_slider_3: markerPos = -32.407407407407405
151.8202 	EXP 	image: autoDraw = True
152.1208 	DATA 	Mouse: Left button down, pos=(1730,1)
152.2041 	DATA 	Mouse:  Left button up, pos=(1730,1)
152.5524 	DATA 	Mouse: Left button down, pos=(1656,72)
152.5537 	EXP 	window1: recordFrameIntervals = False
152.5703 	EXP 	Likebility_slider_3: autoDraw = False
152.5703 	EXP 	ratingText: autoDraw = False
152.5703 	EXP 	image: autoDraw = False
152.5703 	EXP 	instruct_Likeability_2: autoDraw = False
152.5704 	EXP 	window1: recordFrameIntervals = False
152.8382 	DATA 	Mouse:  Left button up, pos=(1656,72)
153.0389 	EXP 	New trial (rep=0, index=27): OrderedDict([('Type', 'Human'), ('Spatial_Frequency', 'LSF'), ('filepath', 'Stimuli For Psychopy/Human/matched-8-cpi-low-Rafd090_22_Caucasian_female_neutral_frontal.jpg'), ('file_name', 'matched-8-cpi-low-Rafd090_22_Caucasian_female_neutral_frontal.jpg')])
153.0421 	EXP 	Fixation: autoDraw = True
154.0559 	EXP 	Fixation: autoDraw = False
154.0559 	EXP 	Fixation: autoDraw = False
154.0559 	EXP 	Human_image: image = 'Stimuli For Psychopy/Human/matched-8-cpi-low-Rafd090_22_Caucasian_female_neutral_frontal.jpg'
154.0559 	EXP 	Human_image: autoDraw = True
155.0686 	EXP 	Human_image: autoDraw = False
155.0686 	EXP 	Human_image: autoDraw = False
155.0686 	EXP 	roi: autoDraw = False
155.0686 	EXP 	Likebility_slider_3: markerPos = None
155.0686 	EXP 	Likebility_slider_3: markerPos = 0.0
155.0686 	EXP 	Likebility_slider_3: autoDraw = True
155.0686 	EXP 	ratingText: autoDraw = True
155.0686 	EXP 	instruct_Likeability_2: autoDraw = True
155.7197 	DATA 	Mouse: Left button down, pos=(740,443)
155.7370 	EXP 	Likebility_slider_3: markerPos = -40.74074074074075
155.7536 	EXP 	Likebility_slider_3: markerPos = -40.74074074074075
155.7702 	EXP 	Likebility_slider_3: markerPos = -40.74074074074075
155.7869 	EXP 	Likebility_slider_3: markerPos = -40.74074074074075
155.8035 	EXP 	Likebility_slider_3: markerPos = -40.74074074074075
155.8042 	DATA 	Mouse:  Left button up, pos=(740,443)
155.8186 	EXP 	Likebility_slider_3: markerPos = -40.74074074074075
155.8370 	EXP 	image: autoDraw = True
156.4371 	DATA 	Mouse: Left button down, pos=(1414,93)
156.4388 	EXP 	window1: recordFrameIntervals = False
156.4517 	EXP 	Likebility_slider_3: autoDraw = False
156.4517 	EXP 	ratingText: autoDraw = False
156.4517 	EXP 	image: autoDraw = False
156.4517 	EXP 	instruct_Likeability_2: autoDraw = False
156.4519 	EXP 	window1: recordFrameIntervals = False
156.7228 	DATA 	Mouse:  Left button up, pos=(1414,93)
156.9237 	EXP 	New trial (rep=0, index=28): OrderedDict([('Type', 'Human'), ('Spatial_Frequency', 'LSF'), ('filepath', 'Stimuli For Psychopy/Human/matched-8-cpi-low-Rafd090_31_Caucasian_female_neutral_frontal.jpg'), ('file_name', 'matched-8-cpi-low-Rafd090_31_Caucasian_female_neutral_frontal.jpg')])
156.9391 	EXP 	Fixation: autoDraw = True
157.9390 	EXP 	Fixation: autoDraw = False
157.9390 	EXP 	Fixation: autoDraw = False
157.9390 	EXP 	Human_image: image = 'Stimuli For Psychopy/Human/matched-8-cpi-low-Rafd090_31_Caucasian_female_neutral_frontal.jpg'
157.9390 	EXP 	Human_image: autoDraw = True
158.9390 	EXP 	Human_image: autoDraw = False
158.9390 	EXP 	Human_image: autoDraw = False
158.9390 	EXP 	roi: autoDraw = False
158.9390 	EXP 	Likebility_slider_3: markerPos = None
158.9390 	EXP 	Likebility_slider_3: markerPos = 0.0
158.9390 	EXP 	Likebility_slider_3: autoDraw = True
158.9390 	EXP 	ratingText: autoDraw = True
158.9390 	EXP 	instruct_Likeability_2: autoDraw = True
160.2874 	DATA 	Mouse: Left button down, pos=(824,458)
160.3034 	EXP 	Likebility_slider_3: markerPos = -25.185185185185176
160.3202 	EXP 	Likebility_slider_3: markerPos = -25.185185185185176
160.3368 	EXP 	Likebility_slider_3: markerPos = -25.185185185185176
160.3414 	DATA 	Mouse:  Left button up, pos=(824,458)
160.3518 	EXP 	Likebility_slider_3: markerPos = -25.185185185185176
160.3702 	EXP 	Likebility_slider_3: markerPos = -25.185185185185176
160.3869 	EXP 	image: autoDraw = True
160.9264 	DATA 	Mouse: Left button down, pos=(1486,64)
160.9409 	EXP 	window1: recordFrameIntervals = False
160.9559 	EXP 	Likebility_slider_3: autoDraw = False
160.9559 	EXP 	ratingText: autoDraw = False
160.9559 	EXP 	image: autoDraw = False
160.9559 	EXP 	instruct_Likeability_2: autoDraw = False
160.9560 	EXP 	window1: recordFrameIntervals = False
161.2248 	DATA 	Mouse:  Left button up, pos=(1486,64)
161.4251 	EXP 	New trial (rep=0, index=29): OrderedDict([('Type', 'Human'), ('Spatial_Frequency', 'LSF'), ('filepath', 'Stimuli For Psychopy/Human/matched-8-cpi-low-Rafd090_19_Caucasian_female_neutral_frontal.jpg'), ('file_name', 'matched-8-cpi-low-Rafd090_19_Caucasian_female_neutral_frontal.jpg')])
161.4390 	EXP 	Fixation: autoDraw = True
162.4393 	EXP 	Fixation: autoDraw = False
162.4393 	EXP 	Fixation: autoDraw = False
162.4393 	EXP 	Human_image: image = 'Stimuli For Psychopy/Human/matched-8-cpi-low-Rafd090_19_Caucasian_female_neutral_frontal.jpg'
162.4557 	EXP 	Human_image: autoDraw = True
163.4513 	EXP 	Human_image: autoDraw = False
163.4513 	EXP 	Human_image: autoDraw = False
163.4513 	EXP 	roi: autoDraw = False
163.4513 	EXP 	Likebility_slider_3: markerPos = None
163.4513 	EXP 	Likebility_slider_3: markerPos = 0.0
163.4513 	EXP 	Likebility_slider_3: autoDraw = True
163.4513 	EXP 	ratingText: autoDraw = True
163.4513 	EXP 	instruct_Likeability_2: autoDraw = True
163.9913 	DATA 	Mouse: Left button down, pos=(788,395)
164.0200 	EXP 	Likebility_slider_3: markerPos = -31.851851851851848
164.0366 	EXP 	Likebility_slider_3: markerPos = -31.851851851851848
164.0534 	EXP 	Likebility_slider_3: markerPos = -31.851851851851848
164.0699 	EXP 	Likebility_slider_3: markerPos = -31.851851851851848
164.0708 	DATA 	Mouse:  Left button up, pos=(788,395)
164.0851 	EXP 	Likebility_slider_3: markerPos = -31.851851851851848
164.1034 	EXP 	image: autoDraw = True
164.6036 	DATA 	Mouse: Left button down, pos=(1504,75)
164.6053 	EXP 	window1: recordFrameIntervals = False
164.6200 	EXP 	Likebility_slider_3: autoDraw = False
164.6200 	EXP 	ratingText: autoDraw = False
164.6200 	EXP 	image: autoDraw = False
164.6200 	EXP 	instruct_Likeability_2: autoDraw = False
164.6202 	EXP 	window1: recordFrameIntervals = False
164.8890 	DATA 	Mouse:  Left button up, pos=(1504,75)
165.0894 	EXP 	New trial (rep=0, index=30): OrderedDict([('Type', 'Human'), ('Spatial_Frequency', 'LSF'), ('filepath', 'Stimuli For Psychopy/Human/matched-8-cpi-low-Rafd090_16_Caucasian_female_neutral_frontal.jpg'), ('file_name', 'matched-8-cpi-low-Rafd090_16_Caucasian_female_neutral_frontal.jpg')])
165.1033 	EXP 	Fixation: autoDraw = True
166.1055 	EXP 	Fixation: autoDraw = False
166.1055 	EXP 	Fixation: autoDraw = False
166.1055 	EXP 	Human_image: image = 'Stimuli For Psychopy/Human/matched-8-cpi-low-Rafd090_16_Caucasian_female_neutral_frontal.jpg'
166.1055 	EXP 	Human_image: autoDraw = True
167.1222 	EXP 	Human_image: autoDraw = False
167.1222 	EXP 	roi: autoDraw = False
167.1222 	EXP 	Likebility_slider_3: markerPos = None
167.1222 	EXP 	Likebility_slider_3: markerPos = 0.0
167.1222 	EXP 	Likebility_slider_3: autoDraw = True
167.1222 	EXP 	ratingText: autoDraw = True
167.1222 	EXP 	instruct_Likeability_2: autoDraw = True
167.5902 	DATA 	Mouse: Left button down, pos=(935,391)
167.6199 	EXP 	Likebility_slider_3: markerPos = -4.629629629629633
167.6366 	EXP 	Likebility_slider_3: markerPos = -4.629629629629633
167.6532 	EXP 	Likebility_slider_3: markerPos = -4.629629629629633
167.6699 	EXP 	Likebility_slider_3: markerPos = -4.629629629629633
167.6850 	EXP 	Likebility_slider_3: markerPos = -4.629629629629633
167.6858 	DATA 	Mouse:  Left button up, pos=(935,391)
167.7016 	EXP 	Likebility_slider_3: markerPos = -4.629629629629633
167.7199 	EXP 	image: autoDraw = True
168.0536 	DATA 	Mouse: Left button down, pos=(1587,67)
168.0549 	EXP 	window1: recordFrameIntervals = False
168.0699 	EXP 	Likebility_slider_3: autoDraw = False
168.0699 	EXP 	ratingText: autoDraw = False
168.0699 	EXP 	image: autoDraw = False
168.0699 	EXP 	instruct_Likeability_2: autoDraw = False
168.0700 	EXP 	window1: recordFrameIntervals = False
168.3400 	DATA 	Mouse:  Left button up, pos=(1587,67)
168.5404 	EXP 	New trial (rep=0, index=31): OrderedDict([('Type', 'Human'), ('Spatial_Frequency', 'HSF'), ('filepath', 'Stimuli For Psychopy/Human/matched-32-cpi-low-Rafd090_30_Caucasian_male_neutral_frontal.jpg'), ('file_name', 'matched-32-cpi-low-Rafd090_30_Caucasian_male_neutral_frontal.jpg')])
168.5532 	EXP 	Fixation: autoDraw = True
169.5555 	EXP 	Fixation: autoDraw = False
169.5555 	EXP 	Fixation: autoDraw = False
169.5555 	EXP 	Human_image: image = 'Stimuli For Psychopy/Human/matched-32-cpi-low-Rafd090_30_Caucasian_male_neutral_frontal.jpg'
169.5555 	EXP 	Human_image: autoDraw = True
170.5682 	EXP 	Human_image: autoDraw = False
170.5682 	EXP 	Human_image: autoDraw = False
170.5682 	EXP 	roi: autoDraw = False
170.5682 	EXP 	Likebility_slider_3: markerPos = None
170.5682 	EXP 	Likebility_slider_3: markerPos = 0.0
170.5682 	EXP 	Likebility_slider_3: autoDraw = True
170.5682 	EXP 	ratingText: autoDraw = True
170.5682 	EXP 	instruct_Likeability_2: autoDraw = True
171.3358 	DATA 	Mouse: Left button down, pos=(894,402)
171.3534 	EXP 	Likebility_slider_3: markerPos = -12.222222222222229
171.3700 	EXP 	Likebility_slider_3: markerPos = -12.222222222222229
171.3866 	EXP 	Likebility_slider_3: markerPos = -12.222222222222229
171.4018 	EXP 	Likebility_slider_3: markerPos = -12.222222222222229
171.4181 	EXP 	Likebility_slider_3: markerPos = -12.222222222222229
171.4195 	DATA 	Mouse:  Left button up, pos=(894,402)
171.4348 	EXP 	Likebility_slider_3: markerPos = -12.222222222222229
171.4531 	EXP 	image: autoDraw = True
171.9202 	DATA 	Mouse: Left button down, pos=(1512,63)
171.9217 	EXP 	window1: recordFrameIntervals = False
171.9349 	EXP 	Likebility_slider_3: autoDraw = False
171.9349 	EXP 	ratingText: autoDraw = False
171.9349 	EXP 	image: autoDraw = False
171.9349 	EXP 	instruct_Likeability_2: autoDraw = False
171.9350 	EXP 	window1: recordFrameIntervals = False
172.2067 	DATA 	Mouse:  Left button up, pos=(1512,63)
172.4070 	EXP 	New trial (rep=0, index=32): OrderedDict([('Type', 'Human'), ('Spatial_Frequency', 'LSF'), ('filepath', 'Stimuli For Psychopy/Human/matched-8-cpi-low-Rafd090_12_Caucasian_female_neutral_frontal.jpg'), ('file_name', 'matched-8-cpi-low-Rafd090_12_Caucasian_female_neutral_frontal.jpg')])
172.4220 	EXP 	Fixation: autoDraw = True
173.4220 	EXP 	Fixation: autoDraw = False
173.4220 	EXP 	Fixation: autoDraw = False
173.4220 	EXP 	Human_image: image = 'Stimuli For Psychopy/Human/matched-8-cpi-low-Rafd090_12_Caucasian_female_neutral_frontal.jpg'
173.4220 	EXP 	Human_image: autoDraw = True
174.4220 	EXP 	Human_image: autoDraw = False
174.4220 	EXP 	Human_image: autoDraw = False
174.4220 	EXP 	roi: autoDraw = False
174.4220 	EXP 	Likebility_slider_3: markerPos = None
174.4220 	EXP 	Likebility_slider_3: markerPos = 0.0
174.4220 	EXP 	Likebility_slider_3: autoDraw = True
174.4220 	EXP 	ratingText: autoDraw = True
174.4220 	EXP 	instruct_Likeability_2: autoDraw = True
175.8541 	DATA 	Mouse: Left button down, pos=(1013,415)
175.8700 	EXP 	Likebility_slider_3: markerPos = 9.81481481481481
175.8848 	EXP 	Likebility_slider_3: markerPos = 9.81481481481481
175.9032 	EXP 	Likebility_slider_3: markerPos = 9.81481481481481
175.9198 	EXP 	Likebility_slider_3: markerPos = 9.81481481481481
175.9240 	DATA 	Mouse:  Left button up, pos=(1013,415)
175.9348 	EXP 	Likebility_slider_3: markerPos = 9.81481481481481
175.9530 	EXP 	Likebility_slider_3: markerPos = 9.81481481481481
175.9697 	EXP 	image: autoDraw = True
176.4021 	DATA 	Mouse: Left button down, pos=(1546,46)
176.4038 	EXP 	window1: recordFrameIntervals = False
176.4198 	EXP 	Likebility_slider_3: autoDraw = False
176.4198 	EXP 	ratingText: autoDraw = False
176.4198 	EXP 	image: autoDraw = False
176.4198 	EXP 	instruct_Likeability_2: autoDraw = False
176.4199 	EXP 	window1: recordFrameIntervals = False
176.6879 	DATA 	Mouse:  Left button up, pos=(1546,46)
176.8883 	EXP 	New trial (rep=0, index=33): OrderedDict([('Type', 'Human'), ('Spatial_Frequency', 'BSF'), ('filepath', 'Stimuli For Psychopy/Human/matched-Rafd090_36_Caucasian_male_neutral_frontal.jpg'), ('file_name', 'matched-Rafd090_36_Caucasian_male_neutral_frontal.jpg')])
176.9053 	EXP 	Fixation: autoDraw = True
177.9053 	EXP 	Fixation: autoDraw = False
177.9053 	EXP 	Fixation: autoDraw = False
177.9053 	EXP 	Human_image: image = 'Stimuli For Psychopy/Human/matched-Rafd090_36_Caucasian_male_neutral_frontal.jpg'
177.9053 	EXP 	Human_image: autoDraw = True
178.9054 	EXP 	Human_image: autoDraw = False
178.9054 	EXP 	Human_image: autoDraw = False
178.9054 	EXP 	roi: autoDraw = False
178.9054 	EXP 	Likebility_slider_3: markerPos = None
178.9054 	EXP 	Likebility_slider_3: markerPos = 0.0
178.9054 	EXP 	Likebility_slider_3: autoDraw = True
178.9054 	EXP 	ratingText: autoDraw = True
178.9054 	EXP 	instruct_Likeability_2: autoDraw = True
179.6079 	DATA 	Mouse: Left button down, pos=(989,399)
179.6363 	EXP 	Likebility_slider_3: markerPos = 5.370370370370381
179.6530 	EXP 	Likebility_slider_3: markerPos = 5.370370370370381
179.6681 	EXP 	Likebility_slider_3: markerPos = 5.370370370370381
179.6690 	DATA 	Mouse:  Left button up, pos=(989,399)
179.6865 	EXP 	Likebility_slider_3: markerPos = 5.370370370370381
179.7014 	EXP 	image: autoDraw = True
180.2373 	DATA 	Mouse: Left button down, pos=(1520,80)
180.2390 	EXP 	window1: recordFrameIntervals = False
180.2531 	EXP 	Likebility_slider_3: autoDraw = False
180.2531 	EXP 	ratingText: autoDraw = False
180.2531 	EXP 	image: autoDraw = False
180.2531 	EXP 	instruct_Likeability_2: autoDraw = False
180.2532 	EXP 	window1: recordFrameIntervals = False
180.5236 	DATA 	Mouse:  Left button up, pos=(1520,80)
180.7242 	EXP 	New trial (rep=0, index=34): OrderedDict([('Type', 'Human'), ('Spatial_Frequency', 'HSF'), ('filepath', 'Stimuli For Psychopy/Human/matched-32-cpi-low-Rafd090_32_Caucasian_female_neutral_frontal.jpg'), ('file_name', 'matched-32-cpi-low-Rafd090_32_Caucasian_female_neutral_frontal.jpg')])
180.7363 	EXP 	Fixation: autoDraw = True
181.7384 	EXP 	Fixation: autoDraw = False
181.7384 	EXP 	Fixation: autoDraw = False
181.7384 	EXP 	Human_image: image = 'Stimuli For Psychopy/Human/matched-32-cpi-low-Rafd090_32_Caucasian_female_neutral_frontal.jpg'
181.7384 	EXP 	Human_image: autoDraw = True
182.7529 	EXP 	Human_image: autoDraw = False
182.7529 	EXP 	Human_image: autoDraw = False
182.7529 	EXP 	roi: autoDraw = False
182.7529 	EXP 	Likebility_slider_3: markerPos = None
182.7529 	EXP 	Likebility_slider_3: markerPos = 0.0
182.7529 	EXP 	Likebility_slider_3: autoDraw = True
182.7529 	EXP 	ratingText: autoDraw = True
182.7529 	EXP 	instruct_Likeability_2: autoDraw = True
184.4895 	DATA 	Mouse: Left button down, pos=(1032,405)
184.5051 	EXP 	Likebility_slider_3: markerPos = 13.333333333333329
184.5218 	EXP 	Likebility_slider_3: markerPos = 15.370370370370367
184.5384 	EXP 	Likebility_slider_3: markerPos = 15.740740740740748
184.5552 	EXP 	Likebility_slider_3: markerPos = 15.740740740740748
184.5558 	DATA 	Mouse:  Left button up, pos=(1045,395)
184.5719 	EXP 	Likebility_slider_3: markerPos = 15.740740740740748
184.5885 	EXP 	image: autoDraw = True
185.0220 	DATA 	Mouse: Left button down, pos=(1483,69)
185.0240 	EXP 	window1: recordFrameIntervals = False
185.0387 	EXP 	Likebility_slider_3: autoDraw = False
185.0387 	EXP 	ratingText: autoDraw = False
185.0387 	EXP 	image: autoDraw = False
185.0387 	EXP 	instruct_Likeability_2: autoDraw = False
185.0388 	EXP 	window1: recordFrameIntervals = False
185.3078 	DATA 	Mouse:  Left button up, pos=(1483,69)
185.5080 	EXP 	New trial (rep=0, index=35): OrderedDict([('Type', 'Human'), ('Spatial_Frequency', 'LSF'), ('filepath', 'Stimuli For Psychopy/Human/matched-8-cpi-low-Rafd090_28_Caucasian_male_neutral_frontal.jpg'), ('file_name', 'matched-8-cpi-low-Rafd090_28_Caucasian_male_neutral_frontal.jpg')])
185.5218 	EXP 	Fixation: autoDraw = True
186.5217 	EXP 	Fixation: autoDraw = False
186.5217 	EXP 	Fixation: autoDraw = False
186.5217 	EXP 	Human_image: image = 'Stimuli For Psychopy/Human/matched-8-cpi-low-Rafd090_28_Caucasian_male_neutral_frontal.jpg'
186.5385 	EXP 	Human_image: autoDraw = True
187.5513 	EXP 	Human_image: autoDraw = False
187.5513 	EXP 	roi: autoDraw = False
187.5513 	EXP 	Likebility_slider_3: markerPos = None
187.5513 	EXP 	Likebility_slider_3: markerPos = 0.0
187.5513 	EXP 	Likebility_slider_3: autoDraw = True
187.5513 	EXP 	ratingText: autoDraw = True
187.5513 	EXP 	instruct_Likeability_2: autoDraw = True
188.2368 	DATA 	Mouse: Left button down, pos=(848,397)
188.2528 	EXP 	Likebility_slider_3: markerPos = -20.740740740740733
188.2694 	EXP 	Likebility_slider_3: markerPos = -20.740740740740733
188.2861 	EXP 	Likebility_slider_3: markerPos = -20.740740740740733
188.2867 	DATA 	Mouse:  Left button up, pos=(848,397)
188.3028 	EXP 	Likebility_slider_3: markerPos = -20.740740740740733
188.3194 	EXP 	image: autoDraw = True
188.6532 	DATA 	Mouse: Left button down, pos=(1521,99)
188.6546 	EXP 	window1: recordFrameIntervals = False
188.6698 	EXP 	Likebility_slider_3: autoDraw = False
188.6698 	EXP 	ratingText: autoDraw = False
188.6698 	EXP 	image: autoDraw = False
188.6698 	EXP 	instruct_Likeability_2: autoDraw = False
188.6700 	EXP 	window1: recordFrameIntervals = False
188.9381 	DATA 	Mouse:  Left button up, pos=(1521,99)
189.1387 	EXP 	New trial (rep=0, index=36): OrderedDict([('Type', 'Human'), ('Spatial_Frequency', 'LSF'), ('filepath', 'Stimuli For Psychopy/Human/matched-8-cpi-low-Rafd090_18_Caucasian_female_neutral_frontal.jpg'), ('file_name', 'matched-8-cpi-low-Rafd090_18_Caucasian_female_neutral_frontal.jpg')])
189.1551 	EXP 	Fixation: autoDraw = True
190.1550 	EXP 	Fixation: autoDraw = False
190.1550 	EXP 	Fixation: autoDraw = False
190.1550 	EXP 	Human_image: image = 'Stimuli For Psychopy/Human/matched-8-cpi-low-Rafd090_18_Caucasian_female_neutral_frontal.jpg'
190.1550 	EXP 	Human_image: autoDraw = True
191.1554 	EXP 	Human_image: autoDraw = False
191.1554 	EXP 	Human_image: autoDraw = False
191.1554 	EXP 	roi: autoDraw = False
191.1554 	EXP 	Likebility_slider_3: markerPos = None
191.1554 	EXP 	Likebility_slider_3: markerPos = 0.0
191.1554 	EXP 	Likebility_slider_3: autoDraw = True
191.1554 	EXP 	ratingText: autoDraw = True
191.1554 	EXP 	instruct_Likeability_2: autoDraw = True
191.6373 	DATA 	Mouse: Left button down, pos=(899,454)
191.6512 	EXP 	Likebility_slider_3: markerPos = -11.29629629629629
191.6678 	EXP 	Likebility_slider_3: markerPos = -11.29629629629629
191.6862 	EXP 	Likebility_slider_3: markerPos = -11.29629629629629
191.7030 	EXP 	Likebility_slider_3: markerPos = -11.29629629629629
191.7195 	EXP 	Likebility_slider_3: markerPos = -11.29629629629629
191.7201 	DATA 	Mouse:  Left button up, pos=(899,454)
191.7345 	EXP 	Likebility_slider_3: markerPos = -11.29629629629629
191.7513 	EXP 	image: autoDraw = True
192.0696 	DATA 	Mouse: Left button down, pos=(1333,147)
192.1516 	DATA 	Mouse:  Left button up, pos=(1333,147)
192.4366 	DATA 	Mouse: Left button down, pos=(1393,106)
192.4383 	EXP 	window1: recordFrameIntervals = False
192.4529 	EXP 	Likebility_slider_3: autoDraw = False
192.4529 	EXP 	ratingText: autoDraw = False
192.4529 	EXP 	image: autoDraw = False
192.4529 	EXP 	instruct_Likeability_2: autoDraw = False
192.4530 	EXP 	window1: recordFrameIntervals = False
192.7221 	DATA 	Mouse:  Left button up, pos=(1393,106)
192.9225 	EXP 	New trial (rep=0, index=37): OrderedDict([('Type', 'Human'), ('Spatial_Frequency', 'LSF'), ('filepath', 'Stimuli For Psychopy/Human/matched-8-cpi-low-Rafd090_24_Caucasian_male_neutral_frontal.jpg'), ('file_name', 'matched-8-cpi-low-Rafd090_24_Caucasian_male_neutral_frontal.jpg')])
192.9360 	EXP 	Fixation: autoDraw = True
193.9383 	EXP 	Fixation: autoDraw = False
193.9383 	EXP 	Fixation: autoDraw = False
193.9383 	EXP 	Human_image: image = 'Stimuli For Psychopy/Human/matched-8-cpi-low-Rafd090_24_Caucasian_male_neutral_frontal.jpg'
193.9383 	EXP 	Human_image: autoDraw = True
194.9339 	EXP 	Human_image: autoDraw = False
194.9339 	EXP 	Human_image: autoDraw = False
194.9339 	EXP 	roi: autoDraw = False
194.9339 	EXP 	Likebility_slider_3: markerPos = None
194.9339 	EXP 	Likebility_slider_3: markerPos = 0.0
194.9339 	EXP 	Likebility_slider_3: autoDraw = True
194.9339 	EXP 	ratingText: autoDraw = True
194.9339 	EXP 	instruct_Likeability_2: autoDraw = True
195.3896 	DATA 	Mouse: Left button down, pos=(829,383)
195.4193 	EXP 	Likebility_slider_3: markerPos = -24.259259259259252
195.4360 	EXP 	Likebility_slider_3: markerPos = -24.259259259259252
195.4528 	EXP 	Likebility_slider_3: markerPos = -24.259259259259252
195.4694 	EXP 	Likebility_slider_3: markerPos = -24.259259259259252
195.4862 	EXP 	Likebility_slider_3: markerPos = -24.259259259259252
195.4870 	DATA 	Mouse:  Left button up, pos=(829,383)
195.5013 	EXP 	Likebility_slider_3: markerPos = -24.259259259259252
195.5196 	EXP 	image: autoDraw = True
195.9396 	DATA 	Mouse: Left button down, pos=(1603,9)
196.0368 	DATA 	Mouse:  Left button up, pos=(1603,9)
196.2698 	DATA 	Mouse: Left button down, pos=(1357,133)
196.3401 	DATA 	Mouse:  Left button up, pos=(1357,134)
196.6862 	DATA 	Mouse: Left button down, pos=(1430,96)
196.6877 	EXP 	window1: recordFrameIntervals = False
196.7026 	EXP 	Likebility_slider_3: autoDraw = False
196.7026 	EXP 	ratingText: autoDraw = False
196.7026 	EXP 	image: autoDraw = False
196.7026 	EXP 	instruct_Likeability_2: autoDraw = False
196.7027 	EXP 	window1: recordFrameIntervals = False
196.9717 	DATA 	Mouse:  Left button up, pos=(1430,96)
197.1720 	EXP 	New trial (rep=0, index=38): OrderedDict([('Type', 'Human'), ('Spatial_Frequency', 'HSF'), ('filepath', 'Stimuli For Psychopy/Human/matched-32-cpi-low-Rafd090_19_Caucasian_female_neutral_frontal.jpg'), ('file_name', 'matched-32-cpi-low-Rafd090_19_Caucasian_female_neutral_frontal.jpg')])
197.1882 	EXP 	Fixation: autoDraw = True
198.1882 	EXP 	Fixation: autoDraw = False
198.1882 	EXP 	Fixation: autoDraw = False
198.1882 	EXP 	Human_image: image = 'Stimuli For Psychopy/Human/matched-32-cpi-low-Rafd090_19_Caucasian_female_neutral_frontal.jpg'
198.1882 	EXP 	Human_image: autoDraw = True
199.1842 	EXP 	Human_image: autoDraw = False
199.1842 	EXP 	Human_image: autoDraw = False
199.1842 	EXP 	roi: autoDraw = False
199.1842 	EXP 	Likebility_slider_3: markerPos = None
199.1842 	EXP 	Likebility_slider_3: markerPos = 0.0
199.1842 	EXP 	Likebility_slider_3: autoDraw = True
199.1842 	EXP 	ratingText: autoDraw = True
199.1842 	EXP 	instruct_Likeability_2: autoDraw = True
200.2366 	DATA 	Mouse: Left button down, pos=(1022,428)
200.2526 	EXP 	Likebility_slider_3: markerPos = 11.481481481481467
200.2696 	EXP 	Likebility_slider_3: markerPos = 11.481481481481467
200.2843 	EXP 	Likebility_slider_3: markerPos = 11.481481481481467
200.3010 	EXP 	Likebility_slider_3: markerPos = 11.481481481481467
200.3016 	DATA 	Mouse:  Left button up, pos=(1022,428)
200.3193 	EXP 	Likebility_slider_3: markerPos = 11.481481481481467
200.3340 	EXP 	image: autoDraw = True
200.9514 	DATA 	Mouse: Left button down, pos=(826,411)
200.9691 	EXP 	Likebility_slider_3: markerPos = -24.81481481481481
200.9840 	EXP 	Likebility_slider_3: markerPos = -24.81481481481481
201.0047 	EXP 	Likebility_slider_3: markerPos = -24.81481481481481
201.0052 	DATA 	Mouse:  Left button up, pos=(831,411)
201.0215 	EXP 	Likebility_slider_3: markerPos = -24.81481481481481
201.6389 	DATA 	Mouse: Left button down, pos=(1444,91)
201.6405 	EXP 	window1: recordFrameIntervals = False
201.6548 	EXP 	Likebility_slider_3: autoDraw = False
201.6548 	EXP 	ratingText: autoDraw = False
201.6548 	EXP 	image: autoDraw = False
201.6548 	EXP 	instruct_Likeability_2: autoDraw = False
201.6549 	EXP 	window1: recordFrameIntervals = False
201.9237 	DATA 	Mouse:  Left button up, pos=(1444,91)
202.1238 	EXP 	New trial (rep=0, index=39): OrderedDict([('Type', 'Human'), ('Spatial_Frequency', 'BSF'), ('filepath', 'Stimuli For Psychopy/Human/matched-Rafd090_26_Caucasian_female_neutral_frontal.jpg'), ('file_name', 'matched-Rafd090_26_Caucasian_female_neutral_frontal.jpg')])
202.1386 	EXP 	Fixation: autoDraw = True
203.1380 	EXP 	Fixation: autoDraw = False
203.1380 	EXP 	Fixation: autoDraw = False
203.1380 	EXP 	Human_image: image = 'Stimuli For Psychopy/Human/matched-Rafd090_26_Caucasian_female_neutral_frontal.jpg'
203.1547 	EXP 	Human_image: autoDraw = True
204.1690 	EXP 	Human_image: autoDraw = False
204.1690 	EXP 	roi: autoDraw = False
204.1690 	EXP 	Likebility_slider_3: markerPos = None
204.1690 	EXP 	Likebility_slider_3: markerPos = 0.0
204.1690 	EXP 	Likebility_slider_3: autoDraw = True
204.1690 	EXP 	ratingText: autoDraw = True
204.1690 	EXP 	instruct_Likeability_2: autoDraw = True
204.9696 	DATA 	Mouse: Left button down, pos=(876,421)
204.9857 	EXP 	Likebility_slider_3: markerPos = -15.555555555555557
205.0025 	EXP 	Likebility_slider_3: markerPos = -15.555555555555557
205.0195 	EXP 	Likebility_slider_3: markerPos = -15.555555555555557
205.0359 	EXP 	Likebility_slider_3: markerPos = -15.555555555555557
205.0366 	DATA 	Mouse:  Left button up, pos=(876,421)
205.0525 	EXP 	Likebility_slider_3: markerPos = -15.555555555555557
205.0692 	EXP 	image: autoDraw = True
205.5252 	DATA 	Mouse: Left button down, pos=(1498,120)
205.5398 	EXP 	window1: recordFrameIntervals = False
205.5547 	EXP 	Likebility_slider_3: autoDraw = False
205.5547 	EXP 	ratingText: autoDraw = False
205.5547 	EXP 	image: autoDraw = False
205.5547 	EXP 	instruct_Likeability_2: autoDraw = False
205.5548 	EXP 	window1: recordFrameIntervals = False
205.8243 	DATA 	Mouse:  Left button up, pos=(1498,114)
206.0246 	EXP 	New trial (rep=0, index=40): OrderedDict([('Type', 'Human'), ('Spatial_Frequency', 'BSF'), ('filepath', 'Stimuli For Psychopy/Human/matched-Rafd090_18_Caucasian_female_neutral_frontal.jpg'), ('file_name', 'matched-Rafd090_18_Caucasian_female_neutral_frontal.jpg')])
206.0379 	EXP 	Fixation: autoDraw = True
207.0380 	EXP 	Fixation: autoDraw = False
207.0380 	EXP 	Fixation: autoDraw = False
207.0380 	EXP 	Human_image: image = 'Stimuli For Psychopy/Human/matched-Rafd090_18_Caucasian_female_neutral_frontal.jpg'
207.0546 	EXP 	Human_image: autoDraw = True
208.0672 	EXP 	Human_image: autoDraw = False
208.0672 	EXP 	roi: autoDraw = False
208.0672 	EXP 	Likebility_slider_3: markerPos = None
208.0672 	EXP 	Likebility_slider_3: markerPos = 0.0
208.0672 	EXP 	Likebility_slider_3: autoDraw = True
208.0672 	EXP 	ratingText: autoDraw = True
208.0672 	EXP 	instruct_Likeability_2: autoDraw = True
208.4366 	DATA 	Mouse: Left button down, pos=(828,412)
208.4524 	EXP 	Likebility_slider_3: markerPos = -24.444444444444443
208.4690 	EXP 	Likebility_slider_3: markerPos = -24.444444444444443
208.4840 	EXP 	Likebility_slider_3: markerPos = -24.444444444444443
208.5024 	EXP 	Likebility_slider_3: markerPos = -24.444444444444443
208.5174 	EXP 	Likebility_slider_3: markerPos = -24.444444444444443
208.5183 	DATA 	Mouse:  Left button up, pos=(828,412)
208.5357 	EXP 	Likebility_slider_3: markerPos = -24.444444444444443
208.5523 	EXP 	image: autoDraw = True
209.5359 	DATA 	Mouse: Left button down, pos=(719,423)
209.5507 	EXP 	Likebility_slider_3: markerPos = -44.62962962962963
209.5690 	EXP 	Likebility_slider_3: markerPos = -44.62962962962963
209.5856 	EXP 	Likebility_slider_3: markerPos = -44.62962962962963
209.6023 	EXP 	Likebility_slider_3: markerPos = -44.62962962962963
209.6190 	EXP 	Likebility_slider_3: markerPos = -44.62962962962963
209.6236 	DATA 	Mouse:  Left button up, pos=(719,423)
209.6340 	EXP 	Likebility_slider_3: markerPos = -44.62962962962963
209.6523 	EXP 	Likebility_slider_3: markerPos = -44.62962962962963
209.9721 	DATA 	Mouse: Left button down, pos=(1506,82)
209.9735 	EXP 	window1: recordFrameIntervals = False
209.9879 	EXP 	Likebility_slider_3: autoDraw = False
209.9879 	EXP 	ratingText: autoDraw = False
209.9879 	EXP 	image: autoDraw = False
209.9879 	EXP 	instruct_Likeability_2: autoDraw = False
209.9880 	EXP 	window1: recordFrameIntervals = False
210.2574 	DATA 	Mouse:  Left button up, pos=(1506,82)
210.4576 	EXP 	New trial (rep=0, index=41): OrderedDict([('Type', 'Human'), ('Spatial_Frequency', 'HSF'), ('filepath', 'Stimuli For Psychopy/Human/matched-32-cpi-low-Rafd090_16_Caucasian_female_neutral_frontal.jpg'), ('file_name', 'matched-32-cpi-low-Rafd090_16_Caucasian_female_neutral_frontal.jpg')])
210.4713 	EXP 	Fixation: autoDraw = True
211.4712 	EXP 	Fixation: autoDraw = False
211.4712 	EXP 	Fixation: autoDraw = False
211.4712 	EXP 	Human_image: image = 'Stimuli For Psychopy/Human/matched-32-cpi-low-Rafd090_16_Caucasian_female_neutral_frontal.jpg'
211.4878 	EXP 	Human_image: autoDraw = True
212.5023 	EXP 	Human_image: autoDraw = False
212.5023 	EXP 	roi: autoDraw = False
212.5023 	EXP 	Likebility_slider_3: markerPos = None
212.5023 	EXP 	Likebility_slider_3: markerPos = 0.0
212.5023 	EXP 	Likebility_slider_3: autoDraw = True
212.5023 	EXP 	ratingText: autoDraw = True
212.5023 	EXP 	instruct_Likeability_2: autoDraw = True
212.8370 	DATA 	Mouse: Left button down, pos=(601,399)
212.8506 	EXP 	Likebility_slider_3: markerPos = -66.4814814814815
212.8689 	EXP 	Likebility_slider_3: markerPos = -66.4814814814815
212.8856 	EXP 	Likebility_slider_3: markerPos = -66.4814814814815
212.9024 	EXP 	Likebility_slider_3: markerPos = -66.4814814814815
212.9188 	EXP 	Likebility_slider_3: markerPos = -66.4814814814815
212.9357 	EXP 	Likebility_slider_3: markerPos = -66.4814814814815
212.9363 	DATA 	Mouse:  Left button up, pos=(601,399)
212.9508 	EXP 	Likebility_slider_3: markerPos = -66.4814814814815
212.9689 	EXP 	image: autoDraw = True
213.4389 	DATA 	Mouse: Left button down, pos=(1532,54)
213.4539 	EXP 	window1: recordFrameIntervals = False
213.4689 	EXP 	Likebility_slider_3: autoDraw = False
213.4689 	EXP 	ratingText: autoDraw = False
213.4689 	EXP 	image: autoDraw = False
213.4689 	EXP 	instruct_Likeability_2: autoDraw = False
213.4690 	EXP 	window1: recordFrameIntervals = False
213.7381 	DATA 	Mouse:  Left button up, pos=(1532,54)
213.9384 	EXP 	New trial (rep=0, index=42): OrderedDict([('Type', 'Human'), ('Spatial_Frequency', 'BSF'), ('filepath', 'Stimuli For Psychopy/Human/matched-Rafd090_30_Caucasian_male_neutral_frontal.jpg'), ('file_name', 'matched-Rafd090_30_Caucasian_male_neutral_frontal.jpg')])
213.9545 	EXP 	Fixation: autoDraw = True
214.9545 	EXP 	Fixation: autoDraw = False
214.9545 	EXP 	Fixation: autoDraw = False
214.9545 	EXP 	Human_image: image = 'Stimuli For Psychopy/Human/matched-Rafd090_30_Caucasian_male_neutral_frontal.jpg'
214.9545 	EXP 	Human_image: autoDraw = True
215.9543 	EXP 	Human_image: autoDraw = False
215.9543 	EXP 	Human_image: autoDraw = False
215.9543 	EXP 	roi: autoDraw = False
215.9543 	EXP 	Likebility_slider_3: markerPos = None
215.9543 	EXP 	Likebility_slider_3: markerPos = 0.0
215.9543 	EXP 	Likebility_slider_3: autoDraw = True
215.9543 	EXP 	ratingText: autoDraw = True
215.9543 	EXP 	instruct_Likeability_2: autoDraw = True
216.4238 	DATA 	Mouse: Left button down, pos=(1037,433)
216.4522 	EXP 	Likebility_slider_3: markerPos = 14.259259259259267
216.4690 	EXP 	Likebility_slider_3: markerPos = 14.259259259259267
216.4855 	EXP 	Likebility_slider_3: markerPos = 14.259259259259267
216.4864 	DATA 	Mouse:  Left button up, pos=(1037,433)
216.5023 	EXP 	Likebility_slider_3: markerPos = 14.259259259259267
216.5188 	EXP 	image: autoDraw = True
216.8677 	DATA 	Mouse: Left button down, pos=(1345,90)
216.8698 	EXP 	window1: recordFrameIntervals = False
216.8855 	EXP 	Likebility_slider_3: autoDraw = False
216.8855 	EXP 	ratingText: autoDraw = False
216.8855 	EXP 	image: autoDraw = False
216.8855 	EXP 	instruct_Likeability_2: autoDraw = False
216.8857 	EXP 	window1: recordFrameIntervals = False
217.1541 	DATA 	Mouse:  Left button up, pos=(1345,90)
217.3542 	EXP 	New trial (rep=0, index=43): OrderedDict([('Type', 'Human'), ('Spatial_Frequency', 'HSF'), ('filepath', 'Stimuli For Psychopy/Human/matched-32-cpi-low-Rafd090_33_Caucasian_male_neutral_frontal.jpg'), ('file_name', 'matched-32-cpi-low-Rafd090_33_Caucasian_male_neutral_frontal.jpg')])
217.3689 	EXP 	Fixation: autoDraw = True
218.3711 	EXP 	Fixation: autoDraw = False
218.3711 	EXP 	Fixation: autoDraw = False
218.3711 	EXP 	Human_image: image = 'Stimuli For Psychopy/Human/matched-32-cpi-low-Rafd090_33_Caucasian_male_neutral_frontal.jpg'
218.3711 	EXP 	Human_image: autoDraw = True
219.3838 	EXP 	Human_image: autoDraw = False
219.3838 	EXP 	Human_image: autoDraw = False
219.3838 	EXP 	roi: autoDraw = False
219.3838 	EXP 	Likebility_slider_3: markerPos = None
219.3838 	EXP 	Likebility_slider_3: markerPos = 0.0
219.3838 	EXP 	Likebility_slider_3: autoDraw = True
219.3838 	EXP 	ratingText: autoDraw = True
219.3838 	EXP 	instruct_Likeability_2: autoDraw = True
220.1847 	DATA 	Mouse: Left button down, pos=(924,427)
220.2024 	EXP 	Likebility_slider_3: markerPos = -6.666666666666671
220.2190 	EXP 	Likebility_slider_3: markerPos = -6.666666666666671
220.2355 	EXP 	Likebility_slider_3: markerPos = -6.666666666666671
220.2522 	EXP 	Likebility_slider_3: markerPos = -6.666666666666671
220.2689 	EXP 	Likebility_slider_3: markerPos = -6.666666666666671
220.2695 	DATA 	Mouse:  Left button up, pos=(924,427)
220.2854 	EXP 	Likebility_slider_3: markerPos = -6.666666666666671
220.3021 	EXP 	image: autoDraw = True
220.8205 	DATA 	Mouse: Left button down, pos=(1451,108)
220.8355 	EXP 	window1: recordFrameIntervals = False
220.8520 	EXP 	Likebility_slider_3: autoDraw = False
220.8520 	EXP 	ratingText: autoDraw = False
220.8520 	EXP 	image: autoDraw = False
220.8520 	EXP 	instruct_Likeability_2: autoDraw = False
220.8521 	EXP 	window1: recordFrameIntervals = False
221.1196 	DATA 	Mouse:  Left button up, pos=(1451,108)
221.3202 	EXP 	New trial (rep=0, index=44): OrderedDict([('Type', 'Human'), ('Spatial_Frequency', 'BSF'), ('filepath', 'Stimuli For Psychopy/Human/matched-Rafd090_28_Caucasian_male_neutral_frontal.jpg'), ('file_name', 'matched-Rafd090_28_Caucasian_male_neutral_frontal.jpg')])
221.3234 	EXP 	Fixation: autoDraw = True
222.3340 	EXP 	Fixation: autoDraw = False
222.3340 	EXP 	Fixation: autoDraw = False
222.3340 	EXP 	Human_image: image = 'Stimuli For Psychopy/Human/matched-Rafd090_28_Caucasian_male_neutral_frontal.jpg'
222.3340 	EXP 	Human_image: autoDraw = True
223.3376 	EXP 	Human_image: autoDraw = False
223.3376 	EXP 	Human_image: autoDraw = False
223.3376 	EXP 	roi: autoDraw = False
223.3376 	EXP 	Likebility_slider_3: markerPos = None
223.3376 	EXP 	Likebility_slider_3: markerPos = 0.0
223.3376 	EXP 	Likebility_slider_3: autoDraw = True
223.3376 	EXP 	ratingText: autoDraw = True
223.3376 	EXP 	instruct_Likeability_2: autoDraw = True
224.1526 	DATA 	Mouse: Left button down, pos=(865,426)
224.1687 	EXP 	Likebility_slider_3: markerPos = -17.592592592592595
224.1853 	EXP 	Likebility_slider_3: markerPos = -17.592592592592595
224.2020 	EXP 	Likebility_slider_3: markerPos = -17.592592592592595
224.2187 	EXP 	Likebility_slider_3: markerPos = -17.592592592592595
224.2233 	DATA 	Mouse:  Left button up, pos=(865,426)
224.2337 	EXP 	Likebility_slider_3: markerPos = -17.592592592592595
224.2520 	EXP 	Likebility_slider_3: markerPos = -17.592592592592595
224.2688 	EXP 	image: autoDraw = True
225.1692 	DATA 	Mouse: Left button down, pos=(1445,77)
225.1705 	EXP 	window1: recordFrameIntervals = False
225.1853 	EXP 	Likebility_slider_3: autoDraw = False
225.1853 	EXP 	ratingText: autoDraw = False
225.1853 	EXP 	image: autoDraw = False
225.1853 	EXP 	instruct_Likeability_2: autoDraw = False
225.1854 	EXP 	window1: recordFrameIntervals = False
225.4550 	DATA 	Mouse:  Left button up, pos=(1445,77)
226.6718 	EXP 	eyetracker.setRecordingState(False)
226.7263 	EXP 	window1: mouseVisible = True
