1.4637 	WARNING 	We strongly recommend you activate the PTB sound engine in PsychoPy prefs as the preferred audio engine. Its timing is vastly superior. Your prefs are currently set to use ['sounddevice', 'PTB', 'pyo', 'pygame'] (in that order).
14.9285 	EXP 	Created window1 = Window(allowGUI=True, allowStencil=False, autoLog=True, backendConf=UNKNOWN, bitsMode=UNKNOWN, blendMode='avg', bpc=(8, 8, 8), color=array([0, 0, 0]), colorSpace='rgb', depthBits=8, fullscr=<method-wrapper '__getattribute__' of attributeSetter object at 0x0000021B85E9D250>, gamma=None, gammaErrorPolicy='raise', lms=UNKNOWN, monitor=<psychopy.monitors.calibTools.Monitor object at 0x0000021B87EF9100>, multiSample=False, name='window1', numSamples=2, pos=(0, 0), screen=0, size=array([1920, 1080]), stencilBits=0, stereo=False, units='height', useFBO=True, useRetina=False, viewOri=0.0, viewPos=None, viewScale=None, waitBlanking=True, winType='pyglet')
14.9286 	EXP 	window1: mouseVisible = True
14.9287 	EXP 	window1: mouseVisible = False
14.9287 	EXP 	window1: Attempting to measure frame rate of screen (0) ...
14.9287 	EXP 	window1: recordFrameIntervals = False
15.0948 	EXP 	window1: recordFrameIntervals = True
15.2775 	EXP 	Screen (0) actual frame rate measured at 60.33Hz
15.2776 	EXP 	window1: recordFrameIntervals = False
17.7042 	EXP 	Created instruction = TextStim(__class__=<class 'psychopy.visual.text.TextStim'>, alignHoriz=method-wrapper(...), alignText='center', alignVert=method-wrapper(...), anchorHoriz='center', anchorVert='center', antialias=True, autoDraw=False, autoLog=True, bold=False, color=array([1, 1, 1]), colorSpace='rgb', contrast=1.0, depth=0.0, flipHoriz=False, flipVert=False, font='Open Sans', fontFiles=[], height=0.05, italic=False, languageStyle='LTR', name='instruction', opacity=1.0, ori=0.0, pos=array([0., 0.]), rgb=UNKNOWN, text='PRESS SPACE BAR TO PROCEED TO EXPERIMENT ', units='height', win=Window(...), wrapWidth=1)
17.7066 	EXP 	Created Fixation = ShapeStim(__class__=<class 'psychopy.visual.shape.ShapeStim'>, anchor=('center', 'center'), autoDraw=False, autoLog=True, closeShape=True, color=method-wrapper(...), colorSpace='rgb', contrast=None, depth=0.0, fillColor=array([ 1, -1, -1]), fillColorSpace='rgb', fillRGB=array([ 1, -1, -1]), interpolate=True, lineColor=array([ 1, -1, -1]), lineColorSpace='rgb', lineRGB=array([ 1, -1, -1]), lineWidth=1.0, name='Fixation', opacity=1.0, ori=0.0, pos=array([0., 0.]), size=array([0.05, 0.05]), units='height', vertices=ndarray(...), win=Window(...), windingRule=None)
17.7128 	EXP 	Created Human_image = ImageStim(__class__=<class 'psychopy.visual.image.ImageStim'>, anchor=('center', 'center'), autoLog=True, color=array([1, 1, 1]), colorSpace='rgb', contrast=1.0, depth=0.0, flipHoriz=False, flipVert=False, image='sin', interpolate=True, mask=None, maskParams=None, name='Human_image', opacity=1.0, ori=0.0, pos=array([0., 0.]), size=array([0.5, 0.5]), texRes=128.0, units='height', win=Window(...))
17.7139 	EXP 	Created roi = ROI(__class__=<class 'psychopy.visual.roi.ROI'>, anchor=('center', 'center'), autoDraw=False, autoLog=True, closeShape=True, color=method-wrapper(...), colorSpace='rgb', contrast=None, depth=0, fillColor=array([ 1, -1, -1]), fillColorSpace='rgb', fillRGB=array([ 1, -1, -1]), interpolate=True, lineColor=array([-1, -1, -1]), lineColorSpace='rgb', lineRGB=array([-1, -1, -1]), lineWidth=1.5, name='roi', opacity=0.0, ori=0.0, pos=array([0., 0.]), size=array([0.5, 0.5]), units='height', vertices=ndarray(...), win=Window(...), windingRule=None)
17.7186 	EXP 	window1: mouseVisible = True
17.7765 	EXP 	Created Likebility_slider_3 = Slider(__class__=<class 'psychopy.visual.slider.Slider'>, autoDraw=False, autoLog=True, borderColor=None, color=None, colorSpace='rgb', depth=-1, fillColor=None, flip=False, font='Open Sans', granularity=0.0, labelColor=None, labelHeight=0.05, labelWrapWidth=None, labels=['Least', 'Most'], lineColor=None, markerColor=None, name='Likebility_slider_3', opacity=None, ori=0.0, pos=array([ 0. , -0.1]), readOnly=False, self=UNKNOWN, size=array([1. , 0.1]), startValue=0.0, style='slider', styleTweaks=[], ticks=array([-100,  100]), units='height', win=Window(...))
17.7770 	EXP 	Created ratingText = TextStim(__class__=<class 'psychopy.visual.text.TextStim'>, alignHoriz=method-wrapper(...), alignText='center', alignVert=method-wrapper(...), anchorHoriz='center', anchorVert='center', antialias=True, autoDraw=False, autoLog=True, bold=False, color=array([1, 1, 1]), colorSpace='rgb', contrast=1.0, depth=-2.0, flipHoriz=False, flipVert=False, font='Open Sans', fontFiles=[], height=0.05, italic=False, languageStyle='LTR', name='ratingText', opacity=1.0, ori=0.0, pos=array([ 0. , -0.3]), rgb=UNKNOWN, text='', units='height', win=Window(...), wrapWidth=1)
17.8002 	EXP 	Created image = ImageStim(__class__=<class 'psychopy.visual.image.ImageStim'>, anchor=('center', 'center'), autoLog=True, color=array([1, 1, 1]), colorSpace='rgb', contrast=1.0, depth=-3.0, flipHoriz=False, flipVert=False, image='Button_Image.png', interpolate=True, mask=None, maskParams=None, name='image', opacity=1.0, ori=0.0, pos=array([ 0.49, -0.43]), size=array([0.33 , 0.106]), texRes=128.0, units='height', win=Window(...))
17.8003 	EXP 	window1: mouseVisible = True
17.8089 	EXP 	Created instruct_Likeability_2 = TextStim(__class__=<class 'psychopy.visual.text.TextStim'>, alignHoriz=method-wrapper(...), alignText='center', alignVert=method-wrapper(...), anchorHoriz='center', anchorVert='center', antialias=True, autoDraw=False, autoLog=True, bold=False, color=array([1, 1, 1]), colorSpace='rgb', contrast=1.0, depth=-5.0, flipHoriz=False, flipVert=False, font='Open Sans', fontFiles=[], height=0.05, italic=False, languageStyle='LTR', name='instruct_Likeability_2', opacity=1.0, ori=0.0, pos=array([0., 0.]), rgb=UNKNOWN, text='Rate the Likeability', units='height', win=Window(...), wrapWidth=1)
17.8121 	EXP 	Created calibrationTarget = ShapeStim(__class__=<class 'psychopy.visual.shape.ShapeStim'>, anchor=('center', 'center'), autoDraw=False, autoLog=True, closeShape=True, color=method-wrapper(...), colorSpace='rgb', contrast=None, depth=0, fillColor=array([0, 0, 0]), fillColorSpace='rgb', fillRGB=array([0, 0, 0]), interpolate=True, lineColor=array([-1, -1, -1]), lineColorSpace='rgb', lineRGB=array([-1, -1, -1]), lineWidth=2.0, name='calibrationTarget', opacity=1.0, ori=0.0, pos=array([0., 0.]), size=array([0., 0.]), units='height', vertices=ndarray(...), win=Window(...), windingRule=None)
17.8156 	EXP 	Created calibrationTargetInner = ShapeStim(__class__=<class 'psychopy.visual.shape.ShapeStim'>, anchor=('center', 'center'), autoDraw=False, autoLog=True, closeShape=True, color=method-wrapper(...), colorSpace='rgb', contrast=None, depth=0, fillColor=array([-1.        ,  0.00392157, -1.        ]), fillColorSpace='rgb', fillRGB=array([-1.        ,  0.00392157, -1.        ]), interpolate=True, lineColor=array([-1, -1, -1]), lineColorSpace='rgb', lineRGB=array([-1, -1, -1]), lineWidth=2.0, name='calibrationTargetInner', opacity=1.0, ori=0.0, pos=array([0., 0.]), size=array([0., 0.]), units='height', vertices=ndarray(...), win=Window(...), windingRule=None)
27.9739 	EXP 	Likebility_slider_3: autoLog = True
27.9739 	EXP 	Likebility_slider_3: markerPos = 0.0
27.9739 	EXP 	Likebility_slider_3: styleTweaks = []
27.9739 	EXP 	Likebility_slider_3: styleTweaks = []
27.9739 	EXP 	Likebility_slider_3: styleTweaks = []
27.9739 	EXP 	Likebility_slider_3: styleTweaks = []
27.9739 	EXP 	Likebility_slider_3: contrast = 1.0
27.9739 	EXP 	Likebility_slider_3: autoLog = True
27.9827 	EXP 	instruction: autoDraw = True
31.4946 	EXP 	eyetracker.clearEvents()
31.4953 	EXP 	eyetracker.setRecordingState(True)
31.4991 	EXP 	Imported Human Stimuli  - Human Stimuli.csv as conditions, 45 conditions, 4 params
31.4995 	EXP 	Created sequence: random, trialTypes=45, nReps=1, seed=None
31.4998 	EXP 	New trial (rep=0, index=0): OrderedDict([('Type', 'Human'), ('Spatial_Frequency', 'LSF'), ('filepath', 'Stimuli For Psychopy/Human/matched-8-cpi-low-Rafd090_01_Caucasian_female_neutral_frontal.jpg'), ('file_name', 'matched-8-cpi-low-Rafd090_01_Caucasian_female_neutral_frontal.jpg')])
31.5016 	DATA 	Keypress: space
31.5104 	EXP 	instruction: autoDraw = False
31.5104 	EXP 	Fixation: autoDraw = True
32.5137 	EXP 	Fixation: autoDraw = False
32.5137 	EXP 	Fixation: autoDraw = False
32.5137 	EXP 	Human_image: image = 'Stimuli For Psychopy/Human/matched-8-cpi-low-Rafd090_01_Caucasian_female_neutral_frontal.jpg'
32.5137 	EXP 	Human_image: autoDraw = True
33.5271 	EXP 	Human_image: autoDraw = False
33.5271 	EXP 	roi: autoDraw = False
33.5271 	EXP 	Likebility_slider_3: markerPos = None
33.5271 	EXP 	Likebility_slider_3: markerPos = 0.0
33.5271 	EXP 	Likebility_slider_3: autoDraw = True
33.5271 	EXP 	ratingText: autoDraw = True
33.5271 	EXP 	instruct_Likeability_2: autoDraw = True
43.4448 	DATA 	Mouse: Left button down, pos=(1145,449)
43.4745 	EXP 	Likebility_slider_3: markerPos = 34.25925925925927
43.4912 	EXP 	Likebility_slider_3: markerPos = 34.25925925925927
43.5080 	EXP 	Likebility_slider_3: markerPos = 34.25925925925927
43.5247 	EXP 	Likebility_slider_3: markerPos = 34.25925925925927
43.5416 	EXP 	Likebility_slider_3: markerPos = 34.25925925925927
43.5421 	DATA 	Mouse:  Left button up, pos=(1145,449)
43.5581 	EXP 	Likebility_slider_3: markerPos = 34.25925925925927
43.5745 	EXP 	image: autoDraw = True
44.8318 	DATA 	Mouse: Left button down, pos=(1591,79)
44.8459 	EXP 	window1: recordFrameIntervals = False
44.8601 	EXP 	Likebility_slider_3: autoDraw = False
44.8601 	EXP 	ratingText: autoDraw = False
44.8601 	EXP 	image: autoDraw = False
44.8601 	EXP 	instruct_Likeability_2: autoDraw = False
44.8603 	EXP 	window1: recordFrameIntervals = False
45.1306 	DATA 	Mouse:  Left button up, pos=(1591,79)
45.3312 	EXP 	New trial (rep=0, index=1): OrderedDict([('Type', 'Human'), ('Spatial_Frequency', 'HSF'), ('filepath', 'Stimuli For Psychopy/Human/matched-32-cpi-low-Rafd090_16_Caucasian_female_neutral_frontal.jpg'), ('file_name', 'matched-32-cpi-low-Rafd090_16_Caucasian_female_neutral_frontal.jpg')])
45.3434 	EXP 	Fixation: autoDraw = True
46.3434 	EXP 	Fixation: autoDraw = False
46.3434 	EXP 	Fixation: autoDraw = False
46.3434 	EXP 	Human_image: image = 'Stimuli For Psychopy/Human/matched-32-cpi-low-Rafd090_16_Caucasian_female_neutral_frontal.jpg'
46.3601 	EXP 	Human_image: autoDraw = True
47.3560 	EXP 	Human_image: autoDraw = False
47.3560 	EXP 	Human_image: autoDraw = False
47.3560 	EXP 	roi: autoDraw = False
47.3560 	EXP 	Likebility_slider_3: markerPos = None
47.3560 	EXP 	Likebility_slider_3: markerPos = 0.0
47.3560 	EXP 	Likebility_slider_3: autoDraw = True
47.3560 	EXP 	ratingText: autoDraw = True
47.3560 	EXP 	instruct_Likeability_2: autoDraw = True
50.9090 	DATA 	Mouse: Left button down, pos=(1065,430)
50.9244 	EXP 	Likebility_slider_3: markerPos = 19.444444444444443
50.9410 	EXP 	Likebility_slider_3: markerPos = 19.444444444444443
50.9577 	EXP 	Likebility_slider_3: markerPos = 19.444444444444443
50.9744 	EXP 	Likebility_slider_3: markerPos = 19.814814814814824
50.9783 	DATA 	Mouse:  Left button up, pos=(1067,430)
50.9911 	EXP 	Likebility_slider_3: markerPos = 19.814814814814824
51.0077 	EXP 	image: autoDraw = True
51.7580 	DATA 	Mouse: Left button down, pos=(1556,85)
51.7595 	EXP 	window1: recordFrameIntervals = False
51.7743 	EXP 	Likebility_slider_3: autoDraw = False
51.7743 	EXP 	ratingText: autoDraw = False
51.7743 	EXP 	image: autoDraw = False
51.7743 	EXP 	instruct_Likeability_2: autoDraw = False
51.7744 	EXP 	window1: recordFrameIntervals = False
52.0438 	DATA 	Mouse:  Left button up, pos=(1556,85)
52.2442 	EXP 	New trial (rep=0, index=2): OrderedDict([('Type', 'Human'), ('Spatial_Frequency', 'LSF'), ('filepath', 'Stimuli For Psychopy/Human/matched-8-cpi-low-Rafd090_32_Caucasian_female_neutral_frontal.jpg'), ('file_name', 'matched-8-cpi-low-Rafd090_32_Caucasian_female_neutral_frontal.jpg')])
52.2474 	EXP 	Fixation: autoDraw = True
53.2577 	EXP 	Fixation: autoDraw = False
53.2577 	EXP 	Fixation: autoDraw = False
53.2577 	EXP 	Human_image: image = 'Stimuli For Psychopy/Human/matched-8-cpi-low-Rafd090_32_Caucasian_female_neutral_frontal.jpg'
53.2577 	EXP 	Human_image: autoDraw = True
54.2603 	EXP 	Human_image: autoDraw = False
54.2603 	EXP 	Human_image: autoDraw = False
54.2603 	EXP 	roi: autoDraw = False
54.2603 	EXP 	Likebility_slider_3: markerPos = None
54.2603 	EXP 	Likebility_slider_3: markerPos = 0.0
54.2603 	EXP 	Likebility_slider_3: autoDraw = True
54.2603 	EXP 	ratingText: autoDraw = True
54.2603 	EXP 	instruct_Likeability_2: autoDraw = True
54.9750 	DATA 	Mouse: Left button down, pos=(804,435)
54.9913 	EXP 	Likebility_slider_3: markerPos = -28.888888888888886
55.0076 	EXP 	Likebility_slider_3: markerPos = -28.888888888888886
55.0243 	EXP 	Likebility_slider_3: markerPos = -28.888888888888886
55.0409 	EXP 	Likebility_slider_3: markerPos = -28.888888888888886
55.0421 	DATA 	Mouse:  Left button up, pos=(804,435)
55.0577 	EXP 	Likebility_slider_3: markerPos = -28.888888888888886
55.0742 	EXP 	image: autoDraw = True
55.7232 	DATA 	Mouse: Left button down, pos=(1633,77)
55.7249 	EXP 	window1: recordFrameIntervals = False
55.7412 	EXP 	Likebility_slider_3: autoDraw = False
55.7412 	EXP 	ratingText: autoDraw = False
55.7412 	EXP 	image: autoDraw = False
55.7412 	EXP 	instruct_Likeability_2: autoDraw = False
55.7413 	EXP 	window1: recordFrameIntervals = False
56.0096 	DATA 	Mouse:  Left button up, pos=(1633,77)
56.2097 	EXP 	New trial (rep=0, index=3): OrderedDict([('Type', 'Human'), ('Spatial_Frequency', 'BSF'), ('filepath', 'Stimuli For Psychopy/Human/matched-Rafd090_22_Caucasian_female_neutral_frontal.jpg'), ('file_name', 'matched-Rafd090_22_Caucasian_female_neutral_frontal.jpg')])
56.2119 	EXP 	Fixation: autoDraw = True
57.2233 	EXP 	Fixation: autoDraw = False
57.2233 	EXP 	Fixation: autoDraw = False
57.2233 	EXP 	Human_image: image = 'Stimuli For Psychopy/Human/matched-Rafd090_22_Caucasian_female_neutral_frontal.jpg'
57.2233 	EXP 	Human_image: autoDraw = True
58.2264 	EXP 	Human_image: autoDraw = False
58.2264 	EXP 	Human_image: autoDraw = False
58.2264 	EXP 	roi: autoDraw = False
58.2264 	EXP 	Likebility_slider_3: markerPos = None
58.2264 	EXP 	Likebility_slider_3: markerPos = 0.0
58.2264 	EXP 	Likebility_slider_3: autoDraw = True
58.2264 	EXP 	ratingText: autoDraw = True
58.2264 	EXP 	instruct_Likeability_2: autoDraw = True
59.0584 	DATA 	Mouse: Left button down, pos=(692,434)
59.0743 	EXP 	Likebility_slider_3: markerPos = -49.629629629629626
59.0908 	EXP 	Likebility_slider_3: markerPos = -49.629629629629626
59.1075 	EXP 	Likebility_slider_3: markerPos = -49.629629629629626
59.1242 	EXP 	Likebility_slider_3: markerPos = -49.629629629629626
59.1409 	EXP 	Likebility_slider_3: markerPos = -49.629629629629626
59.1415 	DATA 	Mouse:  Left button up, pos=(692,434)
59.1570 	EXP 	Likebility_slider_3: markerPos = -49.629629629629626
59.1741 	EXP 	image: autoDraw = True
60.6269 	DATA 	Mouse: Left button down, pos=(977,480)
60.6431 	EXP 	Likebility_slider_3: markerPos = 3.148148148148138
60.6597 	EXP 	Likebility_slider_3: markerPos = 3.148148148148138
60.6764 	EXP 	Likebility_slider_3: markerPos = 3.148148148148138
60.6767 	DATA 	Mouse:  Left button up, pos=(977,480)
60.6932 	EXP 	Likebility_slider_3: markerPos = 3.148148148148138
61.8578 	DATA 	Mouse: Left button down, pos=(1491,104)
61.8593 	EXP 	window1: recordFrameIntervals = False
61.8742 	EXP 	Likebility_slider_3: autoDraw = False
61.8742 	EXP 	ratingText: autoDraw = False
61.8742 	EXP 	image: autoDraw = False
61.8742 	EXP 	instruct_Likeability_2: autoDraw = False
61.8743 	EXP 	window1: recordFrameIntervals = False
62.1440 	DATA 	Mouse:  Left button up, pos=(1491,104)
62.3444 	EXP 	New trial (rep=0, index=4): OrderedDict([('Type', 'Human'), ('Spatial_Frequency', 'BSF'), ('filepath', 'Stimuli For Psychopy/Human/matched-Rafd090_18_Caucasian_female_neutral_frontal.jpg'), ('file_name', 'matched-Rafd090_18_Caucasian_female_neutral_frontal.jpg')])
62.3464 	EXP 	Fixation: autoDraw = True
63.3569 	EXP 	Fixation: autoDraw = False
63.3569 	EXP 	Fixation: autoDraw = False
63.3569 	EXP 	Human_image: image = 'Stimuli For Psychopy/Human/matched-Rafd090_18_Caucasian_female_neutral_frontal.jpg'
63.3569 	EXP 	Human_image: autoDraw = True
64.3595 	EXP 	Human_image: autoDraw = False
64.3595 	EXP 	Human_image: autoDraw = False
64.3595 	EXP 	roi: autoDraw = False
64.3595 	EXP 	Likebility_slider_3: markerPos = None
64.3595 	EXP 	Likebility_slider_3: markerPos = 0.0
64.3595 	EXP 	Likebility_slider_3: autoDraw = True
64.3595 	EXP 	ratingText: autoDraw = True
64.3595 	EXP 	instruct_Likeability_2: autoDraw = True
73.2603 	DATA 	Mouse: Left button down, pos=(1322,436)
73.2761 	EXP 	Likebility_slider_3: markerPos = 67.03703703703704
73.2928 	EXP 	Likebility_slider_3: markerPos = 67.03703703703704
73.3095 	EXP 	Likebility_slider_3: markerPos = 67.03703703703704
73.3261 	EXP 	Likebility_slider_3: markerPos = 67.03703703703704
73.3274 	DATA 	Mouse:  Left button up, pos=(1322,436)
73.3427 	EXP 	Likebility_slider_3: markerPos = 67.03703703703704
73.3594 	EXP 	image: autoDraw = True
74.9742 	DATA 	Mouse: Left button down, pos=(1250,424)
74.9905 	EXP 	Likebility_slider_3: markerPos = 53.703703703703724
75.0071 	EXP 	Likebility_slider_3: markerPos = 53.703703703703724
75.0240 	EXP 	Likebility_slider_3: markerPos = 53.703703703703724
75.0405 	EXP 	Likebility_slider_3: markerPos = 53.703703703703724
75.0452 	DATA 	Mouse:  Left button up, pos=(1250,424)
75.0572 	EXP 	Likebility_slider_3: markerPos = 53.703703703703724
75.0723 	EXP 	Likebility_slider_3: markerPos = 53.703703703703724
75.6270 	DATA 	Mouse: Left button down, pos=(1620,57)
75.6286 	EXP 	window1: recordFrameIntervals = False
75.6427 	EXP 	Likebility_slider_3: autoDraw = False
75.6427 	EXP 	ratingText: autoDraw = False
75.6427 	EXP 	image: autoDraw = False
75.6427 	EXP 	instruct_Likeability_2: autoDraw = False
75.6428 	EXP 	window1: recordFrameIntervals = False
75.9139 	DATA 	Mouse:  Left button up, pos=(1620,57)
76.1136 	EXP 	New trial (rep=0, index=5): OrderedDict([('Type', 'Human'), ('Spatial_Frequency', 'HSF'), ('filepath', 'Stimuli For Psychopy/Human/matched-32-cpi-low-Rafd090_36_Caucasian_male_neutral_frontal.jpg'), ('file_name', 'matched-32-cpi-low-Rafd090_36_Caucasian_male_neutral_frontal.jpg')])
76.1257 	EXP 	Fixation: autoDraw = True
77.1260 	EXP 	Fixation: autoDraw = False
77.1260 	EXP 	Fixation: autoDraw = False
77.1260 	EXP 	Human_image: image = 'Stimuli For Psychopy/Human/matched-32-cpi-low-Rafd090_36_Caucasian_male_neutral_frontal.jpg'
77.1426 	EXP 	Human_image: autoDraw = True
78.1553 	EXP 	Human_image: autoDraw = False
78.1553 	EXP 	roi: autoDraw = False
78.1553 	EXP 	Likebility_slider_3: markerPos = None
78.1553 	EXP 	Likebility_slider_3: markerPos = 0.0
78.1553 	EXP 	Likebility_slider_3: autoDraw = True
78.1553 	EXP 	ratingText: autoDraw = True
78.1553 	EXP 	instruct_Likeability_2: autoDraw = True
79.2576 	DATA 	Mouse: Left button down, pos=(944,406)
79.2737 	EXP 	Likebility_slider_3: markerPos = -2.962962962962962
79.2903 	EXP 	Likebility_slider_3: markerPos = -2.962962962962962
79.3071 	EXP 	Likebility_slider_3: markerPos = -2.962962962962962
79.3240 	EXP 	Likebility_slider_3: markerPos = -2.962962962962962
79.3405 	EXP 	Likebility_slider_3: markerPos = -2.962962962962962
79.3411 	DATA 	Mouse:  Left button up, pos=(944,406)
79.3571 	EXP 	Likebility_slider_3: markerPos = -2.962962962962962
79.3720 	EXP 	image: autoDraw = True
80.2763 	DATA 	Mouse: Left button down, pos=(794,457)
80.2925 	EXP 	Likebility_slider_3: markerPos = -30.740740740740733
80.3092 	EXP 	Likebility_slider_3: markerPos = -30.740740740740733
80.3262 	EXP 	Likebility_slider_3: markerPos = -30.740740740740733
80.3426 	EXP 	Likebility_slider_3: markerPos = -30.740740740740733
80.3593 	EXP 	Likebility_slider_3: markerPos = -30.740740740740733
80.3596 	DATA 	Mouse:  Left button up, pos=(795,457)
80.3759 	EXP 	Likebility_slider_3: markerPos = -30.740740740740733
80.8593 	DATA 	Mouse: Left button down, pos=(1626,60)
80.8740 	EXP 	window1: recordFrameIntervals = False
80.8903 	EXP 	Likebility_slider_3: autoDraw = False
80.8903 	EXP 	ratingText: autoDraw = False
80.8903 	EXP 	image: autoDraw = False
80.8903 	EXP 	instruct_Likeability_2: autoDraw = False
80.8905 	EXP 	window1: recordFrameIntervals = False
81.1593 	DATA 	Mouse:  Left button up, pos=(1626,60)
81.3586 	EXP 	New trial (rep=0, index=6): OrderedDict([('Type', 'Human'), ('Spatial_Frequency', 'BSF'), ('filepath', 'Stimuli For Psychopy/Human/matched-Rafd090_37_Caucasian_female_neutral_frontal.jpg'), ('file_name', 'matched-Rafd090_37_Caucasian_female_neutral_frontal.jpg')])
81.3605 	EXP 	Fixation: autoDraw = True
82.3720 	EXP 	Fixation: autoDraw = False
82.3720 	EXP 	Fixation: autoDraw = False
82.3720 	EXP 	Human_image: image = 'Stimuli For Psychopy/Human/matched-Rafd090_37_Caucasian_female_neutral_frontal.jpg'
82.3720 	EXP 	Human_image: autoDraw = True
83.3757 	EXP 	Human_image: autoDraw = False
83.3757 	EXP 	Human_image: autoDraw = False
83.3757 	EXP 	roi: autoDraw = False
83.3757 	EXP 	Likebility_slider_3: markerPos = None
83.3757 	EXP 	Likebility_slider_3: markerPos = 0.0
83.3757 	EXP 	Likebility_slider_3: autoDraw = True
83.3757 	EXP 	ratingText: autoDraw = True
83.3757 	EXP 	instruct_Likeability_2: autoDraw = True
84.5578 	DATA 	Mouse: Left button down, pos=(746,407)
84.5736 	EXP 	Likebility_slider_3: markerPos = -39.62962962962963
84.5906 	EXP 	Likebility_slider_3: markerPos = -39.62962962962963
84.6069 	EXP 	Likebility_slider_3: markerPos = -39.62962962962963
84.6113 	DATA 	Mouse:  Left button up, pos=(746,407)
84.6221 	EXP 	Likebility_slider_3: markerPos = -39.62962962962963
84.6402 	EXP 	Likebility_slider_3: markerPos = -39.62962962962963
84.6571 	EXP 	image: autoDraw = True
85.3406 	DATA 	Mouse: Left button down, pos=(1541,95)
85.3422 	EXP 	window1: recordFrameIntervals = False
85.3571 	EXP 	Likebility_slider_3: autoDraw = False
85.3571 	EXP 	ratingText: autoDraw = False
85.3571 	EXP 	image: autoDraw = False
85.3571 	EXP 	instruct_Likeability_2: autoDraw = False
85.3572 	EXP 	window1: recordFrameIntervals = False
85.6262 	DATA 	Mouse:  Left button up, pos=(1541,95)
85.8265 	EXP 	New trial (rep=0, index=7): OrderedDict([('Type', 'Human'), ('Spatial_Frequency', 'HSF'), ('filepath', 'Stimuli For Psychopy/Human/matched-32-cpi-low-Rafd090_24_Caucasian_male_neutral_frontal.jpg'), ('file_name', 'matched-32-cpi-low-Rafd090_24_Caucasian_male_neutral_frontal.jpg')])
85.8303 	EXP 	Fixation: autoDraw = True
86.1933 	DATA 	Keypress: escape
86.5768 	EXP 	window1: mouseVisible = True
