1.5322 	WARNING 	We strongly recommend you activate the PTB sound engine in PsychoPy prefs as the preferred audio engine. Its timing is vastly superior. Your prefs are currently set to use ['sounddevice', 'PTB', 'pyo', 'pygame'] (in that order).
12.2795 	EXP 	Created window1 = Window(allowGUI=True, allowStencil=False, autoLog=True, backendConf=UNKNOWN, bitsMode=UNKNOWN, blendMode='avg', bpc=(8, 8, 8), color=array([0, 0, 0]), colorSpace='rgb', depthBits=8, fullscr=<method-wrapper '__getattribute__' of attributeSetter object at 0x000001FC4BC813A0>, gamma=None, gammaErrorPolicy='raise', lms=UNKNOWN, monitor=<psychopy.monitors.calibTools.Monitor object at 0x000001FC4CE01280>, multiSample=False, name='window1', numSamples=2, pos=(0, 0), screen=0, size=array([1920, 1080]), stencilBits=0, stereo=False, units='height', useFBO=True, useRetina=False, viewOri=0.0, viewPos=None, viewScale=None, waitBlanking=True, winType='pyglet')
12.2796 	EXP 	window1: mouseVisible = True
12.2796 	EXP 	window1: mouseVisible = False
12.2796 	EXP 	window1: Attempting to measure frame rate of screen (0) ...
12.2797 	EXP 	window1: recordFrameIntervals = False
12.4462 	EXP 	window1: recordFrameIntervals = True
12.6289 	EXP 	Screen (0) actual frame rate measured at 60.02Hz
12.6289 	EXP 	window1: recordFrameIntervals = False
14.6006 	EXP 	Created instruction = TextStim(__class__=<class 'psychopy.visual.text.TextStim'>, alignHoriz=method-wrapper(...), alignText='center', alignVert=method-wrapper(...), anchorHoriz='center', anchorVert='center', antialias=True, autoDraw=False, autoLog=True, bold=False, color=array([1, 1, 1]), colorSpace='rgb', contrast=1.0, depth=0.0, flipHoriz=False, flipVert=False, font='Open Sans', fontFiles=[], height=0.05, italic=False, languageStyle='LTR', name='instruction', opacity=1.0, ori=0.0, pos=array([0., 0.]), rgb=UNKNOWN, text='PRESS SPACE BAR TO PROCEED TO EXPERIMENT ', units='height', win=Window(...), wrapWidth=1)
14.6031 	EXP 	Created Fixation = ShapeStim(__class__=<class 'psychopy.visual.shape.ShapeStim'>, anchor=('center', 'center'), autoDraw=False, autoLog=True, closeShape=True, color=method-wrapper(...), colorSpace='rgb', contrast=None, depth=0.0, fillColor=array([ 1, -1, -1]), fillColorSpace='rgb', fillRGB=array([ 1, -1, -1]), interpolate=True, lineColor=array([ 1, -1, -1]), lineColorSpace='rgb', lineRGB=array([ 1, -1, -1]), lineWidth=1.0, name='Fixation', opacity=1.0, ori=0.0, pos=array([0., 0.]), size=array([0.05, 0.05]), units='height', vertices=ndarray(...), win=Window(...), windingRule=None)
14.6094 	EXP 	Created Human_image = ImageStim(__class__=<class 'psychopy.visual.image.ImageStim'>, anchor=('center', 'center'), autoLog=True, color=array([1, 1, 1]), colorSpace='rgb', contrast=1.0, depth=0.0, flipHoriz=False, flipVert=False, image='sin', interpolate=True, mask=None, maskParams=None, name='Human_image', opacity=1.0, ori=0.0, pos=array([0., 0.]), size=array([0.5, 0.5]), texRes=128.0, units='height', win=Window(...))
14.6111 	EXP 	Created roi = ROI(__class__=<class 'psychopy.visual.roi.ROI'>, anchor=('center', 'center'), autoDraw=False, autoLog=True, closeShape=True, color=method-wrapper(...), colorSpace='rgb', contrast=None, depth=0, fillColor=array([ 1, -1, -1]), fillColorSpace='rgb', fillRGB=array([ 1, -1, -1]), interpolate=True, lineColor=array([-1, -1, -1]), lineColorSpace='rgb', lineRGB=array([-1, -1, -1]), lineWidth=1.5, name='roi', opacity=0.0, ori=0.0, pos=array([0., 0.]), size=array([0.5, 0.5]), units='height', vertices=ndarray(...), win=Window(...), windingRule=None)
14.6159 	EXP 	window1: mouseVisible = True
14.6763 	EXP 	Created M_H_likeness_slider = Slider(__class__=<class 'psychopy.visual.slider.Slider'>, autoDraw=False, autoLog=True, borderColor=None, color=None, colorSpace='rgb', depth=-1, fillColor=None, flip=False, font='Open Sans', granularity=0.0, labelColor=None, labelHeight=0.05, labelWrapWidth=None, labels=['Mechanical', 'Human'], lineColor=None, markerColor=None, name='M_H_likeness_slider', opacity=None, ori=0.0, pos=array([ 0. , -0.1]), readOnly=False, self=UNKNOWN, size=array([1. , 0.1]), startValue=0.0, style='slider', styleTweaks=[], ticks=array([  0, 100]), units='height', win=Window(...))
14.6770 	EXP 	Created ratingText_2 = TextStim(__class__=<class 'psychopy.visual.text.TextStim'>, alignHoriz=method-wrapper(...), alignText='center', alignVert=method-wrapper(...), anchorHoriz='center', anchorVert='center', antialias=True, autoDraw=False, autoLog=True, bold=False, color=array([1, 1, 1]), colorSpace='rgb', contrast=1.0, depth=-2.0, flipHoriz=False, flipVert=False, font='Open Sans', fontFiles=[], height=0.05, italic=False, languageStyle='LTR', name='ratingText_2', opacity=1.0, ori=0.0, pos=array([ 0. , -0.3]), rgb=UNKNOWN, text='', units='height', win=Window(...), wrapWidth=1)
14.6980 	EXP 	Created image_2 = ImageStim(__class__=<class 'psychopy.visual.image.ImageStim'>, anchor=('center', 'center'), autoLog=True, color=array([1, 1, 1]), colorSpace='rgb', contrast=1.0, depth=-3.0, flipHoriz=False, flipVert=False, image='Button_Image.png', interpolate=True, mask=None, maskParams=None, name='image_2', opacity=1.0, ori=0.0, pos=array([ 0.49, -0.43]), size=array([0.33 , 0.106]), texRes=128.0, units='height', win=Window(...))
14.6981 	EXP 	window1: mouseVisible = True
14.7081 	EXP 	Created instruct_Mechano_humannnes = TextStim(__class__=<class 'psychopy.visual.text.TextStim'>, alignHoriz=method-wrapper(...), alignText='center', alignVert=method-wrapper(...), anchorHoriz='center', anchorVert='center', antialias=True, autoDraw=False, autoLog=True, bold=False, color=array([1, 1, 1]), colorSpace='rgb', contrast=1.0, depth=-5.0, flipHoriz=False, flipVert=False, font='Open Sans', fontFiles=[], height=0.05, italic=False, languageStyle='LTR', name='instruct_Mechano_humannnes', opacity=1.0, ori=0.0, pos=array([0., 0.]), rgb=UNKNOWN, text='Rate the Mechano-Humannes ', units='height', win=Window(...), wrapWidth=1)
14.7114 	EXP 	Created calibrationTarget = ShapeStim(__class__=<class 'psychopy.visual.shape.ShapeStim'>, anchor=('center', 'center'), autoDraw=False, autoLog=True, closeShape=True, color=method-wrapper(...), colorSpace='rgb', contrast=None, depth=0, fillColor=array([0, 0, 0]), fillColorSpace='rgb', fillRGB=array([0, 0, 0]), interpolate=True, lineColor=array([-1, -1, -1]), lineColorSpace='rgb', lineRGB=array([-1, -1, -1]), lineWidth=2.0, name='calibrationTarget', opacity=1.0, ori=0.0, pos=array([0., 0.]), size=array([0., 0.]), units='height', vertices=ndarray(...), win=Window(...), windingRule=None)
14.7146 	EXP 	Created calibrationTargetInner = ShapeStim(__class__=<class 'psychopy.visual.shape.ShapeStim'>, anchor=('center', 'center'), autoDraw=False, autoLog=True, closeShape=True, color=method-wrapper(...), colorSpace='rgb', contrast=None, depth=0, fillColor=array([-1.        ,  0.00392157, -1.        ]), fillColorSpace='rgb', fillRGB=array([-1.        ,  0.00392157, -1.        ]), interpolate=True, lineColor=array([-1, -1, -1]), lineColorSpace='rgb', lineRGB=array([-1, -1, -1]), lineWidth=2.0, name='calibrationTargetInner', opacity=1.0, ori=0.0, pos=array([0., 0.]), size=array([0., 0.]), units='height', vertices=ndarray(...), win=Window(...), windingRule=None)
55.1562 	EXP 	M_H_likeness_slider: autoLog = True
55.1562 	EXP 	M_H_likeness_slider: markerPos = 0.0
55.1562 	EXP 	M_H_likeness_slider: styleTweaks = []
55.1562 	EXP 	M_H_likeness_slider: styleTweaks = []
55.1562 	EXP 	M_H_likeness_slider: styleTweaks = []
55.1562 	EXP 	M_H_likeness_slider: styleTweaks = []
55.1562 	EXP 	M_H_likeness_slider: contrast = 1.0
55.1562 	EXP 	M_H_likeness_slider: autoLog = True
55.1672 	EXP 	instruction: autoDraw = True
61.1954 	EXP 	eyetracker.clearEvents()
61.1964 	EXP 	eyetracker.setRecordingState(True)
61.2003 	EXP 	Imported Human Stimuli  - Human Stimuli.csv as conditions, 45 conditions, 4 params
61.2007 	EXP 	Created sequence: random, trialTypes=45, nReps=1, seed=None
61.2010 	EXP 	New trial (rep=0, index=0): OrderedDict([('Type', 'Human'), ('Spatial_Frequency', 'LSF'), ('filepath', 'Stimuli For Psychopy/Human/matched-8-cpi-low-Rafd090_16_Caucasian_female_neutral_frontal.jpg'), ('file_name', 'matched-8-cpi-low-Rafd090_16_Caucasian_female_neutral_frontal.jpg')])
61.2021 	DATA 	Keypress: space
61.2114 	EXP 	instruction: autoDraw = False
61.2114 	EXP 	Fixation: autoDraw = True
62.2106 	EXP 	Fixation: autoDraw = False
62.2106 	EXP 	Fixation: autoDraw = False
62.2106 	EXP 	Human_image: image = 'Stimuli For Psychopy/Human/matched-8-cpi-low-Rafd090_16_Caucasian_female_neutral_frontal.jpg'
62.2106 	EXP 	Human_image: autoDraw = True
63.2101 	EXP 	Human_image: autoDraw = False
63.2101 	EXP 	Human_image: autoDraw = False
63.2101 	EXP 	roi: autoDraw = False
63.2101 	EXP 	M_H_likeness_slider: markerPos = None
63.2101 	EXP 	M_H_likeness_slider: markerPos = 0.0
63.2101 	EXP 	M_H_likeness_slider: autoDraw = True
63.2101 	EXP 	ratingText_2: autoDraw = True
63.2101 	EXP 	instruct_Mechano_humannnes: autoDraw = True
64.7798 	DATA 	Mouse: Left button down, pos=(1267,395)
64.8090 	EXP 	M_H_likeness_slider: markerPos = 78.42592592592592
64.8278 	EXP 	M_H_likeness_slider: markerPos = 78.42592592592592
64.8444 	EXP 	M_H_likeness_slider: markerPos = 78.42592592592592
64.8610 	EXP 	M_H_likeness_slider: markerPos = 78.42592592592592
64.8654 	DATA 	Mouse:  Left button up, pos=(1267,395)
64.8775 	EXP 	M_H_likeness_slider: markerPos = 78.42592592592592
64.8922 	EXP 	M_H_likeness_slider: markerPos = 78.42592592592592
64.9088 	EXP 	image_2: autoDraw = True
65.2115 	DATA 	Mouse: Left button down, pos=(1517,70)
65.2132 	EXP 	window1: recordFrameIntervals = False
65.2278 	EXP 	M_H_likeness_slider: autoDraw = False
65.2278 	EXP 	ratingText_2: autoDraw = False
65.2278 	EXP 	image_2: autoDraw = False
65.2278 	EXP 	instruct_Mechano_humannnes: autoDraw = False
65.2279 	EXP 	window1: recordFrameIntervals = False
65.4976 	DATA 	Mouse:  Left button up, pos=(1517,70)
65.6981 	EXP 	New trial (rep=0, index=1): OrderedDict([('Type', 'Human'), ('Spatial_Frequency', 'BSF'), ('filepath', 'Stimuli For Psychopy/Human/matched-Rafd090_19_Caucasian_female_neutral_frontal.jpg'), ('file_name', 'matched-Rafd090_19_Caucasian_female_neutral_frontal.jpg')])
65.7142 	EXP 	Fixation: autoDraw = True
66.7253 	EXP 	Fixation: autoDraw = False
66.7253 	EXP 	Fixation: autoDraw = False
66.7253 	EXP 	Human_image: image = 'Stimuli For Psychopy/Human/matched-Rafd090_19_Caucasian_female_neutral_frontal.jpg'
66.7253 	EXP 	Human_image: autoDraw = True
67.7255 	EXP 	Human_image: autoDraw = False
67.7255 	EXP 	Human_image: autoDraw = False
67.7255 	EXP 	roi: autoDraw = False
67.7255 	EXP 	M_H_likeness_slider: markerPos = None
67.7255 	EXP 	M_H_likeness_slider: markerPos = 0.0
67.7255 	EXP 	M_H_likeness_slider: autoDraw = True
67.7255 	EXP 	ratingText_2: autoDraw = True
67.7255 	EXP 	instruct_Mechano_humannnes: autoDraw = True
68.0764 	DATA 	Mouse: Left button down, pos=(1228,442)
68.0943 	EXP 	M_H_likeness_slider: markerPos = 74.81481481481481
68.1109 	EXP 	M_H_likeness_slider: markerPos = 74.9074074074074
68.1255 	EXP 	M_H_likeness_slider: markerPos = 75.0
68.1423 	EXP 	M_H_likeness_slider: markerPos = 75.0
68.1608 	EXP 	M_H_likeness_slider: markerPos = 75.0
68.1756 	EXP 	M_H_likeness_slider: markerPos = 75.0
68.1761 	DATA 	Mouse:  Left button up, pos=(1230,443)
68.1920 	EXP 	M_H_likeness_slider: markerPos = 75.0
68.2108 	EXP 	image_2: autoDraw = True
68.4613 	DATA 	Mouse: Left button down, pos=(1461,124)
68.4623 	EXP 	window1: recordFrameIntervals = False
68.4778 	EXP 	M_H_likeness_slider: autoDraw = False
68.4778 	EXP 	ratingText_2: autoDraw = False
68.4778 	EXP 	image_2: autoDraw = False
68.4778 	EXP 	instruct_Mechano_humannnes: autoDraw = False
68.4779 	EXP 	window1: recordFrameIntervals = False
68.7460 	DATA 	Mouse:  Left button up, pos=(1461,124)
68.9462 	EXP 	New trial (rep=0, index=2): OrderedDict([('Type', 'Human'), ('Spatial_Frequency', 'BSF'), ('filepath', 'Stimuli For Psychopy/Human/matched-Rafd090_24_Caucasian_male_neutral_frontal.jpg'), ('file_name', 'matched-Rafd090_24_Caucasian_male_neutral_frontal.jpg')])
68.9639 	EXP 	Fixation: autoDraw = True
69.9753 	EXP 	Fixation: autoDraw = False
69.9753 	EXP 	Fixation: autoDraw = False
69.9753 	EXP 	Human_image: image = 'Stimuli For Psychopy/Human/matched-Rafd090_24_Caucasian_male_neutral_frontal.jpg'
69.9753 	EXP 	Human_image: autoDraw = True
70.9754 	EXP 	Human_image: autoDraw = False
70.9754 	EXP 	Human_image: autoDraw = False
70.9754 	EXP 	roi: autoDraw = False
70.9754 	EXP 	M_H_likeness_slider: markerPos = None
70.9754 	EXP 	M_H_likeness_slider: markerPos = 0.0
70.9754 	EXP 	M_H_likeness_slider: autoDraw = True
70.9754 	EXP 	ratingText_2: autoDraw = True
70.9754 	EXP 	instruct_Mechano_humannnes: autoDraw = True
71.1761 	DATA 	Mouse: Left button down, pos=(1339,369)
71.2596 	DATA 	Mouse:  Left button up, pos=(1340,369)
71.4950 	DATA 	Mouse: Left button down, pos=(1406,392)
71.5108 	EXP 	M_H_likeness_slider: markerPos = 91.2962962962963
71.5275 	EXP 	M_H_likeness_slider: markerPos = 91.2962962962963
71.5325 	DATA 	Mouse:  Left button up, pos=(1406,392)
71.5441 	EXP 	M_H_likeness_slider: markerPos = 91.2962962962963
71.5586 	EXP 	M_H_likeness_slider: markerPos = 91.2962962962963
71.5754 	EXP 	image_2: autoDraw = True
71.8445 	DATA 	Mouse: Left button down, pos=(1536,76)
71.8460 	EXP 	window1: recordFrameIntervals = False
71.8588 	EXP 	M_H_likeness_slider: autoDraw = False
71.8588 	EXP 	ratingText_2: autoDraw = False
71.8588 	EXP 	image_2: autoDraw = False
71.8588 	EXP 	instruct_Mechano_humannnes: autoDraw = False
71.8589 	EXP 	window1: recordFrameIntervals = False
72.1300 	DATA 	Mouse:  Left button up, pos=(1536,76)
72.3302 	EXP 	New trial (rep=0, index=3): OrderedDict([('Type', 'Human'), ('Spatial_Frequency', 'BSF'), ('filepath', 'Stimuli For Psychopy/Human/matched-Rafd090_30_Caucasian_male_neutral_frontal.jpg'), ('file_name', 'matched-Rafd090_30_Caucasian_male_neutral_frontal.jpg')])
72.3472 	EXP 	Fixation: autoDraw = True
73.3587 	EXP 	Fixation: autoDraw = False
73.3587 	EXP 	Fixation: autoDraw = False
73.3587 	EXP 	Human_image: image = 'Stimuli For Psychopy/Human/matched-Rafd090_30_Caucasian_male_neutral_frontal.jpg'
73.3587 	EXP 	Human_image: autoDraw = True
74.3608 	EXP 	Human_image: autoDraw = False
74.3608 	EXP 	Human_image: autoDraw = False
74.3608 	EXP 	roi: autoDraw = False
74.3608 	EXP 	M_H_likeness_slider: markerPos = None
74.3608 	EXP 	M_H_likeness_slider: markerPos = 0.0
74.3608 	EXP 	M_H_likeness_slider: autoDraw = True
74.3608 	EXP 	ratingText_2: autoDraw = True
74.3608 	EXP 	instruct_Mechano_humannnes: autoDraw = True
74.6787 	DATA 	Mouse: Left button down, pos=(1360,427)
74.6923 	EXP 	M_H_likeness_slider: markerPos = 87.03703703703704
74.7086 	EXP 	M_H_likeness_slider: markerPos = 87.03703703703704
74.7257 	EXP 	M_H_likeness_slider: markerPos = 87.03703703703704
74.7310 	DATA 	Mouse:  Left button up, pos=(1360,427)
74.7421 	EXP 	M_H_likeness_slider: markerPos = 87.03703703703704
74.7608 	EXP 	M_H_likeness_slider: markerPos = 87.03703703703704
74.7774 	EXP 	image_2: autoDraw = True
75.0597 	DATA 	Mouse: Left button down, pos=(1504,54)
75.0615 	EXP 	window1: recordFrameIntervals = False
75.0752 	EXP 	M_H_likeness_slider: autoDraw = False
75.0752 	EXP 	ratingText_2: autoDraw = False
75.0752 	EXP 	image_2: autoDraw = False
75.0752 	EXP 	instruct_Mechano_humannnes: autoDraw = False
75.0753 	EXP 	window1: recordFrameIntervals = False
75.3457 	DATA 	Mouse:  Left button up, pos=(1504,54)
75.5460 	EXP 	New trial (rep=0, index=4): OrderedDict([('Type', 'Human'), ('Spatial_Frequency', 'LSF'), ('filepath', 'Stimuli For Psychopy/Human/matched-8-cpi-low-Rafd090_32_Caucasian_female_neutral_frontal.jpg'), ('file_name', 'matched-8-cpi-low-Rafd090_32_Caucasian_female_neutral_frontal.jpg')])
75.5608 	EXP 	Fixation: autoDraw = True
76.5589 	EXP 	Fixation: autoDraw = False
76.5589 	EXP 	Fixation: autoDraw = False
76.5589 	EXP 	Human_image: image = 'Stimuli For Psychopy/Human/matched-8-cpi-low-Rafd090_32_Caucasian_female_neutral_frontal.jpg'
76.5589 	EXP 	Human_image: autoDraw = True
77.5587 	EXP 	Human_image: autoDraw = False
77.5587 	EXP 	Human_image: autoDraw = False
77.5587 	EXP 	roi: autoDraw = False
77.5587 	EXP 	M_H_likeness_slider: markerPos = None
77.5587 	EXP 	M_H_likeness_slider: markerPos = 0.0
77.5774 	EXP 	M_H_likeness_slider: autoDraw = True
77.5774 	EXP 	ratingText_2: autoDraw = True
77.5774 	EXP 	instruct_Mechano_humannnes: autoDraw = True
78.1114 	DATA 	Mouse: Left button down, pos=(1316,420)
78.1272 	EXP 	M_H_likeness_slider: markerPos = 82.96296296296296
78.1439 	EXP 	M_H_likeness_slider: markerPos = 82.96296296296296
78.1606 	EXP 	M_H_likeness_slider: markerPos = 82.96296296296296
78.1774 	EXP 	M_H_likeness_slider: markerPos = 82.96296296296296
78.1941 	EXP 	M_H_likeness_slider: markerPos = 82.96296296296296
78.1949 	DATA 	Mouse:  Left button up, pos=(1316,420)
78.2106 	EXP 	M_H_likeness_slider: markerPos = 82.96296296296296
78.2252 	EXP 	image_2: autoDraw = True
78.5475 	DATA 	Mouse: Left button down, pos=(1634,80)
78.5624 	EXP 	window1: recordFrameIntervals = False
78.5772 	EXP 	M_H_likeness_slider: autoDraw = False
78.5772 	EXP 	ratingText_2: autoDraw = False
78.5772 	EXP 	image_2: autoDraw = False
78.5772 	EXP 	instruct_Mechano_humannnes: autoDraw = False
78.5773 	EXP 	window1: recordFrameIntervals = False
78.8473 	DATA 	Mouse:  Left button up, pos=(1634,80)
79.0477 	EXP 	New trial (rep=0, index=5): OrderedDict([('Type', 'Human'), ('Spatial_Frequency', 'LSF'), ('filepath', 'Stimuli For Psychopy/Human/matched-8-cpi-low-Rafd090_18_Caucasian_female_neutral_frontal.jpg'), ('file_name', 'matched-8-cpi-low-Rafd090_18_Caucasian_female_neutral_frontal.jpg')])
79.0586 	EXP 	Fixation: autoDraw = True
80.0582 	EXP 	Fixation: autoDraw = False
80.0582 	EXP 	Fixation: autoDraw = False
80.0582 	EXP 	Human_image: image = 'Stimuli For Psychopy/Human/matched-8-cpi-low-Rafd090_18_Caucasian_female_neutral_frontal.jpg'
80.0752 	EXP 	Human_image: autoDraw = True
81.0749 	EXP 	Human_image: autoDraw = False
81.0749 	EXP 	Human_image: autoDraw = False
81.0749 	EXP 	roi: autoDraw = False
81.0749 	EXP 	M_H_likeness_slider: markerPos = None
81.0749 	EXP 	M_H_likeness_slider: markerPos = 0.0
81.0749 	EXP 	M_H_likeness_slider: autoDraw = True
81.0749 	EXP 	ratingText_2: autoDraw = True
81.0749 	EXP 	instruct_Mechano_humannnes: autoDraw = True
81.4283 	DATA 	Mouse: Left button down, pos=(1334,386)
81.4415 	EXP 	M_H_likeness_slider: markerPos = 84.62962962962963
81.4583 	EXP 	M_H_likeness_slider: markerPos = 84.62962962962963
81.4749 	EXP 	M_H_likeness_slider: markerPos = 84.62962962962963
81.4917 	EXP 	M_H_likeness_slider: markerPos = 84.62962962962963
81.4924 	DATA 	Mouse:  Left button up, pos=(1334,386)
81.5087 	EXP 	M_H_likeness_slider: markerPos = 84.62962962962963
81.5250 	EXP 	image_2: autoDraw = True
82.3142 	DATA 	Mouse: Left button down, pos=(1641,91)
82.3287 	EXP 	window1: recordFrameIntervals = False
82.3444 	EXP 	M_H_likeness_slider: autoDraw = False
82.3444 	EXP 	ratingText_2: autoDraw = False
82.3444 	EXP 	image_2: autoDraw = False
82.3444 	EXP 	instruct_Mechano_humannnes: autoDraw = False
82.3445 	EXP 	window1: recordFrameIntervals = False
82.6121 	DATA 	Mouse:  Left button up, pos=(1641,91)
82.8123 	EXP 	New trial (rep=0, index=6): OrderedDict([('Type', 'Human'), ('Spatial_Frequency', 'LSF'), ('filepath', 'Stimuli For Psychopy/Human/matched-8-cpi-low-Rafd090_28_Caucasian_male_neutral_frontal.jpg'), ('file_name', 'matched-8-cpi-low-Rafd090_28_Caucasian_male_neutral_frontal.jpg')])
82.8275 	EXP 	Fixation: autoDraw = True
83.8252 	EXP 	Fixation: autoDraw = False
83.8252 	EXP 	Fixation: autoDraw = False
83.8252 	EXP 	Human_image: image = 'Stimuli For Psychopy/Human/matched-8-cpi-low-Rafd090_28_Caucasian_male_neutral_frontal.jpg'
83.8439 	EXP 	Human_image: autoDraw = True
84.8438 	EXP 	Human_image: autoDraw = False
84.8438 	EXP 	Human_image: autoDraw = False
84.8438 	EXP 	roi: autoDraw = False
84.8438 	EXP 	M_H_likeness_slider: markerPos = None
84.8438 	EXP 	M_H_likeness_slider: markerPos = 0.0
84.8438 	EXP 	M_H_likeness_slider: autoDraw = True
84.8438 	EXP 	ratingText_2: autoDraw = True
84.8438 	EXP 	instruct_Mechano_humannnes: autoDraw = True
85.3090 	DATA 	Mouse: Left button down, pos=(1252,448)
85.3248 	EXP 	M_H_likeness_slider: markerPos = 77.03703703703704
85.3414 	EXP 	M_H_likeness_slider: markerPos = 77.03703703703704
85.3580 	EXP 	M_H_likeness_slider: markerPos = 77.12962962962963
85.3748 	EXP 	M_H_likeness_slider: markerPos = 77.22222222222221
85.3914 	EXP 	M_H_likeness_slider: markerPos = 77.22222222222221
85.4083 	EXP 	M_H_likeness_slider: markerPos = 77.22222222222221
85.4098 	DATA 	Mouse:  Left button up, pos=(1254,448)
85.4249 	EXP 	M_H_likeness_slider: markerPos = 77.22222222222221
85.4415 	EXP 	image_2: autoDraw = True
85.7587 	DATA 	Mouse: Left button down, pos=(1435,109)
85.7600 	EXP 	window1: recordFrameIntervals = False
85.7748 	EXP 	M_H_likeness_slider: autoDraw = False
85.7748 	EXP 	ratingText_2: autoDraw = False
85.7748 	EXP 	image_2: autoDraw = False
85.7748 	EXP 	instruct_Mechano_humannnes: autoDraw = False
85.7749 	EXP 	window1: recordFrameIntervals = False
86.0440 	DATA 	Mouse:  Left button up, pos=(1435,109)
86.2442 	EXP 	New trial (rep=0, index=7): OrderedDict([('Type', 'Human'), ('Spatial_Frequency', 'HSF'), ('filepath', 'Stimuli For Psychopy/Human/matched-32-cpi-low-Rafd090_24_Caucasian_male_neutral_frontal.jpg'), ('file_name', 'matched-32-cpi-low-Rafd090_24_Caucasian_male_neutral_frontal.jpg')])
86.2580 	EXP 	Fixation: autoDraw = True
87.2583 	EXP 	Fixation: autoDraw = False
87.2583 	EXP 	Fixation: autoDraw = False
87.2583 	EXP 	Human_image: image = 'Stimuli For Psychopy/Human/matched-32-cpi-low-Rafd090_24_Caucasian_male_neutral_frontal.jpg'
87.2773 	EXP 	Human_image: autoDraw = True
88.2751 	EXP 	Human_image: autoDraw = False
88.2751 	EXP 	roi: autoDraw = False
88.2751 	EXP 	M_H_likeness_slider: markerPos = None
88.2751 	EXP 	M_H_likeness_slider: markerPos = 0.0
88.2751 	EXP 	M_H_likeness_slider: autoDraw = True
88.2751 	EXP 	ratingText_2: autoDraw = True
88.2751 	EXP 	instruct_Mechano_humannnes: autoDraw = True
88.5290 	DATA 	Mouse: Left button down, pos=(1270,440)
88.5437 	EXP 	M_H_likeness_slider: markerPos = 78.7037037037037
88.5585 	EXP 	M_H_likeness_slider: markerPos = 78.7037037037037
88.5775 	EXP 	M_H_likeness_slider: markerPos = 78.7037037037037
88.5939 	EXP 	M_H_likeness_slider: markerPos = 78.7037037037037
88.6083 	EXP 	M_H_likeness_slider: markerPos = 78.7037037037037
88.6271 	EXP 	M_H_likeness_slider: markerPos = 78.7037037037037
88.6277 	DATA 	Mouse:  Left button up, pos=(1270,440)
88.6438 	EXP 	M_H_likeness_slider: markerPos = 78.7037037037037
88.6582 	EXP 	image_2: autoDraw = True
89.4259 	DATA 	Mouse: Left button down, pos=(1384,460)
89.4437 	EXP 	M_H_likeness_slider: markerPos = 89.35185185185186
89.4605 	EXP 	M_H_likeness_slider: markerPos = 89.35185185185186
89.4772 	EXP 	M_H_likeness_slider: markerPos = 89.35185185185186
89.4938 	EXP 	M_H_likeness_slider: markerPos = 89.35185185185186
89.5104 	EXP 	M_H_likeness_slider: markerPos = 89.35185185185186
89.5251 	EXP 	M_H_likeness_slider: markerPos = 89.35185185185186
89.5257 	DATA 	Mouse:  Left button up, pos=(1385,460)
89.5418 	EXP 	M_H_likeness_slider: markerPos = 89.35185185185186
89.8276 	DATA 	Mouse: Left button down, pos=(1583,93)
89.8288 	EXP 	window1: recordFrameIntervals = False
89.8436 	EXP 	M_H_likeness_slider: autoDraw = False
89.8436 	EXP 	ratingText_2: autoDraw = False
89.8436 	EXP 	image_2: autoDraw = False
89.8436 	EXP 	instruct_Mechano_humannnes: autoDraw = False
89.8438 	EXP 	window1: recordFrameIntervals = False
90.1133 	DATA 	Mouse:  Left button up, pos=(1583,93)
90.3135 	EXP 	New trial (rep=0, index=8): OrderedDict([('Type', 'Human'), ('Spatial_Frequency', 'LSF'), ('filepath', 'Stimuli For Psychopy/Human/matched-8-cpi-low-Rafd090_36_Caucasian_male_neutral_frontal.jpg'), ('file_name', 'matched-8-cpi-low-Rafd090_36_Caucasian_male_neutral_frontal.jpg')])
90.3300 	EXP 	Fixation: autoDraw = True
91.3438 	EXP 	Fixation: autoDraw = False
91.3438 	EXP 	Fixation: autoDraw = False
91.3438 	EXP 	Human_image: image = 'Stimuli For Psychopy/Human/matched-8-cpi-low-Rafd090_36_Caucasian_male_neutral_frontal.jpg'
91.3438 	EXP 	Human_image: autoDraw = True
92.3419 	EXP 	Human_image: autoDraw = False
92.3419 	EXP 	Human_image: autoDraw = False
92.3419 	EXP 	roi: autoDraw = False
92.3419 	EXP 	M_H_likeness_slider: markerPos = None
92.3419 	EXP 	M_H_likeness_slider: markerPos = 0.0
92.3419 	EXP 	M_H_likeness_slider: autoDraw = True
92.3419 	EXP 	ratingText_2: autoDraw = True
92.3419 	EXP 	instruct_Mechano_humannnes: autoDraw = True
92.8141 	DATA 	Mouse: Left button down, pos=(1520,404)
92.8305 	EXP 	M_H_likeness_slider: markerPos = 101.85185185185186
92.8417 	EXP 	M_H_likeness_slider: markerPos = 101.85185185185186
92.8636 	EXP 	M_H_likeness_slider: markerPos = 101.85185185185186
92.8799 	EXP 	M_H_likeness_slider: markerPos = 101.85185185185186
92.8917 	EXP 	M_H_likeness_slider: markerPos = 101.85185185185186
92.8925 	DATA 	Mouse:  Left button up, pos=(1520,404)
92.9081 	EXP 	M_H_likeness_slider: markerPos = 100
92.9245 	EXP 	image_2: autoDraw = True
93.4294 	DATA 	Mouse: Left button down, pos=(1477,78)
93.4427 	EXP 	window1: recordFrameIntervals = False
93.4579 	EXP 	M_H_likeness_slider: autoDraw = False
93.4579 	EXP 	ratingText_2: autoDraw = False
93.4579 	EXP 	image_2: autoDraw = False
93.4579 	EXP 	instruct_Mechano_humannnes: autoDraw = False
93.4580 	EXP 	window1: recordFrameIntervals = False
93.7275 	DATA 	Mouse:  Left button up, pos=(1477,78)
93.9277 	EXP 	New trial (rep=0, index=9): OrderedDict([('Type', 'Human'), ('Spatial_Frequency', 'BSF'), ('filepath', 'Stimuli For Psychopy/Human/matched-Rafd090_18_Caucasian_female_neutral_frontal.jpg'), ('file_name', 'matched-Rafd090_18_Caucasian_female_neutral_frontal.jpg')])
93.9412 	EXP 	Fixation: autoDraw = True
94.9414 	EXP 	Fixation: autoDraw = False
94.9414 	EXP 	Fixation: autoDraw = False
94.9414 	EXP 	Human_image: image = 'Stimuli For Psychopy/Human/matched-Rafd090_18_Caucasian_female_neutral_frontal.jpg'
94.9579 	EXP 	Human_image: autoDraw = True
95.9603 	EXP 	Human_image: autoDraw = False
95.9603 	EXP 	roi: autoDraw = False
95.9603 	EXP 	M_H_likeness_slider: markerPos = None
95.9603 	EXP 	M_H_likeness_slider: markerPos = 0.0
95.9603 	EXP 	M_H_likeness_slider: autoDraw = True
95.9603 	EXP 	ratingText_2: autoDraw = True
95.9603 	EXP 	instruct_Mechano_humannnes: autoDraw = True
96.2811 	DATA 	Mouse: Left button down, pos=(1424,452)
96.3104 	EXP 	M_H_likeness_slider: markerPos = 92.96296296296296
96.3303 	EXP 	M_H_likeness_slider: markerPos = 93.24074074074073
96.3416 	EXP 	M_H_likeness_slider: markerPos = 93.24074074074073
96.3585 	EXP 	M_H_likeness_slider: markerPos = 93.33333333333333
96.3804 	EXP 	M_H_likeness_slider: markerPos = 93.33333333333333
96.3811 	DATA 	Mouse:  Left button up, pos=(1428,452)
96.3968 	EXP 	M_H_likeness_slider: markerPos = 93.33333333333333
96.4139 	EXP 	image_2: autoDraw = True
96.6584 	DATA 	Mouse: Left button down, pos=(1453,142)
96.7753 	DATA 	Mouse:  Left button up, pos=(1453,142)
97.2275 	DATA 	Mouse: Left button down, pos=(1442,98)
97.2286 	EXP 	window1: recordFrameIntervals = False
97.2435 	EXP 	M_H_likeness_slider: autoDraw = False
97.2435 	EXP 	ratingText_2: autoDraw = False
97.2435 	EXP 	image_2: autoDraw = False
97.2435 	EXP 	instruct_Mechano_humannnes: autoDraw = False
97.2436 	EXP 	window1: recordFrameIntervals = False
97.5125 	DATA 	Mouse:  Left button up, pos=(1442,98)
97.7128 	EXP 	New trial (rep=0, index=10): OrderedDict([('Type', 'Human'), ('Spatial_Frequency', 'BSF'), ('filepath', 'Stimuli For Psychopy/Human/matched-Rafd090_16_Caucasian_female_neutral_frontal.jpg'), ('file_name', 'matched-Rafd090_16_Caucasian_female_neutral_frontal.jpg')])
97.7267 	EXP 	Fixation: autoDraw = True
98.7268 	EXP 	Fixation: autoDraw = False
98.7268 	EXP 	Fixation: autoDraw = False
98.7268 	EXP 	Human_image: image = 'Stimuli For Psychopy/Human/matched-Rafd090_16_Caucasian_female_neutral_frontal.jpg'
98.7436 	EXP 	Human_image: autoDraw = True
99.7601 	EXP 	Human_image: autoDraw = False
99.7601 	EXP 	roi: autoDraw = False
99.7601 	EXP 	M_H_likeness_slider: markerPos = None
99.7601 	EXP 	M_H_likeness_slider: markerPos = 0.0
99.7601 	EXP 	M_H_likeness_slider: autoDraw = True
99.7601 	EXP 	ratingText_2: autoDraw = True
99.7601 	EXP 	instruct_Mechano_humannnes: autoDraw = True
100.1282 	DATA 	Mouse: Left button down, pos=(1451,383)
100.1416 	EXP 	M_H_likeness_slider: markerPos = 95.46296296296296
100.1601 	EXP 	M_H_likeness_slider: markerPos = 95.46296296296296
100.1768 	EXP 	M_H_likeness_slider: markerPos = 95.46296296296296
100.1914 	EXP 	M_H_likeness_slider: markerPos = 95.46296296296296
100.2102 	EXP 	M_H_likeness_slider: markerPos = 95.46296296296296
100.2269 	EXP 	M_H_likeness_slider: markerPos = 95.46296296296296
100.2414 	EXP 	M_H_likeness_slider: markerPos = 95.46296296296296
100.2582 	EXP 	M_H_likeness_slider: markerPos = 95.46296296296296
100.2587 	DATA 	Mouse:  Left button up, pos=(1451,383)
100.2768 	EXP 	M_H_likeness_slider: markerPos = 95.46296296296296
100.2913 	EXP 	image_2: autoDraw = True
100.6772 	DATA 	Mouse: Left button down, pos=(1451,117)
100.6784 	EXP 	window1: recordFrameIntervals = False
100.6935 	EXP 	M_H_likeness_slider: autoDraw = False
100.6935 	EXP 	ratingText_2: autoDraw = False
100.6935 	EXP 	image_2: autoDraw = False
100.6935 	EXP 	instruct_Mechano_humannnes: autoDraw = False
100.6937 	EXP 	window1: recordFrameIntervals = False
100.9634 	DATA 	Mouse:  Left button up, pos=(1451,117)
101.1636 	EXP 	New trial (rep=0, index=11): OrderedDict([('Type', 'Human'), ('Spatial_Frequency', 'HSF'), ('filepath', 'Stimuli For Psychopy/Human/matched-32-cpi-low-Rafd090_26_Caucasian_female_neutral_frontal.jpg'), ('file_name', 'matched-32-cpi-low-Rafd090_26_Caucasian_female_neutral_frontal.jpg')])
101.1767 	EXP 	Fixation: autoDraw = True
102.1911 	EXP 	Fixation: autoDraw = False
102.1911 	EXP 	Fixation: autoDraw = False
102.1911 	EXP 	Human_image: image = 'Stimuli For Psychopy/Human/matched-32-cpi-low-Rafd090_26_Caucasian_female_neutral_frontal.jpg'
102.1911 	EXP 	Human_image: autoDraw = True
103.1910 	EXP 	Human_image: autoDraw = False
103.1910 	EXP 	Human_image: autoDraw = False
103.1910 	EXP 	roi: autoDraw = False
103.1910 	EXP 	M_H_likeness_slider: markerPos = None
103.1910 	EXP 	M_H_likeness_slider: markerPos = 0.0
103.1910 	EXP 	M_H_likeness_slider: autoDraw = True
103.1910 	EXP 	ratingText_2: autoDraw = True
103.1910 	EXP 	instruct_Mechano_humannnes: autoDraw = True
103.8089 	DATA 	Mouse: Left button down, pos=(1420,406)
103.8270 	EXP 	M_H_likeness_slider: markerPos = 92.5925925925926
103.8412 	EXP 	M_H_likeness_slider: markerPos = 92.5925925925926
103.8582 	EXP 	M_H_likeness_slider: markerPos = 92.5925925925926
103.8768 	EXP 	M_H_likeness_slider: markerPos = 92.5925925925926
103.8936 	EXP 	M_H_likeness_slider: markerPos = 92.5925925925926
103.8942 	DATA 	Mouse:  Left button up, pos=(1420,407)
103.9078 	EXP 	M_H_likeness_slider: markerPos = 92.5925925925926
103.9270 	EXP 	image_2: autoDraw = True
104.2756 	DATA 	Mouse: Left button down, pos=(1558,62)
104.2769 	EXP 	window1: recordFrameIntervals = False
104.2913 	EXP 	M_H_likeness_slider: autoDraw = False
104.2913 	EXP 	ratingText_2: autoDraw = False
104.2913 	EXP 	image_2: autoDraw = False
104.2913 	EXP 	instruct_Mechano_humannnes: autoDraw = False
104.2914 	EXP 	window1: recordFrameIntervals = False
104.5607 	DATA 	Mouse:  Left button up, pos=(1558,61)
104.7609 	EXP 	New trial (rep=0, index=12): OrderedDict([('Type', 'Human'), ('Spatial_Frequency', 'LSF'), ('filepath', 'Stimuli For Psychopy/Human/matched-8-cpi-low-Rafd090_24_Caucasian_male_neutral_frontal.jpg'), ('file_name', 'matched-8-cpi-low-Rafd090_24_Caucasian_male_neutral_frontal.jpg')])
104.7745 	EXP 	Fixation: autoDraw = True
105.7746 	EXP 	Fixation: autoDraw = False
105.7746 	EXP 	Fixation: autoDraw = False
105.7746 	EXP 	Human_image: image = 'Stimuli For Psychopy/Human/matched-8-cpi-low-Rafd090_24_Caucasian_male_neutral_frontal.jpg'
105.7746 	EXP 	Human_image: autoDraw = True
106.7773 	EXP 	Human_image: autoDraw = False
106.7773 	EXP 	Human_image: autoDraw = False
106.7773 	EXP 	roi: autoDraw = False
106.7773 	EXP 	M_H_likeness_slider: markerPos = None
106.7773 	EXP 	M_H_likeness_slider: markerPos = 0.0
106.7936 	EXP 	M_H_likeness_slider: autoDraw = True
106.7936 	EXP 	ratingText_2: autoDraw = True
106.7936 	EXP 	instruct_Mechano_humannnes: autoDraw = True
107.1275 	DATA 	Mouse: Left button down, pos=(1367,401)
107.1410 	EXP 	M_H_likeness_slider: markerPos = 87.68518518518518
107.1578 	EXP 	M_H_likeness_slider: markerPos = 87.77777777777777
107.1746 	EXP 	M_H_likeness_slider: markerPos = 87.77777777777777
107.1934 	EXP 	M_H_likeness_slider: markerPos = 87.77777777777777
107.1942 	DATA 	Mouse:  Left button up, pos=(1368,403)
107.2079 	EXP 	M_H_likeness_slider: markerPos = 87.77777777777777
107.2266 	EXP 	image_2: autoDraw = True
107.5747 	DATA 	Mouse: Left button down, pos=(1527,65)
107.5762 	EXP 	window1: recordFrameIntervals = False
107.5934 	EXP 	M_H_likeness_slider: autoDraw = False
107.5934 	EXP 	ratingText_2: autoDraw = False
107.5934 	EXP 	image_2: autoDraw = False
107.5934 	EXP 	instruct_Mechano_humannnes: autoDraw = False
107.5935 	EXP 	window1: recordFrameIntervals = False
107.8609 	DATA 	Mouse:  Left button up, pos=(1526,63)
108.0612 	EXP 	New trial (rep=0, index=13): OrderedDict([('Type', 'Human'), ('Spatial_Frequency', 'LSF'), ('filepath', 'Stimuli For Psychopy/Human/matched-8-cpi-low-Rafd090_30_Caucasian_male_neutral_frontal.jpg'), ('file_name', 'matched-8-cpi-low-Rafd090_30_Caucasian_male_neutral_frontal.jpg')])
108.0632 	EXP 	Fixation: autoDraw = True
109.0745 	EXP 	Fixation: autoDraw = False
109.0745 	EXP 	Fixation: autoDraw = False
109.0745 	EXP 	Human_image: image = 'Stimuli For Psychopy/Human/matched-8-cpi-low-Rafd090_30_Caucasian_male_neutral_frontal.jpg'
109.0745 	EXP 	Human_image: autoDraw = True
110.0746 	EXP 	Human_image: autoDraw = False
110.0746 	EXP 	Human_image: autoDraw = False
110.0746 	EXP 	roi: autoDraw = False
110.0746 	EXP 	M_H_likeness_slider: markerPos = None
110.0746 	EXP 	M_H_likeness_slider: markerPos = 0.0
110.0912 	EXP 	M_H_likeness_slider: autoDraw = True
110.0912 	EXP 	ratingText_2: autoDraw = True
110.0912 	EXP 	instruct_Mechano_humannnes: autoDraw = True
110.4416 	DATA 	Mouse: Left button down, pos=(1379,354)
110.4941 	DATA 	Mouse:  Left button up, pos=(1379,354)
111.0763 	DATA 	Mouse: Left button down, pos=(1370,387)
111.0966 	EXP 	M_H_likeness_slider: markerPos = 87.96296296296296
111.1132 	EXP 	M_H_likeness_slider: markerPos = 87.96296296296296
111.1301 	EXP 	M_H_likeness_slider: markerPos = 87.96296296296296
111.1469 	EXP 	M_H_likeness_slider: markerPos = 87.96296296296296
111.1631 	EXP 	M_H_likeness_slider: markerPos = 87.96296296296296
111.1687 	DATA 	Mouse:  Left button up, pos=(1370,387)
111.1748 	EXP 	M_H_likeness_slider: markerPos = 87.96296296296296
111.1965 	EXP 	M_H_likeness_slider: markerPos = 87.96296296296296
111.2134 	EXP 	image_2: autoDraw = True
111.5582 	DATA 	Mouse: Left button down, pos=(1484,67)
111.5594 	EXP 	window1: recordFrameIntervals = False
111.5742 	EXP 	M_H_likeness_slider: autoDraw = False
111.5742 	EXP 	ratingText_2: autoDraw = False
111.5742 	EXP 	image_2: autoDraw = False
111.5742 	EXP 	instruct_Mechano_humannnes: autoDraw = False
111.5743 	EXP 	window1: recordFrameIntervals = False
111.8433 	DATA 	Mouse:  Left button up, pos=(1484,67)
112.0436 	EXP 	New trial (rep=0, index=14): OrderedDict([('Type', 'Human'), ('Spatial_Frequency', 'HSF'), ('filepath', 'Stimuli For Psychopy/Human/matched-32-cpi-low-Rafd090_37_Caucasian_female_neutral_frontal.jpg'), ('file_name', 'matched-32-cpi-low-Rafd090_37_Caucasian_female_neutral_frontal.jpg')])
112.0576 	EXP 	Fixation: autoDraw = True
113.0577 	EXP 	Fixation: autoDraw = False
113.0577 	EXP 	Fixation: autoDraw = False
113.0577 	EXP 	Human_image: image = 'Stimuli For Psychopy/Human/matched-32-cpi-low-Rafd090_37_Caucasian_female_neutral_frontal.jpg'
113.0577 	EXP 	Human_image: autoDraw = True
114.0601 	EXP 	Human_image: autoDraw = False
114.0601 	EXP 	Human_image: autoDraw = False
114.0601 	EXP 	roi: autoDraw = False
114.0601 	EXP 	M_H_likeness_slider: markerPos = None
114.0601 	EXP 	M_H_likeness_slider: markerPos = 0.0
114.0601 	EXP 	M_H_likeness_slider: autoDraw = True
114.0601 	EXP 	ratingText_2: autoDraw = True
114.0601 	EXP 	instruct_Mechano_humannnes: autoDraw = True
114.4808 	DATA 	Mouse: Left button down, pos=(1249,475)
114.4963 	EXP 	M_H_likeness_slider: markerPos = 76.75925925925927
114.5136 	EXP 	M_H_likeness_slider: markerPos = 76.85185185185186
114.5258 	EXP 	M_H_likeness_slider: markerPos = 76.94444444444444
114.5461 	EXP 	M_H_likeness_slider: markerPos = 76.94444444444444
114.5629 	EXP 	M_H_likeness_slider: markerPos = 76.94444444444444
114.5797 	EXP 	M_H_likeness_slider: markerPos = 76.94444444444444
114.5807 	DATA 	Mouse:  Left button up, pos=(1251,476)
114.5974 	EXP 	M_H_likeness_slider: markerPos = 76.94444444444444
114.6129 	EXP 	image_2: autoDraw = True
114.9952 	DATA 	Mouse: Left button down, pos=(1430,108)
115.0096 	EXP 	window1: recordFrameIntervals = False
115.0265 	EXP 	M_H_likeness_slider: autoDraw = False
115.0265 	EXP 	ratingText_2: autoDraw = False
115.0265 	EXP 	image_2: autoDraw = False
115.0265 	EXP 	instruct_Mechano_humannnes: autoDraw = False
115.0266 	EXP 	window1: recordFrameIntervals = False
115.2941 	DATA 	Mouse:  Left button up, pos=(1430,108)
115.4947 	EXP 	New trial (rep=0, index=15): OrderedDict([('Type', 'Human'), ('Spatial_Frequency', 'BSF'), ('filepath', 'Stimuli For Psychopy/Human/matched-Rafd090_28_Caucasian_male_neutral_frontal.jpg'), ('file_name', 'matched-Rafd090_28_Caucasian_male_neutral_frontal.jpg')])
115.4971 	EXP 	Fixation: autoDraw = True
116.4932 	EXP 	Fixation: autoDraw = False
116.4932 	EXP 	Fixation: autoDraw = False
116.4932 	EXP 	Human_image: image = 'Stimuli For Psychopy/Human/matched-Rafd090_28_Caucasian_male_neutral_frontal.jpg'
116.5128 	EXP 	Human_image: autoDraw = True
117.5242 	EXP 	Human_image: autoDraw = False
117.5242 	EXP 	roi: autoDraw = False
117.5242 	EXP 	M_H_likeness_slider: markerPos = None
117.5242 	EXP 	M_H_likeness_slider: markerPos = 0.0
117.5242 	EXP 	M_H_likeness_slider: autoDraw = True
117.5242 	EXP 	ratingText_2: autoDraw = True
117.5242 	EXP 	instruct_Mechano_humannnes: autoDraw = True
118.0257 	DATA 	Mouse: Left button down, pos=(1426,427)
118.0410 	EXP 	M_H_likeness_slider: markerPos = 93.14814814814815
118.0577 	EXP 	M_H_likeness_slider: markerPos = 93.14814814814815
118.0746 	EXP 	M_H_likeness_slider: markerPos = 93.14814814814815
118.0935 	EXP 	M_H_likeness_slider: markerPos = 93.14814814814815
118.1097 	EXP 	M_H_likeness_slider: markerPos = 93.14814814814815
118.1144 	DATA 	Mouse:  Left button up, pos=(1426,427)
118.1243 	EXP 	M_H_likeness_slider: markerPos = 93.14814814814815
118.1407 	EXP 	M_H_likeness_slider: markerPos = 93.14814814814815
118.1598 	EXP 	image_2: autoDraw = True
118.4415 	DATA 	Mouse: Left button down, pos=(1483,81)
118.4427 	EXP 	window1: recordFrameIntervals = False
118.4577 	EXP 	M_H_likeness_slider: autoDraw = False
118.4577 	EXP 	ratingText_2: autoDraw = False
118.4577 	EXP 	image_2: autoDraw = False
118.4577 	EXP 	instruct_Mechano_humannnes: autoDraw = False
118.4579 	EXP 	window1: recordFrameIntervals = False
118.7268 	DATA 	Mouse:  Left button up, pos=(1483,81)
118.9271 	EXP 	New trial (rep=0, index=16): OrderedDict([('Type', 'Human'), ('Spatial_Frequency', 'HSF'), ('filepath', 'Stimuli For Psychopy/Human/matched-32-cpi-low-Rafd090_32_Caucasian_female_neutral_frontal.jpg'), ('file_name', 'matched-32-cpi-low-Rafd090_32_Caucasian_female_neutral_frontal.jpg')])
118.9430 	EXP 	Fixation: autoDraw = True
119.9575 	EXP 	Fixation: autoDraw = False
119.9575 	EXP 	Fixation: autoDraw = False
119.9575 	EXP 	Human_image: image = 'Stimuli For Psychopy/Human/matched-32-cpi-low-Rafd090_32_Caucasian_female_neutral_frontal.jpg'
119.9575 	EXP 	Human_image: autoDraw = True
120.9572 	EXP 	Human_image: autoDraw = False
120.9572 	EXP 	Human_image: autoDraw = False
120.9572 	EXP 	roi: autoDraw = False
120.9572 	EXP 	M_H_likeness_slider: markerPos = None
120.9572 	EXP 	M_H_likeness_slider: markerPos = 0.0
120.9572 	EXP 	M_H_likeness_slider: autoDraw = True
120.9572 	EXP 	ratingText_2: autoDraw = True
120.9572 	EXP 	instruct_Mechano_humannnes: autoDraw = True
121.4915 	DATA 	Mouse: Left button down, pos=(1434,424)
121.5074 	EXP 	M_H_likeness_slider: markerPos = 93.88888888888889
121.5240 	EXP 	M_H_likeness_slider: markerPos = 93.88888888888889
121.5407 	EXP 	M_H_likeness_slider: markerPos = 93.88888888888889
121.5573 	EXP 	M_H_likeness_slider: markerPos = 93.88888888888889
121.5741 	EXP 	M_H_likeness_slider: markerPos = 93.88888888888889
121.5908 	EXP 	M_H_likeness_slider: markerPos = 93.88888888888889
121.5920 	DATA 	Mouse:  Left button up, pos=(1434,424)
121.6076 	EXP 	M_H_likeness_slider: markerPos = 93.88888888888889
121.6240 	EXP 	image_2: autoDraw = True
121.9613 	DATA 	Mouse: Left button down, pos=(1496,87)
121.9756 	EXP 	window1: recordFrameIntervals = False
121.9907 	EXP 	M_H_likeness_slider: autoDraw = False
121.9907 	EXP 	ratingText_2: autoDraw = False
121.9907 	EXP 	image_2: autoDraw = False
121.9907 	EXP 	instruct_Mechano_humannnes: autoDraw = False
121.9908 	EXP 	window1: recordFrameIntervals = False
122.2595 	DATA 	Mouse:  Left button up, pos=(1496,87)
122.4597 	EXP 	New trial (rep=0, index=17): OrderedDict([('Type', 'Human'), ('Spatial_Frequency', 'HSF'), ('filepath', 'Stimuli For Psychopy/Human/matched-32-cpi-low-Rafd090_18_Caucasian_female_neutral_frontal.jpg'), ('file_name', 'matched-32-cpi-low-Rafd090_18_Caucasian_female_neutral_frontal.jpg')])
122.4766 	EXP 	Fixation: autoDraw = True
123.4741 	EXP 	Fixation: autoDraw = False
123.4741 	EXP 	Fixation: autoDraw = False
123.4741 	EXP 	Human_image: image = 'Stimuli For Psychopy/Human/matched-32-cpi-low-Rafd090_18_Caucasian_female_neutral_frontal.jpg'
123.4741 	EXP 	Human_image: autoDraw = True
124.4766 	EXP 	Human_image: autoDraw = False
124.4766 	EXP 	Human_image: autoDraw = False
124.4766 	EXP 	roi: autoDraw = False
124.4766 	EXP 	M_H_likeness_slider: markerPos = None
124.4766 	EXP 	M_H_likeness_slider: markerPos = 0.0
124.4766 	EXP 	M_H_likeness_slider: autoDraw = True
124.4766 	EXP 	ratingText_2: autoDraw = True
124.4766 	EXP 	instruct_Mechano_humannnes: autoDraw = True
125.0643 	DATA 	Mouse: Left button down, pos=(1372,408)
125.0744 	EXP 	M_H_likeness_slider: markerPos = 88.14814814814815
125.0966 	EXP 	M_H_likeness_slider: markerPos = 88.14814814814815
125.1126 	EXP 	M_H_likeness_slider: markerPos = 88.14814814814815
125.1293 	EXP 	M_H_likeness_slider: markerPos = 88.14814814814815
125.1430 	EXP 	M_H_likeness_slider: markerPos = 88.14814814814815
125.1597 	EXP 	M_H_likeness_slider: markerPos = 88.14814814814815
125.1603 	DATA 	Mouse:  Left button up, pos=(1372,408)
125.1746 	EXP 	M_H_likeness_slider: markerPos = 88.14814814814815
125.1931 	EXP 	image_2: autoDraw = True
125.5580 	DATA 	Mouse: Left button down, pos=(1465,87)
125.5594 	EXP 	window1: recordFrameIntervals = False
125.5764 	EXP 	M_H_likeness_slider: autoDraw = False
125.5764 	EXP 	ratingText_2: autoDraw = False
125.5764 	EXP 	image_2: autoDraw = False
125.5764 	EXP 	instruct_Mechano_humannnes: autoDraw = False
125.5766 	EXP 	window1: recordFrameIntervals = False
125.8440 	DATA 	Mouse:  Left button up, pos=(1465,87)
126.0444 	EXP 	New trial (rep=0, index=18): OrderedDict([('Type', 'Human'), ('Spatial_Frequency', 'HSF'), ('filepath', 'Stimuli For Psychopy/Human/matched-32-cpi-low-Rafd090_16_Caucasian_female_neutral_frontal.jpg'), ('file_name', 'matched-32-cpi-low-Rafd090_16_Caucasian_female_neutral_frontal.jpg')])
126.0464 	EXP 	Fixation: autoDraw = True
127.0575 	EXP 	Fixation: autoDraw = False
127.0575 	EXP 	Fixation: autoDraw = False
127.0575 	EXP 	Human_image: image = 'Stimuli For Psychopy/Human/matched-32-cpi-low-Rafd090_16_Caucasian_female_neutral_frontal.jpg'
127.0575 	EXP 	Human_image: autoDraw = True
128.0574 	EXP 	Human_image: autoDraw = False
128.0574 	EXP 	Human_image: autoDraw = False
128.0574 	EXP 	roi: autoDraw = False
128.0574 	EXP 	M_H_likeness_slider: markerPos = None
128.0574 	EXP 	M_H_likeness_slider: markerPos = 0.0
128.0574 	EXP 	M_H_likeness_slider: autoDraw = True
128.0574 	EXP 	ratingText_2: autoDraw = True
128.0574 	EXP 	instruct_Mechano_humannnes: autoDraw = True
128.6106 	DATA 	Mouse: Left button down, pos=(1386,421)
128.6264 	EXP 	M_H_likeness_slider: markerPos = 89.44444444444444
128.6429 	EXP 	M_H_likeness_slider: markerPos = 89.53703703703704
128.6575 	EXP 	M_H_likeness_slider: markerPos = 89.53703703703704
128.6762 	EXP 	M_H_likeness_slider: markerPos = 89.53703703703704
128.6808 	DATA 	Mouse:  Left button up, pos=(1387,422)
128.6930 	EXP 	M_H_likeness_slider: markerPos = 89.53703703703704
128.7075 	EXP 	M_H_likeness_slider: markerPos = 89.53703703703704
128.7262 	EXP 	image_2: autoDraw = True
129.0581 	DATA 	Mouse: Left button down, pos=(1489,64)
129.0593 	EXP 	window1: recordFrameIntervals = False
129.0765 	EXP 	M_H_likeness_slider: autoDraw = False
129.0765 	EXP 	ratingText_2: autoDraw = False
129.0765 	EXP 	image_2: autoDraw = False
129.0765 	EXP 	instruct_Mechano_humannnes: autoDraw = False
129.0766 	EXP 	window1: recordFrameIntervals = False
129.3438 	DATA 	Mouse:  Left button up, pos=(1489,64)
129.5439 	EXP 	New trial (rep=0, index=19): OrderedDict([('Type', 'Human'), ('Spatial_Frequency', 'LSF'), ('filepath', 'Stimuli For Psychopy/Human/matched-8-cpi-low-Rafd090_01_Caucasian_female_neutral_frontal.jpg'), ('file_name', 'matched-8-cpi-low-Rafd090_01_Caucasian_female_neutral_frontal.jpg')])
129.5473 	EXP 	Fixation: autoDraw = True
130.5595 	EXP 	Fixation: autoDraw = False
130.5595 	EXP 	Fixation: autoDraw = False
130.5595 	EXP 	Human_image: image = 'Stimuli For Psychopy/Human/matched-8-cpi-low-Rafd090_01_Caucasian_female_neutral_frontal.jpg'
130.5595 	EXP 	Human_image: autoDraw = True
131.5742 	EXP 	Human_image: autoDraw = False
131.5742 	EXP 	Human_image: autoDraw = False
131.5742 	EXP 	roi: autoDraw = False
131.5742 	EXP 	M_H_likeness_slider: markerPos = None
131.5742 	EXP 	M_H_likeness_slider: markerPos = 0.0
131.5742 	EXP 	M_H_likeness_slider: autoDraw = True
131.5742 	EXP 	ratingText_2: autoDraw = True
131.5742 	EXP 	instruct_Mechano_humannnes: autoDraw = True
132.0427 	DATA 	Mouse: Left button down, pos=(1403,436)
132.0577 	EXP 	M_H_likeness_slider: markerPos = 91.01851851851852
132.0743 	EXP 	M_H_likeness_slider: markerPos = 91.01851851851852
132.0909 	EXP 	M_H_likeness_slider: markerPos = 91.11111111111111
132.1074 	EXP 	M_H_likeness_slider: markerPos = 91.11111111111111
132.1261 	EXP 	M_H_likeness_slider: markerPos = 91.11111111111111
132.1308 	DATA 	Mouse:  Left button up, pos=(1404,436)
132.1427 	EXP 	M_H_likeness_slider: markerPos = 91.11111111111111
132.1595 	EXP 	M_H_likeness_slider: markerPos = 91.11111111111111
132.1763 	EXP 	image_2: autoDraw = True
132.6931 	DATA 	Mouse: Left button down, pos=(1410,106)
132.6944 	EXP 	window1: recordFrameIntervals = False
132.7095 	EXP 	M_H_likeness_slider: autoDraw = False
132.7095 	EXP 	ratingText_2: autoDraw = False
132.7095 	EXP 	image_2: autoDraw = False
132.7095 	EXP 	instruct_Mechano_humannnes: autoDraw = False
132.7096 	EXP 	window1: recordFrameIntervals = False
132.9791 	DATA 	Mouse:  Left button up, pos=(1410,106)
133.1794 	EXP 	New trial (rep=0, index=20): OrderedDict([('Type', 'Human'), ('Spatial_Frequency', 'HSF'), ('filepath', 'Stimuli For Psychopy/Human/matched-32-cpi-low-Rafd090_12_Caucasian_female_neutral_frontal.jpg'), ('file_name', 'matched-32-cpi-low-Rafd090_12_Caucasian_female_neutral_frontal.jpg')])
133.1927 	EXP 	Fixation: autoDraw = True
134.2072 	EXP 	Fixation: autoDraw = False
134.2072 	EXP 	Fixation: autoDraw = False
134.2072 	EXP 	Human_image: image = 'Stimuli For Psychopy/Human/matched-32-cpi-low-Rafd090_12_Caucasian_female_neutral_frontal.jpg'
134.2072 	EXP 	Human_image: autoDraw = True
135.2094 	EXP 	Human_image: autoDraw = False
135.2094 	EXP 	Human_image: autoDraw = False
135.2094 	EXP 	roi: autoDraw = False
135.2094 	EXP 	M_H_likeness_slider: markerPos = None
135.2094 	EXP 	M_H_likeness_slider: markerPos = 0.0
135.2094 	EXP 	M_H_likeness_slider: autoDraw = True
135.2094 	EXP 	ratingText_2: autoDraw = True
135.2094 	EXP 	instruct_Mechano_humannnes: autoDraw = True
135.7437 	DATA 	Mouse: Left button down, pos=(1392,439)
135.7595 	EXP 	M_H_likeness_slider: markerPos = 90.0
135.7761 	EXP 	M_H_likeness_slider: markerPos = 90.0
135.7906 	EXP 	M_H_likeness_slider: markerPos = 90.0
135.7955 	DATA 	Mouse:  Left button up, pos=(1392,439)
135.8072 	EXP 	M_H_likeness_slider: markerPos = 90.0
135.8264 	EXP 	M_H_likeness_slider: markerPos = 90.0
135.8428 	EXP 	image_2: autoDraw = True
136.1936 	DATA 	Mouse: Left button down, pos=(1490,76)
136.1949 	EXP 	window1: recordFrameIntervals = False
136.2073 	EXP 	M_H_likeness_slider: autoDraw = False
136.2073 	EXP 	ratingText_2: autoDraw = False
136.2073 	EXP 	image_2: autoDraw = False
136.2073 	EXP 	instruct_Mechano_humannnes: autoDraw = False
136.2074 	EXP 	window1: recordFrameIntervals = False
136.4788 	DATA 	Mouse:  Left button up, pos=(1490,76)
136.6790 	EXP 	New trial (rep=0, index=21): OrderedDict([('Type', 'Human'), ('Spatial_Frequency', 'HSF'), ('filepath', 'Stimuli For Psychopy/Human/matched-32-cpi-low-Rafd090_28_Caucasian_male_neutral_frontal.jpg'), ('file_name', 'matched-32-cpi-low-Rafd090_28_Caucasian_male_neutral_frontal.jpg')])
136.6960 	EXP 	Fixation: autoDraw = True
137.7073 	EXP 	Fixation: autoDraw = False
137.7073 	EXP 	Fixation: autoDraw = False
137.7073 	EXP 	Human_image: image = 'Stimuli For Psychopy/Human/matched-32-cpi-low-Rafd090_28_Caucasian_male_neutral_frontal.jpg'
137.7073 	EXP 	Human_image: autoDraw = True
138.7073 	EXP 	Human_image: autoDraw = False
138.7073 	EXP 	Human_image: autoDraw = False
138.7073 	EXP 	roi: autoDraw = False
138.7073 	EXP 	M_H_likeness_slider: markerPos = None
138.7073 	EXP 	M_H_likeness_slider: markerPos = 0.0
138.7073 	EXP 	M_H_likeness_slider: autoDraw = True
138.7073 	EXP 	ratingText_2: autoDraw = True
138.7073 	EXP 	instruct_Mechano_humannnes: autoDraw = True
139.3106 	DATA 	Mouse: Left button down, pos=(1402,417)
139.3262 	EXP 	M_H_likeness_slider: markerPos = 90.92592592592592
139.3405 	EXP 	M_H_likeness_slider: markerPos = 90.92592592592592
139.3593 	EXP 	M_H_likeness_slider: markerPos = 90.92592592592592
139.3760 	EXP 	M_H_likeness_slider: markerPos = 90.92592592592592
139.3767 	DATA 	Mouse:  Left button up, pos=(1402,418)
139.3927 	EXP 	M_H_likeness_slider: markerPos = 90.92592592592592
139.4071 	EXP 	image_2: autoDraw = True
139.7798 	DATA 	Mouse: Left button down, pos=(1449,58)
139.7815 	EXP 	window1: recordFrameIntervals = False
139.7959 	EXP 	M_H_likeness_slider: autoDraw = False
139.7959 	EXP 	ratingText_2: autoDraw = False
139.7959 	EXP 	image_2: autoDraw = False
139.7959 	EXP 	instruct_Mechano_humannnes: autoDraw = False
139.7960 	EXP 	window1: recordFrameIntervals = False
140.0654 	DATA 	Mouse:  Left button up, pos=(1449,58)
140.2655 	EXP 	New trial (rep=0, index=22): OrderedDict([('Type', 'Human'), ('Spatial_Frequency', 'HSF'), ('filepath', 'Stimuli For Psychopy/Human/matched-32-cpi-low-Rafd090_30_Caucasian_male_neutral_frontal.jpg'), ('file_name', 'matched-32-cpi-low-Rafd090_30_Caucasian_male_neutral_frontal.jpg')])
140.2760 	EXP 	Fixation: autoDraw = True
141.2741 	EXP 	Fixation: autoDraw = False
141.2741 	EXP 	Fixation: autoDraw = False
141.2741 	EXP 	Human_image: image = 'Stimuli For Psychopy/Human/matched-32-cpi-low-Rafd090_30_Caucasian_male_neutral_frontal.jpg'
141.2928 	EXP 	Human_image: autoDraw = True
142.3072 	EXP 	Human_image: autoDraw = False
142.3072 	EXP 	roi: autoDraw = False
142.3072 	EXP 	M_H_likeness_slider: markerPos = None
142.3072 	EXP 	M_H_likeness_slider: markerPos = 0.0
142.3072 	EXP 	M_H_likeness_slider: autoDraw = True
142.3072 	EXP 	ratingText_2: autoDraw = True
142.3072 	EXP 	instruct_Mechano_humannnes: autoDraw = True
142.7451 	DATA 	Mouse: Left button down, pos=(1375,406)
142.7759 	EXP 	M_H_likeness_slider: markerPos = 88.42592592592592
142.7926 	EXP 	M_H_likeness_slider: markerPos = 88.42592592592592
142.8093 	EXP 	M_H_likeness_slider: markerPos = 88.42592592592592
142.8240 	EXP 	M_H_likeness_slider: markerPos = 88.42592592592592
142.8246 	DATA 	Mouse:  Left button up, pos=(1375,406)
142.8426 	EXP 	M_H_likeness_slider: markerPos = 88.42592592592592
142.8591 	EXP 	image_2: autoDraw = True
143.1803 	DATA 	Mouse: Left button down, pos=(1461,54)
143.1924 	EXP 	window1: recordFrameIntervals = False
143.2094 	EXP 	M_H_likeness_slider: autoDraw = False
143.2094 	EXP 	ratingText_2: autoDraw = False
143.2094 	EXP 	image_2: autoDraw = False
143.2094 	EXP 	instruct_Mechano_humannnes: autoDraw = False
143.2095 	EXP 	window1: recordFrameIntervals = False
143.4773 	DATA 	Mouse:  Left button up, pos=(1461,54)
143.6776 	EXP 	New trial (rep=0, index=23): OrderedDict([('Type', 'Human'), ('Spatial_Frequency', 'HSF'), ('filepath', 'Stimuli For Psychopy/Human/matched-32-cpi-low-Rafd090_33_Caucasian_male_neutral_frontal.jpg'), ('file_name', 'matched-32-cpi-low-Rafd090_33_Caucasian_male_neutral_frontal.jpg')])
143.6809 	EXP 	Fixation: autoDraw = True
144.6925 	EXP 	Fixation: autoDraw = False
144.6925 	EXP 	Fixation: autoDraw = False
144.6925 	EXP 	Human_image: image = 'Stimuli For Psychopy/Human/matched-32-cpi-low-Rafd090_33_Caucasian_male_neutral_frontal.jpg'
144.6925 	EXP 	Human_image: autoDraw = True
145.6903 	EXP 	Human_image: autoDraw = False
145.6903 	EXP 	Human_image: autoDraw = False
145.6903 	EXP 	roi: autoDraw = False
145.6903 	EXP 	M_H_likeness_slider: markerPos = None
145.6903 	EXP 	M_H_likeness_slider: markerPos = 0.0
145.6903 	EXP 	M_H_likeness_slider: autoDraw = True
145.6903 	EXP 	ratingText_2: autoDraw = True
145.6903 	EXP 	instruct_Mechano_humannnes: autoDraw = True
146.1098 	DATA 	Mouse: Left button down, pos=(1393,389)
146.1258 	EXP 	M_H_likeness_slider: markerPos = 90.0925925925926
146.1425 	EXP 	M_H_likeness_slider: markerPos = 90.0925925925926
146.1573 	EXP 	M_H_likeness_slider: markerPos = 90.0925925925926
146.1759 	EXP 	M_H_likeness_slider: markerPos = 90.0925925925926
146.1924 	EXP 	M_H_likeness_slider: markerPos = 90.0925925925926
146.2092 	EXP 	M_H_likeness_slider: markerPos = 90.0925925925926
146.2097 	DATA 	Mouse:  Left button up, pos=(1393,389)
146.2238 	EXP 	M_H_likeness_slider: markerPos = 90.0925925925926
146.2427 	EXP 	image_2: autoDraw = True
146.7464 	DATA 	Mouse: Left button down, pos=(1491,86)
146.7585 	EXP 	window1: recordFrameIntervals = False
146.7759 	EXP 	M_H_likeness_slider: autoDraw = False
146.7759 	EXP 	ratingText_2: autoDraw = False
146.7759 	EXP 	image_2: autoDraw = False
146.7759 	EXP 	instruct_Mechano_humannnes: autoDraw = False
146.7760 	EXP 	window1: recordFrameIntervals = False
147.0424 	DATA 	Mouse:  Left button up, pos=(1491,86)
147.2426 	EXP 	New trial (rep=0, index=24): OrderedDict([('Type', 'Human'), ('Spatial_Frequency', 'BSF'), ('filepath', 'Stimuli For Psychopy/Human/matched-Rafd090_22_Caucasian_female_neutral_frontal.jpg'), ('file_name', 'matched-Rafd090_22_Caucasian_female_neutral_frontal.jpg')])
147.2449 	EXP 	Fixation: autoDraw = True
148.2570 	EXP 	Fixation: autoDraw = False
148.2570 	EXP 	Fixation: autoDraw = False
148.2570 	EXP 	Human_image: image = 'Stimuli For Psychopy/Human/matched-Rafd090_22_Caucasian_female_neutral_frontal.jpg'
148.2570 	EXP 	Human_image: autoDraw = True
149.2592 	EXP 	Human_image: autoDraw = False
149.2592 	EXP 	Human_image: autoDraw = False
149.2592 	EXP 	roi: autoDraw = False
149.2592 	EXP 	M_H_likeness_slider: markerPos = None
149.2592 	EXP 	M_H_likeness_slider: markerPos = 0.0
149.2737 	EXP 	M_H_likeness_slider: autoDraw = True
149.2737 	EXP 	ratingText_2: autoDraw = True
149.2737 	EXP 	instruct_Mechano_humannnes: autoDraw = True
149.6098 	DATA 	Mouse: Left button down, pos=(1417,400)
149.6258 	EXP 	M_H_likeness_slider: markerPos = 92.31481481481481
149.6424 	EXP 	M_H_likeness_slider: markerPos = 92.31481481481481
149.6568 	EXP 	M_H_likeness_slider: markerPos = 92.31481481481481
149.6757 	EXP 	M_H_likeness_slider: markerPos = 92.31481481481481
149.6904 	EXP 	M_H_likeness_slider: markerPos = 92.31481481481481
149.7069 	EXP 	M_H_likeness_slider: markerPos = 92.31481481481481
149.7077 	DATA 	Mouse:  Left button up, pos=(1417,400)
149.7262 	EXP 	M_H_likeness_slider: markerPos = 92.31481481481481
149.7402 	EXP 	image_2: autoDraw = True
150.0075 	DATA 	Mouse: Left button down, pos=(1478,47)
150.0093 	EXP 	window1: recordFrameIntervals = False
150.0239 	EXP 	M_H_likeness_slider: autoDraw = False
150.0239 	EXP 	ratingText_2: autoDraw = False
150.0239 	EXP 	image_2: autoDraw = False
150.0239 	EXP 	instruct_Mechano_humannnes: autoDraw = False
150.0241 	EXP 	window1: recordFrameIntervals = False
150.2933 	DATA 	Mouse:  Left button up, pos=(1478,47)
150.4937 	EXP 	New trial (rep=0, index=25): OrderedDict([('Type', 'Human'), ('Spatial_Frequency', 'BSF'), ('filepath', 'Stimuli For Psychopy/Human/matched-Rafd090_33_Caucasian_male_neutral_frontal.jpg'), ('file_name', 'matched-Rafd090_33_Caucasian_male_neutral_frontal.jpg')])
150.5090 	EXP 	Fixation: autoDraw = True
151.5234 	EXP 	Fixation: autoDraw = False
151.5234 	EXP 	Fixation: autoDraw = False
151.5234 	EXP 	Human_image: image = 'Stimuli For Psychopy/Human/matched-Rafd090_33_Caucasian_male_neutral_frontal.jpg'
151.5234 	EXP 	Human_image: autoDraw = True
152.5233 	EXP 	Human_image: autoDraw = False
152.5233 	EXP 	Human_image: autoDraw = False
152.5233 	EXP 	roi: autoDraw = False
152.5233 	EXP 	M_H_likeness_slider: markerPos = None
152.5233 	EXP 	M_H_likeness_slider: markerPos = 0.0
152.5233 	EXP 	M_H_likeness_slider: autoDraw = True
152.5233 	EXP 	ratingText_2: autoDraw = True
152.5233 	EXP 	instruct_Mechano_humannnes: autoDraw = True
152.9243 	DATA 	Mouse: Left button down, pos=(1429,392)
152.9400 	EXP 	M_H_likeness_slider: markerPos = 93.42592592592592
152.9566 	EXP 	M_H_likeness_slider: markerPos = 93.42592592592592
152.9735 	EXP 	M_H_likeness_slider: markerPos = 93.42592592592592
152.9901 	EXP 	M_H_likeness_slider: markerPos = 93.42592592592592
153.0091 	EXP 	M_H_likeness_slider: markerPos = 93.42592592592592
153.0235 	EXP 	M_H_likeness_slider: markerPos = 93.42592592592592
153.0283 	DATA 	Mouse:  Left button up, pos=(1429,392)
153.0428 	EXP 	M_H_likeness_slider: markerPos = 93.42592592592592
153.0593 	EXP 	M_H_likeness_slider: markerPos = 93.42592592592592
153.0735 	EXP 	image_2: autoDraw = True
153.2968 	DATA 	Mouse: Left button down, pos=(1425,102)
153.3080 	EXP 	window1: recordFrameIntervals = False
153.3235 	EXP 	M_H_likeness_slider: autoDraw = False
153.3235 	EXP 	ratingText_2: autoDraw = False
153.3235 	EXP 	image_2: autoDraw = False
153.3235 	EXP 	instruct_Mechano_humannnes: autoDraw = False
153.3236 	EXP 	window1: recordFrameIntervals = False
153.5916 	DATA 	Mouse:  Left button up, pos=(1426,101)
153.7918 	EXP 	New trial (rep=0, index=26): OrderedDict([('Type', 'Human'), ('Spatial_Frequency', 'HSF'), ('filepath', 'Stimuli For Psychopy/Human/matched-32-cpi-low-Rafd090_36_Caucasian_male_neutral_frontal.jpg'), ('file_name', 'matched-32-cpi-low-Rafd090_36_Caucasian_male_neutral_frontal.jpg')])
153.8067 	EXP 	Fixation: autoDraw = True
154.8090 	EXP 	Fixation: autoDraw = False
154.8090 	EXP 	Fixation: autoDraw = False
154.8090 	EXP 	Human_image: image = 'Stimuli For Psychopy/Human/matched-32-cpi-low-Rafd090_36_Caucasian_male_neutral_frontal.jpg'
154.8090 	EXP 	Human_image: autoDraw = True
155.8090 	EXP 	Human_image: autoDraw = False
155.8090 	EXP 	Human_image: autoDraw = False
155.8090 	EXP 	roi: autoDraw = False
155.8090 	EXP 	M_H_likeness_slider: markerPos = None
155.8090 	EXP 	M_H_likeness_slider: markerPos = 0.0
155.8090 	EXP 	M_H_likeness_slider: autoDraw = True
155.8090 	EXP 	ratingText_2: autoDraw = True
155.8090 	EXP 	instruct_Mechano_humannnes: autoDraw = True
156.2917 	DATA 	Mouse: Left button down, pos=(1415,385)
156.3089 	EXP 	M_H_likeness_slider: markerPos = 92.12962962962963
156.3259 	EXP 	M_H_likeness_slider: markerPos = 92.12962962962963
156.3423 	EXP 	M_H_likeness_slider: markerPos = 92.12962962962963
156.3589 	EXP 	M_H_likeness_slider: markerPos = 92.12962962962963
156.3757 	EXP 	M_H_likeness_slider: markerPos = 92.12962962962963
156.3803 	DATA 	Mouse:  Left button up, pos=(1415,385)
156.3901 	EXP 	M_H_likeness_slider: markerPos = 92.12962962962963
156.4120 	EXP 	M_H_likeness_slider: markerPos = 92.12962962962963
156.4286 	EXP 	image_2: autoDraw = True
156.7596 	DATA 	Mouse: Left button down, pos=(1491,76)
156.7617 	EXP 	window1: recordFrameIntervals = False
156.7736 	EXP 	M_H_likeness_slider: autoDraw = False
156.7736 	EXP 	ratingText_2: autoDraw = False
156.7736 	EXP 	image_2: autoDraw = False
156.7736 	EXP 	instruct_Mechano_humannnes: autoDraw = False
156.7738 	EXP 	window1: recordFrameIntervals = False
157.0464 	DATA 	Mouse:  Left button up, pos=(1491,76)
157.2465 	EXP 	New trial (rep=0, index=27): OrderedDict([('Type', 'Human'), ('Spatial_Frequency', 'BSF'), ('filepath', 'Stimuli For Psychopy/Human/matched-Rafd090_32_Caucasian_female_neutral_frontal.jpg'), ('file_name', 'matched-Rafd090_32_Caucasian_female_neutral_frontal.jpg')])
157.2566 	EXP 	Fixation: autoDraw = True
158.2567 	EXP 	Fixation: autoDraw = False
158.2567 	EXP 	Fixation: autoDraw = False
158.2567 	EXP 	Human_image: image = 'Stimuli For Psychopy/Human/matched-Rafd090_32_Caucasian_female_neutral_frontal.jpg'
158.2758 	EXP 	Human_image: autoDraw = True
159.2903 	EXP 	Human_image: autoDraw = False
159.2903 	EXP 	roi: autoDraw = False
159.2903 	EXP 	M_H_likeness_slider: markerPos = None
159.2903 	EXP 	M_H_likeness_slider: markerPos = 0.0
159.2903 	EXP 	M_H_likeness_slider: autoDraw = True
159.2903 	EXP 	ratingText_2: autoDraw = True
159.2903 	EXP 	instruct_Mechano_humannnes: autoDraw = True
159.8931 	DATA 	Mouse: Left button down, pos=(1435,394)
159.9088 	EXP 	M_H_likeness_slider: markerPos = 93.9814814814815
159.9256 	EXP 	M_H_likeness_slider: markerPos = 93.9814814814815
159.9422 	EXP 	M_H_likeness_slider: markerPos = 93.9814814814815
159.9570 	EXP 	M_H_likeness_slider: markerPos = 93.9814814814815
159.9757 	EXP 	M_H_likeness_slider: markerPos = 93.9814814814815
159.9802 	DATA 	Mouse:  Left button up, pos=(1435,394)
159.9903 	EXP 	M_H_likeness_slider: markerPos = 93.9814814814815
160.0090 	EXP 	M_H_likeness_slider: markerPos = 93.9814814814815
160.0255 	EXP 	image_2: autoDraw = True
160.3075 	DATA 	Mouse: Left button down, pos=(1533,52)
160.3091 	EXP 	window1: recordFrameIntervals = False
160.3233 	EXP 	M_H_likeness_slider: autoDraw = False
160.3233 	EXP 	ratingText_2: autoDraw = False
160.3233 	EXP 	image_2: autoDraw = False
160.3233 	EXP 	instruct_Mechano_humannnes: autoDraw = False
160.3235 	EXP 	window1: recordFrameIntervals = False
160.5928 	DATA 	Mouse:  Left button up, pos=(1533,52)
160.7930 	EXP 	New trial (rep=0, index=28): OrderedDict([('Type', 'Human'), ('Spatial_Frequency', 'BSF'), ('filepath', 'Stimuli For Psychopy/Human/matched-Rafd090_37_Caucasian_female_neutral_frontal.jpg'), ('file_name', 'matched-Rafd090_37_Caucasian_female_neutral_frontal.jpg')])
160.8121 	EXP 	Fixation: autoDraw = True
161.8233 	EXP 	Fixation: autoDraw = False
161.8233 	EXP 	Fixation: autoDraw = False
161.8233 	EXP 	Human_image: image = 'Stimuli For Psychopy/Human/matched-Rafd090_37_Caucasian_female_neutral_frontal.jpg'
161.8233 	EXP 	Human_image: autoDraw = True
162.8232 	EXP 	Human_image: autoDraw = False
162.8232 	EXP 	Human_image: autoDraw = False
162.8232 	EXP 	roi: autoDraw = False
162.8232 	EXP 	M_H_likeness_slider: markerPos = None
162.8232 	EXP 	M_H_likeness_slider: markerPos = 0.0
162.8232 	EXP 	M_H_likeness_slider: autoDraw = True
162.8232 	EXP 	ratingText_2: autoDraw = True
162.8232 	EXP 	instruct_Mechano_humannnes: autoDraw = True
163.4597 	DATA 	Mouse: Left button down, pos=(1425,383)
163.4732 	EXP 	M_H_likeness_slider: markerPos = 93.05555555555556
163.4899 	EXP 	M_H_likeness_slider: markerPos = 93.05555555555556
163.5089 	EXP 	M_H_likeness_slider: markerPos = 93.05555555555556
163.5256 	EXP 	M_H_likeness_slider: markerPos = 93.05555555555556
163.5269 	DATA 	Mouse:  Left button up, pos=(1425,383)
163.5403 	EXP 	M_H_likeness_slider: markerPos = 93.05555555555556
163.5589 	EXP 	image_2: autoDraw = True
163.8429 	DATA 	Mouse: Left button down, pos=(1497,42)
163.8439 	EXP 	window1: recordFrameIntervals = False
163.8589 	EXP 	M_H_likeness_slider: autoDraw = False
163.8589 	EXP 	ratingText_2: autoDraw = False
163.8589 	EXP 	image_2: autoDraw = False
163.8589 	EXP 	instruct_Mechano_humannnes: autoDraw = False
163.8590 	EXP 	window1: recordFrameIntervals = False
164.1284 	DATA 	Mouse:  Left button up, pos=(1497,42)
164.3286 	EXP 	New trial (rep=0, index=29): OrderedDict([('Type', 'Human'), ('Spatial_Frequency', 'LSF'), ('filepath', 'Stimuli For Psychopy/Human/matched-8-cpi-low-Rafd090_37_Caucasian_female_neutral_frontal.jpg'), ('file_name', 'matched-8-cpi-low-Rafd090_37_Caucasian_female_neutral_frontal.jpg')])
164.3454 	EXP 	Fixation: autoDraw = True
165.3567 	EXP 	Fixation: autoDraw = False
165.3567 	EXP 	Fixation: autoDraw = False
165.3567 	EXP 	Human_image: image = 'Stimuli For Psychopy/Human/matched-8-cpi-low-Rafd090_37_Caucasian_female_neutral_frontal.jpg'
165.3567 	EXP 	Human_image: autoDraw = True
166.3590 	EXP 	Human_image: autoDraw = False
166.3590 	EXP 	Human_image: autoDraw = False
166.3590 	EXP 	roi: autoDraw = False
166.3590 	EXP 	M_H_likeness_slider: markerPos = None
166.3590 	EXP 	M_H_likeness_slider: markerPos = 0.0
166.3590 	EXP 	M_H_likeness_slider: autoDraw = True
166.3590 	EXP 	ratingText_2: autoDraw = True
166.3590 	EXP 	instruct_Mechano_humannnes: autoDraw = True
166.7766 	DATA 	Mouse: Left button down, pos=(1335,419)
166.7901 	EXP 	M_H_likeness_slider: markerPos = 84.72222222222221
166.8088 	EXP 	M_H_likeness_slider: markerPos = 84.72222222222221
166.8254 	EXP 	M_H_likeness_slider: markerPos = 84.72222222222221
166.8423 	EXP 	M_H_likeness_slider: markerPos = 84.72222222222221
166.8429 	DATA 	Mouse:  Left button up, pos=(1335,419)
166.8566 	EXP 	M_H_likeness_slider: markerPos = 84.72222222222221
166.8734 	EXP 	image_2: autoDraw = True
167.1757 	DATA 	Mouse: Left button down, pos=(1432,131)
167.1769 	EXP 	window1: recordFrameIntervals = False
167.1922 	EXP 	M_H_likeness_slider: autoDraw = False
167.1922 	EXP 	ratingText_2: autoDraw = False
167.1922 	EXP 	image_2: autoDraw = False
167.1922 	EXP 	instruct_Mechano_humannnes: autoDraw = False
167.1923 	EXP 	window1: recordFrameIntervals = False
167.4611 	DATA 	Mouse:  Left button up, pos=(1434,131)
167.6612 	EXP 	New trial (rep=0, index=30): OrderedDict([('Type', 'Human'), ('Spatial_Frequency', 'BSF'), ('filepath', 'Stimuli For Psychopy/Human/matched-Rafd090_36_Caucasian_male_neutral_frontal.jpg'), ('file_name', 'matched-Rafd090_36_Caucasian_male_neutral_frontal.jpg')])
167.6735 	EXP 	Fixation: autoDraw = True
168.6732 	EXP 	Fixation: autoDraw = False
168.6732 	EXP 	Fixation: autoDraw = False
168.6732 	EXP 	Human_image: image = 'Stimuli For Psychopy/Human/matched-Rafd090_36_Caucasian_male_neutral_frontal.jpg'
168.6920 	EXP 	Human_image: autoDraw = True
169.7087 	EXP 	Human_image: autoDraw = False
169.7087 	EXP 	roi: autoDraw = False
169.7087 	EXP 	M_H_likeness_slider: markerPos = None
169.7087 	EXP 	M_H_likeness_slider: markerPos = 0.0
169.7087 	EXP 	M_H_likeness_slider: autoDraw = True
169.7087 	EXP 	ratingText_2: autoDraw = True
169.7087 	EXP 	instruct_Mechano_humannnes: autoDraw = True
170.1262 	DATA 	Mouse: Left button down, pos=(1422,416)
170.1420 	EXP 	M_H_likeness_slider: markerPos = 92.77777777777779
170.1566 	EXP 	M_H_likeness_slider: markerPos = 92.77777777777779
170.1754 	EXP 	M_H_likeness_slider: markerPos = 92.77777777777779
170.1901 	EXP 	M_H_likeness_slider: markerPos = 92.77777777777779
170.2086 	EXP 	M_H_likeness_slider: markerPos = 92.77777777777779
170.2252 	EXP 	M_H_likeness_slider: markerPos = 92.77777777777779
170.2258 	DATA 	Mouse:  Left button up, pos=(1422,416)
170.2398 	EXP 	M_H_likeness_slider: markerPos = 92.77777777777779
170.2585 	EXP 	image_2: autoDraw = True
170.4904 	DATA 	Mouse: Left button down, pos=(1520,26)
170.4917 	EXP 	window1: recordFrameIntervals = False
170.5087 	EXP 	M_H_likeness_slider: autoDraw = False
170.5087 	EXP 	ratingText_2: autoDraw = False
170.5087 	EXP 	image_2: autoDraw = False
170.5087 	EXP 	instruct_Mechano_humannnes: autoDraw = False
170.5088 	EXP 	window1: recordFrameIntervals = False
170.7761 	DATA 	Mouse:  Left button up, pos=(1520,26)
170.9763 	EXP 	New trial (rep=0, index=31): OrderedDict([('Type', 'Human'), ('Spatial_Frequency', 'HSF'), ('filepath', 'Stimuli For Psychopy/Human/matched-32-cpi-low-Rafd090_31_Caucasian_female_neutral_frontal.jpg'), ('file_name', 'matched-32-cpi-low-Rafd090_31_Caucasian_female_neutral_frontal.jpg')])
170.9783 	EXP 	Fixation: autoDraw = True
171.9900 	EXP 	Fixation: autoDraw = False
171.9900 	EXP 	Fixation: autoDraw = False
171.9900 	EXP 	Human_image: image = 'Stimuli For Psychopy/Human/matched-32-cpi-low-Rafd090_31_Caucasian_female_neutral_frontal.jpg'
171.9900 	EXP 	Human_image: autoDraw = True
172.9920 	EXP 	Human_image: autoDraw = False
172.9920 	EXP 	Human_image: autoDraw = False
172.9920 	EXP 	roi: autoDraw = False
172.9920 	EXP 	M_H_likeness_slider: markerPos = None
172.9920 	EXP 	M_H_likeness_slider: markerPos = 0.0
173.0065 	EXP 	M_H_likeness_slider: autoDraw = True
173.0065 	EXP 	ratingText_2: autoDraw = True
173.0065 	EXP 	instruct_Mechano_humannnes: autoDraw = True
173.5912 	DATA 	Mouse: Left button down, pos=(1415,393)
173.6066 	EXP 	M_H_likeness_slider: markerPos = 92.12962962962963
173.6252 	EXP 	M_H_likeness_slider: markerPos = 92.12962962962963
173.6419 	EXP 	M_H_likeness_slider: markerPos = 92.12962962962963
173.6588 	EXP 	M_H_likeness_slider: markerPos = 92.12962962962963
173.6732 	EXP 	M_H_likeness_slider: markerPos = 92.12962962962963
173.6740 	DATA 	Mouse:  Left button up, pos=(1415,394)
173.6920 	EXP 	M_H_likeness_slider: markerPos = 92.12962962962963
173.7063 	EXP 	image_2: autoDraw = True
173.9922 	DATA 	Mouse: Left button down, pos=(1472,70)
173.9939 	EXP 	window1: recordFrameIntervals = False
174.0066 	EXP 	M_H_likeness_slider: autoDraw = False
174.0066 	EXP 	ratingText_2: autoDraw = False
174.0066 	EXP 	image_2: autoDraw = False
174.0066 	EXP 	instruct_Mechano_humannnes: autoDraw = False
174.0068 	EXP 	window1: recordFrameIntervals = False
174.2779 	DATA 	Mouse:  Left button up, pos=(1472,70)
174.4781 	EXP 	New trial (rep=0, index=32): OrderedDict([('Type', 'Human'), ('Spatial_Frequency', 'BSF'), ('filepath', 'Stimuli For Psychopy/Human/matched-Rafd090_26_Caucasian_female_neutral_frontal.jpg'), ('file_name', 'matched-Rafd090_26_Caucasian_female_neutral_frontal.jpg')])
174.4919 	EXP 	Fixation: autoDraw = True
175.5061 	EXP 	Fixation: autoDraw = False
175.5061 	EXP 	Fixation: autoDraw = False
175.5061 	EXP 	Human_image: image = 'Stimuli For Psychopy/Human/matched-Rafd090_26_Caucasian_female_neutral_frontal.jpg'
175.5061 	EXP 	Human_image: autoDraw = True
176.5062 	EXP 	Human_image: autoDraw = False
176.5062 	EXP 	Human_image: autoDraw = False
176.5062 	EXP 	roi: autoDraw = False
176.5062 	EXP 	M_H_likeness_slider: markerPos = None
176.5062 	EXP 	M_H_likeness_slider: markerPos = 0.0
176.5062 	EXP 	M_H_likeness_slider: autoDraw = True
176.5062 	EXP 	ratingText_2: autoDraw = True
176.5062 	EXP 	instruct_Mechano_humannnes: autoDraw = True
177.0761 	DATA 	Mouse: Left button down, pos=(1373,400)
177.0898 	EXP 	M_H_likeness_slider: markerPos = 88.24074074074075
177.1063 	EXP 	M_H_likeness_slider: markerPos = 88.24074074074075
177.1253 	EXP 	M_H_likeness_slider: markerPos = 88.24074074074075
177.1420 	EXP 	M_H_likeness_slider: markerPos = 88.24074074074075
177.1587 	EXP 	M_H_likeness_slider: markerPos = 88.24074074074075
177.1594 	DATA 	Mouse:  Left button up, pos=(1373,400)
177.1754 	EXP 	M_H_likeness_slider: markerPos = 88.24074074074075
177.1919 	EXP 	image_2: autoDraw = True
177.4771 	DATA 	Mouse: Left button down, pos=(1509,14)
177.5569 	DATA 	Mouse:  Left button up, pos=(1509,14)
177.8091 	DATA 	Mouse: Left button down, pos=(1479,62)
177.8104 	EXP 	window1: recordFrameIntervals = False
177.8252 	EXP 	M_H_likeness_slider: autoDraw = False
177.8252 	EXP 	ratingText_2: autoDraw = False
177.8252 	EXP 	image_2: autoDraw = False
177.8252 	EXP 	instruct_Mechano_humannnes: autoDraw = False
177.8253 	EXP 	window1: recordFrameIntervals = False
178.0947 	DATA 	Mouse:  Left button up, pos=(1479,62)
178.2949 	EXP 	New trial (rep=0, index=33): OrderedDict([('Type', 'Human'), ('Spatial_Frequency', 'HSF'), ('filepath', 'Stimuli For Psychopy/Human/matched-32-cpi-low-Rafd090_22_Caucasian_female_neutral_frontal.jpg'), ('file_name', 'matched-32-cpi-low-Rafd090_22_Caucasian_female_neutral_frontal.jpg')])
178.3121 	EXP 	Fixation: autoDraw = True
179.3229 	EXP 	Fixation: autoDraw = False
179.3229 	EXP 	Fixation: autoDraw = False
179.3229 	EXP 	Human_image: image = 'Stimuli For Psychopy/Human/matched-32-cpi-low-Rafd090_22_Caucasian_female_neutral_frontal.jpg'
179.3229 	EXP 	Human_image: autoDraw = True
180.3229 	EXP 	Human_image: autoDraw = False
180.3229 	EXP 	Human_image: autoDraw = False
180.3229 	EXP 	roi: autoDraw = False
180.3229 	EXP 	M_H_likeness_slider: markerPos = None
180.3229 	EXP 	M_H_likeness_slider: markerPos = 0.0
180.3229 	EXP 	M_H_likeness_slider: autoDraw = True
180.3229 	EXP 	ratingText_2: autoDraw = True
180.3229 	EXP 	instruct_Mechano_humannnes: autoDraw = True
180.7959 	DATA 	Mouse: Left button down, pos=(1382,396)
180.8252 	EXP 	M_H_likeness_slider: markerPos = 89.07407407407408
180.8397 	EXP 	M_H_likeness_slider: markerPos = 89.07407407407408
180.8585 	EXP 	M_H_likeness_slider: markerPos = 89.07407407407408
180.8750 	EXP 	M_H_likeness_slider: markerPos = 89.07407407407408
180.8919 	EXP 	M_H_likeness_slider: markerPos = 89.07407407407408
180.9063 	EXP 	M_H_likeness_slider: markerPos = 89.07407407407408
180.9076 	DATA 	Mouse:  Left button up, pos=(1382,396)
180.9236 	EXP 	M_H_likeness_slider: markerPos = 89.07407407407408
180.9419 	EXP 	image_2: autoDraw = True
181.1736 	DATA 	Mouse: Left button down, pos=(1459,16)
181.2754 	DATA 	Mouse:  Left button up, pos=(1460,15)
181.6922 	DATA 	Mouse: Left button down, pos=(1447,70)
181.6933 	EXP 	window1: recordFrameIntervals = False
181.7084 	EXP 	M_H_likeness_slider: autoDraw = False
181.7084 	EXP 	ratingText_2: autoDraw = False
181.7084 	EXP 	image_2: autoDraw = False
181.7084 	EXP 	instruct_Mechano_humannnes: autoDraw = False
181.7085 	EXP 	window1: recordFrameIntervals = False
181.9784 	DATA 	Mouse:  Left button up, pos=(1447,70)
182.1786 	EXP 	New trial (rep=0, index=34): OrderedDict([('Type', 'Human'), ('Spatial_Frequency', 'HSF'), ('filepath', 'Stimuli For Psychopy/Human/matched-32-cpi-low-Rafd090_19_Caucasian_female_neutral_frontal.jpg'), ('file_name', 'matched-32-cpi-low-Rafd090_19_Caucasian_female_neutral_frontal.jpg')])
182.1894 	EXP 	Fixation: autoDraw = True
183.1898 	EXP 	Fixation: autoDraw = False
183.1898 	EXP 	Fixation: autoDraw = False
183.1898 	EXP 	Human_image: image = 'Stimuli For Psychopy/Human/matched-32-cpi-low-Rafd090_19_Caucasian_female_neutral_frontal.jpg'
183.2084 	EXP 	Human_image: autoDraw = True
184.2281 	EXP 	Human_image: autoDraw = False
184.2281 	EXP 	roi: autoDraw = False
184.2281 	EXP 	M_H_likeness_slider: markerPos = None
184.2281 	EXP 	M_H_likeness_slider: markerPos = 0.0
184.2281 	EXP 	M_H_likeness_slider: autoDraw = True
184.2281 	EXP 	ratingText_2: autoDraw = True
184.2281 	EXP 	instruct_Mechano_humannnes: autoDraw = True
184.6237 	DATA 	Mouse: Left button down, pos=(1382,429)
184.6392 	EXP 	M_H_likeness_slider: markerPos = 89.07407407407408
184.6560 	EXP 	M_H_likeness_slider: markerPos = 89.07407407407408
184.6728 	EXP 	M_H_likeness_slider: markerPos = 89.07407407407408
184.6893 	EXP 	M_H_likeness_slider: markerPos = 89.07407407407408
184.7061 	EXP 	M_H_likeness_slider: markerPos = 89.07407407407408
184.7226 	EXP 	M_H_likeness_slider: markerPos = 89.07407407407408
184.7236 	DATA 	Mouse:  Left button up, pos=(1382,430)
184.7394 	EXP 	M_H_likeness_slider: markerPos = 89.07407407407408
184.7559 	EXP 	image_2: autoDraw = True
184.9937 	DATA 	Mouse: Left button down, pos=(1486,65)
185.0078 	EXP 	window1: recordFrameIntervals = False
185.0230 	EXP 	M_H_likeness_slider: autoDraw = False
185.0230 	EXP 	ratingText_2: autoDraw = False
185.0230 	EXP 	image_2: autoDraw = False
185.0230 	EXP 	instruct_Mechano_humannnes: autoDraw = False
185.0232 	EXP 	window1: recordFrameIntervals = False
185.2916 	DATA 	Mouse:  Left button up, pos=(1487,64)
185.4919 	EXP 	New trial (rep=0, index=35): OrderedDict([('Type', 'Human'), ('Spatial_Frequency', 'LSF'), ('filepath', 'Stimuli For Psychopy/Human/matched-8-cpi-low-Rafd090_22_Caucasian_female_neutral_frontal.jpg'), ('file_name', 'matched-8-cpi-low-Rafd090_22_Caucasian_female_neutral_frontal.jpg')])
185.5061 	EXP 	Fixation: autoDraw = True
186.5066 	EXP 	Fixation: autoDraw = False
186.5066 	EXP 	Fixation: autoDraw = False
186.5066 	EXP 	Human_image: image = 'Stimuli For Psychopy/Human/matched-8-cpi-low-Rafd090_22_Caucasian_female_neutral_frontal.jpg'
186.5250 	EXP 	Human_image: autoDraw = True
187.5229 	EXP 	Human_image: autoDraw = False
187.5229 	EXP 	roi: autoDraw = False
187.5229 	EXP 	M_H_likeness_slider: markerPos = None
187.5229 	EXP 	M_H_likeness_slider: markerPos = 0.0
187.5229 	EXP 	M_H_likeness_slider: autoDraw = True
187.5229 	EXP 	ratingText_2: autoDraw = True
187.5229 	EXP 	instruct_Mechano_humannnes: autoDraw = True
188.1093 	DATA 	Mouse: Left button down, pos=(1384,454)
188.1230 	EXP 	M_H_likeness_slider: markerPos = 89.25925925925927
188.1396 	EXP 	M_H_likeness_slider: markerPos = 89.25925925925927
188.1583 	EXP 	M_H_likeness_slider: markerPos = 89.25925925925927
188.1748 	EXP 	M_H_likeness_slider: markerPos = 89.25925925925927
188.1916 	EXP 	M_H_likeness_slider: markerPos = 89.25925925925927
188.2083 	EXP 	M_H_likeness_slider: markerPos = 89.25925925925927
188.2092 	DATA 	Mouse:  Left button up, pos=(1384,454)
188.2227 	EXP 	M_H_likeness_slider: markerPos = 89.25925925925927
188.2397 	EXP 	image_2: autoDraw = True
188.5290 	DATA 	Mouse: Left button down, pos=(1515,66)
188.5409 	EXP 	window1: recordFrameIntervals = False
188.5582 	EXP 	M_H_likeness_slider: autoDraw = False
188.5582 	EXP 	ratingText_2: autoDraw = False
188.5582 	EXP 	image_2: autoDraw = False
188.5582 	EXP 	instruct_Mechano_humannnes: autoDraw = False
188.5583 	EXP 	window1: recordFrameIntervals = False
188.8242 	DATA 	Mouse:  Left button up, pos=(1515,66)
189.0245 	EXP 	New trial (rep=0, index=36): OrderedDict([('Type', 'Human'), ('Spatial_Frequency', 'LSF'), ('filepath', 'Stimuli For Psychopy/Human/matched-8-cpi-low-Rafd090_31_Caucasian_female_neutral_frontal.jpg'), ('file_name', 'matched-8-cpi-low-Rafd090_31_Caucasian_female_neutral_frontal.jpg')])
189.0418 	EXP 	Fixation: autoDraw = True
190.0395 	EXP 	Fixation: autoDraw = False
190.0395 	EXP 	Fixation: autoDraw = False
190.0395 	EXP 	Human_image: image = 'Stimuli For Psychopy/Human/matched-8-cpi-low-Rafd090_31_Caucasian_female_neutral_frontal.jpg'
190.0395 	EXP 	Human_image: autoDraw = True
191.0393 	EXP 	Human_image: autoDraw = False
191.0393 	EXP 	Human_image: autoDraw = False
191.0393 	EXP 	roi: autoDraw = False
191.0393 	EXP 	M_H_likeness_slider: markerPos = None
191.0393 	EXP 	M_H_likeness_slider: markerPos = 0.0
191.0393 	EXP 	M_H_likeness_slider: autoDraw = True
191.0393 	EXP 	ratingText_2: autoDraw = True
191.0393 	EXP 	instruct_Mechano_humannnes: autoDraw = True
191.4100 	DATA 	Mouse: Left button down, pos=(1433,370)
191.5091 	DATA 	Mouse:  Left button up, pos=(1438,372)
191.6924 	DATA 	Mouse: Left button down, pos=(1432,395)
191.7081 	EXP 	M_H_likeness_slider: markerPos = 93.70370370370371
191.7250 	EXP 	M_H_likeness_slider: markerPos = 93.70370370370371
191.7415 	EXP 	M_H_likeness_slider: markerPos = 93.70370370370371
191.7582 	EXP 	M_H_likeness_slider: markerPos = 93.70370370370371
191.7729 	EXP 	M_H_likeness_slider: markerPos = 93.70370370370371
191.7742 	DATA 	Mouse:  Left button up, pos=(1432,395)
191.7895 	EXP 	M_H_likeness_slider: markerPos = 93.70370370370371
191.8082 	EXP 	image_2: autoDraw = True
192.1241 	DATA 	Mouse: Left button down, pos=(1504,106)
192.1257 	EXP 	window1: recordFrameIntervals = False
192.1396 	EXP 	M_H_likeness_slider: autoDraw = False
192.1396 	EXP 	ratingText_2: autoDraw = False
192.1396 	EXP 	image_2: autoDraw = False
192.1396 	EXP 	instruct_Mechano_humannnes: autoDraw = False
192.1399 	EXP 	window1: recordFrameIntervals = False
192.4097 	DATA 	Mouse:  Left button up, pos=(1504,106)
192.6099 	EXP 	New trial (rep=0, index=37): OrderedDict([('Type', 'Human'), ('Spatial_Frequency', 'LSF'), ('filepath', 'Stimuli For Psychopy/Human/matched-8-cpi-low-Rafd090_12_Caucasian_female_neutral_frontal.jpg'), ('file_name', 'matched-8-cpi-low-Rafd090_12_Caucasian_female_neutral_frontal.jpg')])
192.6284 	EXP 	Fixation: autoDraw = True
193.6389 	EXP 	Fixation: autoDraw = False
193.6389 	EXP 	Fixation: autoDraw = False
193.6389 	EXP 	Human_image: image = 'Stimuli For Psychopy/Human/matched-8-cpi-low-Rafd090_12_Caucasian_female_neutral_frontal.jpg'
193.6389 	EXP 	Human_image: autoDraw = True
194.6390 	EXP 	Human_image: autoDraw = False
194.6390 	EXP 	Human_image: autoDraw = False
194.6390 	EXP 	roi: autoDraw = False
194.6390 	EXP 	M_H_likeness_slider: markerPos = None
194.6390 	EXP 	M_H_likeness_slider: markerPos = 0.0
194.6390 	EXP 	M_H_likeness_slider: autoDraw = True
194.6390 	EXP 	ratingText_2: autoDraw = True
194.6390 	EXP 	instruct_Mechano_humannnes: autoDraw = True
194.9786 	DATA 	Mouse: Left button down, pos=(1354,410)
195.0058 	EXP 	M_H_likeness_slider: markerPos = 86.57407407407408
195.0248 	EXP 	M_H_likeness_slider: markerPos = 86.57407407407408
195.0395 	EXP 	M_H_likeness_slider: markerPos = 86.57407407407408
195.0558 	EXP 	M_H_likeness_slider: markerPos = 86.57407407407408
195.0726 	EXP 	M_H_likeness_slider: markerPos = 86.57407407407408
195.0916 	EXP 	M_H_likeness_slider: markerPos = 86.57407407407408
195.0923 	DATA 	Mouse:  Left button up, pos=(1355,410)
195.1057 	EXP 	M_H_likeness_slider: markerPos = 86.57407407407408
195.1249 	EXP 	image_2: autoDraw = True
195.3774 	DATA 	Mouse: Left button down, pos=(1479,81)
195.3909 	EXP 	window1: recordFrameIntervals = False
195.4081 	EXP 	M_H_likeness_slider: autoDraw = False
195.4081 	EXP 	ratingText_2: autoDraw = False
195.4081 	EXP 	image_2: autoDraw = False
195.4081 	EXP 	instruct_Mechano_humannnes: autoDraw = False
195.4082 	EXP 	window1: recordFrameIntervals = False
195.6750 	DATA 	Mouse:  Left button up, pos=(1479,81)
195.8752 	EXP 	New trial (rep=0, index=38): OrderedDict([('Type', 'Human'), ('Spatial_Frequency', 'BSF'), ('filepath', 'Stimuli For Psychopy/Human/matched-Rafd090_01_Caucasian_female_neutral_frontal.jpg'), ('file_name', 'matched-Rafd090_01_Caucasian_female_neutral_frontal.jpg')])
195.8774 	EXP 	Fixation: autoDraw = True
196.8914 	EXP 	Fixation: autoDraw = False
196.8914 	EXP 	Fixation: autoDraw = False
196.8914 	EXP 	Human_image: image = 'Stimuli For Psychopy/Human/matched-Rafd090_01_Caucasian_female_neutral_frontal.jpg'
196.9065 	EXP 	Human_image: autoDraw = True
197.9084 	EXP 	Human_image: autoDraw = False
197.9084 	EXP 	roi: autoDraw = False
197.9084 	EXP 	M_H_likeness_slider: markerPos = None
197.9084 	EXP 	M_H_likeness_slider: markerPos = 0.0
197.9084 	EXP 	M_H_likeness_slider: autoDraw = True
197.9084 	EXP 	ratingText_2: autoDraw = True
197.9084 	EXP 	instruct_Mechano_humannnes: autoDraw = True
198.4125 	DATA 	Mouse: Left button down, pos=(1399,409)
198.4413 	EXP 	M_H_likeness_slider: markerPos = 90.64814814814814
198.4561 	EXP 	M_H_likeness_slider: markerPos = 90.64814814814814
198.4748 	EXP 	M_H_likeness_slider: markerPos = 90.64814814814814
198.4915 	EXP 	M_H_likeness_slider: markerPos = 90.64814814814814
198.5060 	EXP 	M_H_likeness_slider: markerPos = 90.64814814814814
198.5069 	DATA 	Mouse:  Left button up, pos=(1399,409)
198.5225 	EXP 	M_H_likeness_slider: markerPos = 90.64814814814814
198.5392 	EXP 	image_2: autoDraw = True
198.8730 	DATA 	Mouse: Left button down, pos=(1500,92)
198.8741 	EXP 	window1: recordFrameIntervals = False
198.8913 	EXP 	M_H_likeness_slider: autoDraw = False
198.8913 	EXP 	ratingText_2: autoDraw = False
198.8913 	EXP 	image_2: autoDraw = False
198.8913 	EXP 	instruct_Mechano_humannnes: autoDraw = False
198.8914 	EXP 	window1: recordFrameIntervals = False
199.1586 	DATA 	Mouse:  Left button up, pos=(1500,92)
199.3588 	EXP 	New trial (rep=0, index=39): OrderedDict([('Type', 'Human'), ('Spatial_Frequency', 'BSF'), ('filepath', 'Stimuli For Psychopy/Human/matched-Rafd090_12_Caucasian_female_neutral_frontal.jpg'), ('file_name', 'matched-Rafd090_12_Caucasian_female_neutral_frontal.jpg')])
199.3609 	EXP 	Fixation: autoDraw = True
200.3724 	EXP 	Fixation: autoDraw = False
200.3724 	EXP 	Fixation: autoDraw = False
200.3724 	EXP 	Human_image: image = 'Stimuli For Psychopy/Human/matched-Rafd090_12_Caucasian_female_neutral_frontal.jpg'
200.3724 	EXP 	Human_image: autoDraw = True
201.3725 	EXP 	Human_image: autoDraw = False
201.3725 	EXP 	Human_image: autoDraw = False
201.3725 	EXP 	roi: autoDraw = False
201.3725 	EXP 	M_H_likeness_slider: markerPos = None
201.3725 	EXP 	M_H_likeness_slider: markerPos = 0.0
201.3725 	EXP 	M_H_likeness_slider: autoDraw = True
201.3725 	EXP 	ratingText_2: autoDraw = True
201.3725 	EXP 	instruct_Mechano_humannnes: autoDraw = True
202.0097 	DATA 	Mouse: Left button down, pos=(1309,467)
202.0391 	EXP 	M_H_likeness_slider: markerPos = 82.31481481481482
202.0579 	EXP 	M_H_likeness_slider: markerPos = 82.31481481481482
202.0746 	EXP 	M_H_likeness_slider: markerPos = 82.31481481481482
202.0890 	EXP 	M_H_likeness_slider: markerPos = 82.31481481481482
202.1080 	EXP 	M_H_likeness_slider: markerPos = 82.31481481481482
202.1089 	DATA 	Mouse:  Left button up, pos=(1309,467)
202.1227 	EXP 	M_H_likeness_slider: markerPos = 82.31481481481482
202.1417 	EXP 	image_2: autoDraw = True
202.4586 	DATA 	Mouse: Left button down, pos=(1494,91)
202.4597 	EXP 	window1: recordFrameIntervals = False
202.4726 	EXP 	M_H_likeness_slider: autoDraw = False
202.4726 	EXP 	ratingText_2: autoDraw = False
202.4726 	EXP 	image_2: autoDraw = False
202.4726 	EXP 	instruct_Mechano_humannnes: autoDraw = False
202.4727 	EXP 	window1: recordFrameIntervals = False
202.7441 	DATA 	Mouse:  Left button up, pos=(1494,91)
202.9444 	EXP 	New trial (rep=0, index=40): OrderedDict([('Type', 'Human'), ('Spatial_Frequency', 'LSF'), ('filepath', 'Stimuli For Psychopy/Human/matched-8-cpi-low-Rafd090_26_Caucasian_female_neutral_frontal.jpg'), ('file_name', 'matched-8-cpi-low-Rafd090_26_Caucasian_female_neutral_frontal.jpg')])
202.9556 	EXP 	Fixation: autoDraw = True
203.9560 	EXP 	Fixation: autoDraw = False
203.9560 	EXP 	Fixation: autoDraw = False
203.9560 	EXP 	Human_image: image = 'Stimuli For Psychopy/Human/matched-8-cpi-low-Rafd090_26_Caucasian_female_neutral_frontal.jpg'
203.9745 	EXP 	Human_image: autoDraw = True
204.9891 	EXP 	Human_image: autoDraw = False
204.9891 	EXP 	roi: autoDraw = False
204.9891 	EXP 	M_H_likeness_slider: markerPos = None
204.9891 	EXP 	M_H_likeness_slider: markerPos = 0.0
204.9891 	EXP 	M_H_likeness_slider: autoDraw = True
204.9891 	EXP 	ratingText_2: autoDraw = True
204.9891 	EXP 	instruct_Mechano_humannnes: autoDraw = True
205.4091 	DATA 	Mouse: Left button down, pos=(1400,391)
205.4225 	EXP 	M_H_likeness_slider: markerPos = 90.74074074074075
205.4414 	EXP 	M_H_likeness_slider: markerPos = 90.74074074074075
205.4579 	EXP 	M_H_likeness_slider: markerPos = 90.74074074074075
205.4727 	EXP 	M_H_likeness_slider: markerPos = 90.74074074074075
205.4913 	EXP 	M_H_likeness_slider: markerPos = 90.74074074074075
205.5080 	EXP 	M_H_likeness_slider: markerPos = 90.74074074074075
205.5087 	DATA 	Mouse:  Left button up, pos=(1400,391)
205.5245 	EXP 	M_H_likeness_slider: markerPos = 90.74074074074075
205.5391 	EXP 	image_2: autoDraw = True
205.8092 	DATA 	Mouse: Left button down, pos=(1500,90)
205.8240 	EXP 	window1: recordFrameIntervals = False
205.8415 	EXP 	M_H_likeness_slider: autoDraw = False
205.8415 	EXP 	ratingText_2: autoDraw = False
205.8415 	EXP 	image_2: autoDraw = False
205.8415 	EXP 	instruct_Mechano_humannnes: autoDraw = False
205.8417 	EXP 	window1: recordFrameIntervals = False
206.1082 	DATA 	Mouse:  Left button up, pos=(1500,90)
206.3086 	EXP 	New trial (rep=0, index=41): OrderedDict([('Type', 'Human'), ('Spatial_Frequency', 'BSF'), ('filepath', 'Stimuli For Psychopy/Human/matched-Rafd090_31_Caucasian_female_neutral_frontal.jpg'), ('file_name', 'matched-Rafd090_31_Caucasian_female_neutral_frontal.jpg')])
206.3111 	EXP 	Fixation: autoDraw = True
207.3225 	EXP 	Fixation: autoDraw = False
207.3225 	EXP 	Fixation: autoDraw = False
207.3225 	EXP 	Human_image: image = 'Stimuli For Psychopy/Human/matched-Rafd090_31_Caucasian_female_neutral_frontal.jpg'
207.3411 	EXP 	Human_image: autoDraw = True
208.3411 	EXP 	Human_image: autoDraw = False
208.3411 	EXP 	roi: autoDraw = False
208.3411 	EXP 	M_H_likeness_slider: markerPos = None
208.3411 	EXP 	M_H_likeness_slider: markerPos = 0.0
208.3411 	EXP 	M_H_likeness_slider: autoDraw = True
208.3411 	EXP 	ratingText_2: autoDraw = True
208.3411 	EXP 	instruct_Mechano_humannnes: autoDraw = True
208.7397 	DATA 	Mouse: Left button down, pos=(1390,396)
208.7580 	EXP 	M_H_likeness_slider: markerPos = 89.81481481481481
208.7722 	EXP 	M_H_likeness_slider: markerPos = 89.81481481481481
208.7911 	EXP 	M_H_likeness_slider: markerPos = 89.81481481481481
208.8055 	EXP 	M_H_likeness_slider: markerPos = 89.81481481481481
208.8101 	DATA 	Mouse:  Left button up, pos=(1390,396)
208.8246 	EXP 	M_H_likeness_slider: markerPos = 89.81481481481481
208.8413 	EXP 	M_H_likeness_slider: markerPos = 89.81481481481481
208.8580 	EXP 	image_2: autoDraw = True
209.2419 	DATA 	Mouse: Left button down, pos=(1475,115)
209.2432 	EXP 	window1: recordFrameIntervals = False
209.2577 	EXP 	M_H_likeness_slider: autoDraw = False
209.2577 	EXP 	ratingText_2: autoDraw = False
209.2577 	EXP 	image_2: autoDraw = False
209.2577 	EXP 	instruct_Mechano_humannnes: autoDraw = False
209.2578 	EXP 	window1: recordFrameIntervals = False
209.5272 	DATA 	Mouse:  Left button up, pos=(1476,115)
209.7272 	EXP 	New trial (rep=0, index=42): OrderedDict([('Type', 'Human'), ('Spatial_Frequency', 'LSF'), ('filepath', 'Stimuli For Psychopy/Human/matched-8-cpi-low-Rafd090_33_Caucasian_male_neutral_frontal.jpg'), ('file_name', 'matched-8-cpi-low-Rafd090_33_Caucasian_male_neutral_frontal.jpg')])
209.7388 	EXP 	Fixation: autoDraw = True
210.7393 	EXP 	Fixation: autoDraw = False
210.7393 	EXP 	Fixation: autoDraw = False
210.7393 	EXP 	Human_image: image = 'Stimuli For Psychopy/Human/matched-8-cpi-low-Rafd090_33_Caucasian_male_neutral_frontal.jpg'
210.7578 	EXP 	Human_image: autoDraw = True
211.7558 	EXP 	Human_image: autoDraw = False
211.7558 	EXP 	Human_image: autoDraw = False
211.7558 	EXP 	roi: autoDraw = False
211.7558 	EXP 	M_H_likeness_slider: markerPos = None
211.7558 	EXP 	M_H_likeness_slider: markerPos = 0.0
211.7558 	EXP 	M_H_likeness_slider: autoDraw = True
211.7558 	EXP 	ratingText_2: autoDraw = True
211.7558 	EXP 	instruct_Mechano_humannnes: autoDraw = True
212.1591 	DATA 	Mouse: Left button down, pos=(1405,452)
212.1724 	EXP 	M_H_likeness_slider: markerPos = 91.2037037037037
212.1911 	EXP 	M_H_likeness_slider: markerPos = 91.2037037037037
212.2077 	EXP 	M_H_likeness_slider: markerPos = 91.2037037037037
212.2224 	EXP 	M_H_likeness_slider: markerPos = 91.2037037037037
212.2268 	DATA 	Mouse:  Left button up, pos=(1405,452)
212.2410 	EXP 	M_H_likeness_slider: markerPos = 91.2037037037037
212.2557 	EXP 	M_H_likeness_slider: markerPos = 91.2037037037037
212.2744 	EXP 	image_2: autoDraw = True
212.6585 	DATA 	Mouse: Left button down, pos=(1490,134)
212.7580 	DATA 	Mouse:  Left button up, pos=(1490,134)
213.1062 	DATA 	Mouse: Left button down, pos=(1489,116)
213.1075 	EXP 	window1: recordFrameIntervals = False
213.1221 	EXP 	M_H_likeness_slider: autoDraw = False
213.1221 	EXP 	ratingText_2: autoDraw = False
213.1221 	EXP 	image_2: autoDraw = False
213.1221 	EXP 	instruct_Mechano_humannnes: autoDraw = False
213.1223 	EXP 	window1: recordFrameIntervals = False
213.3919 	DATA 	Mouse:  Left button up, pos=(1489,116)
213.5920 	EXP 	New trial (rep=0, index=43): OrderedDict([('Type', 'Human'), ('Spatial_Frequency', 'HSF'), ('filepath', 'Stimuli For Psychopy/Human/matched-32-cpi-low-Rafd090_01_Caucasian_female_neutral_frontal.jpg'), ('file_name', 'matched-32-cpi-low-Rafd090_01_Caucasian_female_neutral_frontal.jpg')])
213.6077 	EXP 	Fixation: autoDraw = True
214.6076 	EXP 	Fixation: autoDraw = False
214.6076 	EXP 	Fixation: autoDraw = False
214.6076 	EXP 	Human_image: image = 'Stimuli For Psychopy/Human/matched-32-cpi-low-Rafd090_01_Caucasian_female_neutral_frontal.jpg'
214.6076 	EXP 	Human_image: autoDraw = True
215.6056 	EXP 	Human_image: autoDraw = False
215.6056 	EXP 	Human_image: autoDraw = False
215.6056 	EXP 	roi: autoDraw = False
215.6056 	EXP 	M_H_likeness_slider: markerPos = None
215.6056 	EXP 	M_H_likeness_slider: markerPos = 0.0
215.6056 	EXP 	M_H_likeness_slider: autoDraw = True
215.6056 	EXP 	ratingText_2: autoDraw = True
215.6056 	EXP 	instruct_Mechano_humannnes: autoDraw = True
216.1897 	DATA 	Mouse: Left button down, pos=(1390,409)
216.2076 	EXP 	M_H_likeness_slider: markerPos = 89.81481481481481
216.2223 	EXP 	M_H_likeness_slider: markerPos = 89.81481481481481
216.2410 	EXP 	M_H_likeness_slider: markerPos = 89.81481481481481
216.2577 	EXP 	M_H_likeness_slider: markerPos = 89.81481481481481
216.2723 	EXP 	M_H_likeness_slider: markerPos = 89.81481481481481
216.2734 	DATA 	Mouse:  Left button up, pos=(1390,409)
216.2891 	EXP 	M_H_likeness_slider: markerPos = 89.81481481481481
216.3059 	EXP 	image_2: autoDraw = True
216.7132 	DATA 	Mouse: Left button down, pos=(1474,78)
216.7258 	EXP 	window1: recordFrameIntervals = False
216.7412 	EXP 	M_H_likeness_slider: autoDraw = False
216.7412 	EXP 	ratingText_2: autoDraw = False
216.7412 	EXP 	image_2: autoDraw = False
216.7412 	EXP 	instruct_Mechano_humannnes: autoDraw = False
216.7414 	EXP 	window1: recordFrameIntervals = False
217.0092 	DATA 	Mouse:  Left button up, pos=(1475,77)
217.2096 	EXP 	New trial (rep=0, index=44): OrderedDict([('Type', 'Human'), ('Spatial_Frequency', 'LSF'), ('filepath', 'Stimuli For Psychopy/Human/matched-8-cpi-low-Rafd090_19_Caucasian_female_neutral_frontal.jpg'), ('file_name', 'matched-8-cpi-low-Rafd090_19_Caucasian_female_neutral_frontal.jpg')])
217.2245 	EXP 	Fixation: autoDraw = True
218.2221 	EXP 	Fixation: autoDraw = False
218.2221 	EXP 	Fixation: autoDraw = False
218.2221 	EXP 	Human_image: image = 'Stimuli For Psychopy/Human/matched-8-cpi-low-Rafd090_19_Caucasian_female_neutral_frontal.jpg'
218.2409 	EXP 	Human_image: autoDraw = True
219.2386 	EXP 	Human_image: autoDraw = False
219.2386 	EXP 	Human_image: autoDraw = False
219.2386 	EXP 	roi: autoDraw = False
219.2386 	EXP 	M_H_likeness_slider: markerPos = None
219.2386 	EXP 	M_H_likeness_slider: markerPos = 0.0
219.2386 	EXP 	M_H_likeness_slider: autoDraw = True
219.2386 	EXP 	ratingText_2: autoDraw = True
219.2386 	EXP 	instruct_Mechano_humannnes: autoDraw = True
219.6416 	DATA 	Mouse: Left button down, pos=(1331,404)
219.6554 	EXP 	M_H_likeness_slider: markerPos = 84.35185185185186
219.6722 	EXP 	M_H_likeness_slider: markerPos = 84.35185185185186
219.6911 	EXP 	M_H_likeness_slider: markerPos = 84.35185185185186
219.7056 	EXP 	M_H_likeness_slider: markerPos = 84.35185185185186
219.7221 	EXP 	M_H_likeness_slider: markerPos = 84.35185185185186
219.7387 	EXP 	M_H_likeness_slider: markerPos = 84.35185185185186
219.7404 	DATA 	Mouse:  Left button up, pos=(1331,404)
219.7578 	EXP 	M_H_likeness_slider: markerPos = 84.35185185185186
219.7743 	EXP 	image_2: autoDraw = True
220.0746 	DATA 	Mouse: Left button down, pos=(1443,64)
220.0759 	EXP 	window1: recordFrameIntervals = False
220.0889 	EXP 	M_H_likeness_slider: autoDraw = False
220.0889 	EXP 	ratingText_2: autoDraw = False
220.0889 	EXP 	image_2: autoDraw = False
220.0889 	EXP 	instruct_Mechano_humannnes: autoDraw = False
220.0891 	EXP 	window1: recordFrameIntervals = False
220.3602 	DATA 	Mouse:  Left button up, pos=(1444,64)
221.5965 	EXP 	eyetracker.setRecordingState(False)
221.6257 	EXP 	window1: mouseVisible = True
