3.4142 	WARNING 	We strongly recommend you activate the PTB sound engine in PsychoPy prefs as the preferred audio engine. Its timing is vastly superior. Your prefs are currently set to use ['sounddevice', 'PTB', 'pyo', 'pygame'] (in that order).
10.1880 	WARNING 	User requested fullscreen with size [1024  768], but screen is actually [1920, 1080]. Using actual size
11.2485 	EXP 	Created window1 = Window(allowGUI=True, allowStencil=False, autoLog=True, backendConf=UNKNOWN, bitsMode=UNKNOWN, blendMode='avg', bpc=(8, 8, 8), color=array([0, 0, 0]), colorSpace='rgb', depthBits=8, fullscr=<method-wrapper '__getattribute__' of attributeSetter object at 0x0000023BF565D2B0>, gamma=None, gammaErrorPolicy='raise', lms=UNKNOWN, monitor=<psychopy.monitors.calibTools.Monitor object at 0x0000023BF75F4F70>, multiSample=False, name='window1', numSamples=2, pos=(0, 0), screen=0, size=array([1920, 1080]), stencilBits=0, stereo=False, units='height', useFBO=True, useRetina=False, viewOri=0.0, viewPos=None, viewScale=None, waitBlanking=True, winType='pyglet')
11.2490 	EXP 	window1: mouseVisible = True
11.2493 	EXP 	window1: mouseVisible = False
11.2493 	EXP 	window1: Attempting to measure frame rate of screen (0) ...
11.2493 	EXP 	window1: recordFrameIntervals = False
11.4144 	EXP 	window1: recordFrameIntervals = True
11.5984 	EXP 	Screen (0) actual frame rate measured at 60.02Hz
11.5985 	EXP 	window1: recordFrameIntervals = False
15.5953 	EXP 	Created whole_image = Rect(__class__=<class 'psychopy.visual.rect.Rect'>, anchor=('center', 'center'), autoDraw=False, autoLog=True, closeShape=True, color=method-wrapper(...), colorSpace='rgb', contrast=None, depth=0.0, fillColor=array([0., 0., 0.]), fillColorSpace='rgb', fillRGB=array([0., 0., 0.]), interpolate=True, lineColor=array([ 1.,  1., -1.]), lineColorSpace='rgb', lineRGB=array([ 1.,  1., -1.]), lineWidth=1.0, name='whole_image', opacity=1.0, ori=0.0, pos=array([0., 0.]), size=array([0.5, 0.5]), units='height', vertices=ndarray(...), win=Window(...))
15.6055 	EXP 	Created image = ImageStim(__class__=<class 'psychopy.visual.image.ImageStim'>, anchor=('center', 'center'), autoLog=True, color=array([1, 1, 1]), colorSpace='rgb', contrast=1.0, depth=-1.0, flipHoriz=False, flipVert=False, image='sin', interpolate=True, mask=None, maskParams=None, name='image', opacity=1.0, ori=0.0, pos=array([0., 0.]), size=array([0.5, 0.5]), texRes=128.0, units='height', win=Window(...))
15.6069 	EXP 	Created forehead = Rect(__class__=<class 'psychopy.visual.rect.Rect'>, anchor=('center', 'center'), autoDraw=False, autoLog=True, closeShape=True, color=method-wrapper(...), colorSpace='rgb', contrast=None, depth=-2.0, fillColor=array([0., 0., 0.]), fillColorSpace='rgb', fillRGB=array([0., 0., 0.]), interpolate=True, lineColor=array([ 1., -1., -1.]), lineColorSpace='rgb', lineRGB=array([ 1., -1., -1.]), lineWidth=1.0, name='forehead', opacity=0.5, ori=0.0, pos=array([0. , 0.1]), size=array([0.25 , 0.066]), units='height', vertices=ndarray(...), win=Window(...))
15.6081 	EXP 	Created eyes = Rect(__class__=<class 'psychopy.visual.rect.Rect'>, anchor=('center', 'center'), autoDraw=False, autoLog=True, closeShape=True, color=method-wrapper(...), colorSpace='rgb', contrast=None, depth=-3.0, fillColor=array([0., 0., 0.]), fillColorSpace='rgb', fillRGB=array([0., 0., 0.]), interpolate=True, lineColor=array([-1., -1.,  1.]), lineColorSpace='rgb', lineRGB=array([-1., -1.,  1.]), lineWidth=1.0, name='eyes', opacity=0.5, ori=0.0, pos=array([0.   , 0.018]), size=array([0.29 , 0.075]), units='height', vertices=ndarray(...), win=Window(...))
15.6093 	EXP 	Created nose = Rect(__class__=<class 'psychopy.visual.rect.Rect'>, anchor=('center', 'center'), autoDraw=False, autoLog=True, closeShape=True, color=method-wrapper(...), colorSpace='rgb', contrast=None, depth=-4.0, fillColor=array([0., 0., 0.]), fillColorSpace='rgb', fillRGB=array([0., 0., 0.]), interpolate=True, lineColor=array([-1.,  1., -1.]), lineColorSpace='rgb', lineRGB=array([-1.,  1., -1.]), lineWidth=1.0, name='nose', opacity=0.5, ori=0.0, pos=array([ 0.   , -0.055]), size=array([0.2  , 0.055]), units='height', vertices=ndarray(...), win=Window(...))
15.6105 	EXP 	Created mouth = Rect(__class__=<class 'psychopy.visual.rect.Rect'>, anchor=('center', 'center'), autoDraw=False, autoLog=True, closeShape=True, color=method-wrapper(...), colorSpace='rgb', contrast=None, depth=-5.0, fillColor=array([0., 0., 0.]), fillColorSpace='rgb', fillRGB=array([0., 0., 0.]), interpolate=True, lineColor=array([ 1.    , -0.4588, -1.    ]), lineColorSpace='rgb', lineRGB=array([ 1.    , -0.4588, -1.    ]), lineWidth=1.0, name='mouth', opacity=0.5, ori=0.0, pos=array([ 0.  , -0.13]), size=array([0.21, 0.07]), units='height', vertices=ndarray(...), win=Window(...))
15.6246 	EXP 	Imported humanoid_images.xlsx as conditions, 45 conditions, 4 params
15.6269 	EXP 	Created sequence: random, trialTypes=45, nReps=1, seed=None
15.6273 	EXP 	New trial (rep=0, index=0): {'Type': 'Humanoid', 'Spatial_Frequency': 'HSF', 'filepath': 'Stimuli For Psychopy\\Robotic\\matched-32-cpi-low-c67.jpeg', 'file_name': 'matched-32-cpi-low-c67.jpeg'}
15.6900 	EXP 	image: image = 'Stimuli For Psychopy\\Robotic\\matched-32-cpi-low-c67.jpeg'
15.6900 	EXP 	whole_image: autoDraw = True
15.6900 	EXP 	image: autoDraw = True
15.6900 	EXP 	forehead: autoDraw = True
15.6900 	EXP 	eyes: autoDraw = True
15.6900 	EXP 	nose: autoDraw = True
15.6900 	EXP 	mouth: autoDraw = True
16.6160 	EXP 	New trial (rep=0, index=1): {'Type': 'Humanoid', 'Spatial_Frequency': 'LSF', 'filepath': 'Stimuli For Psychopy\\Robotic\\matched-8-cpi-low-c74.jpeg', 'file_name': 'matched-8-cpi-low-c74.jpeg'}
16.6829 	EXP 	whole_image: autoDraw = False
16.6829 	EXP 	image: autoDraw = False
16.6829 	EXP 	forehead: autoDraw = False
16.6829 	EXP 	eyes: autoDraw = False
16.6829 	EXP 	nose: autoDraw = False
16.6829 	EXP 	mouth: autoDraw = False
16.6829 	EXP 	image: image = 'Stimuli For Psychopy\\Robotic\\matched-8-cpi-low-c74.jpeg'
16.6829 	EXP 	whole_image: autoDraw = True
16.6829 	EXP 	image: autoDraw = True
16.6829 	EXP 	forehead: autoDraw = True
16.6829 	EXP 	eyes: autoDraw = True
16.6829 	EXP 	nose: autoDraw = True
16.6829 	EXP 	mouth: autoDraw = True
17.6327 	EXP 	New trial (rep=0, index=2): {'Type': 'Humanoid', 'Spatial_Frequency': 'LSF', 'filepath': 'Stimuli For Psychopy\\Robotic\\matched-8-cpi-low-c79.jpeg', 'file_name': 'matched-8-cpi-low-c79.jpeg'}
17.6984 	EXP 	whole_image: autoDraw = False
17.6984 	EXP 	image: autoDraw = False
17.6984 	EXP 	forehead: autoDraw = False
17.6984 	EXP 	eyes: autoDraw = False
17.6984 	EXP 	nose: autoDraw = False
17.6984 	EXP 	mouth: autoDraw = False
17.6984 	EXP 	image: image = 'Stimuli For Psychopy\\Robotic\\matched-8-cpi-low-c79.jpeg'
17.6984 	EXP 	whole_image: autoDraw = True
17.6984 	EXP 	image: autoDraw = True
17.6984 	EXP 	forehead: autoDraw = True
17.6984 	EXP 	eyes: autoDraw = True
17.6984 	EXP 	nose: autoDraw = True
17.6984 	EXP 	mouth: autoDraw = True
18.6165 	EXP 	New trial (rep=0, index=3): {'Type': 'Humanoid', 'Spatial_Frequency': 'BSF', 'filepath': 'Stimuli For Psychopy\\Robotic\\matched-c66.jpeg', 'file_name': 'matched-c66.jpeg'}
18.6817 	EXP 	whole_image: autoDraw = False
18.6817 	EXP 	image: autoDraw = False
18.6817 	EXP 	forehead: autoDraw = False
18.6817 	EXP 	eyes: autoDraw = False
18.6817 	EXP 	nose: autoDraw = False
18.6817 	EXP 	mouth: autoDraw = False
18.6817 	EXP 	image: image = 'Stimuli For Psychopy\\Robotic\\matched-c66.jpeg'
18.6817 	EXP 	whole_image: autoDraw = True
18.6817 	EXP 	image: autoDraw = True
18.6817 	EXP 	forehead: autoDraw = True
18.6817 	EXP 	eyes: autoDraw = True
18.6817 	EXP 	nose: autoDraw = True
18.6817 	EXP 	mouth: autoDraw = True
19.6321 	EXP 	New trial (rep=0, index=4): {'Type': 'Humanoid', 'Spatial_Frequency': 'HSF', 'filepath': 'Stimuli For Psychopy\\Robotic\\matched-32-cpi-low-c48.jpeg', 'file_name': 'matched-32-cpi-low-c48.jpeg'}
19.6983 	EXP 	whole_image: autoDraw = False
19.6983 	EXP 	image: autoDraw = False
19.6983 	EXP 	forehead: autoDraw = False
19.6983 	EXP 	eyes: autoDraw = False
19.6983 	EXP 	nose: autoDraw = False
19.6983 	EXP 	mouth: autoDraw = False
19.6983 	EXP 	image: image = 'Stimuli For Psychopy\\Robotic\\matched-32-cpi-low-c48.jpeg'
19.6983 	EXP 	whole_image: autoDraw = True
19.6983 	EXP 	image: autoDraw = True
19.6983 	EXP 	forehead: autoDraw = True
19.6983 	EXP 	eyes: autoDraw = True
19.6983 	EXP 	nose: autoDraw = True
19.6983 	EXP 	mouth: autoDraw = True
20.6337 	EXP 	New trial (rep=0, index=5): {'Type': 'Humanoid', 'Spatial_Frequency': 'BSF', 'filepath': 'Stimuli For Psychopy\\Robotic\\matched-c58.jpeg', 'file_name': 'matched-c58.jpeg'}
20.6990 	EXP 	whole_image: autoDraw = False
20.6990 	EXP 	image: autoDraw = False
20.6990 	EXP 	forehead: autoDraw = False
20.6990 	EXP 	eyes: autoDraw = False
20.6990 	EXP 	nose: autoDraw = False
20.6990 	EXP 	mouth: autoDraw = False
20.6990 	EXP 	image: image = 'Stimuli For Psychopy\\Robotic\\matched-c58.jpeg'
20.6990 	EXP 	whole_image: autoDraw = True
20.6990 	EXP 	image: autoDraw = True
20.6990 	EXP 	forehead: autoDraw = True
20.6990 	EXP 	eyes: autoDraw = True
20.6990 	EXP 	nose: autoDraw = True
20.6990 	EXP 	mouth: autoDraw = True
21.6486 	EXP 	New trial (rep=0, index=6): {'Type': 'Humanoid', 'Spatial_Frequency': 'HSF', 'filepath': 'Stimuli For Psychopy\\Robotic\\matched-32-cpi-low-c71.jpeg', 'file_name': 'matched-32-cpi-low-c71.jpeg'}
21.7149 	EXP 	whole_image: autoDraw = False
21.7149 	EXP 	image: autoDraw = False
21.7149 	EXP 	forehead: autoDraw = False
21.7149 	EXP 	eyes: autoDraw = False
21.7149 	EXP 	nose: autoDraw = False
21.7149 	EXP 	mouth: autoDraw = False
21.7149 	EXP 	image: image = 'Stimuli For Psychopy\\Robotic\\matched-32-cpi-low-c71.jpeg'
21.7149 	EXP 	whole_image: autoDraw = True
21.7149 	EXP 	image: autoDraw = True
21.7149 	EXP 	forehead: autoDraw = True
21.7149 	EXP 	eyes: autoDraw = True
21.7149 	EXP 	nose: autoDraw = True
21.7149 	EXP 	mouth: autoDraw = True
22.6321 	EXP 	New trial (rep=0, index=7): {'Type': 'Humanoid', 'Spatial_Frequency': 'LSF', 'filepath': 'Stimuli For Psychopy\\Robotic\\matched-8-cpi-low-c77.jpeg', 'file_name': 'matched-8-cpi-low-c77.jpeg'}
22.6985 	EXP 	whole_image: autoDraw = False
22.6985 	EXP 	image: autoDraw = False
22.6985 	EXP 	forehead: autoDraw = False
22.6985 	EXP 	eyes: autoDraw = False
22.6985 	EXP 	nose: autoDraw = False
22.6985 	EXP 	mouth: autoDraw = False
22.6985 	EXP 	image: image = 'Stimuli For Psychopy\\Robotic\\matched-8-cpi-low-c77.jpeg'
22.6985 	EXP 	whole_image: autoDraw = True
22.6985 	EXP 	image: autoDraw = True
22.6985 	EXP 	forehead: autoDraw = True
22.6985 	EXP 	eyes: autoDraw = True
22.6985 	EXP 	nose: autoDraw = True
22.6985 	EXP 	mouth: autoDraw = True
23.6326 	EXP 	New trial (rep=0, index=8): {'Type': 'Humanoid', 'Spatial_Frequency': 'BSF', 'filepath': 'Stimuli For Psychopy\\Robotic\\matched-c77.jpeg', 'file_name': 'matched-c77.jpeg'}
23.6984 	EXP 	whole_image: autoDraw = False
23.6984 	EXP 	image: autoDraw = False
23.6984 	EXP 	forehead: autoDraw = False
23.6984 	EXP 	eyes: autoDraw = False
23.6984 	EXP 	nose: autoDraw = False
23.6984 	EXP 	mouth: autoDraw = False
23.6984 	EXP 	image: image = 'Stimuli For Psychopy\\Robotic\\matched-c77.jpeg'
23.6984 	EXP 	whole_image: autoDraw = True
23.6984 	EXP 	image: autoDraw = True
23.6984 	EXP 	forehead: autoDraw = True
23.6984 	EXP 	eyes: autoDraw = True
23.6984 	EXP 	nose: autoDraw = True
23.6984 	EXP 	mouth: autoDraw = True
24.6488 	EXP 	New trial (rep=0, index=9): {'Type': 'Humanoid', 'Spatial_Frequency': 'BSF', 'filepath': 'Stimuli For Psychopy\\Robotic\\matched-c48.jpeg', 'file_name': 'matched-c48.jpeg'}
24.7149 	EXP 	whole_image: autoDraw = False
24.7149 	EXP 	image: autoDraw = False
24.7149 	EXP 	forehead: autoDraw = False
24.7149 	EXP 	eyes: autoDraw = False
24.7149 	EXP 	nose: autoDraw = False
24.7149 	EXP 	mouth: autoDraw = False
24.7149 	EXP 	image: image = 'Stimuli For Psychopy\\Robotic\\matched-c48.jpeg'
24.7149 	EXP 	whole_image: autoDraw = True
24.7149 	EXP 	image: autoDraw = True
24.7149 	EXP 	forehead: autoDraw = True
24.7149 	EXP 	eyes: autoDraw = True
24.7149 	EXP 	nose: autoDraw = True
24.7149 	EXP 	mouth: autoDraw = True
25.6328 	EXP 	New trial (rep=0, index=10): {'Type': 'Humanoid', 'Spatial_Frequency': 'HSF', 'filepath': 'Stimuli For Psychopy\\Robotic\\matched-32-cpi-low-c64.jpeg', 'file_name': 'matched-32-cpi-low-c64.jpeg'}
25.6985 	EXP 	whole_image: autoDraw = False
25.6985 	EXP 	image: autoDraw = False
25.6985 	EXP 	forehead: autoDraw = False
25.6985 	EXP 	eyes: autoDraw = False
25.6985 	EXP 	nose: autoDraw = False
25.6985 	EXP 	mouth: autoDraw = False
25.6985 	EXP 	image: image = 'Stimuli For Psychopy\\Robotic\\matched-32-cpi-low-c64.jpeg'
25.6985 	EXP 	whole_image: autoDraw = True
25.6985 	EXP 	image: autoDraw = True
25.6985 	EXP 	forehead: autoDraw = True
25.6985 	EXP 	eyes: autoDraw = True
25.6985 	EXP 	nose: autoDraw = True
25.6985 	EXP 	mouth: autoDraw = True
26.6491 	EXP 	New trial (rep=0, index=11): {'Type': 'Humanoid', 'Spatial_Frequency': 'BSF', 'filepath': 'Stimuli For Psychopy\\Robotic\\matched-c74.jpeg', 'file_name': 'matched-c74.jpeg'}
26.7148 	EXP 	whole_image: autoDraw = False
26.7148 	EXP 	image: autoDraw = False
26.7148 	EXP 	forehead: autoDraw = False
26.7148 	EXP 	eyes: autoDraw = False
26.7148 	EXP 	nose: autoDraw = False
26.7148 	EXP 	mouth: autoDraw = False
26.7148 	EXP 	image: image = 'Stimuli For Psychopy\\Robotic\\matched-c74.jpeg'
26.7148 	EXP 	whole_image: autoDraw = True
26.7148 	EXP 	image: autoDraw = True
26.7148 	EXP 	forehead: autoDraw = True
26.7148 	EXP 	eyes: autoDraw = True
26.7148 	EXP 	nose: autoDraw = True
26.7148 	EXP 	mouth: autoDraw = True
27.6157 	EXP 	New trial (rep=0, index=12): {'Type': 'Humanoid', 'Spatial_Frequency': 'BSF', 'filepath': 'Stimuli For Psychopy\\Robotic\\matched-c61.jpeg', 'file_name': 'matched-c61.jpeg'}
27.6817 	EXP 	whole_image: autoDraw = False
27.6817 	EXP 	image: autoDraw = False
27.6817 	EXP 	forehead: autoDraw = False
27.6817 	EXP 	eyes: autoDraw = False
27.6817 	EXP 	nose: autoDraw = False
27.6817 	EXP 	mouth: autoDraw = False
27.6817 	EXP 	image: image = 'Stimuli For Psychopy\\Robotic\\matched-c61.jpeg'
27.6817 	EXP 	whole_image: autoDraw = True
27.6817 	EXP 	image: autoDraw = True
27.6817 	EXP 	forehead: autoDraw = True
27.6817 	EXP 	eyes: autoDraw = True
27.6817 	EXP 	nose: autoDraw = True
27.6817 	EXP 	mouth: autoDraw = True
28.6321 	EXP 	New trial (rep=0, index=13): {'Type': 'Humanoid', 'Spatial_Frequency': 'LSF', 'filepath': 'Stimuli For Psychopy\\Robotic\\matched-8-cpi-low-c69.jpeg', 'file_name': 'matched-8-cpi-low-c69.jpeg'}
28.6985 	EXP 	whole_image: autoDraw = False
28.6985 	EXP 	image: autoDraw = False
28.6985 	EXP 	forehead: autoDraw = False
28.6985 	EXP 	eyes: autoDraw = False
28.6985 	EXP 	nose: autoDraw = False
28.6985 	EXP 	mouth: autoDraw = False
28.6985 	EXP 	image: image = 'Stimuli For Psychopy\\Robotic\\matched-8-cpi-low-c69.jpeg'
28.6985 	EXP 	whole_image: autoDraw = True
28.6985 	EXP 	image: autoDraw = True
28.6985 	EXP 	forehead: autoDraw = True
28.6985 	EXP 	eyes: autoDraw = True
28.6985 	EXP 	nose: autoDraw = True
28.6985 	EXP 	mouth: autoDraw = True
29.6489 	EXP 	New trial (rep=0, index=14): {'Type': 'Humanoid', 'Spatial_Frequency': 'LSF', 'filepath': 'Stimuli For Psychopy\\Robotic\\matched-8-cpi-low-c63.jpeg', 'file_name': 'matched-8-cpi-low-c63.jpeg'}
29.7150 	EXP 	whole_image: autoDraw = False
29.7150 	EXP 	image: autoDraw = False
29.7150 	EXP 	forehead: autoDraw = False
29.7150 	EXP 	eyes: autoDraw = False
29.7150 	EXP 	nose: autoDraw = False
29.7150 	EXP 	mouth: autoDraw = False
29.7150 	EXP 	image: image = 'Stimuli For Psychopy\\Robotic\\matched-8-cpi-low-c63.jpeg'
29.7150 	EXP 	whole_image: autoDraw = True
29.7150 	EXP 	image: autoDraw = True
29.7150 	EXP 	forehead: autoDraw = True
29.7150 	EXP 	eyes: autoDraw = True
29.7150 	EXP 	nose: autoDraw = True
29.7150 	EXP 	mouth: autoDraw = True
30.6324 	EXP 	New trial (rep=0, index=15): {'Type': 'Humanoid', 'Spatial_Frequency': 'BSF', 'filepath': 'Stimuli For Psychopy\\Robotic\\matched-c64.jpeg', 'file_name': 'matched-c64.jpeg'}
30.6981 	EXP 	whole_image: autoDraw = False
30.6981 	EXP 	image: autoDraw = False
30.6981 	EXP 	forehead: autoDraw = False
30.6981 	EXP 	eyes: autoDraw = False
30.6981 	EXP 	nose: autoDraw = False
30.6981 	EXP 	mouth: autoDraw = False
30.6981 	EXP 	image: image = 'Stimuli For Psychopy\\Robotic\\matched-c64.jpeg'
30.6981 	EXP 	whole_image: autoDraw = True
30.6981 	EXP 	image: autoDraw = True
30.6981 	EXP 	forehead: autoDraw = True
30.6981 	EXP 	eyes: autoDraw = True
30.6981 	EXP 	nose: autoDraw = True
30.6981 	EXP 	mouth: autoDraw = True
31.6488 	EXP 	New trial (rep=0, index=16): {'Type': 'Humanoid', 'Spatial_Frequency': 'LSF', 'filepath': 'Stimuli For Psychopy\\Robotic\\matched-8-cpi-low-c64.jpeg', 'file_name': 'matched-8-cpi-low-c64.jpeg'}
31.7147 	EXP 	whole_image: autoDraw = False
31.7147 	EXP 	image: autoDraw = False
31.7147 	EXP 	forehead: autoDraw = False
31.7147 	EXP 	eyes: autoDraw = False
31.7147 	EXP 	nose: autoDraw = False
31.7147 	EXP 	mouth: autoDraw = False
31.7147 	EXP 	image: image = 'Stimuli For Psychopy\\Robotic\\matched-8-cpi-low-c64.jpeg'
31.7147 	EXP 	whole_image: autoDraw = True
31.7147 	EXP 	image: autoDraw = True
31.7147 	EXP 	forehead: autoDraw = True
31.7147 	EXP 	eyes: autoDraw = True
31.7147 	EXP 	nose: autoDraw = True
31.7147 	EXP 	mouth: autoDraw = True
32.6155 	EXP 	New trial (rep=0, index=17): {'Type': 'Humanoid', 'Spatial_Frequency': 'BSF', 'filepath': 'Stimuli For Psychopy\\Robotic\\matched-c79.jpeg', 'file_name': 'matched-c79.jpeg'}
32.6815 	EXP 	whole_image: autoDraw = False
32.6815 	EXP 	image: autoDraw = False
32.6815 	EXP 	forehead: autoDraw = False
32.6815 	EXP 	eyes: autoDraw = False
32.6815 	EXP 	nose: autoDraw = False
32.6815 	EXP 	mouth: autoDraw = False
32.6815 	EXP 	image: image = 'Stimuli For Psychopy\\Robotic\\matched-c79.jpeg'
32.6815 	EXP 	whole_image: autoDraw = True
32.6815 	EXP 	image: autoDraw = True
32.6815 	EXP 	forehead: autoDraw = True
32.6815 	EXP 	eyes: autoDraw = True
32.6815 	EXP 	nose: autoDraw = True
32.6815 	EXP 	mouth: autoDraw = True
33.6323 	EXP 	New trial (rep=0, index=18): {'Type': 'Humanoid', 'Spatial_Frequency': 'BSF', 'filepath': 'Stimuli For Psychopy\\Robotic\\matched-c71.jpeg', 'file_name': 'matched-c71.jpeg'}
33.6982 	EXP 	whole_image: autoDraw = False
33.6982 	EXP 	image: autoDraw = False
33.6982 	EXP 	forehead: autoDraw = False
33.6982 	EXP 	eyes: autoDraw = False
33.6982 	EXP 	nose: autoDraw = False
33.6982 	EXP 	mouth: autoDraw = False
33.6982 	EXP 	image: image = 'Stimuli For Psychopy\\Robotic\\matched-c71.jpeg'
33.6982 	EXP 	whole_image: autoDraw = True
33.6982 	EXP 	image: autoDraw = True
33.6982 	EXP 	forehead: autoDraw = True
33.6982 	EXP 	eyes: autoDraw = True
33.6982 	EXP 	nose: autoDraw = True
33.6982 	EXP 	mouth: autoDraw = True
34.6490 	EXP 	New trial (rep=0, index=19): {'Type': 'Humanoid', 'Spatial_Frequency': 'BSF', 'filepath': 'Stimuli For Psychopy\\Robotic\\matched-c65.jpeg', 'file_name': 'matched-c65.jpeg'}
34.7149 	EXP 	whole_image: autoDraw = False
34.7149 	EXP 	image: autoDraw = False
34.7149 	EXP 	forehead: autoDraw = False
34.7149 	EXP 	eyes: autoDraw = False
34.7149 	EXP 	nose: autoDraw = False
34.7149 	EXP 	mouth: autoDraw = False
34.7149 	EXP 	image: image = 'Stimuli For Psychopy\\Robotic\\matched-c65.jpeg'
34.7149 	EXP 	whole_image: autoDraw = True
34.7149 	EXP 	image: autoDraw = True
34.7149 	EXP 	forehead: autoDraw = True
34.7149 	EXP 	eyes: autoDraw = True
34.7149 	EXP 	nose: autoDraw = True
34.7149 	EXP 	mouth: autoDraw = True
35.6153 	EXP 	New trial (rep=0, index=20): {'Type': 'Humanoid', 'Spatial_Frequency': 'HSF', 'filepath': 'Stimuli For Psychopy\\Robotic\\matched-32-cpi-low-c79.jpeg', 'file_name': 'matched-32-cpi-low-c79.jpeg'}
35.6813 	EXP 	whole_image: autoDraw = False
35.6813 	EXP 	image: autoDraw = False
35.6813 	EXP 	forehead: autoDraw = False
35.6813 	EXP 	eyes: autoDraw = False
35.6813 	EXP 	nose: autoDraw = False
35.6813 	EXP 	mouth: autoDraw = False
35.6813 	EXP 	image: image = 'Stimuli For Psychopy\\Robotic\\matched-32-cpi-low-c79.jpeg'
35.6813 	EXP 	whole_image: autoDraw = True
35.6813 	EXP 	image: autoDraw = True
35.6813 	EXP 	forehead: autoDraw = True
35.6813 	EXP 	eyes: autoDraw = True
35.6813 	EXP 	nose: autoDraw = True
35.6813 	EXP 	mouth: autoDraw = True
36.6489 	EXP 	New trial (rep=0, index=21): {'Type': 'Humanoid', 'Spatial_Frequency': 'BSF', 'filepath': 'Stimuli For Psychopy\\Robotic\\matched-c76.jpeg', 'file_name': 'matched-c76.jpeg'}
36.7145 	EXP 	whole_image: autoDraw = False
36.7145 	EXP 	image: autoDraw = False
36.7145 	EXP 	forehead: autoDraw = False
36.7145 	EXP 	eyes: autoDraw = False
36.7145 	EXP 	nose: autoDraw = False
36.7145 	EXP 	mouth: autoDraw = False
36.7145 	EXP 	image: image = 'Stimuli For Psychopy\\Robotic\\matched-c76.jpeg'
36.7145 	EXP 	whole_image: autoDraw = True
36.7145 	EXP 	image: autoDraw = True
36.7145 	EXP 	forehead: autoDraw = True
36.7145 	EXP 	eyes: autoDraw = True
36.7145 	EXP 	nose: autoDraw = True
36.7145 	EXP 	mouth: autoDraw = True
37.6156 	EXP 	New trial (rep=0, index=22): {'Type': 'Humanoid', 'Spatial_Frequency': 'LSF', 'filepath': 'Stimuli For Psychopy\\Robotic\\matched-8-cpi-low-c71.jpeg', 'file_name': 'matched-8-cpi-low-c71.jpeg'}
37.6813 	EXP 	whole_image: autoDraw = False
37.6813 	EXP 	image: autoDraw = False
37.6813 	EXP 	forehead: autoDraw = False
37.6813 	EXP 	eyes: autoDraw = False
37.6813 	EXP 	nose: autoDraw = False
37.6813 	EXP 	mouth: autoDraw = False
37.6813 	EXP 	image: image = 'Stimuli For Psychopy\\Robotic\\matched-8-cpi-low-c71.jpeg'
37.6813 	EXP 	whole_image: autoDraw = True
37.6813 	EXP 	image: autoDraw = True
37.6813 	EXP 	forehead: autoDraw = True
37.6813 	EXP 	eyes: autoDraw = True
37.6813 	EXP 	nose: autoDraw = True
37.6813 	EXP 	mouth: autoDraw = True
38.6331 	EXP 	New trial (rep=0, index=23): {'Type': 'Humanoid', 'Spatial_Frequency': 'BSF', 'filepath': 'Stimuli For Psychopy\\Robotic\\matched-c67.jpeg', 'file_name': 'matched-c67.jpeg'}
38.6980 	EXP 	whole_image: autoDraw = False
38.6980 	EXP 	image: autoDraw = False
38.6980 	EXP 	forehead: autoDraw = False
38.6980 	EXP 	eyes: autoDraw = False
38.6980 	EXP 	nose: autoDraw = False
38.6980 	EXP 	mouth: autoDraw = False
38.6980 	EXP 	image: image = 'Stimuli For Psychopy\\Robotic\\matched-c67.jpeg'
38.6980 	EXP 	whole_image: autoDraw = True
38.6980 	EXP 	image: autoDraw = True
38.6980 	EXP 	forehead: autoDraw = True
38.6980 	EXP 	eyes: autoDraw = True
38.6980 	EXP 	nose: autoDraw = True
38.6980 	EXP 	mouth: autoDraw = True
39.6323 	EXP 	New trial (rep=0, index=24): {'Type': 'Humanoid', 'Spatial_Frequency': 'HSF', 'filepath': 'Stimuli For Psychopy\\Robotic\\matched-32-cpi-low-c66.jpeg', 'file_name': 'matched-32-cpi-low-c66.jpeg'}
39.7174 	EXP 	whole_image: autoDraw = False
39.7174 	EXP 	image: autoDraw = False
39.7174 	EXP 	forehead: autoDraw = False
39.7174 	EXP 	eyes: autoDraw = False
39.7174 	EXP 	nose: autoDraw = False
39.7174 	EXP 	mouth: autoDraw = False
39.7174 	EXP 	image: image = 'Stimuli For Psychopy\\Robotic\\matched-32-cpi-low-c66.jpeg'
39.7174 	EXP 	whole_image: autoDraw = True
39.7174 	EXP 	image: autoDraw = True
39.7174 	EXP 	forehead: autoDraw = True
39.7174 	EXP 	eyes: autoDraw = True
39.7174 	EXP 	nose: autoDraw = True
39.7174 	EXP 	mouth: autoDraw = True
40.6157 	EXP 	New trial (rep=0, index=25): {'Type': 'Humanoid', 'Spatial_Frequency': 'HSF', 'filepath': 'Stimuli For Psychopy\\Robotic\\matched-32-cpi-low-c72.jpeg', 'file_name': 'matched-32-cpi-low-c72.jpeg'}
40.6813 	EXP 	whole_image: autoDraw = False
40.6813 	EXP 	image: autoDraw = False
40.6813 	EXP 	forehead: autoDraw = False
40.6813 	EXP 	eyes: autoDraw = False
40.6813 	EXP 	nose: autoDraw = False
40.6813 	EXP 	mouth: autoDraw = False
40.6813 	EXP 	image: image = 'Stimuli For Psychopy\\Robotic\\matched-32-cpi-low-c72.jpeg'
40.6813 	EXP 	whole_image: autoDraw = True
40.6813 	EXP 	image: autoDraw = True
40.6813 	EXP 	forehead: autoDraw = True
40.6813 	EXP 	eyes: autoDraw = True
40.6813 	EXP 	nose: autoDraw = True
40.6813 	EXP 	mouth: autoDraw = True
41.6319 	EXP 	New trial (rep=0, index=26): {'Type': 'Humanoid', 'Spatial_Frequency': 'BSF', 'filepath': 'Stimuli For Psychopy\\Robotic\\matched-c69.jpeg', 'file_name': 'matched-c69.jpeg'}
41.6985 	EXP 	whole_image: autoDraw = False
41.6985 	EXP 	image: autoDraw = False
41.6985 	EXP 	forehead: autoDraw = False
41.6985 	EXP 	eyes: autoDraw = False
41.6985 	EXP 	nose: autoDraw = False
41.6985 	EXP 	mouth: autoDraw = False
41.6985 	EXP 	image: image = 'Stimuli For Psychopy\\Robotic\\matched-c69.jpeg'
41.6985 	EXP 	whole_image: autoDraw = True
41.6985 	EXP 	image: autoDraw = True
41.6985 	EXP 	forehead: autoDraw = True
41.6985 	EXP 	eyes: autoDraw = True
41.6985 	EXP 	nose: autoDraw = True
41.6985 	EXP 	mouth: autoDraw = True
42.6484 	EXP 	New trial (rep=0, index=27): {'Type': 'Humanoid', 'Spatial_Frequency': 'LSF', 'filepath': 'Stimuli For Psychopy\\Robotic\\matched-8-cpi-low-c48.jpeg', 'file_name': 'matched-8-cpi-low-c48.jpeg'}
42.7144 	EXP 	whole_image: autoDraw = False
42.7144 	EXP 	image: autoDraw = False
42.7144 	EXP 	forehead: autoDraw = False
42.7144 	EXP 	eyes: autoDraw = False
42.7144 	EXP 	nose: autoDraw = False
42.7144 	EXP 	mouth: autoDraw = False
42.7144 	EXP 	image: image = 'Stimuli For Psychopy\\Robotic\\matched-8-cpi-low-c48.jpeg'
42.7144 	EXP 	whole_image: autoDraw = True
42.7144 	EXP 	image: autoDraw = True
42.7144 	EXP 	forehead: autoDraw = True
42.7144 	EXP 	eyes: autoDraw = True
42.7144 	EXP 	nose: autoDraw = True
42.7144 	EXP 	mouth: autoDraw = True
43.6153 	EXP 	New trial (rep=0, index=28): {'Type': 'Humanoid', 'Spatial_Frequency': 'HSF', 'filepath': 'Stimuli For Psychopy\\Robotic\\matched-32-cpi-low-c61.jpeg', 'file_name': 'matched-32-cpi-low-c61.jpeg'}
43.6813 	EXP 	whole_image: autoDraw = False
43.6813 	EXP 	image: autoDraw = False
43.6813 	EXP 	forehead: autoDraw = False
43.6813 	EXP 	eyes: autoDraw = False
43.6813 	EXP 	nose: autoDraw = False
43.6813 	EXP 	mouth: autoDraw = False
43.6813 	EXP 	image: image = 'Stimuli For Psychopy\\Robotic\\matched-32-cpi-low-c61.jpeg'
43.6813 	EXP 	whole_image: autoDraw = True
43.6813 	EXP 	image: autoDraw = True
43.6813 	EXP 	forehead: autoDraw = True
43.6813 	EXP 	eyes: autoDraw = True
43.6813 	EXP 	nose: autoDraw = True
43.6813 	EXP 	mouth: autoDraw = True
44.6326 	EXP 	New trial (rep=0, index=29): {'Type': 'Humanoid', 'Spatial_Frequency': 'HSF', 'filepath': 'Stimuli For Psychopy\\Robotic\\matched-32-cpi-low-c58.jpeg', 'file_name': 'matched-32-cpi-low-c58.jpeg'}
44.6979 	EXP 	whole_image: autoDraw = False
44.6979 	EXP 	image: autoDraw = False
44.6979 	EXP 	forehead: autoDraw = False
44.6979 	EXP 	eyes: autoDraw = False
44.6979 	EXP 	nose: autoDraw = False
44.6979 	EXP 	mouth: autoDraw = False
44.6979 	EXP 	image: image = 'Stimuli For Psychopy\\Robotic\\matched-32-cpi-low-c58.jpeg'
44.6979 	EXP 	whole_image: autoDraw = True
44.6979 	EXP 	image: autoDraw = True
44.6979 	EXP 	forehead: autoDraw = True
44.6979 	EXP 	eyes: autoDraw = True
44.6979 	EXP 	nose: autoDraw = True
44.6979 	EXP 	mouth: autoDraw = True
45.6323 	EXP 	New trial (rep=0, index=30): {'Type': 'Humanoid', 'Spatial_Frequency': 'LSF', 'filepath': 'Stimuli For Psychopy\\Robotic\\matched-8-cpi-low-c58.jpeg', 'file_name': 'matched-8-cpi-low-c58.jpeg'}
45.6980 	EXP 	whole_image: autoDraw = False
45.6980 	EXP 	image: autoDraw = False
45.6980 	EXP 	forehead: autoDraw = False
45.6980 	EXP 	eyes: autoDraw = False
45.6980 	EXP 	nose: autoDraw = False
45.6980 	EXP 	mouth: autoDraw = False
45.6980 	EXP 	image: image = 'Stimuli For Psychopy\\Robotic\\matched-8-cpi-low-c58.jpeg'
45.6980 	EXP 	whole_image: autoDraw = True
45.6980 	EXP 	image: autoDraw = True
45.6980 	EXP 	forehead: autoDraw = True
45.6980 	EXP 	eyes: autoDraw = True
45.6980 	EXP 	nose: autoDraw = True
45.6980 	EXP 	mouth: autoDraw = True
46.6489 	EXP 	New trial (rep=0, index=31): {'Type': 'Humanoid', 'Spatial_Frequency': 'LSF', 'filepath': 'Stimuli For Psychopy\\Robotic\\matched-8-cpi-low-c76.jpeg', 'file_name': 'matched-8-cpi-low-c76.jpeg'}
46.7145 	EXP 	whole_image: autoDraw = False
46.7145 	EXP 	image: autoDraw = False
46.7145 	EXP 	forehead: autoDraw = False
46.7145 	EXP 	eyes: autoDraw = False
46.7145 	EXP 	nose: autoDraw = False
46.7145 	EXP 	mouth: autoDraw = False
46.7145 	EXP 	image: image = 'Stimuli For Psychopy\\Robotic\\matched-8-cpi-low-c76.jpeg'
46.7145 	EXP 	whole_image: autoDraw = True
46.7145 	EXP 	image: autoDraw = True
46.7145 	EXP 	forehead: autoDraw = True
46.7145 	EXP 	eyes: autoDraw = True
46.7145 	EXP 	nose: autoDraw = True
46.7145 	EXP 	mouth: autoDraw = True
47.6320 	EXP 	New trial (rep=0, index=32): {'Type': 'Humanoid', 'Spatial_Frequency': 'LSF', 'filepath': 'Stimuli For Psychopy\\Robotic\\matched-8-cpi-low-c66.jpeg', 'file_name': 'matched-8-cpi-low-c66.jpeg'}
47.7311 	EXP 	whole_image: autoDraw = False
47.7311 	EXP 	image: autoDraw = False
47.7311 	EXP 	forehead: autoDraw = False
47.7311 	EXP 	eyes: autoDraw = False
47.7311 	EXP 	nose: autoDraw = False
47.7311 	EXP 	mouth: autoDraw = False
47.7311 	EXP 	image: image = 'Stimuli For Psychopy\\Robotic\\matched-8-cpi-low-c66.jpeg'
47.7311 	EXP 	whole_image: autoDraw = True
47.7311 	EXP 	image: autoDraw = True
47.7311 	EXP 	forehead: autoDraw = True
47.7311 	EXP 	eyes: autoDraw = True
47.7311 	EXP 	nose: autoDraw = True
47.7311 	EXP 	mouth: autoDraw = True
48.6323 	EXP 	New trial (rep=0, index=33): {'Type': 'Humanoid', 'Spatial_Frequency': 'LSF', 'filepath': 'Stimuli For Psychopy\\Robotic\\matched-8-cpi-low-c61.jpeg', 'file_name': 'matched-8-cpi-low-c61.jpeg'}
48.6979 	EXP 	whole_image: autoDraw = False
48.6979 	EXP 	image: autoDraw = False
48.6979 	EXP 	forehead: autoDraw = False
48.6979 	EXP 	eyes: autoDraw = False
48.6979 	EXP 	nose: autoDraw = False
48.6979 	EXP 	mouth: autoDraw = False
48.6979 	EXP 	image: image = 'Stimuli For Psychopy\\Robotic\\matched-8-cpi-low-c61.jpeg'
48.6979 	EXP 	whole_image: autoDraw = True
48.6979 	EXP 	image: autoDraw = True
48.6979 	EXP 	forehead: autoDraw = True
48.6979 	EXP 	eyes: autoDraw = True
48.6979 	EXP 	nose: autoDraw = True
48.6979 	EXP 	mouth: autoDraw = True
49.6656 	EXP 	New trial (rep=0, index=34): {'Type': 'Humanoid', 'Spatial_Frequency': 'LSF', 'filepath': 'Stimuli For Psychopy\\Robotic\\matched-8-cpi-low-c67.jpeg', 'file_name': 'matched-8-cpi-low-c67.jpeg'}
49.7320 	EXP 	whole_image: autoDraw = False
49.7320 	EXP 	image: autoDraw = False
49.7320 	EXP 	forehead: autoDraw = False
49.7320 	EXP 	eyes: autoDraw = False
49.7320 	EXP 	nose: autoDraw = False
49.7320 	EXP 	mouth: autoDraw = False
49.7320 	EXP 	image: image = 'Stimuli For Psychopy\\Robotic\\matched-8-cpi-low-c67.jpeg'
49.7320 	EXP 	whole_image: autoDraw = True
49.7320 	EXP 	image: autoDraw = True
49.7320 	EXP 	forehead: autoDraw = True
49.7320 	EXP 	eyes: autoDraw = True
49.7320 	EXP 	nose: autoDraw = True
49.7320 	EXP 	mouth: autoDraw = True
50.6152 	EXP 	New trial (rep=0, index=35): {'Type': 'Humanoid', 'Spatial_Frequency': 'HSF', 'filepath': 'Stimuli For Psychopy\\Robotic\\matched-32-cpi-low-c74.jpeg', 'file_name': 'matched-32-cpi-low-c74.jpeg'}
50.6998 	EXP 	whole_image: autoDraw = False
50.6998 	EXP 	image: autoDraw = False
50.6998 	EXP 	forehead: autoDraw = False
50.6998 	EXP 	eyes: autoDraw = False
50.6998 	EXP 	nose: autoDraw = False
50.6998 	EXP 	mouth: autoDraw = False
50.6998 	EXP 	image: image = 'Stimuli For Psychopy\\Robotic\\matched-32-cpi-low-c74.jpeg'
50.6998 	EXP 	whole_image: autoDraw = True
50.6998 	EXP 	image: autoDraw = True
50.6998 	EXP 	forehead: autoDraw = True
50.6998 	EXP 	eyes: autoDraw = True
50.6998 	EXP 	nose: autoDraw = True
50.6998 	EXP 	mouth: autoDraw = True
51.6485 	EXP 	New trial (rep=0, index=36): {'Type': 'Humanoid', 'Spatial_Frequency': 'HSF', 'filepath': 'Stimuli For Psychopy\\Robotic\\matched-32-cpi-low-c76.jpeg', 'file_name': 'matched-32-cpi-low-c76.jpeg'}
51.7144 	EXP 	whole_image: autoDraw = False
51.7144 	EXP 	image: autoDraw = False
51.7144 	EXP 	forehead: autoDraw = False
51.7144 	EXP 	eyes: autoDraw = False
51.7144 	EXP 	nose: autoDraw = False
51.7144 	EXP 	mouth: autoDraw = False
51.7144 	EXP 	image: image = 'Stimuli For Psychopy\\Robotic\\matched-32-cpi-low-c76.jpeg'
51.7144 	EXP 	whole_image: autoDraw = True
51.7144 	EXP 	image: autoDraw = True
51.7144 	EXP 	forehead: autoDraw = True
51.7144 	EXP 	eyes: autoDraw = True
51.7144 	EXP 	nose: autoDraw = True
51.7144 	EXP 	mouth: autoDraw = True
52.6152 	EXP 	New trial (rep=0, index=37): {'Type': 'Humanoid', 'Spatial_Frequency': 'HSF', 'filepath': 'Stimuli For Psychopy\\Robotic\\matched-32-cpi-low-c63.jpeg', 'file_name': 'matched-32-cpi-low-c63.jpeg'}
52.7145 	EXP 	whole_image: autoDraw = False
52.7145 	EXP 	image: autoDraw = False
52.7145 	EXP 	forehead: autoDraw = False
52.7145 	EXP 	eyes: autoDraw = False
52.7145 	EXP 	nose: autoDraw = False
52.7145 	EXP 	mouth: autoDraw = False
52.7145 	EXP 	image: image = 'Stimuli For Psychopy\\Robotic\\matched-32-cpi-low-c63.jpeg'
52.7145 	EXP 	whole_image: autoDraw = True
52.7145 	EXP 	image: autoDraw = True
52.7145 	EXP 	forehead: autoDraw = True
52.7145 	EXP 	eyes: autoDraw = True
52.7145 	EXP 	nose: autoDraw = True
52.7145 	EXP 	mouth: autoDraw = True
53.6482 	EXP 	New trial (rep=0, index=38): {'Type': 'Humanoid', 'Spatial_Frequency': 'HSF', 'filepath': 'Stimuli For Psychopy\\Robotic\\matched-32-cpi-low-c77.jpeg', 'file_name': 'matched-32-cpi-low-c77.jpeg'}
53.7145 	EXP 	whole_image: autoDraw = False
53.7145 	EXP 	image: autoDraw = False
53.7145 	EXP 	forehead: autoDraw = False
53.7145 	EXP 	eyes: autoDraw = False
53.7145 	EXP 	nose: autoDraw = False
53.7145 	EXP 	mouth: autoDraw = False
53.7145 	EXP 	image: image = 'Stimuli For Psychopy\\Robotic\\matched-32-cpi-low-c77.jpeg'
53.7145 	EXP 	whole_image: autoDraw = True
53.7145 	EXP 	image: autoDraw = True
53.7145 	EXP 	forehead: autoDraw = True
53.7145 	EXP 	eyes: autoDraw = True
53.7145 	EXP 	nose: autoDraw = True
53.7145 	EXP 	mouth: autoDraw = True
54.6317 	EXP 	New trial (rep=0, index=39): {'Type': 'Humanoid', 'Spatial_Frequency': 'LSF', 'filepath': 'Stimuli For Psychopy\\Robotic\\matched-8-cpi-low-c72.jpeg', 'file_name': 'matched-8-cpi-low-c72.jpeg'}
54.6976 	EXP 	whole_image: autoDraw = False
54.6976 	EXP 	image: autoDraw = False
54.6976 	EXP 	forehead: autoDraw = False
54.6976 	EXP 	eyes: autoDraw = False
54.6976 	EXP 	nose: autoDraw = False
54.6976 	EXP 	mouth: autoDraw = False
54.6976 	EXP 	image: image = 'Stimuli For Psychopy\\Robotic\\matched-8-cpi-low-c72.jpeg'
54.6976 	EXP 	whole_image: autoDraw = True
54.6976 	EXP 	image: autoDraw = True
54.6976 	EXP 	forehead: autoDraw = True
54.6976 	EXP 	eyes: autoDraw = True
54.6976 	EXP 	nose: autoDraw = True
54.6976 	EXP 	mouth: autoDraw = True
55.6481 	EXP 	New trial (rep=0, index=40): {'Type': 'Humanoid', 'Spatial_Frequency': 'HSF', 'filepath': 'Stimuli For Psychopy\\Robotic\\matched-32-cpi-low-c65.jpeg', 'file_name': 'matched-32-cpi-low-c65.jpeg'}
55.7145 	EXP 	whole_image: autoDraw = False
55.7145 	EXP 	image: autoDraw = False
55.7145 	EXP 	forehead: autoDraw = False
55.7145 	EXP 	eyes: autoDraw = False
55.7145 	EXP 	nose: autoDraw = False
55.7145 	EXP 	mouth: autoDraw = False
55.7145 	EXP 	image: image = 'Stimuli For Psychopy\\Robotic\\matched-32-cpi-low-c65.jpeg'
55.7145 	EXP 	whole_image: autoDraw = True
55.7145 	EXP 	image: autoDraw = True
55.7145 	EXP 	forehead: autoDraw = True
55.7145 	EXP 	eyes: autoDraw = True
55.7145 	EXP 	nose: autoDraw = True
55.7145 	EXP 	mouth: autoDraw = True
56.6313 	EXP 	New trial (rep=0, index=41): {'Type': 'Humanoid', 'Spatial_Frequency': 'LSF', 'filepath': 'Stimuli For Psychopy\\Robotic\\matched-8-cpi-low-c65.jpeg', 'file_name': 'matched-8-cpi-low-c65.jpeg'}
56.6809 	EXP 	whole_image: autoDraw = False
56.6809 	EXP 	image: autoDraw = False
56.6809 	EXP 	forehead: autoDraw = False
56.6809 	EXP 	eyes: autoDraw = False
56.6809 	EXP 	nose: autoDraw = False
56.6809 	EXP 	mouth: autoDraw = False
56.6809 	EXP 	image: image = 'Stimuli For Psychopy\\Robotic\\matched-8-cpi-low-c65.jpeg'
56.6809 	EXP 	whole_image: autoDraw = True
56.6809 	EXP 	image: autoDraw = True
56.6809 	EXP 	forehead: autoDraw = True
56.6809 	EXP 	eyes: autoDraw = True
56.6809 	EXP 	nose: autoDraw = True
56.6809 	EXP 	mouth: autoDraw = True
57.6147 	EXP 	New trial (rep=0, index=42): {'Type': 'Humanoid', 'Spatial_Frequency': 'BSF', 'filepath': 'Stimuli For Psychopy\\Robotic\\matched-c63.jpeg', 'file_name': 'matched-c63.jpeg'}
57.6811 	EXP 	whole_image: autoDraw = False
57.6811 	EXP 	image: autoDraw = False
57.6811 	EXP 	forehead: autoDraw = False
57.6811 	EXP 	eyes: autoDraw = False
57.6811 	EXP 	nose: autoDraw = False
57.6811 	EXP 	mouth: autoDraw = False
57.6811 	EXP 	image: image = 'Stimuli For Psychopy\\Robotic\\matched-c63.jpeg'
57.6811 	EXP 	whole_image: autoDraw = True
57.6811 	EXP 	image: autoDraw = True
57.6811 	EXP 	forehead: autoDraw = True
57.6811 	EXP 	eyes: autoDraw = True
57.6811 	EXP 	nose: autoDraw = True
57.6811 	EXP 	mouth: autoDraw = True
58.6227 	EXP 	New trial (rep=0, index=43): {'Type': 'Humanoid', 'Spatial_Frequency': 'HSF', 'filepath': 'Stimuli For Psychopy\\Robotic\\matched-32-cpi-low-c69.jpeg', 'file_name': 'matched-32-cpi-low-c69.jpeg'}
58.6645 	EXP 	whole_image: autoDraw = False
58.6645 	EXP 	image: autoDraw = False
58.6645 	EXP 	forehead: autoDraw = False
58.6645 	EXP 	eyes: autoDraw = False
58.6645 	EXP 	nose: autoDraw = False
58.6645 	EXP 	mouth: autoDraw = False
58.6645 	EXP 	image: image = 'Stimuli For Psychopy\\Robotic\\matched-32-cpi-low-c69.jpeg'
58.6645 	EXP 	whole_image: autoDraw = True
58.6645 	EXP 	image: autoDraw = True
58.6645 	EXP 	forehead: autoDraw = True
58.6645 	EXP 	eyes: autoDraw = True
58.6645 	EXP 	nose: autoDraw = True
58.6645 	EXP 	mouth: autoDraw = True
59.6315 	EXP 	New trial (rep=0, index=44): {'Type': 'Humanoid', 'Spatial_Frequency': 'BSF', 'filepath': 'Stimuli For Psychopy\\Robotic\\matched-c72.jpeg', 'file_name': 'matched-c72.jpeg'}
59.6974 	EXP 	whole_image: autoDraw = False
59.6974 	EXP 	image: autoDraw = False
59.6974 	EXP 	forehead: autoDraw = False
59.6974 	EXP 	eyes: autoDraw = False
59.6974 	EXP 	nose: autoDraw = False
59.6974 	EXP 	mouth: autoDraw = False
59.6974 	EXP 	image: image = 'Stimuli For Psychopy\\Robotic\\matched-c72.jpeg'
59.6974 	EXP 	whole_image: autoDraw = True
59.6974 	EXP 	image: autoDraw = True
59.6974 	EXP 	forehead: autoDraw = True
59.6974 	EXP 	eyes: autoDraw = True
59.6974 	EXP 	nose: autoDraw = True
59.6974 	EXP 	mouth: autoDraw = True
60.6481 	EXP 	whole_image: autoDraw = False
60.6481 	EXP 	image: autoDraw = False
60.6481 	EXP 	forehead: autoDraw = False
60.6481 	EXP 	eyes: autoDraw = False
60.6481 	EXP 	nose: autoDraw = False
60.6481 	EXP 	mouth: autoDraw = False
60.8184 	EXP 	window1: mouseVisible = True
