1.4646 	WARNING 	We strongly recommend you activate the PTB sound engine in PsychoPy prefs as the preferred audio engine. Its timing is vastly superior. Your prefs are currently set to use ['sounddevice', 'PTB', 'pyo', 'pygame'] (in that order).
20.9138 	EXP 	Created window1 = Window(allowGUI=True, allowStencil=False, autoLog=True, backendConf=UNKNOWN, bitsMode=UNKNOWN, blendMode='avg', bpc=(8, 8, 8), color=array([0, 0, 0]), colorSpace='rgb', depthBits=8, fullscr=<method-wrapper '__getattribute__' of attributeSetter object at 0x000001F64E72D250>, gamma=None, gammaErrorPolicy='raise', lms=UNKNOWN, monitor=<psychopy.monitors.calibTools.Monitor object at 0x000001F64FA44040>, multiSample=False, name='window1', numSamples=2, pos=(0, 0), screen=0, size=array([1920, 1080]), stencilBits=0, stereo=False, units='height', useFBO=True, useRetina=False, viewOri=0.0, viewPos=None, viewScale=None, waitBlanking=True, winType='pyglet')
20.9139 	EXP 	window1: mouseVisible = True
20.9139 	EXP 	window1: mouseVisible = False
20.9139 	EXP 	window1: Attempting to measure frame rate of screen (0) ...
20.9140 	EXP 	window1: recordFrameIntervals = False
21.0794 	EXP 	window1: recordFrameIntervals = True
21.2635 	EXP 	Screen (0) actual frame rate measured at 59.78Hz
21.2636 	EXP 	window1: recordFrameIntervals = False
23.2274 	EXP 	Created instruction = TextStim(__class__=<class 'psychopy.visual.text.TextStim'>, alignHoriz=method-wrapper(...), alignText='center', alignVert=method-wrapper(...), anchorHoriz='center', anchorVert='center', antialias=True, autoDraw=False, autoLog=True, bold=False, color=array([1, 1, 1]), colorSpace='rgb', contrast=1.0, depth=0.0, flipHoriz=False, flipVert=False, font='Open Sans', fontFiles=[], height=0.05, italic=False, languageStyle='LTR', name='instruction', opacity=1.0, ori=0.0, pos=array([0., 0.]), rgb=UNKNOWN, text='PRESS SPACE BAR TO PROCEED TO EXPERIMENT ', units='height', win=Window(...), wrapWidth=1)
23.2299 	EXP 	Created Fixation = ShapeStim(__class__=<class 'psychopy.visual.shape.ShapeStim'>, anchor=('center', 'center'), autoDraw=False, autoLog=True, closeShape=True, color=method-wrapper(...), colorSpace='rgb', contrast=None, depth=0.0, fillColor=array([ 1, -1, -1]), fillColorSpace='rgb', fillRGB=array([ 1, -1, -1]), interpolate=True, lineColor=array([ 1, -1, -1]), lineColorSpace='rgb', lineRGB=array([ 1, -1, -1]), lineWidth=1.0, name='Fixation', opacity=1.0, ori=0.0, pos=array([0., 0.]), size=array([0.05, 0.05]), units='height', vertices=ndarray(...), win=Window(...), windingRule=None)
23.2352 	EXP 	Created Human_image = ImageStim(__class__=<class 'psychopy.visual.image.ImageStim'>, anchor=('center', 'center'), autoLog=True, color=array([1, 1, 1]), colorSpace='rgb', contrast=1.0, depth=0.0, flipHoriz=False, flipVert=False, image='sin', interpolate=True, mask=None, maskParams=None, name='Human_image', opacity=1.0, ori=0.0, pos=array([0., 0.]), size=array([0.5, 0.5]), texRes=128.0, units='height', win=Window(...))
23.2369 	EXP 	Created roi = ROI(__class__=<class 'psychopy.visual.roi.ROI'>, anchor=('center', 'center'), autoDraw=False, autoLog=True, closeShape=True, color=method-wrapper(...), colorSpace='rgb', contrast=None, depth=0, fillColor=array([ 1, -1, -1]), fillColorSpace='rgb', fillRGB=array([ 1, -1, -1]), interpolate=True, lineColor=array([-1, -1, -1]), lineColorSpace='rgb', lineRGB=array([-1, -1, -1]), lineWidth=1.5, name='roi', opacity=0.0, ori=0.0, pos=array([0., 0.]), size=array([0.5, 0.5]), units='height', vertices=ndarray(...), win=Window(...), windingRule=None)
23.2417 	EXP 	window1: mouseVisible = True
23.3012 	EXP 	Created M_H_likeness_slider = Slider(__class__=<class 'psychopy.visual.slider.Slider'>, autoDraw=False, autoLog=True, borderColor=None, color=None, colorSpace='rgb', depth=-1, fillColor=None, flip=False, font='Open Sans', granularity=0.0, labelColor=None, labelHeight=0.05, labelWrapWidth=None, labels=['Mechanical', 'Human'], lineColor=None, markerColor=None, name='M_H_likeness_slider', opacity=None, ori=0.0, pos=array([ 0. , -0.1]), readOnly=False, self=UNKNOWN, size=array([1. , 0.1]), startValue=0.0, style='slider', styleTweaks=[], ticks=array([  0, 100]), units='height', win=Window(...))
23.3019 	EXP 	Created ratingText_2 = TextStim(__class__=<class 'psychopy.visual.text.TextStim'>, alignHoriz=method-wrapper(...), alignText='center', alignVert=method-wrapper(...), anchorHoriz='center', anchorVert='center', antialias=True, autoDraw=False, autoLog=True, bold=False, color=array([1, 1, 1]), colorSpace='rgb', contrast=1.0, depth=-2.0, flipHoriz=False, flipVert=False, font='Open Sans', fontFiles=[], height=0.05, italic=False, languageStyle='LTR', name='ratingText_2', opacity=1.0, ori=0.0, pos=array([ 0. , -0.3]), rgb=UNKNOWN, text='', units='height', win=Window(...), wrapWidth=1)
23.3221 	EXP 	Created image_2 = ImageStim(__class__=<class 'psychopy.visual.image.ImageStim'>, anchor=('center', 'center'), autoLog=True, color=array([1, 1, 1]), colorSpace='rgb', contrast=1.0, depth=-3.0, flipHoriz=False, flipVert=False, image='Button_Image.png', interpolate=True, mask=None, maskParams=None, name='image_2', opacity=1.0, ori=0.0, pos=array([ 0.49, -0.43]), size=array([0.33 , 0.106]), texRes=128.0, units='height', win=Window(...))
23.3222 	EXP 	window1: mouseVisible = True
23.3331 	EXP 	Created instruct_Mechano_humannnes = TextStim(__class__=<class 'psychopy.visual.text.TextStim'>, alignHoriz=method-wrapper(...), alignText='center', alignVert=method-wrapper(...), anchorHoriz='center', anchorVert='center', antialias=True, autoDraw=False, autoLog=True, bold=False, color=array([1, 1, 1]), colorSpace='rgb', contrast=1.0, depth=-5.0, flipHoriz=False, flipVert=False, font='Open Sans', fontFiles=[], height=0.05, italic=False, languageStyle='LTR', name='instruct_Mechano_humannnes', opacity=1.0, ori=0.0, pos=array([0., 0.]), rgb=UNKNOWN, text='Rate the Mechano-Humannes ', units='height', win=Window(...), wrapWidth=1)
23.3366 	EXP 	Created calibrationTarget = ShapeStim(__class__=<class 'psychopy.visual.shape.ShapeStim'>, anchor=('center', 'center'), autoDraw=False, autoLog=True, closeShape=True, color=method-wrapper(...), colorSpace='rgb', contrast=None, depth=0, fillColor=array([0, 0, 0]), fillColorSpace='rgb', fillRGB=array([0, 0, 0]), interpolate=True, lineColor=array([-1, -1, -1]), lineColorSpace='rgb', lineRGB=array([-1, -1, -1]), lineWidth=2.0, name='calibrationTarget', opacity=1.0, ori=0.0, pos=array([0., 0.]), size=array([0., 0.]), units='height', vertices=ndarray(...), win=Window(...), windingRule=None)
23.3404 	EXP 	Created calibrationTargetInner = ShapeStim(__class__=<class 'psychopy.visual.shape.ShapeStim'>, anchor=('center', 'center'), autoDraw=False, autoLog=True, closeShape=True, color=method-wrapper(...), colorSpace='rgb', contrast=None, depth=0, fillColor=array([-1.        ,  0.00392157, -1.        ]), fillColorSpace='rgb', fillRGB=array([-1.        ,  0.00392157, -1.        ]), interpolate=True, lineColor=array([-1, -1, -1]), lineColorSpace='rgb', lineRGB=array([-1, -1, -1]), lineWidth=2.0, name='calibrationTargetInner', opacity=1.0, ori=0.0, pos=array([0., 0.]), size=array([0., 0.]), units='height', vertices=ndarray(...), win=Window(...), windingRule=None)
32.3037 	EXP 	M_H_likeness_slider: autoLog = True
32.3037 	EXP 	M_H_likeness_slider: markerPos = 0.0
32.3037 	EXP 	M_H_likeness_slider: styleTweaks = []
32.3037 	EXP 	M_H_likeness_slider: styleTweaks = []
32.3037 	EXP 	M_H_likeness_slider: styleTweaks = []
32.3037 	EXP 	M_H_likeness_slider: styleTweaks = []
32.3037 	EXP 	M_H_likeness_slider: contrast = 1.0
32.3037 	EXP 	M_H_likeness_slider: autoLog = True
32.3130 	EXP 	instruction: autoDraw = True
33.3133 	EXP 	eyetracker.clearEvents()
33.3139 	EXP 	eyetracker.setRecordingState(True)
33.3192 	EXP 	Imported Human Stimuli  - Human Stimuli.csv as conditions, 45 conditions, 4 params
33.3197 	EXP 	Created sequence: random, trialTypes=45, nReps=1, seed=None
33.3199 	EXP 	New trial (rep=0, index=0): OrderedDict([('Type', 'Human'), ('Spatial_Frequency', 'LSF'), ('filepath', 'Stimuli For Psychopy/Human/matched-8-cpi-low-Rafd090_33_Caucasian_male_neutral_frontal.jpg'), ('file_name', 'matched-8-cpi-low-Rafd090_33_Caucasian_male_neutral_frontal.jpg')])
33.3209 	DATA 	Keypress: space
33.3297 	EXP 	instruction: autoDraw = False
33.3297 	EXP 	Fixation: autoDraw = True
34.3289 	EXP 	Fixation: autoDraw = False
34.3289 	EXP 	Fixation: autoDraw = False
34.3289 	EXP 	Human_image: image = 'Stimuli For Psychopy/Human/matched-8-cpi-low-Rafd090_33_Caucasian_male_neutral_frontal.jpg'
34.3289 	EXP 	Human_image: autoDraw = True
35.3281 	EXP 	Human_image: autoDraw = False
35.3281 	EXP 	Human_image: autoDraw = False
35.3281 	EXP 	roi: autoDraw = False
35.3281 	EXP 	M_H_likeness_slider: markerPos = None
35.3281 	EXP 	M_H_likeness_slider: markerPos = 0.0
35.3281 	EXP 	M_H_likeness_slider: autoDraw = True
35.3281 	EXP 	ratingText_2: autoDraw = True
35.3281 	EXP 	instruct_Mechano_humannnes: autoDraw = True
37.4129 	DATA 	Mouse: Left button down, pos=(1028,438)
37.4435 	EXP 	M_H_likeness_slider: markerPos = 56.2962962962963
37.4601 	EXP 	M_H_likeness_slider: markerPos = 56.2962962962963
37.4769 	EXP 	M_H_likeness_slider: markerPos = 56.2962962962963
37.4776 	DATA 	Mouse:  Left button up, pos=(1028,438)
37.4918 	EXP 	M_H_likeness_slider: markerPos = 56.2962962962963
37.5101 	EXP 	image_2: autoDraw = True
39.1108 	DATA 	Mouse: Left button down, pos=(1452,82)
39.1122 	EXP 	window1: recordFrameIntervals = False
39.1269 	EXP 	M_H_likeness_slider: autoDraw = False
39.1269 	EXP 	ratingText_2: autoDraw = False
39.1269 	EXP 	image_2: autoDraw = False
39.1269 	EXP 	instruct_Mechano_humannnes: autoDraw = False
39.1270 	EXP 	window1: recordFrameIntervals = False
39.3968 	DATA 	Mouse:  Left button up, pos=(1451,81)
39.5973 	EXP 	New trial (rep=0, index=1): OrderedDict([('Type', 'Human'), ('Spatial_Frequency', 'LSF'), ('filepath', 'Stimuli For Psychopy/Human/matched-8-cpi-low-Rafd090_30_Caucasian_male_neutral_frontal.jpg'), ('file_name', 'matched-8-cpi-low-Rafd090_30_Caucasian_male_neutral_frontal.jpg')])
39.5994 	EXP 	Fixation: autoDraw = True
40.6102 	EXP 	Fixation: autoDraw = False
40.6102 	EXP 	Fixation: autoDraw = False
40.6102 	EXP 	Human_image: image = 'Stimuli For Psychopy/Human/matched-8-cpi-low-Rafd090_30_Caucasian_male_neutral_frontal.jpg'
40.6270 	EXP 	Human_image: autoDraw = True
41.6290 	EXP 	Human_image: autoDraw = False
41.6290 	EXP 	roi: autoDraw = False
41.6290 	EXP 	M_H_likeness_slider: markerPos = None
41.6290 	EXP 	M_H_likeness_slider: markerPos = 0.0
41.6290 	EXP 	M_H_likeness_slider: autoDraw = True
41.6290 	EXP 	ratingText_2: autoDraw = True
41.6290 	EXP 	instruct_Mechano_humannnes: autoDraw = True
42.0774 	DATA 	Mouse: Left button down, pos=(1138,418)
42.0934 	EXP 	M_H_likeness_slider: markerPos = 66.48148148148148
42.1100 	EXP 	M_H_likeness_slider: markerPos = 66.48148148148148
42.1266 	EXP 	M_H_likeness_slider: markerPos = 66.48148148148148
42.1434 	EXP 	M_H_likeness_slider: markerPos = 66.48148148148148
42.1445 	DATA 	Mouse:  Left button up, pos=(1138,418)
42.1601 	EXP 	M_H_likeness_slider: markerPos = 66.48148148148148
42.1768 	EXP 	image_2: autoDraw = True
42.6103 	DATA 	Mouse: Left button down, pos=(1462,41)
42.6114 	EXP 	window1: recordFrameIntervals = False
42.6266 	EXP 	M_H_likeness_slider: autoDraw = False
42.6266 	EXP 	ratingText_2: autoDraw = False
42.6266 	EXP 	image_2: autoDraw = False
42.6266 	EXP 	instruct_Mechano_humannnes: autoDraw = False
42.6267 	EXP 	window1: recordFrameIntervals = False
42.8956 	DATA 	Mouse:  Left button up, pos=(1462,41)
43.0960 	EXP 	New trial (rep=0, index=2): OrderedDict([('Type', 'Human'), ('Spatial_Frequency', 'HSF'), ('filepath', 'Stimuli For Psychopy/Human/matched-32-cpi-low-Rafd090_36_Caucasian_male_neutral_frontal.jpg'), ('file_name', 'matched-32-cpi-low-Rafd090_36_Caucasian_male_neutral_frontal.jpg')])
43.0981 	EXP 	Fixation: autoDraw = True
44.1080 	EXP 	Fixation: autoDraw = False
44.1080 	EXP 	Fixation: autoDraw = False
44.1080 	EXP 	Human_image: image = 'Stimuli For Psychopy/Human/matched-32-cpi-low-Rafd090_36_Caucasian_male_neutral_frontal.jpg'
44.1080 	EXP 	Human_image: autoDraw = True
45.1125 	EXP 	Human_image: autoDraw = False
45.1125 	EXP 	Human_image: autoDraw = False
45.1125 	EXP 	roi: autoDraw = False
45.1125 	EXP 	M_H_likeness_slider: markerPos = None
45.1125 	EXP 	M_H_likeness_slider: markerPos = 0.0
45.1125 	EXP 	M_H_likeness_slider: autoDraw = True
45.1125 	EXP 	ratingText_2: autoDraw = True
45.1125 	EXP 	instruct_Mechano_humannnes: autoDraw = True
45.5095 	DATA 	Mouse: Left button down, pos=(1152,428)
45.5268 	EXP 	M_H_likeness_slider: markerPos = 67.77777777777779
45.5434 	EXP 	M_H_likeness_slider: markerPos = 67.77777777777779
45.5599 	EXP 	M_H_likeness_slider: markerPos = 67.77777777777779
45.5609 	DATA 	Mouse:  Left button up, pos=(1152,428)
45.5751 	EXP 	M_H_likeness_slider: markerPos = 67.77777777777779
45.5933 	EXP 	image_2: autoDraw = True
45.9754 	DATA 	Mouse: Left button down, pos=(1428,117)
45.9769 	EXP 	window1: recordFrameIntervals = False
45.9934 	EXP 	M_H_likeness_slider: autoDraw = False
45.9934 	EXP 	ratingText_2: autoDraw = False
45.9934 	EXP 	image_2: autoDraw = False
45.9934 	EXP 	instruct_Mechano_humannnes: autoDraw = False
45.9935 	EXP 	window1: recordFrameIntervals = False
46.2606 	DATA 	Mouse:  Left button up, pos=(1428,117)
46.4610 	EXP 	New trial (rep=0, index=3): OrderedDict([('Type', 'Human'), ('Spatial_Frequency', 'BSF'), ('filepath', 'Stimuli For Psychopy/Human/matched-Rafd090_19_Caucasian_female_neutral_frontal.jpg'), ('file_name', 'matched-Rafd090_19_Caucasian_female_neutral_frontal.jpg')])
46.4766 	EXP 	Fixation: autoDraw = True
47.4746 	EXP 	Fixation: autoDraw = False
47.4746 	EXP 	Fixation: autoDraw = False
47.4746 	EXP 	Human_image: image = 'Stimuli For Psychopy/Human/matched-Rafd090_19_Caucasian_female_neutral_frontal.jpg'
47.4746 	EXP 	Human_image: autoDraw = True
48.4749 	EXP 	Human_image: autoDraw = False
48.4749 	EXP 	Human_image: autoDraw = False
48.4749 	EXP 	roi: autoDraw = False
48.4749 	EXP 	M_H_likeness_slider: markerPos = None
48.4749 	EXP 	M_H_likeness_slider: markerPos = 0.0
48.4749 	EXP 	M_H_likeness_slider: autoDraw = True
48.4749 	EXP 	ratingText_2: autoDraw = True
48.4749 	EXP 	instruct_Mechano_humannnes: autoDraw = True
48.8947 	DATA 	Mouse: Left button down, pos=(1421,428)
48.9081 	EXP 	M_H_likeness_slider: markerPos = 92.68518518518518
48.9248 	EXP 	M_H_likeness_slider: markerPos = 92.68518518518518
48.9260 	DATA 	Mouse:  Left button up, pos=(1421,428)
48.9437 	EXP 	M_H_likeness_slider: markerPos = 92.68518518518518
48.9599 	EXP 	image_2: autoDraw = True
49.5602 	DATA 	Mouse: Left button down, pos=(1464,99)
49.5613 	EXP 	window1: recordFrameIntervals = False
49.5766 	EXP 	M_H_likeness_slider: autoDraw = False
49.5766 	EXP 	ratingText_2: autoDraw = False
49.5766 	EXP 	image_2: autoDraw = False
49.5766 	EXP 	instruct_Mechano_humannnes: autoDraw = False
49.5767 	EXP 	window1: recordFrameIntervals = False
49.8450 	DATA 	Mouse:  Left button up, pos=(1464,98)
50.0453 	EXP 	New trial (rep=0, index=4): OrderedDict([('Type', 'Human'), ('Spatial_Frequency', 'LSF'), ('filepath', 'Stimuli For Psychopy/Human/matched-8-cpi-low-Rafd090_28_Caucasian_male_neutral_frontal.jpg'), ('file_name', 'matched-8-cpi-low-Rafd090_28_Caucasian_male_neutral_frontal.jpg')])
50.0473 	EXP 	Fixation: autoDraw = True
51.0620 	EXP 	Fixation: autoDraw = False
51.0620 	EXP 	Fixation: autoDraw = False
51.0620 	EXP 	Human_image: image = 'Stimuli For Psychopy/Human/matched-8-cpi-low-Rafd090_28_Caucasian_male_neutral_frontal.jpg'
51.0620 	EXP 	Human_image: autoDraw = True
52.0621 	EXP 	Human_image: autoDraw = False
52.0621 	EXP 	Human_image: autoDraw = False
52.0621 	EXP 	roi: autoDraw = False
52.0621 	EXP 	M_H_likeness_slider: markerPos = None
52.0621 	EXP 	M_H_likeness_slider: markerPos = 0.0
52.0621 	EXP 	M_H_likeness_slider: autoDraw = True
52.0621 	EXP 	ratingText_2: autoDraw = True
52.0621 	EXP 	instruct_Mechano_humannnes: autoDraw = True
52.4757 	DATA 	Mouse: Left button down, pos=(1151,429)
52.4931 	EXP 	M_H_likeness_slider: markerPos = 67.68518518518518
52.5098 	EXP 	M_H_likeness_slider: markerPos = 67.68518518518518
52.5264 	EXP 	M_H_likeness_slider: markerPos = 67.68518518518518
52.5271 	DATA 	Mouse:  Left button up, pos=(1151,429)
52.5415 	EXP 	M_H_likeness_slider: markerPos = 67.68518518518518
52.5597 	EXP 	image_2: autoDraw = True
52.9602 	DATA 	Mouse: Left button down, pos=(1463,40)
52.9616 	EXP 	window1: recordFrameIntervals = False
52.9765 	EXP 	M_H_likeness_slider: autoDraw = False
52.9765 	EXP 	ratingText_2: autoDraw = False
52.9765 	EXP 	image_2: autoDraw = False
52.9765 	EXP 	instruct_Mechano_humannnes: autoDraw = False
52.9767 	EXP 	window1: recordFrameIntervals = False
53.2459 	DATA 	Mouse:  Left button up, pos=(1463,40)
53.4461 	EXP 	New trial (rep=0, index=5): OrderedDict([('Type', 'Human'), ('Spatial_Frequency', 'LSF'), ('filepath', 'Stimuli For Psychopy/Human/matched-8-cpi-low-Rafd090_19_Caucasian_female_neutral_frontal.jpg'), ('file_name', 'matched-8-cpi-low-Rafd090_19_Caucasian_female_neutral_frontal.jpg')])
53.4481 	EXP 	Fixation: autoDraw = True
54.4620 	EXP 	Fixation: autoDraw = False
54.4620 	EXP 	Fixation: autoDraw = False
54.4620 	EXP 	Human_image: image = 'Stimuli For Psychopy/Human/matched-8-cpi-low-Rafd090_19_Caucasian_female_neutral_frontal.jpg'
54.4620 	EXP 	Human_image: autoDraw = True
55.4620 	EXP 	Human_image: autoDraw = False
55.4620 	EXP 	Human_image: autoDraw = False
55.4620 	EXP 	roi: autoDraw = False
55.4620 	EXP 	M_H_likeness_slider: markerPos = None
55.4620 	EXP 	M_H_likeness_slider: markerPos = 0.0
55.4620 	EXP 	M_H_likeness_slider: autoDraw = True
55.4620 	EXP 	ratingText_2: autoDraw = True
55.4620 	EXP 	instruct_Mechano_humannnes: autoDraw = True
55.7799 	DATA 	Mouse: Left button down, pos=(1254,451)
55.7954 	EXP 	M_H_likeness_slider: markerPos = 77.22222222222221
55.8120 	EXP 	M_H_likeness_slider: markerPos = 77.22222222222221
55.8245 	EXP 	M_H_likeness_slider: markerPos = 77.22222222222221
55.8297 	DATA 	Mouse:  Left button up, pos=(1254,451)
55.8415 	EXP 	M_H_likeness_slider: markerPos = 77.22222222222221
55.8597 	EXP 	M_H_likeness_slider: markerPos = 77.22222222222221
55.8765 	EXP 	image_2: autoDraw = True
56.4600 	DATA 	Mouse: Left button down, pos=(1476,91)
56.4611 	EXP 	window1: recordFrameIntervals = False
56.4764 	EXP 	M_H_likeness_slider: autoDraw = False
56.4764 	EXP 	ratingText_2: autoDraw = False
56.4764 	EXP 	image_2: autoDraw = False
56.4764 	EXP 	instruct_Mechano_humannnes: autoDraw = False
56.4765 	EXP 	window1: recordFrameIntervals = False
56.7445 	DATA 	Mouse:  Left button up, pos=(1476,91)
56.9447 	EXP 	New trial (rep=0, index=6): OrderedDict([('Type', 'Human'), ('Spatial_Frequency', 'BSF'), ('filepath', 'Stimuli For Psychopy/Human/matched-Rafd090_26_Caucasian_female_neutral_frontal.jpg'), ('file_name', 'matched-Rafd090_26_Caucasian_female_neutral_frontal.jpg')])
56.9467 	EXP 	Fixation: autoDraw = True
57.9625 	EXP 	Fixation: autoDraw = False
57.9625 	EXP 	Fixation: autoDraw = False
57.9625 	EXP 	Human_image: image = 'Stimuli For Psychopy/Human/matched-Rafd090_26_Caucasian_female_neutral_frontal.jpg'
57.9625 	EXP 	Human_image: autoDraw = True
58.9617 	EXP 	Human_image: autoDraw = False
58.9617 	EXP 	Human_image: autoDraw = False
58.9617 	EXP 	roi: autoDraw = False
58.9617 	EXP 	M_H_likeness_slider: markerPos = None
58.9617 	EXP 	M_H_likeness_slider: markerPos = 0.0
58.9617 	EXP 	M_H_likeness_slider: autoDraw = True
58.9617 	EXP 	ratingText_2: autoDraw = True
58.9617 	EXP 	instruct_Mechano_humannnes: autoDraw = True
59.3965 	DATA 	Mouse: Left button down, pos=(1466,426)
59.4264 	EXP 	M_H_likeness_slider: markerPos = 96.85185185185186
59.4430 	EXP 	M_H_likeness_slider: markerPos = 96.85185185185186
59.4442 	DATA 	Mouse:  Left button up, pos=(1466,426)
59.4598 	EXP 	M_H_likeness_slider: markerPos = 96.85185185185186
59.4764 	EXP 	image_2: autoDraw = True
59.8767 	DATA 	Mouse: Left button down, pos=(1504,64)
59.8942 	EXP 	window1: recordFrameIntervals = False
59.9096 	EXP 	M_H_likeness_slider: autoDraw = False
59.9096 	EXP 	ratingText_2: autoDraw = False
59.9096 	EXP 	image_2: autoDraw = False
59.9096 	EXP 	instruct_Mechano_humannnes: autoDraw = False
59.9097 	EXP 	window1: recordFrameIntervals = False
60.1785 	DATA 	Mouse:  Left button up, pos=(1504,64)
60.3790 	EXP 	New trial (rep=0, index=7): OrderedDict([('Type', 'Human'), ('Spatial_Frequency', 'BSF'), ('filepath', 'Stimuli For Psychopy/Human/matched-Rafd090_22_Caucasian_female_neutral_frontal.jpg'), ('file_name', 'matched-Rafd090_22_Caucasian_female_neutral_frontal.jpg')])
60.3812 	EXP 	Fixation: autoDraw = True
61.3911 	EXP 	Fixation: autoDraw = False
61.3911 	EXP 	Fixation: autoDraw = False
61.3911 	EXP 	Human_image: image = 'Stimuli For Psychopy/Human/matched-Rafd090_22_Caucasian_female_neutral_frontal.jpg'
61.3911 	EXP 	Human_image: autoDraw = True
62.3951 	EXP 	Human_image: autoDraw = False
62.3951 	EXP 	Human_image: autoDraw = False
62.3951 	EXP 	roi: autoDraw = False
62.3951 	EXP 	M_H_likeness_slider: markerPos = None
62.3951 	EXP 	M_H_likeness_slider: markerPos = 0.0
62.3951 	EXP 	M_H_likeness_slider: autoDraw = True
62.3951 	EXP 	ratingText_2: autoDraw = True
62.3951 	EXP 	instruct_Mechano_humannnes: autoDraw = True
62.7271 	DATA 	Mouse: Left button down, pos=(1316,441)
62.7429 	EXP 	M_H_likeness_slider: markerPos = 82.96296296296296
62.7597 	EXP 	M_H_likeness_slider: markerPos = 82.96296296296296
62.7651 	DATA 	Mouse:  Left button up, pos=(1316,441)
62.7767 	EXP 	M_H_likeness_slider: markerPos = 82.96296296296296
62.7929 	EXP 	M_H_likeness_slider: markerPos = 82.96296296296296
62.8099 	EXP 	image_2: autoDraw = True
63.1800 	DATA 	Mouse: Left button down, pos=(1488,119)
63.1929 	EXP 	window1: recordFrameIntervals = False
63.2098 	EXP 	M_H_likeness_slider: autoDraw = False
63.2098 	EXP 	ratingText_2: autoDraw = False
63.2098 	EXP 	image_2: autoDraw = False
63.2098 	EXP 	instruct_Mechano_humannnes: autoDraw = False
63.2099 	EXP 	window1: recordFrameIntervals = False
63.4768 	DATA 	Mouse:  Left button up, pos=(1488,119)
63.6773 	EXP 	New trial (rep=0, index=8): OrderedDict([('Type', 'Human'), ('Spatial_Frequency', 'LSF'), ('filepath', 'Stimuli For Psychopy/Human/matched-8-cpi-low-Rafd090_24_Caucasian_male_neutral_frontal.jpg'), ('file_name', 'matched-8-cpi-low-Rafd090_24_Caucasian_male_neutral_frontal.jpg')])
63.6928 	EXP 	Fixation: autoDraw = True
64.6952 	EXP 	Fixation: autoDraw = False
64.6952 	EXP 	Fixation: autoDraw = False
64.6952 	EXP 	Human_image: image = 'Stimuli For Psychopy/Human/matched-8-cpi-low-Rafd090_24_Caucasian_male_neutral_frontal.jpg'
64.6952 	EXP 	Human_image: autoDraw = True
65.6951 	EXP 	Human_image: autoDraw = False
65.6951 	EXP 	Human_image: autoDraw = False
65.6951 	EXP 	roi: autoDraw = False
65.6951 	EXP 	M_H_likeness_slider: markerPos = None
65.6951 	EXP 	M_H_likeness_slider: markerPos = 0.0
65.6951 	EXP 	M_H_likeness_slider: autoDraw = True
65.6951 	EXP 	ratingText_2: autoDraw = True
65.6951 	EXP 	instruct_Mechano_humannnes: autoDraw = True
66.0464 	DATA 	Mouse: Left button down, pos=(1275,415)
66.0762 	EXP 	M_H_likeness_slider: markerPos = 79.16666666666667
66.0929 	EXP 	M_H_likeness_slider: markerPos = 79.16666666666667
66.1097 	EXP 	M_H_likeness_slider: markerPos = 79.16666666666667
66.1105 	DATA 	Mouse:  Left button up, pos=(1275,415)
66.1263 	EXP 	M_H_likeness_slider: markerPos = 79.16666666666667
66.1430 	EXP 	image_2: autoDraw = True
66.4432 	DATA 	Mouse: Left button down, pos=(1498,23)
66.4443 	EXP 	window1: recordFrameIntervals = False
66.4598 	EXP 	M_H_likeness_slider: autoDraw = False
66.4598 	EXP 	ratingText_2: autoDraw = False
66.4598 	EXP 	image_2: autoDraw = False
66.4598 	EXP 	instruct_Mechano_humannnes: autoDraw = False
66.4599 	EXP 	window1: recordFrameIntervals = False
66.7281 	DATA 	Mouse:  Left button up, pos=(1498,23)
66.9283 	EXP 	New trial (rep=0, index=9): OrderedDict([('Type', 'Human'), ('Spatial_Frequency', 'HSF'), ('filepath', 'Stimuli For Psychopy/Human/matched-32-cpi-low-Rafd090_26_Caucasian_female_neutral_frontal.jpg'), ('file_name', 'matched-32-cpi-low-Rafd090_26_Caucasian_female_neutral_frontal.jpg')])
66.9303 	EXP 	Fixation: autoDraw = True
67.9428 	EXP 	Fixation: autoDraw = False
67.9428 	EXP 	Fixation: autoDraw = False
67.9428 	EXP 	Human_image: image = 'Stimuli For Psychopy/Human/matched-32-cpi-low-Rafd090_26_Caucasian_female_neutral_frontal.jpg'
67.9428 	EXP 	Human_image: autoDraw = True
68.9447 	EXP 	Human_image: autoDraw = False
68.9447 	EXP 	Human_image: autoDraw = False
68.9447 	EXP 	roi: autoDraw = False
68.9447 	EXP 	M_H_likeness_slider: markerPos = None
68.9447 	EXP 	M_H_likeness_slider: markerPos = 0.0
68.9447 	EXP 	M_H_likeness_slider: autoDraw = True
68.9447 	EXP 	ratingText_2: autoDraw = True
68.9447 	EXP 	instruct_Mechano_humannnes: autoDraw = True
69.2789 	DATA 	Mouse: Left button down, pos=(1334,417)
69.3094 	EXP 	M_H_likeness_slider: markerPos = 84.62962962962963
69.3261 	EXP 	M_H_likeness_slider: markerPos = 84.62962962962963
69.3428 	EXP 	M_H_likeness_slider: markerPos = 84.62962962962963
69.3435 	DATA 	Mouse:  Left button up, pos=(1334,417)
69.3594 	EXP 	M_H_likeness_slider: markerPos = 84.62962962962963
69.3761 	EXP 	image_2: autoDraw = True
69.7582 	DATA 	Mouse: Left button down, pos=(1464,105)
69.7594 	EXP 	window1: recordFrameIntervals = False
69.7761 	EXP 	M_H_likeness_slider: autoDraw = False
69.7761 	EXP 	ratingText_2: autoDraw = False
69.7761 	EXP 	image_2: autoDraw = False
69.7761 	EXP 	instruct_Mechano_humannnes: autoDraw = False
69.7764 	EXP 	window1: recordFrameIntervals = False
70.0433 	DATA 	Mouse:  Left button up, pos=(1464,105)
70.2435 	EXP 	New trial (rep=0, index=10): OrderedDict([('Type', 'Human'), ('Spatial_Frequency', 'BSF'), ('filepath', 'Stimuli For Psychopy/Human/matched-Rafd090_24_Caucasian_male_neutral_frontal.jpg'), ('file_name', 'matched-Rafd090_24_Caucasian_male_neutral_frontal.jpg')])
70.2579 	EXP 	Fixation: autoDraw = True
71.2590 	EXP 	Fixation: autoDraw = False
71.2590 	EXP 	Fixation: autoDraw = False
71.2590 	EXP 	Human_image: image = 'Stimuli For Psychopy/Human/matched-Rafd090_24_Caucasian_male_neutral_frontal.jpg'
71.2590 	EXP 	Human_image: autoDraw = True
72.2625 	EXP 	Human_image: autoDraw = False
72.2625 	EXP 	Human_image: autoDraw = False
72.2625 	EXP 	roi: autoDraw = False
72.2625 	EXP 	M_H_likeness_slider: markerPos = None
72.2625 	EXP 	M_H_likeness_slider: markerPos = 0.0
72.2625 	EXP 	M_H_likeness_slider: autoDraw = True
72.2625 	EXP 	ratingText_2: autoDraw = True
72.2625 	EXP 	instruct_Mechano_humannnes: autoDraw = True
72.6165 	DATA 	Mouse: Left button down, pos=(1322,409)
72.6449 	EXP 	M_H_likeness_slider: markerPos = 83.51851851851852
72.6616 	EXP 	M_H_likeness_slider: markerPos = 83.51851851851852
72.6783 	EXP 	M_H_likeness_slider: markerPos = 83.51851851851852
72.6790 	DATA 	Mouse:  Left button up, pos=(1322,409)
72.6950 	EXP 	M_H_likeness_slider: markerPos = 83.51851851851852
72.7116 	EXP 	image_2: autoDraw = True
73.0251 	DATA 	Mouse: Left button down, pos=(1418,158)
73.0763 	DATA 	Mouse:  Left button up, pos=(1418,158)
73.3085 	DATA 	Mouse: Left button down, pos=(1420,101)
73.3098 	EXP 	window1: recordFrameIntervals = False
73.3260 	EXP 	M_H_likeness_slider: autoDraw = False
73.3260 	EXP 	ratingText_2: autoDraw = False
73.3260 	EXP 	image_2: autoDraw = False
73.3260 	EXP 	instruct_Mechano_humannnes: autoDraw = False
73.3261 	EXP 	window1: recordFrameIntervals = False
73.5938 	DATA 	Mouse:  Left button up, pos=(1420,101)
73.7940 	EXP 	New trial (rep=0, index=11): OrderedDict([('Type', 'Human'), ('Spatial_Frequency', 'BSF'), ('filepath', 'Stimuli For Psychopy/Human/matched-Rafd090_18_Caucasian_female_neutral_frontal.jpg'), ('file_name', 'matched-Rafd090_18_Caucasian_female_neutral_frontal.jpg')])
73.7961 	EXP 	Fixation: autoDraw = True
74.8087 	EXP 	Fixation: autoDraw = False
74.8087 	EXP 	Fixation: autoDraw = False
74.8087 	EXP 	Human_image: image = 'Stimuli For Psychopy/Human/matched-Rafd090_18_Caucasian_female_neutral_frontal.jpg'
74.8087 	EXP 	Human_image: autoDraw = True
75.8114 	EXP 	Human_image: autoDraw = False
75.8114 	EXP 	Human_image: autoDraw = False
75.8114 	EXP 	roi: autoDraw = False
75.8114 	EXP 	M_H_likeness_slider: markerPos = None
75.8114 	EXP 	M_H_likeness_slider: markerPos = 0.0
75.8114 	EXP 	M_H_likeness_slider: autoDraw = True
75.8114 	EXP 	ratingText_2: autoDraw = True
75.8114 	EXP 	instruct_Mechano_humannnes: autoDraw = True
76.2122 	DATA 	Mouse: Left button down, pos=(1412,451)
76.2259 	EXP 	M_H_likeness_slider: markerPos = 91.85185185185185
76.2426 	EXP 	M_H_likeness_slider: markerPos = 91.85185185185185
76.2592 	EXP 	M_H_likeness_slider: markerPos = 91.85185185185185
76.2600 	DATA 	Mouse:  Left button up, pos=(1412,451)
76.2760 	EXP 	M_H_likeness_slider: markerPos = 91.85185185185185
76.2913 	EXP 	image_2: autoDraw = True
76.6300 	DATA 	Mouse: Left button down, pos=(1448,30)
76.6439 	EXP 	window1: recordFrameIntervals = False
76.6593 	EXP 	M_H_likeness_slider: autoDraw = False
76.6593 	EXP 	ratingText_2: autoDraw = False
76.6593 	EXP 	image_2: autoDraw = False
76.6593 	EXP 	instruct_Mechano_humannnes: autoDraw = False
76.6594 	EXP 	window1: recordFrameIntervals = False
76.9280 	DATA 	Mouse:  Left button up, pos=(1448,30)
77.1281 	EXP 	New trial (rep=0, index=12): OrderedDict([('Type', 'Human'), ('Spatial_Frequency', 'BSF'), ('filepath', 'Stimuli For Psychopy/Human/matched-Rafd090_33_Caucasian_male_neutral_frontal.jpg'), ('file_name', 'matched-Rafd090_33_Caucasian_male_neutral_frontal.jpg')])
77.1301 	EXP 	Fixation: autoDraw = True
78.1421 	EXP 	Fixation: autoDraw = False
78.1421 	EXP 	Fixation: autoDraw = False
78.1421 	EXP 	Human_image: image = 'Stimuli For Psychopy/Human/matched-Rafd090_33_Caucasian_male_neutral_frontal.jpg'
78.1421 	EXP 	Human_image: autoDraw = True
79.1447 	EXP 	Human_image: autoDraw = False
79.1447 	EXP 	Human_image: autoDraw = False
79.1447 	EXP 	roi: autoDraw = False
79.1447 	EXP 	M_H_likeness_slider: markerPos = None
79.1447 	EXP 	M_H_likeness_slider: markerPos = 0.0
79.1447 	EXP 	M_H_likeness_slider: autoDraw = True
79.1447 	EXP 	ratingText_2: autoDraw = True
79.1447 	EXP 	instruct_Mechano_humannnes: autoDraw = True
79.6462 	DATA 	Mouse: Left button down, pos=(1450,452)
79.6760 	EXP 	M_H_likeness_slider: markerPos = 95.37037037037037
79.6925 	EXP 	M_H_likeness_slider: markerPos = 95.37037037037037
79.7076 	EXP 	M_H_likeness_slider: markerPos = 95.37037037037037
79.7086 	DATA 	Mouse:  Left button up, pos=(1450,452)
79.7242 	EXP 	M_H_likeness_slider: markerPos = 95.37037037037037
79.7426 	EXP 	image_2: autoDraw = True
80.0763 	DATA 	Mouse: Left button down, pos=(1482,58)
80.0774 	EXP 	window1: recordFrameIntervals = False
80.0910 	EXP 	M_H_likeness_slider: autoDraw = False
80.0910 	EXP 	ratingText_2: autoDraw = False
80.0910 	EXP 	image_2: autoDraw = False
80.0910 	EXP 	instruct_Mechano_humannnes: autoDraw = False
80.0912 	EXP 	window1: recordFrameIntervals = False
80.3610 	DATA 	Mouse:  Left button up, pos=(1482,58)
80.5613 	EXP 	New trial (rep=0, index=13): OrderedDict([('Type', 'Human'), ('Spatial_Frequency', 'HSF'), ('filepath', 'Stimuli For Psychopy/Human/matched-32-cpi-low-Rafd090_28_Caucasian_male_neutral_frontal.jpg'), ('file_name', 'matched-32-cpi-low-Rafd090_28_Caucasian_male_neutral_frontal.jpg')])
80.5758 	EXP 	Fixation: autoDraw = True
81.5758 	EXP 	Fixation: autoDraw = False
81.5758 	EXP 	Fixation: autoDraw = False
81.5758 	EXP 	Human_image: image = 'Stimuli For Psychopy/Human/matched-32-cpi-low-Rafd090_28_Caucasian_male_neutral_frontal.jpg'
81.5758 	EXP 	Human_image: autoDraw = True
82.5779 	EXP 	Human_image: autoDraw = False
82.5779 	EXP 	Human_image: autoDraw = False
82.5779 	EXP 	roi: autoDraw = False
82.5779 	EXP 	M_H_likeness_slider: markerPos = None
82.5779 	EXP 	M_H_likeness_slider: markerPos = 0.0
82.5779 	EXP 	M_H_likeness_slider: autoDraw = True
82.5779 	EXP 	ratingText_2: autoDraw = True
82.5779 	EXP 	instruct_Mechano_humannnes: autoDraw = True
82.9931 	DATA 	Mouse: Left button down, pos=(1313,409)
83.0091 	EXP 	M_H_likeness_slider: markerPos = 82.68518518518519
83.0257 	EXP 	M_H_likeness_slider: markerPos = 82.68518518518519
83.0425 	EXP 	M_H_likeness_slider: markerPos = 82.68518518518519
83.0592 	EXP 	M_H_likeness_slider: markerPos = 82.68518518518519
83.0598 	DATA 	Mouse:  Left button up, pos=(1313,409)
83.0759 	EXP 	M_H_likeness_slider: markerPos = 82.68518518518519
83.0925 	EXP 	image_2: autoDraw = True
83.4288 	DATA 	Mouse: Left button down, pos=(1443,96)
83.4441 	EXP 	window1: recordFrameIntervals = False
83.4591 	EXP 	M_H_likeness_slider: autoDraw = False
83.4591 	EXP 	ratingText_2: autoDraw = False
83.4591 	EXP 	image_2: autoDraw = False
83.4591 	EXP 	instruct_Mechano_humannnes: autoDraw = False
83.4592 	EXP 	window1: recordFrameIntervals = False
83.7281 	DATA 	Mouse:  Left button up, pos=(1443,96)
83.9283 	EXP 	New trial (rep=0, index=14): OrderedDict([('Type', 'Human'), ('Spatial_Frequency', 'HSF'), ('filepath', 'Stimuli For Psychopy/Human/matched-32-cpi-low-Rafd090_22_Caucasian_female_neutral_frontal.jpg'), ('file_name', 'matched-32-cpi-low-Rafd090_22_Caucasian_female_neutral_frontal.jpg')])
83.9304 	EXP 	Fixation: autoDraw = True
84.9412 	EXP 	Fixation: autoDraw = False
84.9412 	EXP 	Fixation: autoDraw = False
84.9412 	EXP 	Human_image: image = 'Stimuli For Psychopy/Human/matched-32-cpi-low-Rafd090_22_Caucasian_female_neutral_frontal.jpg'
84.9412 	EXP 	Human_image: autoDraw = True
85.9444 	EXP 	Human_image: autoDraw = False
85.9444 	EXP 	Human_image: autoDraw = False
85.9444 	EXP 	roi: autoDraw = False
85.9444 	EXP 	M_H_likeness_slider: markerPos = None
85.9444 	EXP 	M_H_likeness_slider: markerPos = 0.0
85.9444 	EXP 	M_H_likeness_slider: autoDraw = True
85.9444 	EXP 	ratingText_2: autoDraw = True
85.9444 	EXP 	instruct_Mechano_humannnes: autoDraw = True
86.3973 	DATA 	Mouse: Left button down, pos=(1273,431)
86.4243 	EXP 	M_H_likeness_slider: markerPos = 78.98148148148148
86.4425 	EXP 	M_H_likeness_slider: markerPos = 78.98148148148148
86.4594 	EXP 	M_H_likeness_slider: markerPos = 78.98148148148148
86.4600 	DATA 	Mouse:  Left button up, pos=(1273,431)
86.4741 	EXP 	M_H_likeness_slider: markerPos = 78.98148148148148
86.4924 	EXP 	image_2: autoDraw = True
86.9927 	DATA 	Mouse: Left button down, pos=(1458,117)
86.9939 	EXP 	window1: recordFrameIntervals = False
87.0092 	EXP 	M_H_likeness_slider: autoDraw = False
87.0092 	EXP 	ratingText_2: autoDraw = False
87.0092 	EXP 	image_2: autoDraw = False
87.0092 	EXP 	instruct_Mechano_humannnes: autoDraw = False
87.0094 	EXP 	window1: recordFrameIntervals = False
87.2776 	DATA 	Mouse:  Left button up, pos=(1458,117)
87.4778 	EXP 	New trial (rep=0, index=15): OrderedDict([('Type', 'Human'), ('Spatial_Frequency', 'HSF'), ('filepath', 'Stimuli For Psychopy/Human/matched-32-cpi-low-Rafd090_32_Caucasian_female_neutral_frontal.jpg'), ('file_name', 'matched-32-cpi-low-Rafd090_32_Caucasian_female_neutral_frontal.jpg')])
87.4798 	EXP 	Fixation: autoDraw = True
88.4947 	EXP 	Fixation: autoDraw = False
88.4947 	EXP 	Fixation: autoDraw = False
88.4947 	EXP 	Human_image: image = 'Stimuli For Psychopy/Human/matched-32-cpi-low-Rafd090_32_Caucasian_female_neutral_frontal.jpg'
88.4947 	EXP 	Human_image: autoDraw = True
89.5089 	EXP 	Human_image: autoDraw = False
89.5089 	EXP 	Human_image: autoDraw = False
89.5089 	EXP 	roi: autoDraw = False
89.5089 	EXP 	M_H_likeness_slider: markerPos = None
89.5089 	EXP 	M_H_likeness_slider: markerPos = 0.0
89.5089 	EXP 	M_H_likeness_slider: autoDraw = True
89.5089 	EXP 	ratingText_2: autoDraw = True
89.5089 	EXP 	instruct_Mechano_humannnes: autoDraw = True
89.8459 	DATA 	Mouse: Left button down, pos=(1254,449)
89.8758 	EXP 	M_H_likeness_slider: markerPos = 77.22222222222221
89.8924 	EXP 	M_H_likeness_slider: markerPos = 77.22222222222221
89.9091 	EXP 	M_H_likeness_slider: markerPos = 77.22222222222221
89.9098 	DATA 	Mouse:  Left button up, pos=(1254,449)
89.9257 	EXP 	M_H_likeness_slider: markerPos = 77.22222222222221
89.9424 	EXP 	image_2: autoDraw = True
90.1965 	DATA 	Mouse: Left button down, pos=(1409,78)
90.2101 	EXP 	window1: recordFrameIntervals = False
90.2256 	EXP 	M_H_likeness_slider: autoDraw = False
90.2256 	EXP 	ratingText_2: autoDraw = False
90.2256 	EXP 	image_2: autoDraw = False
90.2256 	EXP 	instruct_Mechano_humannnes: autoDraw = False
90.2257 	EXP 	window1: recordFrameIntervals = False
90.4940 	DATA 	Mouse:  Left button up, pos=(1409,78)
90.6943 	EXP 	New trial (rep=0, index=16): OrderedDict([('Type', 'Human'), ('Spatial_Frequency', 'HSF'), ('filepath', 'Stimuli For Psychopy/Human/matched-32-cpi-low-Rafd090_31_Caucasian_female_neutral_frontal.jpg'), ('file_name', 'matched-32-cpi-low-Rafd090_31_Caucasian_female_neutral_frontal.jpg')])
90.6965 	EXP 	Fixation: autoDraw = True
91.7085 	EXP 	Fixation: autoDraw = False
91.7085 	EXP 	Fixation: autoDraw = False
91.7085 	EXP 	Human_image: image = 'Stimuli For Psychopy/Human/matched-32-cpi-low-Rafd090_31_Caucasian_female_neutral_frontal.jpg'
91.7085 	EXP 	Human_image: autoDraw = True
92.7107 	EXP 	Human_image: autoDraw = False
92.7107 	EXP 	Human_image: autoDraw = False
92.7107 	EXP 	roi: autoDraw = False
92.7107 	EXP 	M_H_likeness_slider: markerPos = None
92.7107 	EXP 	M_H_likeness_slider: markerPos = 0.0
92.7107 	EXP 	M_H_likeness_slider: autoDraw = True
92.7107 	EXP 	ratingText_2: autoDraw = True
92.7107 	EXP 	instruct_Mechano_humannnes: autoDraw = True
93.3433 	DATA 	Mouse: Left button down, pos=(1223,394)
93.3573 	EXP 	M_H_likeness_slider: markerPos = 74.35185185185185
93.3756 	EXP 	M_H_likeness_slider: markerPos = 74.35185185185185
93.3922 	EXP 	M_H_likeness_slider: markerPos = 74.35185185185185
93.4090 	EXP 	M_H_likeness_slider: markerPos = 74.35185185185185
93.4095 	DATA 	Mouse:  Left button up, pos=(1223,394)
93.4256 	EXP 	M_H_likeness_slider: markerPos = 74.35185185185185
93.4422 	EXP 	image_2: autoDraw = True
93.7077 	DATA 	Mouse: Left button down, pos=(1443,91)
93.7091 	EXP 	window1: recordFrameIntervals = False
93.7255 	EXP 	M_H_likeness_slider: autoDraw = False
93.7255 	EXP 	ratingText_2: autoDraw = False
93.7255 	EXP 	image_2: autoDraw = False
93.7255 	EXP 	instruct_Mechano_humannnes: autoDraw = False
93.7256 	EXP 	window1: recordFrameIntervals = False
93.9926 	DATA 	Mouse:  Left button up, pos=(1443,91)
94.1928 	EXP 	New trial (rep=0, index=17): OrderedDict([('Type', 'Human'), ('Spatial_Frequency', 'HSF'), ('filepath', 'Stimuli For Psychopy/Human/matched-32-cpi-low-Rafd090_33_Caucasian_male_neutral_frontal.jpg'), ('file_name', 'matched-32-cpi-low-Rafd090_33_Caucasian_male_neutral_frontal.jpg')])
94.2090 	EXP 	Fixation: autoDraw = True
95.2070 	EXP 	Fixation: autoDraw = False
95.2070 	EXP 	Fixation: autoDraw = False
95.2070 	EXP 	Human_image: image = 'Stimuli For Psychopy/Human/matched-32-cpi-low-Rafd090_33_Caucasian_male_neutral_frontal.jpg'
95.2070 	EXP 	Human_image: autoDraw = True
96.2088 	EXP 	Human_image: autoDraw = False
96.2088 	EXP 	Human_image: autoDraw = False
96.2088 	EXP 	roi: autoDraw = False
96.2088 	EXP 	M_H_likeness_slider: markerPos = None
96.2088 	EXP 	M_H_likeness_slider: markerPos = 0.0
96.2088 	EXP 	M_H_likeness_slider: autoDraw = True
96.2088 	EXP 	ratingText_2: autoDraw = True
96.2088 	EXP 	instruct_Mechano_humannnes: autoDraw = True
96.5098 	DATA 	Mouse: Left button down, pos=(1225,423)
96.5255 	EXP 	M_H_likeness_slider: markerPos = 74.53703703703704
96.5422 	EXP 	M_H_likeness_slider: markerPos = 74.53703703703704
96.5589 	EXP 	M_H_likeness_slider: markerPos = 74.53703703703704
96.5596 	DATA 	Mouse:  Left button up, pos=(1225,423)
96.5756 	EXP 	M_H_likeness_slider: markerPos = 74.53703703703704
96.5922 	EXP 	image_2: autoDraw = True
96.8925 	DATA 	Mouse: Left button down, pos=(1419,83)
96.8940 	EXP 	window1: recordFrameIntervals = False
96.9091 	EXP 	M_H_likeness_slider: autoDraw = False
96.9091 	EXP 	ratingText_2: autoDraw = False
96.9091 	EXP 	image_2: autoDraw = False
96.9091 	EXP 	instruct_Mechano_humannnes: autoDraw = False
96.9092 	EXP 	window1: recordFrameIntervals = False
97.1782 	DATA 	Mouse:  Left button up, pos=(1419,83)
97.3784 	EXP 	New trial (rep=0, index=18): OrderedDict([('Type', 'Human'), ('Spatial_Frequency', 'LSF'), ('filepath', 'Stimuli For Psychopy/Human/matched-8-cpi-low-Rafd090_37_Caucasian_female_neutral_frontal.jpg'), ('file_name', 'matched-8-cpi-low-Rafd090_37_Caucasian_female_neutral_frontal.jpg')])
97.3803 	EXP 	Fixation: autoDraw = True
98.3944 	EXP 	Fixation: autoDraw = False
98.3944 	EXP 	Fixation: autoDraw = False
98.3944 	EXP 	Human_image: image = 'Stimuli For Psychopy/Human/matched-8-cpi-low-Rafd090_37_Caucasian_female_neutral_frontal.jpg'
98.3944 	EXP 	Human_image: autoDraw = True
99.3943 	EXP 	Human_image: autoDraw = False
99.3943 	EXP 	Human_image: autoDraw = False
99.3943 	EXP 	roi: autoDraw = False
99.3943 	EXP 	M_H_likeness_slider: markerPos = None
99.3943 	EXP 	M_H_likeness_slider: markerPos = 0.0
99.3943 	EXP 	M_H_likeness_slider: autoDraw = True
99.3943 	EXP 	ratingText_2: autoDraw = True
99.3943 	EXP 	instruct_Mechano_humannnes: autoDraw = True
99.8094 	DATA 	Mouse: Left button down, pos=(1188,413)
99.8254 	EXP 	M_H_likeness_slider: markerPos = 71.11111111111111
99.8422 	EXP 	M_H_likeness_slider: markerPos = 71.11111111111111
99.8588 	EXP 	M_H_likeness_slider: markerPos = 71.11111111111111
99.8755 	EXP 	M_H_likeness_slider: markerPos = 71.11111111111111
99.8765 	DATA 	Mouse:  Left button up, pos=(1188,413)
99.8923 	EXP 	M_H_likeness_slider: markerPos = 71.11111111111111
99.9073 	EXP 	image_2: autoDraw = True
100.9961 	DATA 	Mouse: Left button down, pos=(1121,434)
101.0254 	EXP 	M_H_likeness_slider: markerPos = 64.90740740740742
101.0422 	EXP 	M_H_likeness_slider: markerPos = 64.90740740740742
101.0589 	EXP 	M_H_likeness_slider: markerPos = 64.90740740740742
101.0592 	DATA 	Mouse:  Left button up, pos=(1121,434)
101.0739 	EXP 	M_H_likeness_slider: markerPos = 64.90740740740742
101.5451 	DATA 	Mouse: Left button down, pos=(1386,58)
101.5461 	EXP 	window1: recordFrameIntervals = False
101.5609 	EXP 	M_H_likeness_slider: autoDraw = False
101.5609 	EXP 	ratingText_2: autoDraw = False
101.5609 	EXP 	image_2: autoDraw = False
101.5609 	EXP 	instruct_Mechano_humannnes: autoDraw = False
101.5610 	EXP 	window1: recordFrameIntervals = False
101.8298 	DATA 	Mouse:  Left button up, pos=(1386,58)
102.0301 	EXP 	New trial (rep=0, index=19): OrderedDict([('Type', 'Human'), ('Spatial_Frequency', 'BSF'), ('filepath', 'Stimuli For Psychopy/Human/matched-Rafd090_30_Caucasian_male_neutral_frontal.jpg'), ('file_name', 'matched-Rafd090_30_Caucasian_male_neutral_frontal.jpg')])
102.0333 	EXP 	Fixation: autoDraw = True
103.0443 	EXP 	Fixation: autoDraw = False
103.0443 	EXP 	Fixation: autoDraw = False
103.0443 	EXP 	Human_image: image = 'Stimuli For Psychopy/Human/matched-Rafd090_30_Caucasian_male_neutral_frontal.jpg'
103.0613 	EXP 	Human_image: autoDraw = True
104.0607 	EXP 	Human_image: autoDraw = False
104.0607 	EXP 	Human_image: autoDraw = False
104.0607 	EXP 	roi: autoDraw = False
104.0607 	EXP 	M_H_likeness_slider: markerPos = None
104.0607 	EXP 	M_H_likeness_slider: markerPos = 0.0
104.0607 	EXP 	M_H_likeness_slider: autoDraw = True
104.0607 	EXP 	ratingText_2: autoDraw = True
104.0607 	EXP 	instruct_Mechano_humannnes: autoDraw = True
104.3478 	DATA 	Mouse: Left button down, pos=(1302,418)
104.3776 	EXP 	M_H_likeness_slider: markerPos = 81.66666666666667
104.3942 	EXP 	M_H_likeness_slider: markerPos = 81.66666666666667
104.3994 	DATA 	Mouse:  Left button up, pos=(1302,418)
104.4109 	EXP 	M_H_likeness_slider: markerPos = 81.66666666666667
104.4276 	EXP 	M_H_likeness_slider: markerPos = 81.66666666666667
104.4442 	EXP 	image_2: autoDraw = True
104.7756 	DATA 	Mouse: Left button down, pos=(1484,121)
104.7768 	EXP 	window1: recordFrameIntervals = False
104.7920 	EXP 	M_H_likeness_slider: autoDraw = False
104.7920 	EXP 	ratingText_2: autoDraw = False
104.7920 	EXP 	image_2: autoDraw = False
104.7920 	EXP 	instruct_Mechano_humannnes: autoDraw = False
104.7922 	EXP 	window1: recordFrameIntervals = False
105.0602 	DATA 	Mouse:  Left button up, pos=(1484,121)
105.2608 	EXP 	New trial (rep=0, index=20): OrderedDict([('Type', 'Human'), ('Spatial_Frequency', 'LSF'), ('filepath', 'Stimuli For Psychopy/Human/matched-8-cpi-low-Rafd090_12_Caucasian_female_neutral_frontal.jpg'), ('file_name', 'matched-8-cpi-low-Rafd090_12_Caucasian_female_neutral_frontal.jpg')])
105.2629 	EXP 	Fixation: autoDraw = True
106.2754 	EXP 	Fixation: autoDraw = False
106.2754 	EXP 	Fixation: autoDraw = False
106.2754 	EXP 	Human_image: image = 'Stimuli For Psychopy/Human/matched-8-cpi-low-Rafd090_12_Caucasian_female_neutral_frontal.jpg'
106.2942 	EXP 	Human_image: autoDraw = True
107.2947 	EXP 	Human_image: autoDraw = False
107.2947 	EXP 	roi: autoDraw = False
107.2947 	EXP 	M_H_likeness_slider: markerPos = None
107.2947 	EXP 	M_H_likeness_slider: markerPos = 0.0
107.2947 	EXP 	M_H_likeness_slider: autoDraw = True
107.2947 	EXP 	ratingText_2: autoDraw = True
107.2947 	EXP 	instruct_Mechano_humannnes: autoDraw = True
107.9925 	DATA 	Mouse: Left button down, pos=(1103,423)
108.0086 	EXP 	M_H_likeness_slider: markerPos = 63.24074074074074
108.0253 	EXP 	M_H_likeness_slider: markerPos = 63.24074074074074
108.0420 	EXP 	M_H_likeness_slider: markerPos = 63.24074074074074
108.0426 	DATA 	Mouse:  Left button up, pos=(1103,423)
108.0587 	EXP 	M_H_likeness_slider: markerPos = 63.24074074074074
108.0753 	EXP 	image_2: autoDraw = True
108.5428 	DATA 	Mouse: Left button down, pos=(1388,62)
108.5438 	EXP 	window1: recordFrameIntervals = False
108.5586 	EXP 	M_H_likeness_slider: autoDraw = False
108.5586 	EXP 	ratingText_2: autoDraw = False
108.5586 	EXP 	image_2: autoDraw = False
108.5586 	EXP 	instruct_Mechano_humannnes: autoDraw = False
108.5587 	EXP 	window1: recordFrameIntervals = False
108.8281 	DATA 	Mouse:  Left button up, pos=(1388,62)
109.0284 	EXP 	New trial (rep=0, index=21): OrderedDict([('Type', 'Human'), ('Spatial_Frequency', 'BSF'), ('filepath', 'Stimuli For Psychopy/Human/matched-Rafd090_37_Caucasian_female_neutral_frontal.jpg'), ('file_name', 'matched-Rafd090_37_Caucasian_female_neutral_frontal.jpg')])
109.0306 	EXP 	Fixation: autoDraw = True
110.0401 	EXP 	Fixation: autoDraw = False
110.0401 	EXP 	Fixation: autoDraw = False
110.0401 	EXP 	Human_image: image = 'Stimuli For Psychopy/Human/matched-Rafd090_37_Caucasian_female_neutral_frontal.jpg'
110.0401 	EXP 	Human_image: autoDraw = True
111.0441 	EXP 	Human_image: autoDraw = False
111.0441 	EXP 	Human_image: autoDraw = False
111.0441 	EXP 	roi: autoDraw = False
111.0441 	EXP 	M_H_likeness_slider: markerPos = None
111.0441 	EXP 	M_H_likeness_slider: markerPos = 0.0
111.0441 	EXP 	M_H_likeness_slider: autoDraw = True
111.0441 	EXP 	ratingText_2: autoDraw = True
111.0441 	EXP 	instruct_Mechano_humannnes: autoDraw = True
111.7081 	DATA 	Mouse: Left button down, pos=(1224,420)
111.7236 	EXP 	M_H_likeness_slider: markerPos = 74.44444444444444
111.7418 	EXP 	M_H_likeness_slider: markerPos = 74.44444444444444
111.7585 	EXP 	M_H_likeness_slider: markerPos = 74.44444444444444
111.7755 	EXP 	M_H_likeness_slider: markerPos = 74.44444444444444
111.7764 	DATA 	Mouse:  Left button up, pos=(1224,420)
111.7919 	EXP 	M_H_likeness_slider: markerPos = 74.44444444444444
111.8085 	EXP 	image_2: autoDraw = True
112.1589 	DATA 	Mouse: Left button down, pos=(1423,82)
112.1599 	EXP 	window1: recordFrameIntervals = False
112.1738 	EXP 	M_H_likeness_slider: autoDraw = False
112.1738 	EXP 	ratingText_2: autoDraw = False
112.1738 	EXP 	image_2: autoDraw = False
112.1738 	EXP 	instruct_Mechano_humannnes: autoDraw = False
112.1740 	EXP 	window1: recordFrameIntervals = False
112.4444 	DATA 	Mouse:  Left button up, pos=(1423,82)
112.6450 	EXP 	New trial (rep=0, index=22): OrderedDict([('Type', 'Human'), ('Spatial_Frequency', 'LSF'), ('filepath', 'Stimuli For Psychopy/Human/matched-8-cpi-low-Rafd090_36_Caucasian_male_neutral_frontal.jpg'), ('file_name', 'matched-8-cpi-low-Rafd090_36_Caucasian_male_neutral_frontal.jpg')])
112.6585 	EXP 	Fixation: autoDraw = True
113.6608 	EXP 	Fixation: autoDraw = False
113.6608 	EXP 	Fixation: autoDraw = False
113.6608 	EXP 	Human_image: image = 'Stimuli For Psychopy/Human/matched-8-cpi-low-Rafd090_36_Caucasian_male_neutral_frontal.jpg'
113.6608 	EXP 	Human_image: autoDraw = True
114.6607 	EXP 	Human_image: autoDraw = False
114.6607 	EXP 	Human_image: autoDraw = False
114.6607 	EXP 	roi: autoDraw = False
114.6607 	EXP 	M_H_likeness_slider: markerPos = None
114.6607 	EXP 	M_H_likeness_slider: markerPos = 0.0
114.6607 	EXP 	M_H_likeness_slider: autoDraw = True
114.6607 	EXP 	ratingText_2: autoDraw = True
114.6607 	EXP 	instruct_Mechano_humannnes: autoDraw = True
115.0759 	DATA 	Mouse: Left button down, pos=(1114,438)
115.0918 	EXP 	M_H_likeness_slider: markerPos = 64.25925925925927
115.1084 	EXP 	M_H_likeness_slider: markerPos = 64.16666666666666
115.1251 	EXP 	M_H_likeness_slider: markerPos = 64.16666666666666
115.1417 	EXP 	M_H_likeness_slider: markerPos = 64.16666666666666
115.1425 	DATA 	Mouse:  Left button up, pos=(1113,438)
115.1585 	EXP 	M_H_likeness_slider: markerPos = 64.16666666666666
115.1751 	EXP 	image_2: autoDraw = True
115.5588 	DATA 	Mouse: Left button down, pos=(1430,74)
115.5601 	EXP 	window1: recordFrameIntervals = False
115.5753 	EXP 	M_H_likeness_slider: autoDraw = False
115.5753 	EXP 	ratingText_2: autoDraw = False
115.5753 	EXP 	image_2: autoDraw = False
115.5753 	EXP 	instruct_Mechano_humannnes: autoDraw = False
115.5754 	EXP 	window1: recordFrameIntervals = False
115.8435 	DATA 	Mouse:  Left button up, pos=(1430,74)
116.0440 	EXP 	New trial (rep=0, index=23): OrderedDict([('Type', 'Human'), ('Spatial_Frequency', 'HSF'), ('filepath', 'Stimuli For Psychopy/Human/matched-32-cpi-low-Rafd090_18_Caucasian_female_neutral_frontal.jpg'), ('file_name', 'matched-32-cpi-low-Rafd090_18_Caucasian_female_neutral_frontal.jpg')])
116.0463 	EXP 	Fixation: autoDraw = True
117.0576 	EXP 	Fixation: autoDraw = False
117.0576 	EXP 	Fixation: autoDraw = False
117.0576 	EXP 	Human_image: image = 'Stimuli For Psychopy/Human/matched-32-cpi-low-Rafd090_18_Caucasian_female_neutral_frontal.jpg'
117.0576 	EXP 	Human_image: autoDraw = True
118.0602 	EXP 	Human_image: autoDraw = False
118.0602 	EXP 	Human_image: autoDraw = False
118.0602 	EXP 	roi: autoDraw = False
118.0602 	EXP 	M_H_likeness_slider: markerPos = None
118.0602 	EXP 	M_H_likeness_slider: markerPos = 0.0
118.0602 	EXP 	M_H_likeness_slider: autoDraw = True
118.0602 	EXP 	ratingText_2: autoDraw = True
118.0602 	EXP 	instruct_Mechano_humannnes: autoDraw = True
118.6423 	DATA 	Mouse: Left button down, pos=(1202,425)
118.6584 	EXP 	M_H_likeness_slider: markerPos = 72.4074074074074
118.6750 	EXP 	M_H_likeness_slider: markerPos = 72.4074074074074
118.6918 	EXP 	M_H_likeness_slider: markerPos = 72.4074074074074
118.7090 	EXP 	M_H_likeness_slider: markerPos = 72.4074074074074
118.7101 	DATA 	Mouse:  Left button up, pos=(1202,425)
118.7251 	EXP 	M_H_likeness_slider: markerPos = 72.4074074074074
118.7417 	EXP 	image_2: autoDraw = True
119.2921 	DATA 	Mouse: Left button down, pos=(1400,105)
119.2933 	EXP 	window1: recordFrameIntervals = False
119.3084 	EXP 	M_H_likeness_slider: autoDraw = False
119.3084 	EXP 	ratingText_2: autoDraw = False
119.3084 	EXP 	image_2: autoDraw = False
119.3084 	EXP 	instruct_Mechano_humannnes: autoDraw = False
119.3085 	EXP 	window1: recordFrameIntervals = False
119.5775 	DATA 	Mouse:  Left button up, pos=(1400,105)
119.7779 	EXP 	New trial (rep=0, index=24): OrderedDict([('Type', 'Human'), ('Spatial_Frequency', 'LSF'), ('filepath', 'Stimuli For Psychopy/Human/matched-8-cpi-low-Rafd090_22_Caucasian_female_neutral_frontal.jpg'), ('file_name', 'matched-8-cpi-low-Rafd090_22_Caucasian_female_neutral_frontal.jpg')])
119.7800 	EXP 	Fixation: autoDraw = True
120.7940 	EXP 	Fixation: autoDraw = False
120.7940 	EXP 	Fixation: autoDraw = False
120.7940 	EXP 	Human_image: image = 'Stimuli For Psychopy/Human/matched-8-cpi-low-Rafd090_22_Caucasian_female_neutral_frontal.jpg'
120.7940 	EXP 	Human_image: autoDraw = True
121.7939 	EXP 	Human_image: autoDraw = False
121.7939 	EXP 	Human_image: autoDraw = False
121.7939 	EXP 	roi: autoDraw = False
121.7939 	EXP 	M_H_likeness_slider: markerPos = None
121.7939 	EXP 	M_H_likeness_slider: markerPos = 0.0
121.7939 	EXP 	M_H_likeness_slider: autoDraw = True
121.7939 	EXP 	ratingText_2: autoDraw = True
121.7939 	EXP 	instruct_Mechano_humannnes: autoDraw = True
122.2122 	DATA 	Mouse: Left button down, pos=(1143,431)
122.2416 	EXP 	M_H_likeness_slider: markerPos = 66.94444444444446
122.2583 	EXP 	M_H_likeness_slider: markerPos = 66.94444444444446
122.2750 	EXP 	M_H_likeness_slider: markerPos = 66.94444444444446
122.2756 	DATA 	Mouse:  Left button up, pos=(1143,431)
122.2916 	EXP 	M_H_likeness_slider: markerPos = 66.94444444444446
122.3066 	EXP 	image_2: autoDraw = True
122.8762 	DATA 	Mouse: Left button down, pos=(1407,55)
122.8774 	EXP 	window1: recordFrameIntervals = False
122.8918 	EXP 	M_H_likeness_slider: autoDraw = False
122.8918 	EXP 	ratingText_2: autoDraw = False
122.8918 	EXP 	image_2: autoDraw = False
122.8918 	EXP 	instruct_Mechano_humannnes: autoDraw = False
122.8919 	EXP 	window1: recordFrameIntervals = False
123.1611 	DATA 	Mouse:  Left button up, pos=(1407,55)
123.3615 	EXP 	New trial (rep=0, index=25): OrderedDict([('Type', 'Human'), ('Spatial_Frequency', 'HSF'), ('filepath', 'Stimuli For Psychopy/Human/matched-32-cpi-low-Rafd090_01_Caucasian_female_neutral_frontal.jpg'), ('file_name', 'matched-32-cpi-low-Rafd090_01_Caucasian_female_neutral_frontal.jpg')])
123.3750 	EXP 	Fixation: autoDraw = True
124.3732 	EXP 	Fixation: autoDraw = False
124.3732 	EXP 	Fixation: autoDraw = False
124.3732 	EXP 	Human_image: image = 'Stimuli For Psychopy/Human/matched-32-cpi-low-Rafd090_01_Caucasian_female_neutral_frontal.jpg'
124.3732 	EXP 	Human_image: autoDraw = True
125.3770 	EXP 	Human_image: autoDraw = False
125.3770 	EXP 	Human_image: autoDraw = False
125.3770 	EXP 	roi: autoDraw = False
125.3770 	EXP 	M_H_likeness_slider: markerPos = None
125.3770 	EXP 	M_H_likeness_slider: markerPos = 0.0
125.3770 	EXP 	M_H_likeness_slider: autoDraw = True
125.3770 	EXP 	ratingText_2: autoDraw = True
125.3770 	EXP 	instruct_Mechano_humannnes: autoDraw = True
125.9256 	DATA 	Mouse: Left button down, pos=(1157,435)
125.9417 	EXP 	M_H_likeness_slider: markerPos = 68.24074074074073
125.9583 	EXP 	M_H_likeness_slider: markerPos = 68.24074074074073
125.9750 	EXP 	M_H_likeness_slider: markerPos = 68.24074074074073
125.9901 	EXP 	M_H_likeness_slider: markerPos = 68.24074074074073
125.9909 	DATA 	Mouse:  Left button up, pos=(1157,435)
126.0066 	EXP 	M_H_likeness_slider: markerPos = 68.24074074074073
126.0250 	EXP 	image_2: autoDraw = True
126.5088 	DATA 	Mouse: Left button down, pos=(1418,70)
126.5101 	EXP 	window1: recordFrameIntervals = False
126.5249 	EXP 	M_H_likeness_slider: autoDraw = False
126.5249 	EXP 	ratingText_2: autoDraw = False
126.5249 	EXP 	image_2: autoDraw = False
126.5249 	EXP 	instruct_Mechano_humannnes: autoDraw = False
126.5250 	EXP 	window1: recordFrameIntervals = False
126.7946 	DATA 	Mouse:  Left button up, pos=(1418,70)
126.9948 	EXP 	New trial (rep=0, index=26): OrderedDict([('Type', 'Human'), ('Spatial_Frequency', 'LSF'), ('filepath', 'Stimuli For Psychopy/Human/matched-8-cpi-low-Rafd090_32_Caucasian_female_neutral_frontal.jpg'), ('file_name', 'matched-8-cpi-low-Rafd090_32_Caucasian_female_neutral_frontal.jpg')])
126.9970 	EXP 	Fixation: autoDraw = True
128.0104 	EXP 	Fixation: autoDraw = False
128.0104 	EXP 	Fixation: autoDraw = False
128.0104 	EXP 	Human_image: image = 'Stimuli For Psychopy/Human/matched-8-cpi-low-Rafd090_32_Caucasian_female_neutral_frontal.jpg'
128.0104 	EXP 	Human_image: autoDraw = True
129.0103 	EXP 	Human_image: autoDraw = False
129.0103 	EXP 	Human_image: autoDraw = False
129.0103 	EXP 	roi: autoDraw = False
129.0103 	EXP 	M_H_likeness_slider: markerPos = None
129.0103 	EXP 	M_H_likeness_slider: markerPos = 0.0
129.0103 	EXP 	M_H_likeness_slider: autoDraw = True
129.0103 	EXP 	ratingText_2: autoDraw = True
129.0103 	EXP 	instruct_Mechano_humannnes: autoDraw = True
129.3242 	DATA 	Mouse: Left button down, pos=(1152,411)
129.3415 	EXP 	M_H_likeness_slider: markerPos = 67.77777777777779
129.3581 	EXP 	M_H_likeness_slider: markerPos = 67.77777777777779
129.3748 	EXP 	M_H_likeness_slider: markerPos = 67.77777777777779
129.3759 	DATA 	Mouse:  Left button up, pos=(1152,411)
129.3915 	EXP 	M_H_likeness_slider: markerPos = 67.77777777777779
129.4081 	EXP 	image_2: autoDraw = True
129.8920 	DATA 	Mouse: Left button down, pos=(1440,80)
129.8934 	EXP 	window1: recordFrameIntervals = False
129.9081 	EXP 	M_H_likeness_slider: autoDraw = False
129.9081 	EXP 	ratingText_2: autoDraw = False
129.9081 	EXP 	image_2: autoDraw = False
129.9081 	EXP 	instruct_Mechano_humannnes: autoDraw = False
129.9082 	EXP 	window1: recordFrameIntervals = False
130.1776 	DATA 	Mouse:  Left button up, pos=(1440,80)
130.3778 	EXP 	New trial (rep=0, index=27): OrderedDict([('Type', 'Human'), ('Spatial_Frequency', 'LSF'), ('filepath', 'Stimuli For Psychopy/Human/matched-8-cpi-low-Rafd090_18_Caucasian_female_neutral_frontal.jpg'), ('file_name', 'matched-8-cpi-low-Rafd090_18_Caucasian_female_neutral_frontal.jpg')])
130.3800 	EXP 	Fixation: autoDraw = True
131.3941 	EXP 	Fixation: autoDraw = False
131.3941 	EXP 	Fixation: autoDraw = False
131.3941 	EXP 	Human_image: image = 'Stimuli For Psychopy/Human/matched-8-cpi-low-Rafd090_18_Caucasian_female_neutral_frontal.jpg'
131.3941 	EXP 	Human_image: autoDraw = True
132.3936 	EXP 	Human_image: autoDraw = False
132.3936 	EXP 	Human_image: autoDraw = False
132.3936 	EXP 	roi: autoDraw = False
132.3936 	EXP 	M_H_likeness_slider: markerPos = None
132.3936 	EXP 	M_H_likeness_slider: markerPos = 0.0
132.3936 	EXP 	M_H_likeness_slider: autoDraw = True
132.3936 	EXP 	ratingText_2: autoDraw = True
132.3936 	EXP 	instruct_Mechano_humannnes: autoDraw = True
133.0073 	DATA 	Mouse: Left button down, pos=(1219,430)
133.0247 	EXP 	M_H_likeness_slider: markerPos = 73.98148148148148
133.0399 	EXP 	M_H_likeness_slider: markerPos = 73.98148148148148
133.0581 	EXP 	M_H_likeness_slider: markerPos = 73.98148148148148
133.0747 	EXP 	M_H_likeness_slider: markerPos = 73.98148148148148
133.0753 	DATA 	Mouse:  Left button up, pos=(1219,430)
133.0916 	EXP 	M_H_likeness_slider: markerPos = 73.98148148148148
133.1080 	EXP 	image_2: autoDraw = True
133.4449 	DATA 	Mouse: Left button down, pos=(1387,129)
133.4579 	EXP 	window1: recordFrameIntervals = False
133.4747 	EXP 	M_H_likeness_slider: autoDraw = False
133.4747 	EXP 	ratingText_2: autoDraw = False
133.4747 	EXP 	image_2: autoDraw = False
133.4747 	EXP 	instruct_Mechano_humannnes: autoDraw = False
133.4749 	EXP 	window1: recordFrameIntervals = False
133.7420 	DATA 	Mouse:  Left button up, pos=(1387,129)
133.9423 	EXP 	New trial (rep=0, index=28): OrderedDict([('Type', 'Human'), ('Spatial_Frequency', 'BSF'), ('filepath', 'Stimuli For Psychopy/Human/matched-Rafd090_01_Caucasian_female_neutral_frontal.jpg'), ('file_name', 'matched-Rafd090_01_Caucasian_female_neutral_frontal.jpg')])
133.9580 	EXP 	Fixation: autoDraw = True
134.9583 	EXP 	Fixation: autoDraw = False
134.9583 	EXP 	Fixation: autoDraw = False
134.9583 	EXP 	Human_image: image = 'Stimuli For Psychopy/Human/matched-Rafd090_01_Caucasian_female_neutral_frontal.jpg'
134.9583 	EXP 	Human_image: autoDraw = True
135.9603 	EXP 	Human_image: autoDraw = False
135.9603 	EXP 	Human_image: autoDraw = False
135.9603 	EXP 	roi: autoDraw = False
135.9603 	EXP 	M_H_likeness_slider: markerPos = None
135.9603 	EXP 	M_H_likeness_slider: markerPos = 0.0
135.9603 	EXP 	M_H_likeness_slider: autoDraw = True
135.9603 	EXP 	ratingText_2: autoDraw = True
135.9603 	EXP 	instruct_Mechano_humannnes: autoDraw = True
136.4253 	DATA 	Mouse: Left button down, pos=(1463,422)
136.4413 	EXP 	M_H_likeness_slider: markerPos = 96.57407407407408
136.4579 	EXP 	M_H_likeness_slider: markerPos = 96.57407407407408
136.4746 	EXP 	M_H_likeness_slider: markerPos = 96.57407407407408
136.4792 	DATA 	Mouse:  Left button up, pos=(1463,422)
136.4899 	EXP 	M_H_likeness_slider: markerPos = 96.57407407407408
136.5080 	EXP 	M_H_likeness_slider: markerPos = 96.57407407407408
136.5248 	EXP 	image_2: autoDraw = True
136.9253 	DATA 	Mouse: Left button down, pos=(1502,73)
136.9267 	EXP 	window1: recordFrameIntervals = False
136.9413 	EXP 	M_H_likeness_slider: autoDraw = False
136.9413 	EXP 	ratingText_2: autoDraw = False
136.9413 	EXP 	image_2: autoDraw = False
136.9413 	EXP 	instruct_Mechano_humannnes: autoDraw = False
136.9414 	EXP 	window1: recordFrameIntervals = False
137.2108 	DATA 	Mouse:  Left button up, pos=(1502,73)
137.4110 	EXP 	New trial (rep=0, index=29): OrderedDict([('Type', 'Human'), ('Spatial_Frequency', 'LSF'), ('filepath', 'Stimuli For Psychopy/Human/matched-8-cpi-low-Rafd090_01_Caucasian_female_neutral_frontal.jpg'), ('file_name', 'matched-8-cpi-low-Rafd090_01_Caucasian_female_neutral_frontal.jpg')])
137.4131 	EXP 	Fixation: autoDraw = True
138.4269 	EXP 	Fixation: autoDraw = False
138.4269 	EXP 	Fixation: autoDraw = False
138.4269 	EXP 	Human_image: image = 'Stimuli For Psychopy/Human/matched-8-cpi-low-Rafd090_01_Caucasian_female_neutral_frontal.jpg'
138.4269 	EXP 	Human_image: autoDraw = True
139.4268 	EXP 	Human_image: autoDraw = False
139.4268 	EXP 	Human_image: autoDraw = False
139.4268 	EXP 	roi: autoDraw = False
139.4268 	EXP 	M_H_likeness_slider: markerPos = None
139.4268 	EXP 	M_H_likeness_slider: markerPos = 0.0
139.4268 	EXP 	M_H_likeness_slider: autoDraw = True
139.4268 	EXP 	ratingText_2: autoDraw = True
139.4268 	EXP 	instruct_Mechano_humannnes: autoDraw = True
139.8619 	DATA 	Mouse: Left button down, pos=(1236,405)
139.8912 	EXP 	M_H_likeness_slider: markerPos = 75.55555555555556
139.9079 	EXP 	M_H_likeness_slider: markerPos = 75.55555555555556
139.9247 	EXP 	M_H_likeness_slider: markerPos = 75.55555555555556
139.9255 	DATA 	Mouse:  Left button up, pos=(1236,405)
139.9397 	EXP 	M_H_likeness_slider: markerPos = 75.55555555555556
139.9580 	EXP 	image_2: autoDraw = True
140.2752 	DATA 	Mouse: Left button down, pos=(1404,143)
140.3400 	DATA 	Mouse:  Left button up, pos=(1404,143)
140.5571 	DATA 	Mouse: Left button down, pos=(1408,102)
140.5585 	EXP 	window1: recordFrameIntervals = False
140.5746 	EXP 	M_H_likeness_slider: autoDraw = False
140.5746 	EXP 	ratingText_2: autoDraw = False
140.5746 	EXP 	image_2: autoDraw = False
140.5746 	EXP 	instruct_Mechano_humannnes: autoDraw = False
140.5747 	EXP 	window1: recordFrameIntervals = False
140.8431 	DATA 	Mouse:  Left button up, pos=(1408,102)
141.0438 	EXP 	New trial (rep=0, index=30): OrderedDict([('Type', 'Human'), ('Spatial_Frequency', 'LSF'), ('filepath', 'Stimuli For Psychopy/Human/matched-8-cpi-low-Rafd090_31_Caucasian_female_neutral_frontal.jpg'), ('file_name', 'matched-8-cpi-low-Rafd090_31_Caucasian_female_neutral_frontal.jpg')])
141.0462 	EXP 	Fixation: autoDraw = True
142.0601 	EXP 	Fixation: autoDraw = False
142.0601 	EXP 	Fixation: autoDraw = False
142.0601 	EXP 	Human_image: image = 'Stimuli For Psychopy/Human/matched-8-cpi-low-Rafd090_31_Caucasian_female_neutral_frontal.jpg'
142.0601 	EXP 	Human_image: autoDraw = True
143.0600 	EXP 	Human_image: autoDraw = False
143.0600 	EXP 	Human_image: autoDraw = False
143.0600 	EXP 	roi: autoDraw = False
143.0600 	EXP 	M_H_likeness_slider: markerPos = None
143.0600 	EXP 	M_H_likeness_slider: markerPos = 0.0
143.0600 	EXP 	M_H_likeness_slider: autoDraw = True
143.0600 	EXP 	ratingText_2: autoDraw = True
143.0600 	EXP 	instruct_Mechano_humannnes: autoDraw = True
143.4090 	DATA 	Mouse: Left button down, pos=(1153,411)
143.4246 	EXP 	M_H_likeness_slider: markerPos = 67.87037037037037
143.4396 	EXP 	M_H_likeness_slider: markerPos = 67.87037037037037
143.4579 	EXP 	M_H_likeness_slider: markerPos = 67.87037037037037
143.4729 	EXP 	M_H_likeness_slider: markerPos = 67.87037037037037
143.4741 	DATA 	Mouse:  Left button up, pos=(1153,411)
143.4914 	EXP 	M_H_likeness_slider: markerPos = 67.87037037037037
143.5078 	EXP 	image_2: autoDraw = True
143.9915 	DATA 	Mouse: Left button down, pos=(1532,67)
143.9931 	EXP 	window1: recordFrameIntervals = False
144.0079 	EXP 	M_H_likeness_slider: autoDraw = False
144.0079 	EXP 	ratingText_2: autoDraw = False
144.0079 	EXP 	image_2: autoDraw = False
144.0079 	EXP 	instruct_Mechano_humannnes: autoDraw = False
144.0080 	EXP 	window1: recordFrameIntervals = False
144.2770 	DATA 	Mouse:  Left button up, pos=(1532,67)
144.4772 	EXP 	New trial (rep=0, index=31): OrderedDict([('Type', 'Human'), ('Spatial_Frequency', 'BSF'), ('filepath', 'Stimuli For Psychopy/Human/matched-Rafd090_28_Caucasian_male_neutral_frontal.jpg'), ('file_name', 'matched-Rafd090_28_Caucasian_male_neutral_frontal.jpg')])
144.4796 	EXP 	Fixation: autoDraw = True
145.4891 	EXP 	Fixation: autoDraw = False
145.4891 	EXP 	Fixation: autoDraw = False
145.4891 	EXP 	Human_image: image = 'Stimuli For Psychopy/Human/matched-Rafd090_28_Caucasian_male_neutral_frontal.jpg'
145.4891 	EXP 	Human_image: autoDraw = True
146.4933 	EXP 	Human_image: autoDraw = False
146.4933 	EXP 	Human_image: autoDraw = False
146.4933 	EXP 	roi: autoDraw = False
146.4933 	EXP 	M_H_likeness_slider: markerPos = None
146.4933 	EXP 	M_H_likeness_slider: markerPos = 0.0
146.4933 	EXP 	M_H_likeness_slider: autoDraw = True
146.4933 	EXP 	ratingText_2: autoDraw = True
146.4933 	EXP 	instruct_Mechano_humannnes: autoDraw = True
147.0901 	DATA 	Mouse: Left button down, pos=(1127,422)
147.1077 	EXP 	M_H_likeness_slider: markerPos = 65.46296296296296
147.1244 	EXP 	M_H_likeness_slider: markerPos = 65.46296296296296
147.1411 	EXP 	M_H_likeness_slider: markerPos = 65.46296296296296
147.1416 	DATA 	Mouse:  Left button up, pos=(1127,422)
147.1579 	EXP 	M_H_likeness_slider: markerPos = 65.46296296296296
147.1744 	EXP 	image_2: autoDraw = True
147.5418 	DATA 	Mouse: Left button down, pos=(1349,104)
147.5431 	EXP 	window1: recordFrameIntervals = False
147.5562 	EXP 	M_H_likeness_slider: autoDraw = False
147.5562 	EXP 	ratingText_2: autoDraw = False
147.5562 	EXP 	image_2: autoDraw = False
147.5562 	EXP 	instruct_Mechano_humannnes: autoDraw = False
147.5564 	EXP 	window1: recordFrameIntervals = False
147.8265 	DATA 	Mouse:  Left button up, pos=(1349,104)
148.0271 	EXP 	New trial (rep=0, index=32): OrderedDict([('Type', 'Human'), ('Spatial_Frequency', 'LSF'), ('filepath', 'Stimuli For Psychopy/Human/matched-8-cpi-low-Rafd090_26_Caucasian_female_neutral_frontal.jpg'), ('file_name', 'matched-8-cpi-low-Rafd090_26_Caucasian_female_neutral_frontal.jpg')])
148.0395 	EXP 	Fixation: autoDraw = True
149.0433 	EXP 	Fixation: autoDraw = False
149.0433 	EXP 	Fixation: autoDraw = False
149.0433 	EXP 	Human_image: image = 'Stimuli For Psychopy/Human/matched-8-cpi-low-Rafd090_26_Caucasian_female_neutral_frontal.jpg'
149.0433 	EXP 	Human_image: autoDraw = True
150.0433 	EXP 	Human_image: autoDraw = False
150.0433 	EXP 	Human_image: autoDraw = False
150.0433 	EXP 	roi: autoDraw = False
150.0433 	EXP 	M_H_likeness_slider: markerPos = None
150.0433 	EXP 	M_H_likeness_slider: markerPos = 0.0
150.0433 	EXP 	M_H_likeness_slider: autoDraw = True
150.0433 	EXP 	ratingText_2: autoDraw = True
150.0433 	EXP 	instruct_Mechano_humannnes: autoDraw = True
150.3755 	DATA 	Mouse: Left button down, pos=(1150,428)
150.3912 	EXP 	M_H_likeness_slider: markerPos = 67.5925925925926
150.4077 	EXP 	M_H_likeness_slider: markerPos = 67.5925925925926
150.4244 	EXP 	M_H_likeness_slider: markerPos = 67.5925925925926
150.4252 	DATA 	Mouse:  Left button up, pos=(1150,428)
150.4411 	EXP 	M_H_likeness_slider: markerPos = 67.5925925925926
150.4581 	EXP 	image_2: autoDraw = True
150.8617 	DATA 	Mouse: Left button down, pos=(1473,96)
150.8758 	EXP 	window1: recordFrameIntervals = False
150.8910 	EXP 	M_H_likeness_slider: autoDraw = False
150.8910 	EXP 	ratingText_2: autoDraw = False
150.8910 	EXP 	image_2: autoDraw = False
150.8910 	EXP 	instruct_Mechano_humannnes: autoDraw = False
150.8912 	EXP 	window1: recordFrameIntervals = False
151.1596 	DATA 	Mouse:  Left button up, pos=(1473,96)
151.3603 	EXP 	New trial (rep=0, index=33): OrderedDict([('Type', 'Human'), ('Spatial_Frequency', 'HSF'), ('filepath', 'Stimuli For Psychopy/Human/matched-32-cpi-low-Rafd090_30_Caucasian_male_neutral_frontal.jpg'), ('file_name', 'matched-32-cpi-low-Rafd090_30_Caucasian_male_neutral_frontal.jpg')])
151.3622 	EXP 	Fixation: autoDraw = True
152.3730 	EXP 	Fixation: autoDraw = False
152.3730 	EXP 	Fixation: autoDraw = False
152.3730 	EXP 	Human_image: image = 'Stimuli For Psychopy/Human/matched-32-cpi-low-Rafd090_30_Caucasian_male_neutral_frontal.jpg'
152.3730 	EXP 	Human_image: autoDraw = True
153.3741 	EXP 	Human_image: autoDraw = False
153.3741 	EXP 	Human_image: autoDraw = False
153.3741 	EXP 	roi: autoDraw = False
153.3741 	EXP 	M_H_likeness_slider: markerPos = None
153.3741 	EXP 	M_H_likeness_slider: markerPos = 0.0
153.3909 	EXP 	M_H_likeness_slider: autoDraw = True
153.3909 	EXP 	ratingText_2: autoDraw = True
153.3909 	EXP 	instruct_Mechano_humannnes: autoDraw = True
153.8251 	DATA 	Mouse: Left button down, pos=(1145,417)
153.8409 	EXP 	M_H_likeness_slider: markerPos = 67.12962962962963
153.8576 	EXP 	M_H_likeness_slider: markerPos = 67.12962962962963
153.8742 	EXP 	M_H_likeness_slider: markerPos = 67.12962962962963
153.8793 	DATA 	Mouse:  Left button up, pos=(1145,417)
153.8909 	EXP 	M_H_likeness_slider: markerPos = 67.12962962962963
153.9076 	EXP 	M_H_likeness_slider: markerPos = 67.12962962962963
153.9228 	EXP 	image_2: autoDraw = True
154.3399 	DATA 	Mouse: Left button down, pos=(1470,73)
154.3412 	EXP 	window1: recordFrameIntervals = False
154.3575 	EXP 	M_H_likeness_slider: autoDraw = False
154.3575 	EXP 	ratingText_2: autoDraw = False
154.3575 	EXP 	image_2: autoDraw = False
154.3575 	EXP 	instruct_Mechano_humannnes: autoDraw = False
154.3576 	EXP 	window1: recordFrameIntervals = False
154.6255 	DATA 	Mouse:  Left button up, pos=(1470,73)
154.8258 	EXP 	New trial (rep=0, index=34): OrderedDict([('Type', 'Human'), ('Spatial_Frequency', 'BSF'), ('filepath', 'Stimuli For Psychopy/Human/matched-Rafd090_36_Caucasian_male_neutral_frontal.jpg'), ('file_name', 'matched-Rafd090_36_Caucasian_male_neutral_frontal.jpg')])
154.8279 	EXP 	Fixation: autoDraw = True
155.8405 	EXP 	Fixation: autoDraw = False
155.8405 	EXP 	Fixation: autoDraw = False
155.8405 	EXP 	Human_image: image = 'Stimuli For Psychopy/Human/matched-Rafd090_36_Caucasian_male_neutral_frontal.jpg'
155.8405 	EXP 	Human_image: autoDraw = True
156.8431 	EXP 	Human_image: autoDraw = False
156.8431 	EXP 	Human_image: autoDraw = False
156.8431 	EXP 	roi: autoDraw = False
156.8431 	EXP 	M_H_likeness_slider: markerPos = None
156.8431 	EXP 	M_H_likeness_slider: markerPos = 0.0
156.8431 	EXP 	M_H_likeness_slider: autoDraw = True
156.8431 	EXP 	ratingText_2: autoDraw = True
156.8431 	EXP 	instruct_Mechano_humannnes: autoDraw = True
157.1418 	DATA 	Mouse: Left button down, pos=(1287,390)
157.1575 	EXP 	M_H_likeness_slider: markerPos = 80.27777777777779
157.1741 	EXP 	M_H_likeness_slider: markerPos = 80.27777777777779
157.1909 	EXP 	M_H_likeness_slider: markerPos = 80.27777777777779
157.2076 	EXP 	M_H_likeness_slider: markerPos = 80.27777777777779
157.2083 	DATA 	Mouse:  Left button up, pos=(1287,390)
157.2242 	EXP 	M_H_likeness_slider: markerPos = 80.27777777777779
157.2410 	EXP 	image_2: autoDraw = True
157.6063 	DATA 	Mouse: Left button down, pos=(1434,20)
157.6075 	EXP 	window1: recordFrameIntervals = False
157.6241 	EXP 	M_H_likeness_slider: autoDraw = False
157.6241 	EXP 	ratingText_2: autoDraw = False
157.6241 	EXP 	image_2: autoDraw = False
157.6241 	EXP 	instruct_Mechano_humannnes: autoDraw = False
157.6242 	EXP 	window1: recordFrameIntervals = False
157.8919 	DATA 	Mouse:  Left button up, pos=(1434,20)
158.0922 	EXP 	New trial (rep=0, index=35): OrderedDict([('Type', 'Human'), ('Spatial_Frequency', 'HSF'), ('filepath', 'Stimuli For Psychopy/Human/matched-32-cpi-low-Rafd090_24_Caucasian_male_neutral_frontal.jpg'), ('file_name', 'matched-32-cpi-low-Rafd090_24_Caucasian_male_neutral_frontal.jpg')])
158.0942 	EXP 	Fixation: autoDraw = True
159.1057 	EXP 	Fixation: autoDraw = False
159.1057 	EXP 	Fixation: autoDraw = False
159.1057 	EXP 	Human_image: image = 'Stimuli For Psychopy/Human/matched-32-cpi-low-Rafd090_24_Caucasian_male_neutral_frontal.jpg'
159.1057 	EXP 	Human_image: autoDraw = True
160.1094 	EXP 	Human_image: autoDraw = False
160.1094 	EXP 	Human_image: autoDraw = False
160.1094 	EXP 	roi: autoDraw = False
160.1094 	EXP 	M_H_likeness_slider: markerPos = None
160.1094 	EXP 	M_H_likeness_slider: markerPos = 0.0
160.1094 	EXP 	M_H_likeness_slider: autoDraw = True
160.1094 	EXP 	ratingText_2: autoDraw = True
160.1094 	EXP 	instruct_Mechano_humannnes: autoDraw = True
160.7085 	DATA 	Mouse: Left button down, pos=(1181,424)
160.7242 	EXP 	M_H_likeness_slider: markerPos = 70.46296296296296
160.7408 	EXP 	M_H_likeness_slider: markerPos = 70.46296296296296
160.7579 	EXP 	M_H_likeness_slider: markerPos = 70.46296296296296
160.7726 	EXP 	M_H_likeness_slider: markerPos = 70.46296296296296
160.7737 	DATA 	Mouse:  Left button up, pos=(1183,424)
160.7908 	EXP 	M_H_likeness_slider: markerPos = 70.46296296296296
160.8074 	EXP 	image_2: autoDraw = True
161.4279 	DATA 	Mouse: Left button down, pos=(1454,115)
161.4407 	EXP 	window1: recordFrameIntervals = False
161.4574 	EXP 	M_H_likeness_slider: autoDraw = False
161.4574 	EXP 	ratingText_2: autoDraw = False
161.4574 	EXP 	image_2: autoDraw = False
161.4574 	EXP 	instruct_Mechano_humannnes: autoDraw = False
161.4575 	EXP 	window1: recordFrameIntervals = False
161.7246 	DATA 	Mouse:  Left button up, pos=(1454,115)
161.9248 	EXP 	New trial (rep=0, index=36): OrderedDict([('Type', 'Human'), ('Spatial_Frequency', 'BSF'), ('filepath', 'Stimuli For Psychopy/Human/matched-Rafd090_31_Caucasian_female_neutral_frontal.jpg'), ('file_name', 'matched-Rafd090_31_Caucasian_female_neutral_frontal.jpg')])
161.9409 	EXP 	Fixation: autoDraw = True
162.9390 	EXP 	Fixation: autoDraw = False
162.9390 	EXP 	Fixation: autoDraw = False
162.9390 	EXP 	Human_image: image = 'Stimuli For Psychopy/Human/matched-Rafd090_31_Caucasian_female_neutral_frontal.jpg'
162.9390 	EXP 	Human_image: autoDraw = True
163.9428 	EXP 	Human_image: autoDraw = False
163.9428 	EXP 	Human_image: autoDraw = False
163.9428 	EXP 	roi: autoDraw = False
163.9428 	EXP 	M_H_likeness_slider: markerPos = None
163.9428 	EXP 	M_H_likeness_slider: markerPos = 0.0
163.9428 	EXP 	M_H_likeness_slider: autoDraw = True
163.9428 	EXP 	ratingText_2: autoDraw = True
163.9428 	EXP 	instruct_Mechano_humannnes: autoDraw = True
164.5068 	DATA 	Mouse: Left button down, pos=(1484,436)
164.5241 	EXP 	M_H_likeness_slider: markerPos = 98.51851851851852
164.5407 	EXP 	M_H_likeness_slider: markerPos = 98.51851851851852
164.5573 	EXP 	M_H_likeness_slider: markerPos = 98.51851851851852
164.5742 	EXP 	M_H_likeness_slider: markerPos = 98.51851851851852
164.5750 	DATA 	Mouse:  Left button up, pos=(1484,436)
164.5890 	EXP 	M_H_likeness_slider: markerPos = 98.51851851851852
164.6073 	EXP 	image_2: autoDraw = True
165.1244 	DATA 	Mouse: Left button down, pos=(1503,117)
165.1260 	EXP 	window1: recordFrameIntervals = False
165.1407 	EXP 	M_H_likeness_slider: autoDraw = False
165.1407 	EXP 	ratingText_2: autoDraw = False
165.1407 	EXP 	image_2: autoDraw = False
165.1407 	EXP 	instruct_Mechano_humannnes: autoDraw = False
165.1408 	EXP 	window1: recordFrameIntervals = False
165.4096 	DATA 	Mouse:  Left button up, pos=(1503,117)
165.6103 	EXP 	New trial (rep=0, index=37): OrderedDict([('Type', 'Human'), ('Spatial_Frequency', 'BSF'), ('filepath', 'Stimuli For Psychopy/Human/matched-Rafd090_32_Caucasian_female_neutral_frontal.jpg'), ('file_name', 'matched-Rafd090_32_Caucasian_female_neutral_frontal.jpg')])
165.6124 	EXP 	Fixation: autoDraw = True
166.6224 	EXP 	Fixation: autoDraw = False
166.6224 	EXP 	Fixation: autoDraw = False
166.6224 	EXP 	Human_image: image = 'Stimuli For Psychopy/Human/matched-Rafd090_32_Caucasian_female_neutral_frontal.jpg'
166.6224 	EXP 	Human_image: autoDraw = True
167.6262 	EXP 	Human_image: autoDraw = False
167.6262 	EXP 	Human_image: autoDraw = False
167.6262 	EXP 	roi: autoDraw = False
167.6262 	EXP 	M_H_likeness_slider: markerPos = None
167.6262 	EXP 	M_H_likeness_slider: markerPos = 0.0
167.6262 	EXP 	M_H_likeness_slider: autoDraw = True
167.6262 	EXP 	ratingText_2: autoDraw = True
167.6262 	EXP 	instruct_Mechano_humannnes: autoDraw = True
167.9397 	DATA 	Mouse: Left button down, pos=(1456,415)
167.9573 	EXP 	M_H_likeness_slider: markerPos = 95.92592592592592
167.9740 	EXP 	M_H_likeness_slider: markerPos = 95.92592592592592
167.9907 	EXP 	M_H_likeness_slider: markerPos = 95.92592592592592
167.9918 	DATA 	Mouse:  Left button up, pos=(1456,415)
168.0057 	EXP 	M_H_likeness_slider: markerPos = 95.92592592592592
168.0239 	EXP 	image_2: autoDraw = True
168.5578 	DATA 	Mouse: Left button down, pos=(1522,102)
168.5589 	EXP 	window1: recordFrameIntervals = False
168.5738 	EXP 	M_H_likeness_slider: autoDraw = False
168.5738 	EXP 	ratingText_2: autoDraw = False
168.5738 	EXP 	image_2: autoDraw = False
168.5738 	EXP 	instruct_Mechano_humannnes: autoDraw = False
168.5739 	EXP 	window1: recordFrameIntervals = False
168.8436 	DATA 	Mouse:  Left button up, pos=(1522,102)
169.0438 	EXP 	New trial (rep=0, index=38): OrderedDict([('Type', 'Human'), ('Spatial_Frequency', 'HSF'), ('filepath', 'Stimuli For Psychopy/Human/matched-32-cpi-low-Rafd090_37_Caucasian_female_neutral_frontal.jpg'), ('file_name', 'matched-32-cpi-low-Rafd090_37_Caucasian_female_neutral_frontal.jpg')])
169.0462 	EXP 	Fixation: autoDraw = True
170.0554 	EXP 	Fixation: autoDraw = False
170.0554 	EXP 	Fixation: autoDraw = False
170.0554 	EXP 	Human_image: image = 'Stimuli For Psychopy/Human/matched-32-cpi-low-Rafd090_37_Caucasian_female_neutral_frontal.jpg'
170.0554 	EXP 	Human_image: autoDraw = True
171.0592 	EXP 	Human_image: autoDraw = False
171.0592 	EXP 	Human_image: autoDraw = False
171.0592 	EXP 	roi: autoDraw = False
171.0592 	EXP 	M_H_likeness_slider: markerPos = None
171.0592 	EXP 	M_H_likeness_slider: markerPos = 0.0
171.0592 	EXP 	M_H_likeness_slider: autoDraw = True
171.0592 	EXP 	ratingText_2: autoDraw = True
171.0592 	EXP 	instruct_Mechano_humannnes: autoDraw = True
171.4580 	DATA 	Mouse: Left button down, pos=(1154,426)
171.4740 	EXP 	M_H_likeness_slider: markerPos = 67.96296296296296
171.4907 	EXP 	M_H_likeness_slider: markerPos = 68.05555555555556
171.5073 	EXP 	M_H_likeness_slider: markerPos = 68.05555555555556
171.5079 	DATA 	Mouse:  Left button up, pos=(1155,426)
171.5241 	EXP 	M_H_likeness_slider: markerPos = 68.05555555555556
171.5406 	EXP 	image_2: autoDraw = True
171.9244 	DATA 	Mouse: Left button down, pos=(1426,67)
171.9256 	EXP 	window1: recordFrameIntervals = False
171.9408 	EXP 	M_H_likeness_slider: autoDraw = False
171.9408 	EXP 	ratingText_2: autoDraw = False
171.9408 	EXP 	image_2: autoDraw = False
171.9408 	EXP 	instruct_Mechano_humannnes: autoDraw = False
171.9410 	EXP 	window1: recordFrameIntervals = False
172.2096 	DATA 	Mouse:  Left button up, pos=(1426,67)
172.4102 	EXP 	New trial (rep=0, index=39): OrderedDict([('Type', 'Human'), ('Spatial_Frequency', 'BSF'), ('filepath', 'Stimuli For Psychopy/Human/matched-Rafd090_16_Caucasian_female_neutral_frontal.jpg'), ('file_name', 'matched-Rafd090_16_Caucasian_female_neutral_frontal.jpg')])
172.4123 	EXP 	Fixation: autoDraw = True
173.4260 	EXP 	Fixation: autoDraw = False
173.4260 	EXP 	Fixation: autoDraw = False
173.4260 	EXP 	Human_image: image = 'Stimuli For Psychopy/Human/matched-Rafd090_16_Caucasian_female_neutral_frontal.jpg'
173.4260 	EXP 	Human_image: autoDraw = True
174.4259 	EXP 	Human_image: autoDraw = False
174.4259 	EXP 	Human_image: autoDraw = False
174.4259 	EXP 	roi: autoDraw = False
174.4259 	EXP 	M_H_likeness_slider: markerPos = None
174.4259 	EXP 	M_H_likeness_slider: markerPos = 0.0
174.4259 	EXP 	M_H_likeness_slider: autoDraw = True
174.4259 	EXP 	ratingText_2: autoDraw = True
174.4259 	EXP 	instruct_Mechano_humannnes: autoDraw = True
174.8565 	DATA 	Mouse: Left button down, pos=(1387,405)
174.8740 	EXP 	M_H_likeness_slider: markerPos = 89.53703703703704
174.8905 	EXP 	M_H_likeness_slider: markerPos = 89.53703703703704
174.9056 	EXP 	M_H_likeness_slider: markerPos = 89.53703703703704
174.9065 	DATA 	Mouse:  Left button up, pos=(1387,405)
174.9224 	EXP 	M_H_likeness_slider: markerPos = 89.53703703703704
174.9405 	EXP 	image_2: autoDraw = True
175.2743 	DATA 	Mouse: Left button down, pos=(1528,3)
175.3241 	DATA 	Mouse:  Left button up, pos=(1528,3)
175.6244 	DATA 	Mouse: Left button down, pos=(1509,69)
175.6255 	EXP 	window1: recordFrameIntervals = False
175.6405 	EXP 	M_H_likeness_slider: autoDraw = False
175.6405 	EXP 	ratingText_2: autoDraw = False
175.6405 	EXP 	image_2: autoDraw = False
175.6405 	EXP 	instruct_Mechano_humannnes: autoDraw = False
175.6406 	EXP 	window1: recordFrameIntervals = False
175.9096 	DATA 	Mouse:  Left button up, pos=(1509,69)
176.1100 	EXP 	New trial (rep=0, index=40): OrderedDict([('Type', 'Human'), ('Spatial_Frequency', 'HSF'), ('filepath', 'Stimuli For Psychopy/Human/matched-32-cpi-low-Rafd090_12_Caucasian_female_neutral_frontal.jpg'), ('file_name', 'matched-32-cpi-low-Rafd090_12_Caucasian_female_neutral_frontal.jpg')])
176.1122 	EXP 	Fixation: autoDraw = True
177.1236 	EXP 	Fixation: autoDraw = False
177.1236 	EXP 	Fixation: autoDraw = False
177.1236 	EXP 	Human_image: image = 'Stimuli For Psychopy/Human/matched-32-cpi-low-Rafd090_12_Caucasian_female_neutral_frontal.jpg'
177.1236 	EXP 	Human_image: autoDraw = True
178.1257 	EXP 	Human_image: autoDraw = False
178.1257 	EXP 	Human_image: autoDraw = False
178.1257 	EXP 	roi: autoDraw = False
178.1257 	EXP 	M_H_likeness_slider: markerPos = None
178.1257 	EXP 	M_H_likeness_slider: markerPos = 0.0
178.1257 	EXP 	M_H_likeness_slider: autoDraw = True
178.1257 	EXP 	ratingText_2: autoDraw = True
178.1257 	EXP 	instruct_Mechano_humannnes: autoDraw = True
178.7097 	DATA 	Mouse: Left button down, pos=(1246,437)
178.7405 	EXP 	M_H_likeness_slider: markerPos = 76.48148148148148
178.7571 	EXP 	M_H_likeness_slider: markerPos = 76.57407407407408
178.7719 	EXP 	M_H_likeness_slider: markerPos = 76.75925925925927
178.7793 	DATA 	Mouse:  Left button up, pos=(1249,437)
178.7905 	EXP 	M_H_likeness_slider: markerPos = 76.75925925925927
178.8071 	EXP 	M_H_likeness_slider: markerPos = 76.75925925925927
178.8241 	EXP 	image_2: autoDraw = True
179.2073 	DATA 	Mouse: Left button down, pos=(1484,54)
179.2087 	EXP 	window1: recordFrameIntervals = False
179.2238 	EXP 	M_H_likeness_slider: autoDraw = False
179.2238 	EXP 	ratingText_2: autoDraw = False
179.2238 	EXP 	image_2: autoDraw = False
179.2238 	EXP 	instruct_Mechano_humannnes: autoDraw = False
179.2239 	EXP 	window1: recordFrameIntervals = False
179.4932 	DATA 	Mouse:  Left button up, pos=(1484,54)
179.6934 	EXP 	New trial (rep=0, index=41): OrderedDict([('Type', 'Human'), ('Spatial_Frequency', 'HSF'), ('filepath', 'Stimuli For Psychopy/Human/matched-32-cpi-low-Rafd090_16_Caucasian_female_neutral_frontal.jpg'), ('file_name', 'matched-32-cpi-low-Rafd090_16_Caucasian_female_neutral_frontal.jpg')])
179.6953 	EXP 	Fixation: autoDraw = True
180.7057 	EXP 	Fixation: autoDraw = False
180.7057 	EXP 	Fixation: autoDraw = False
180.7057 	EXP 	Human_image: image = 'Stimuli For Psychopy/Human/matched-32-cpi-low-Rafd090_16_Caucasian_female_neutral_frontal.jpg'
180.7057 	EXP 	Human_image: autoDraw = True
181.7090 	EXP 	Human_image: autoDraw = False
181.7090 	EXP 	Human_image: autoDraw = False
181.7090 	EXP 	roi: autoDraw = False
181.7090 	EXP 	M_H_likeness_slider: markerPos = None
181.7090 	EXP 	M_H_likeness_slider: markerPos = 0.0
181.7090 	EXP 	M_H_likeness_slider: autoDraw = True
181.7090 	EXP 	ratingText_2: autoDraw = True
181.7090 	EXP 	instruct_Mechano_humannnes: autoDraw = True
182.2937 	DATA 	Mouse: Left button down, pos=(1232,407)
182.3238 	EXP 	M_H_likeness_slider: markerPos = 75.18518518518518
182.3403 	EXP 	M_H_likeness_slider: markerPos = 75.18518518518518
182.3574 	EXP 	M_H_likeness_slider: markerPos = 75.18518518518518
182.3580 	DATA 	Mouse:  Left button up, pos=(1232,407)
182.3720 	EXP 	M_H_likeness_slider: markerPos = 75.18518518518518
182.3903 	EXP 	image_2: autoDraw = True
182.8074 	DATA 	Mouse: Left button down, pos=(1427,101)
182.8084 	EXP 	window1: recordFrameIntervals = False
182.8237 	EXP 	M_H_likeness_slider: autoDraw = False
182.8237 	EXP 	ratingText_2: autoDraw = False
182.8237 	EXP 	image_2: autoDraw = False
182.8237 	EXP 	instruct_Mechano_humannnes: autoDraw = False
182.8238 	EXP 	window1: recordFrameIntervals = False
183.0926 	DATA 	Mouse:  Left button up, pos=(1427,100)
183.2929 	EXP 	New trial (rep=0, index=42): OrderedDict([('Type', 'Human'), ('Spatial_Frequency', 'HSF'), ('filepath', 'Stimuli For Psychopy/Human/matched-32-cpi-low-Rafd090_19_Caucasian_female_neutral_frontal.jpg'), ('file_name', 'matched-32-cpi-low-Rafd090_19_Caucasian_female_neutral_frontal.jpg')])
183.2952 	EXP 	Fixation: autoDraw = True
184.3066 	EXP 	Fixation: autoDraw = False
184.3066 	EXP 	Fixation: autoDraw = False
184.3066 	EXP 	Human_image: image = 'Stimuli For Psychopy/Human/matched-32-cpi-low-Rafd090_19_Caucasian_female_neutral_frontal.jpg'
184.3066 	EXP 	Human_image: autoDraw = True
185.3088 	EXP 	Human_image: autoDraw = False
185.3088 	EXP 	Human_image: autoDraw = False
185.3088 	EXP 	roi: autoDraw = False
185.3088 	EXP 	M_H_likeness_slider: markerPos = None
185.3088 	EXP 	M_H_likeness_slider: markerPos = 0.0
185.3088 	EXP 	M_H_likeness_slider: autoDraw = True
185.3088 	EXP 	ratingText_2: autoDraw = True
185.3088 	EXP 	instruct_Mechano_humannnes: autoDraw = True
185.8910 	DATA 	Mouse: Left button down, pos=(1193,423)
185.9070 	EXP 	M_H_likeness_slider: markerPos = 71.57407407407408
185.9236 	EXP 	M_H_likeness_slider: markerPos = 71.57407407407408
185.9403 	EXP 	M_H_likeness_slider: markerPos = 71.57407407407408
185.9416 	DATA 	Mouse:  Left button up, pos=(1193,423)
185.9570 	EXP 	M_H_likeness_slider: markerPos = 71.57407407407408
185.9736 	EXP 	image_2: autoDraw = True
186.3409 	DATA 	Mouse: Left button down, pos=(1429,70)
186.3421 	EXP 	window1: recordFrameIntervals = False
186.3570 	EXP 	M_H_likeness_slider: autoDraw = False
186.3570 	EXP 	ratingText_2: autoDraw = False
186.3570 	EXP 	image_2: autoDraw = False
186.3570 	EXP 	instruct_Mechano_humannnes: autoDraw = False
186.3571 	EXP 	window1: recordFrameIntervals = False
186.6261 	DATA 	Mouse:  Left button up, pos=(1429,70)
186.8263 	EXP 	New trial (rep=0, index=43): OrderedDict([('Type', 'Human'), ('Spatial_Frequency', 'LSF'), ('filepath', 'Stimuli For Psychopy/Human/matched-8-cpi-low-Rafd090_16_Caucasian_female_neutral_frontal.jpg'), ('file_name', 'matched-8-cpi-low-Rafd090_16_Caucasian_female_neutral_frontal.jpg')])
186.8283 	EXP 	Fixation: autoDraw = True
187.8396 	EXP 	Fixation: autoDraw = False
187.8396 	EXP 	Fixation: autoDraw = False
187.8396 	EXP 	Human_image: image = 'Stimuli For Psychopy/Human/matched-8-cpi-low-Rafd090_16_Caucasian_female_neutral_frontal.jpg'
187.8396 	EXP 	Human_image: autoDraw = True
188.8425 	EXP 	Human_image: autoDraw = False
188.8425 	EXP 	Human_image: autoDraw = False
188.8425 	EXP 	roi: autoDraw = False
188.8425 	EXP 	M_H_likeness_slider: markerPos = None
188.8425 	EXP 	M_H_likeness_slider: markerPos = 0.0
188.8425 	EXP 	M_H_likeness_slider: autoDraw = True
188.8425 	EXP 	ratingText_2: autoDraw = True
188.8425 	EXP 	instruct_Mechano_humannnes: autoDraw = True
189.3074 	DATA 	Mouse: Left button down, pos=(1150,415)
189.3235 	EXP 	M_H_likeness_slider: markerPos = 67.5925925925926
189.3402 	EXP 	M_H_likeness_slider: markerPos = 67.5925925925926
189.3569 	EXP 	M_H_likeness_slider: markerPos = 67.5925925925926
189.3578 	DATA 	Mouse:  Left button up, pos=(1150,415)
189.3719 	EXP 	M_H_likeness_slider: markerPos = 67.5925925925926
189.3902 	EXP 	image_2: autoDraw = True
189.7247 	DATA 	Mouse: Left button down, pos=(1428,59)
189.7403 	EXP 	window1: recordFrameIntervals = False
189.7569 	EXP 	M_H_likeness_slider: autoDraw = False
189.7569 	EXP 	ratingText_2: autoDraw = False
189.7569 	EXP 	image_2: autoDraw = False
189.7569 	EXP 	instruct_Mechano_humannnes: autoDraw = False
189.7570 	EXP 	window1: recordFrameIntervals = False
190.0241 	DATA 	Mouse:  Left button up, pos=(1428,59)
190.2243 	EXP 	New trial (rep=0, index=44): OrderedDict([('Type', 'Human'), ('Spatial_Frequency', 'BSF'), ('filepath', 'Stimuli For Psychopy/Human/matched-Rafd090_12_Caucasian_female_neutral_frontal.jpg'), ('file_name', 'matched-Rafd090_12_Caucasian_female_neutral_frontal.jpg')])
190.2401 	EXP 	Fixation: autoDraw = True
191.2399 	EXP 	Fixation: autoDraw = False
191.2399 	EXP 	Fixation: autoDraw = False
191.2399 	EXP 	Human_image: image = 'Stimuli For Psychopy/Human/matched-Rafd090_12_Caucasian_female_neutral_frontal.jpg'
191.2399 	EXP 	Human_image: autoDraw = True
192.2424 	EXP 	Human_image: autoDraw = False
192.2424 	EXP 	Human_image: autoDraw = False
192.2424 	EXP 	roi: autoDraw = False
192.2424 	EXP 	M_H_likeness_slider: markerPos = None
192.2424 	EXP 	M_H_likeness_slider: markerPos = 0.0
192.2424 	EXP 	M_H_likeness_slider: autoDraw = True
192.2424 	EXP 	ratingText_2: autoDraw = True
192.2424 	EXP 	instruct_Mechano_humannnes: autoDraw = True
192.6409 	DATA 	Mouse: Left button down, pos=(1491,399)
192.6569 	EXP 	M_H_likeness_slider: markerPos = 99.16666666666667
192.6735 	EXP 	M_H_likeness_slider: markerPos = 99.16666666666667
192.6902 	EXP 	M_H_likeness_slider: markerPos = 99.16666666666667
192.7052 	EXP 	M_H_likeness_slider: markerPos = 99.16666666666667
192.7221 	EXP 	M_H_likeness_slider: markerPos = 99.16666666666667
192.7384 	EXP 	M_H_likeness_slider: markerPos = 99.16666666666667
192.7567 	EXP 	M_H_likeness_slider: markerPos = 100.09259259259258
192.7734 	EXP 	M_H_likeness_slider: markerPos = 101.38888888888889
192.7900 	EXP 	M_H_likeness_slider: markerPos = 102.49999999999999
192.8051 	EXP 	M_H_likeness_slider: markerPos = 103.14814814814814
192.8216 	EXP 	M_H_likeness_slider: markerPos = 103.42592592592592
192.8405 	EXP 	M_H_likeness_slider: markerPos = 103.42592592592592
192.8569 	EXP 	M_H_likeness_slider: markerPos = 103.42592592592592
192.8719 	EXP 	M_H_likeness_slider: markerPos = 103.42592592592592
192.8727 	DATA 	Mouse:  Left button up, pos=(1537,400)
192.8902 	EXP 	M_H_likeness_slider: markerPos = 100
192.9068 	EXP 	image_2: autoDraw = True
193.2949 	DATA 	Mouse: Left button down, pos=(1453,141)
193.3571 	DATA 	Mouse:  Left button up, pos=(1454,141)
193.5722 	DATA 	Mouse: Left button down, pos=(1444,117)
193.5734 	EXP 	window1: recordFrameIntervals = False
193.5904 	EXP 	M_H_likeness_slider: autoDraw = False
193.5904 	EXP 	ratingText_2: autoDraw = False
193.5904 	EXP 	image_2: autoDraw = False
193.5904 	EXP 	instruct_Mechano_humannnes: autoDraw = False
193.5905 	EXP 	window1: recordFrameIntervals = False
193.8579 	DATA 	Mouse:  Left button up, pos=(1444,117)
195.0767 	EXP 	eyetracker.setRecordingState(False)
195.1221 	EXP 	window1: mouseVisible = True
