1.4740 	WARNING 	We strongly recommend you activate the PTB sound engine in PsychoPy prefs as the preferred audio engine. Its timing is vastly superior. Your prefs are currently set to use ['sounddevice', 'PTB', 'pyo', 'pygame'] (in that order).
13.0764 	EXP 	Created window1 = Window(allowGUI=True, allowStencil=False, autoLog=True, backendConf=UNKNOWN, bitsMode=UNKNOWN, blendMode='avg', bpc=(8, 8, 8), color=array([0, 0, 0]), colorSpace='rgb', depthBits=8, fullscr=<method-wrapper '__getattribute__' of attributeSetter object at 0x000001EE743FD220>, gamma=None, gammaErrorPolicy='raise', lms=UNKNOWN, monitor=<psychopy.monitors.calibTools.Monitor object at 0x000001EE754BD040>, multiSample=False, name='window1', numSamples=2, pos=(0, 0), screen=0, size=array([1920, 1080]), stencilBits=0, stereo=False, units='height', useFBO=True, useRetina=False, viewOri=0.0, viewPos=None, viewScale=None, waitBlanking=True, winType='pyglet')
13.0765 	EXP 	window1: mouseVisible = True
13.0765 	EXP 	window1: mouseVisible = False
13.0765 	EXP 	window1: Attempting to measure frame rate of screen (0) ...
13.0765 	EXP 	window1: recordFrameIntervals = False
13.2425 	EXP 	window1: recordFrameIntervals = True
13.4255 	EXP 	Screen (0) actual frame rate measured at 60.23Hz
13.4255 	EXP 	window1: recordFrameIntervals = False
15.3866 	EXP 	Created instruction = TextStim(__class__=<class 'psychopy.visual.text.TextStim'>, alignHoriz=method-wrapper(...), alignText='center', alignVert=method-wrapper(...), anchorHoriz='center', anchorVert='center', antialias=True, autoDraw=False, autoLog=True, bold=False, color=array([1, 1, 1]), colorSpace='rgb', contrast=1.0, depth=0.0, flipHoriz=False, flipVert=False, font='Open Sans', fontFiles=[], height=0.05, italic=False, languageStyle='LTR', name='instruction', opacity=1.0, ori=0.0, pos=array([0., 0.]), rgb=UNKNOWN, text='PRESS SPACE BAR TO PROCEED TO EXPERIMENT ', units='height', win=Window(...), wrapWidth=1)
15.3887 	EXP 	Created Fixation = ShapeStim(__class__=<class 'psychopy.visual.shape.ShapeStim'>, anchor=('center', 'center'), autoDraw=False, autoLog=True, closeShape=True, color=method-wrapper(...), colorSpace='rgb', contrast=None, depth=0.0, fillColor=array([ 1, -1, -1]), fillColorSpace='rgb', fillRGB=array([ 1, -1, -1]), interpolate=True, lineColor=array([ 1, -1, -1]), lineColorSpace='rgb', lineRGB=array([ 1, -1, -1]), lineWidth=1.0, name='Fixation', opacity=1.0, ori=0.0, pos=array([0., 0.]), size=array([0.05, 0.05]), units='height', vertices=ndarray(...), win=Window(...), windingRule=None)
15.3936 	EXP 	Created Human_image = ImageStim(__class__=<class 'psychopy.visual.image.ImageStim'>, anchor=('center', 'center'), autoLog=True, color=array([1, 1, 1]), colorSpace='rgb', contrast=1.0, depth=0.0, flipHoriz=False, flipVert=False, image='sin', interpolate=True, mask=None, maskParams=None, name='Human_image', opacity=1.0, ori=0.0, pos=array([0., 0.]), size=array([0.5, 0.5]), texRes=128.0, units='height', win=Window(...))
15.3949 	EXP 	Created roi = ROI(__class__=<class 'psychopy.visual.roi.ROI'>, anchor=('center', 'center'), autoDraw=False, autoLog=True, closeShape=True, color=method-wrapper(...), colorSpace='rgb', contrast=None, depth=0, fillColor=array([ 1, -1, -1]), fillColorSpace='rgb', fillRGB=array([ 1, -1, -1]), interpolate=True, lineColor=array([-1, -1, -1]), lineColorSpace='rgb', lineRGB=array([-1, -1, -1]), lineWidth=1.5, name='roi', opacity=0.0, ori=0.0, pos=array([0., 0.]), size=array([0.5, 0.5]), units='height', vertices=ndarray(...), win=Window(...), windingRule=None)
15.3993 	EXP 	window1: mouseVisible = True
15.4495 	EXP 	Created Likebility_slider_3 = Slider(__class__=<class 'psychopy.visual.slider.Slider'>, autoDraw=False, autoLog=True, borderColor=None, color=None, colorSpace='rgb', depth=-1, fillColor=None, flip=False, font='Open Sans', granularity=0.0, labelColor=None, labelHeight=0.05, labelWrapWidth=None, labels=['Least', 'Most'], lineColor=None, markerColor=None, name='Likebility_slider_3', opacity=None, ori=0.0, pos=array([ 0. , -0.1]), readOnly=False, self=UNKNOWN, size=array([1. , 0.1]), startValue=0.0, style='slider', styleTweaks=[], ticks=array([-100,  100]), units='height', win=Window(...))
15.4501 	EXP 	Created ratingText = TextStim(__class__=<class 'psychopy.visual.text.TextStim'>, alignHoriz=method-wrapper(...), alignText='center', alignVert=method-wrapper(...), anchorHoriz='center', anchorVert='center', antialias=True, autoDraw=False, autoLog=True, bold=False, color=array([1, 1, 1]), colorSpace='rgb', contrast=1.0, depth=-2.0, flipHoriz=False, flipVert=False, font='Open Sans', fontFiles=[], height=0.05, italic=False, languageStyle='LTR', name='ratingText', opacity=1.0, ori=0.0, pos=array([ 0. , -0.3]), rgb=UNKNOWN, text='', units='height', win=Window(...), wrapWidth=1)
15.4685 	EXP 	Created image = ImageStim(__class__=<class 'psychopy.visual.image.ImageStim'>, anchor=('center', 'center'), autoLog=True, color=array([1, 1, 1]), colorSpace='rgb', contrast=1.0, depth=-3.0, flipHoriz=False, flipVert=False, image='Button_Image.png', interpolate=True, mask=None, maskParams=None, name='image', opacity=1.0, ori=0.0, pos=array([ 0.49, -0.43]), size=array([0.33 , 0.106]), texRes=128.0, units='height', win=Window(...))
15.4686 	EXP 	window1: mouseVisible = True
15.4774 	EXP 	Created instruct_Likeability_2 = TextStim(__class__=<class 'psychopy.visual.text.TextStim'>, alignHoriz=method-wrapper(...), alignText='center', alignVert=method-wrapper(...), anchorHoriz='center', anchorVert='center', antialias=True, autoDraw=False, autoLog=True, bold=False, color=array([1, 1, 1]), colorSpace='rgb', contrast=1.0, depth=-5.0, flipHoriz=False, flipVert=False, font='Open Sans', fontFiles=[], height=0.05, italic=False, languageStyle='LTR', name='instruct_Likeability_2', opacity=1.0, ori=0.0, pos=array([0., 0.]), rgb=UNKNOWN, text='Rate the Likeability', units='height', win=Window(...), wrapWidth=1)
15.4806 	EXP 	Created calibrationTarget = ShapeStim(__class__=<class 'psychopy.visual.shape.ShapeStim'>, anchor=('center', 'center'), autoDraw=False, autoLog=True, closeShape=True, color=method-wrapper(...), colorSpace='rgb', contrast=None, depth=0, fillColor=array([0, 0, 0]), fillColorSpace='rgb', fillRGB=array([0, 0, 0]), interpolate=True, lineColor=array([-1, -1, -1]), lineColorSpace='rgb', lineRGB=array([-1, -1, -1]), lineWidth=2.0, name='calibrationTarget', opacity=1.0, ori=0.0, pos=array([0., 0.]), size=array([0., 0.]), units='height', vertices=ndarray(...), win=Window(...), windingRule=None)
15.4838 	EXP 	Created calibrationTargetInner = ShapeStim(__class__=<class 'psychopy.visual.shape.ShapeStim'>, anchor=('center', 'center'), autoDraw=False, autoLog=True, closeShape=True, color=method-wrapper(...), colorSpace='rgb', contrast=None, depth=0, fillColor=array([-1.        ,  0.00392157, -1.        ]), fillColorSpace='rgb', fillRGB=array([-1.        ,  0.00392157, -1.        ]), interpolate=True, lineColor=array([-1, -1, -1]), lineColorSpace='rgb', lineRGB=array([-1, -1, -1]), lineWidth=2.0, name='calibrationTargetInner', opacity=1.0, ori=0.0, pos=array([0., 0.]), size=array([0., 0.]), units='height', vertices=ndarray(...), win=Window(...), windingRule=None)
25.4987 	EXP 	Likebility_slider_3: autoLog = True
25.4987 	EXP 	Likebility_slider_3: markerPos = 0.0
25.4987 	EXP 	Likebility_slider_3: styleTweaks = []
25.4987 	EXP 	Likebility_slider_3: styleTweaks = []
25.4987 	EXP 	Likebility_slider_3: styleTweaks = []
25.4987 	EXP 	Likebility_slider_3: styleTweaks = []
25.4987 	EXP 	Likebility_slider_3: contrast = 1.0
25.4987 	EXP 	Likebility_slider_3: autoLog = True
25.5093 	EXP 	instruction: autoDraw = True
26.8589 	EXP 	eyetracker.clearEvents()
26.8597 	EXP 	eyetracker.setRecordingState(True)
26.8637 	EXP 	Imported Human Stimuli  - Human Stimuli.csv as conditions, 45 conditions, 4 params
26.8644 	EXP 	Created sequence: random, trialTypes=45, nReps=1, seed=None
26.8646 	EXP 	New trial (rep=0, index=0): OrderedDict([('Type', 'Human'), ('Spatial_Frequency', 'BSF'), ('filepath', 'Stimuli For Psychopy/Human/matched-Rafd090_31_Caucasian_female_neutral_frontal.jpg'), ('file_name', 'matched-Rafd090_31_Caucasian_female_neutral_frontal.jpg')])
26.8667 	DATA 	Keypress: space
26.8750 	EXP 	instruction: autoDraw = False
26.8750 	EXP 	Fixation: autoDraw = True
27.8767 	EXP 	Fixation: autoDraw = False
27.8767 	EXP 	Fixation: autoDraw = False
27.8767 	EXP 	Human_image: image = 'Stimuli For Psychopy/Human/matched-Rafd090_31_Caucasian_female_neutral_frontal.jpg'
27.8767 	EXP 	Human_image: autoDraw = True
28.8904 	EXP 	Human_image: autoDraw = False
28.8904 	EXP 	roi: autoDraw = False
28.8904 	EXP 	Likebility_slider_3: markerPos = None
28.8904 	EXP 	Likebility_slider_3: markerPos = 0.0
28.8904 	EXP 	Likebility_slider_3: autoDraw = True
28.8904 	EXP 	ratingText: autoDraw = True
28.8904 	EXP 	instruct_Likeability_2: autoDraw = True
30.2552 	DATA 	Mouse: Left button down, pos=(1115,446)
30.2727 	EXP 	Likebility_slider_3: markerPos = 28.703703703703695
30.2893 	EXP 	Likebility_slider_3: markerPos = 28.703703703703695
30.3060 	EXP 	Likebility_slider_3: markerPos = 28.703703703703695
30.3229 	EXP 	Likebility_slider_3: markerPos = 28.703703703703695
30.3236 	DATA 	Mouse:  Left button up, pos=(1115,446)
30.3378 	EXP 	Likebility_slider_3: markerPos = 28.703703703703695
30.3561 	EXP 	image: autoDraw = True
31.4897 	DATA 	Mouse: Left button down, pos=(1501,81)
31.4915 	EXP 	window1: recordFrameIntervals = False
31.5063 	EXP 	Likebility_slider_3: autoDraw = False
31.5063 	EXP 	ratingText: autoDraw = False
31.5063 	EXP 	image: autoDraw = False
31.5063 	EXP 	instruct_Likeability_2: autoDraw = False
31.5064 	EXP 	window1: recordFrameIntervals = False
31.7753 	DATA 	Mouse:  Left button up, pos=(1501,81)
31.9755 	EXP 	New trial (rep=0, index=1): OrderedDict([('Type', 'Human'), ('Spatial_Frequency', 'BSF'), ('filepath', 'Stimuli For Psychopy/Human/matched-Rafd090_24_Caucasian_male_neutral_frontal.jpg'), ('file_name', 'matched-Rafd090_24_Caucasian_male_neutral_frontal.jpg')])
31.9786 	EXP 	Fixation: autoDraw = True
32.9889 	EXP 	Fixation: autoDraw = False
32.9889 	EXP 	Fixation: autoDraw = False
32.9889 	EXP 	Human_image: image = 'Stimuli For Psychopy/Human/matched-Rafd090_24_Caucasian_male_neutral_frontal.jpg'
32.9889 	EXP 	Human_image: autoDraw = True
33.9913 	EXP 	Human_image: autoDraw = False
33.9913 	EXP 	Human_image: autoDraw = False
33.9913 	EXP 	roi: autoDraw = False
33.9913 	EXP 	Likebility_slider_3: markerPos = None
33.9913 	EXP 	Likebility_slider_3: markerPos = 0.0
33.9913 	EXP 	Likebility_slider_3: autoDraw = True
33.9913 	EXP 	ratingText: autoDraw = True
33.9913 	EXP 	instruct_Likeability_2: autoDraw = True
34.7399 	DATA 	Mouse: Left button down, pos=(1192,463)
34.7559 	EXP 	Likebility_slider_3: markerPos = 42.96296296296296
34.7709 	EXP 	Likebility_slider_3: markerPos = 42.96296296296296
34.7760 	DATA 	Mouse:  Left button up, pos=(1192,463)
34.7876 	EXP 	Likebility_slider_3: markerPos = 42.96296296296296
34.8059 	EXP 	Likebility_slider_3: markerPos = 42.96296296296296
34.8226 	EXP 	image: autoDraw = True
35.4217 	DATA 	Mouse: Left button down, pos=(1526,31)
35.4234 	EXP 	window1: recordFrameIntervals = False
35.4376 	EXP 	Likebility_slider_3: autoDraw = False
35.4376 	EXP 	ratingText: autoDraw = False
35.4376 	EXP 	image: autoDraw = False
35.4376 	EXP 	instruct_Likeability_2: autoDraw = False
35.4378 	EXP 	window1: recordFrameIntervals = False
35.7081 	DATA 	Mouse:  Left button up, pos=(1526,31)
35.9081 	EXP 	New trial (rep=0, index=2): OrderedDict([('Type', 'Human'), ('Spatial_Frequency', 'LSF'), ('filepath', 'Stimuli For Psychopy/Human/matched-8-cpi-low-Rafd090_32_Caucasian_female_neutral_frontal.jpg'), ('file_name', 'matched-8-cpi-low-Rafd090_32_Caucasian_female_neutral_frontal.jpg')])
35.9105 	EXP 	Fixation: autoDraw = True
36.9252 	EXP 	Fixation: autoDraw = False
36.9252 	EXP 	Fixation: autoDraw = False
36.9252 	EXP 	Human_image: image = 'Stimuli For Psychopy/Human/matched-8-cpi-low-Rafd090_32_Caucasian_female_neutral_frontal.jpg'
36.9252 	EXP 	Human_image: autoDraw = True
37.9247 	EXP 	Human_image: autoDraw = False
37.9247 	EXP 	Human_image: autoDraw = False
37.9247 	EXP 	roi: autoDraw = False
37.9247 	EXP 	Likebility_slider_3: markerPos = None
37.9247 	EXP 	Likebility_slider_3: markerPos = 0.0
37.9247 	EXP 	Likebility_slider_3: autoDraw = True
37.9247 	EXP 	ratingText: autoDraw = True
37.9247 	EXP 	instruct_Likeability_2: autoDraw = True
40.1608 	DATA 	Mouse: Left button down, pos=(834,443)
40.1748 	EXP 	Likebility_slider_3: markerPos = -23.333333333333343
40.1914 	EXP 	Likebility_slider_3: markerPos = -23.333333333333343
40.2081 	EXP 	Likebility_slider_3: markerPos = -23.333333333333343
40.2247 	EXP 	Likebility_slider_3: markerPos = -23.333333333333343
40.2293 	DATA 	Mouse:  Left button up, pos=(834,443)
40.2415 	EXP 	Likebility_slider_3: markerPos = -23.333333333333343
40.2580 	EXP 	Likebility_slider_3: markerPos = -23.333333333333343
40.2747 	EXP 	image: autoDraw = True
41.8561 	DATA 	Mouse: Left button down, pos=(669,437)
41.8724 	EXP 	Likebility_slider_3: markerPos = -53.888888888888886
41.8891 	EXP 	Likebility_slider_3: markerPos = -53.888888888888886
41.8940 	DATA 	Mouse:  Left button up, pos=(669,437)
41.9042 	EXP 	Likebility_slider_3: markerPos = -53.888888888888886
41.9225 	EXP 	Likebility_slider_3: markerPos = -53.888888888888886
42.4394 	DATA 	Mouse: Left button down, pos=(1494,99)
42.4415 	EXP 	window1: recordFrameIntervals = False
42.4543 	EXP 	Likebility_slider_3: autoDraw = False
42.4543 	EXP 	ratingText: autoDraw = False
42.4543 	EXP 	image: autoDraw = False
42.4543 	EXP 	instruct_Likeability_2: autoDraw = False
42.4545 	EXP 	window1: recordFrameIntervals = False
42.7260 	DATA 	Mouse:  Left button up, pos=(1494,99)
42.9263 	EXP 	New trial (rep=0, index=3): OrderedDict([('Type', 'Human'), ('Spatial_Frequency', 'LSF'), ('filepath', 'Stimuli For Psychopy/Human/matched-8-cpi-low-Rafd090_33_Caucasian_male_neutral_frontal.jpg'), ('file_name', 'matched-8-cpi-low-Rafd090_33_Caucasian_male_neutral_frontal.jpg')])
42.9414 	EXP 	Fixation: autoDraw = True
43.9376 	EXP 	Fixation: autoDraw = False
43.9376 	EXP 	Fixation: autoDraw = False
43.9376 	EXP 	Human_image: image = 'Stimuli For Psychopy/Human/matched-8-cpi-low-Rafd090_33_Caucasian_male_neutral_frontal.jpg'
43.9376 	EXP 	Human_image: autoDraw = True
44.9412 	EXP 	Human_image: autoDraw = False
44.9412 	EXP 	Human_image: autoDraw = False
44.9412 	EXP 	roi: autoDraw = False
44.9412 	EXP 	Likebility_slider_3: markerPos = None
44.9412 	EXP 	Likebility_slider_3: markerPos = 0.0
44.9412 	EXP 	Likebility_slider_3: autoDraw = True
44.9412 	EXP 	ratingText: autoDraw = True
44.9412 	EXP 	instruct_Likeability_2: autoDraw = True
46.4396 	DATA 	Mouse: Left button down, pos=(746,420)
46.4556 	EXP 	Likebility_slider_3: markerPos = -39.62962962962963
46.4723 	EXP 	Likebility_slider_3: markerPos = -39.62962962962963
46.4890 	EXP 	Likebility_slider_3: markerPos = -39.62962962962963
46.4935 	DATA 	Mouse:  Left button up, pos=(746,420)
46.5059 	EXP 	Likebility_slider_3: markerPos = -39.62962962962963
46.5228 	EXP 	Likebility_slider_3: markerPos = -39.62962962962963
46.5391 	EXP 	image: autoDraw = True
47.2082 	DATA 	Mouse: Left button down, pos=(1591,37)
47.2103 	EXP 	window1: recordFrameIntervals = False
47.2245 	EXP 	Likebility_slider_3: autoDraw = False
47.2245 	EXP 	ratingText: autoDraw = False
47.2245 	EXP 	image: autoDraw = False
47.2245 	EXP 	instruct_Likeability_2: autoDraw = False
47.2246 	EXP 	window1: recordFrameIntervals = False
47.4943 	DATA 	Mouse:  Left button up, pos=(1591,37)
47.6947 	EXP 	New trial (rep=0, index=4): OrderedDict([('Type', 'Human'), ('Spatial_Frequency', 'LSF'), ('filepath', 'Stimuli For Psychopy/Human/matched-8-cpi-low-Rafd090_01_Caucasian_female_neutral_frontal.jpg'), ('file_name', 'matched-8-cpi-low-Rafd090_01_Caucasian_female_neutral_frontal.jpg')])
47.6977 	EXP 	Fixation: autoDraw = True
48.7077 	EXP 	Fixation: autoDraw = False
48.7077 	EXP 	Fixation: autoDraw = False
48.7077 	EXP 	Human_image: image = 'Stimuli For Psychopy/Human/matched-8-cpi-low-Rafd090_01_Caucasian_female_neutral_frontal.jpg'
48.7246 	EXP 	Human_image: autoDraw = True
49.7243 	EXP 	Human_image: autoDraw = False
49.7243 	EXP 	Human_image: autoDraw = False
49.7243 	EXP 	roi: autoDraw = False
49.7243 	EXP 	Likebility_slider_3: markerPos = None
49.7243 	EXP 	Likebility_slider_3: markerPos = 0.0
49.7243 	EXP 	Likebility_slider_3: autoDraw = True
49.7243 	EXP 	ratingText: autoDraw = True
49.7243 	EXP 	instruct_Likeability_2: autoDraw = True
51.9113 	DATA 	Mouse: Left button down, pos=(738,436)
51.9410 	EXP 	Likebility_slider_3: markerPos = -41.11111111111111
51.9487 	DATA 	Mouse:  Left button up, pos=(738,436)
51.9578 	EXP 	Likebility_slider_3: markerPos = -41.11111111111111
51.9745 	EXP 	Likebility_slider_3: markerPos = -41.11111111111111
51.9912 	EXP 	image: autoDraw = True
52.5281 	DATA 	Mouse: Left button down, pos=(1470,74)
52.5428 	EXP 	window1: recordFrameIntervals = False
52.5577 	EXP 	Likebility_slider_3: autoDraw = False
52.5577 	EXP 	ratingText: autoDraw = False
52.5577 	EXP 	image: autoDraw = False
52.5577 	EXP 	instruct_Likeability_2: autoDraw = False
52.5578 	EXP 	window1: recordFrameIntervals = False
52.8270 	DATA 	Mouse:  Left button up, pos=(1470,74)
53.0273 	EXP 	New trial (rep=0, index=5): OrderedDict([('Type', 'Human'), ('Spatial_Frequency', 'BSF'), ('filepath', 'Stimuli For Psychopy/Human/matched-Rafd090_37_Caucasian_female_neutral_frontal.jpg'), ('file_name', 'matched-Rafd090_37_Caucasian_female_neutral_frontal.jpg')])
53.0304 	EXP 	Fixation: autoDraw = True
54.0411 	EXP 	Fixation: autoDraw = False
54.0411 	EXP 	Fixation: autoDraw = False
54.0411 	EXP 	Human_image: image = 'Stimuli For Psychopy/Human/matched-Rafd090_37_Caucasian_female_neutral_frontal.jpg'
54.0577 	EXP 	Human_image: autoDraw = True
55.0720 	EXP 	Human_image: autoDraw = False
55.0720 	EXP 	roi: autoDraw = False
55.0720 	EXP 	Likebility_slider_3: markerPos = None
55.0720 	EXP 	Likebility_slider_3: markerPos = 0.0
55.0720 	EXP 	Likebility_slider_3: autoDraw = True
55.0720 	EXP 	ratingText: autoDraw = True
55.0720 	EXP 	instruct_Likeability_2: autoDraw = True
56.2946 	DATA 	Mouse: Left button down, pos=(1151,451)
56.3244 	EXP 	Likebility_slider_3: markerPos = 35.37037037037035
56.3411 	EXP 	Likebility_slider_3: markerPos = 35.37037037037035
56.3581 	EXP 	Likebility_slider_3: markerPos = 35.37037037037035
56.3590 	DATA 	Mouse:  Left button up, pos=(1151,451)
56.3744 	EXP 	Likebility_slider_3: markerPos = 35.37037037037035
56.3910 	EXP 	image: autoDraw = True
56.8086 	DATA 	Mouse: Left button down, pos=(1466,105)
56.8105 	EXP 	window1: recordFrameIntervals = False
56.8242 	EXP 	Likebility_slider_3: autoDraw = False
56.8242 	EXP 	ratingText: autoDraw = False
56.8242 	EXP 	image: autoDraw = False
56.8242 	EXP 	instruct_Likeability_2: autoDraw = False
56.8244 	EXP 	window1: recordFrameIntervals = False
57.0947 	DATA 	Mouse:  Left button up, pos=(1466,105)
57.2949 	EXP 	New trial (rep=0, index=6): OrderedDict([('Type', 'Human'), ('Spatial_Frequency', 'BSF'), ('filepath', 'Stimuli For Psychopy/Human/matched-Rafd090_32_Caucasian_female_neutral_frontal.jpg'), ('file_name', 'matched-Rafd090_32_Caucasian_female_neutral_frontal.jpg')])
57.3075 	EXP 	Fixation: autoDraw = True
58.3075 	EXP 	Fixation: autoDraw = False
58.3075 	EXP 	Fixation: autoDraw = False
58.3075 	EXP 	Human_image: image = 'Stimuli For Psychopy/Human/matched-Rafd090_32_Caucasian_female_neutral_frontal.jpg'
58.3243 	EXP 	Human_image: autoDraw = True
59.3389 	EXP 	Human_image: autoDraw = False
59.3389 	EXP 	roi: autoDraw = False
59.3389 	EXP 	Likebility_slider_3: markerPos = None
59.3389 	EXP 	Likebility_slider_3: markerPos = 0.0
59.3389 	EXP 	Likebility_slider_3: autoDraw = True
59.3389 	EXP 	ratingText: autoDraw = True
59.3389 	EXP 	instruct_Likeability_2: autoDraw = True
60.0376 	DATA 	Mouse: Left button down, pos=(1278,443)
60.0538 	EXP 	Likebility_slider_3: markerPos = 58.888888888888914
60.0704 	EXP 	Likebility_slider_3: markerPos = 58.888888888888914
60.0713 	DATA 	Mouse:  Left button up, pos=(1278,444)
60.0890 	EXP 	Likebility_slider_3: markerPos = 58.888888888888914
60.1053 	EXP 	image: autoDraw = True
60.5911 	DATA 	Mouse: Left button down, pos=(1486,95)
60.5927 	EXP 	window1: recordFrameIntervals = False
60.6076 	EXP 	Likebility_slider_3: autoDraw = False
60.6076 	EXP 	ratingText: autoDraw = False
60.6076 	EXP 	image: autoDraw = False
60.6076 	EXP 	instruct_Likeability_2: autoDraw = False
60.6078 	EXP 	window1: recordFrameIntervals = False
60.8767 	DATA 	Mouse:  Left button up, pos=(1486,95)
61.0770 	EXP 	New trial (rep=0, index=7): OrderedDict([('Type', 'Human'), ('Spatial_Frequency', 'BSF'), ('filepath', 'Stimuli For Psychopy/Human/matched-Rafd090_12_Caucasian_female_neutral_frontal.jpg'), ('file_name', 'matched-Rafd090_12_Caucasian_female_neutral_frontal.jpg')])
61.0801 	EXP 	Fixation: autoDraw = True
62.0909 	EXP 	Fixation: autoDraw = False
62.0909 	EXP 	Fixation: autoDraw = False
62.0909 	EXP 	Human_image: image = 'Stimuli For Psychopy/Human/matched-Rafd090_12_Caucasian_female_neutral_frontal.jpg'
62.1076 	EXP 	Human_image: autoDraw = True
63.1203 	EXP 	Human_image: autoDraw = False
63.1203 	EXP 	roi: autoDraw = False
63.1203 	EXP 	Likebility_slider_3: markerPos = None
63.1203 	EXP 	Likebility_slider_3: markerPos = 0.0
63.1203 	EXP 	Likebility_slider_3: autoDraw = True
63.1203 	EXP 	ratingText: autoDraw = True
63.1203 	EXP 	instruct_Likeability_2: autoDraw = True
63.8560 	DATA 	Mouse: Left button down, pos=(1252,433)
63.8720 	EXP 	Likebility_slider_3: markerPos = 54.074074074074076
63.8886 	EXP 	Likebility_slider_3: markerPos = 54.074074074074076
63.9052 	EXP 	Likebility_slider_3: markerPos = 54.074074074074076
63.9058 	DATA 	Mouse:  Left button up, pos=(1252,433)
63.9203 	EXP 	Likebility_slider_3: markerPos = 54.074074074074076
63.9386 	EXP 	image: autoDraw = True
64.5058 	DATA 	Mouse: Left button down, pos=(1427,96)
64.5071 	EXP 	window1: recordFrameIntervals = False
64.5219 	EXP 	Likebility_slider_3: autoDraw = False
64.5219 	EXP 	ratingText: autoDraw = False
64.5219 	EXP 	image: autoDraw = False
64.5219 	EXP 	instruct_Likeability_2: autoDraw = False
64.5220 	EXP 	window1: recordFrameIntervals = False
64.7912 	DATA 	Mouse:  Left button up, pos=(1427,96)
64.9914 	EXP 	New trial (rep=0, index=8): OrderedDict([('Type', 'Human'), ('Spatial_Frequency', 'HSF'), ('filepath', 'Stimuli For Psychopy/Human/matched-32-cpi-low-Rafd090_36_Caucasian_male_neutral_frontal.jpg'), ('file_name', 'matched-32-cpi-low-Rafd090_36_Caucasian_male_neutral_frontal.jpg')])
64.9946 	EXP 	Fixation: autoDraw = True
66.0079 	EXP 	Fixation: autoDraw = False
66.0079 	EXP 	Fixation: autoDraw = False
66.0079 	EXP 	Human_image: image = 'Stimuli For Psychopy/Human/matched-32-cpi-low-Rafd090_36_Caucasian_male_neutral_frontal.jpg'
66.0079 	EXP 	Human_image: autoDraw = True
67.0071 	EXP 	Human_image: autoDraw = False
67.0071 	EXP 	Human_image: autoDraw = False
67.0071 	EXP 	roi: autoDraw = False
67.0071 	EXP 	Likebility_slider_3: markerPos = None
67.0071 	EXP 	Likebility_slider_3: markerPos = 0.0
67.0071 	EXP 	Likebility_slider_3: autoDraw = True
67.0071 	EXP 	ratingText: autoDraw = True
67.0071 	EXP 	instruct_Likeability_2: autoDraw = True
67.8942 	DATA 	Mouse: Left button down, pos=(1061,437)
67.9218 	EXP 	Likebility_slider_3: markerPos = 18.70370370370371
67.9287 	DATA 	Mouse:  Left button up, pos=(1061,437)
67.9368 	EXP 	Likebility_slider_3: markerPos = 18.70370370370371
67.9552 	EXP 	Likebility_slider_3: markerPos = 18.70370370370371
67.9719 	EXP 	image: autoDraw = True
68.4541 	DATA 	Mouse: Left button down, pos=(1487,88)
68.4557 	EXP 	window1: recordFrameIntervals = False
68.4719 	EXP 	Likebility_slider_3: autoDraw = False
68.4719 	EXP 	ratingText: autoDraw = False
68.4719 	EXP 	image: autoDraw = False
68.4719 	EXP 	instruct_Likeability_2: autoDraw = False
68.4720 	EXP 	window1: recordFrameIntervals = False
68.7408 	DATA 	Mouse:  Left button up, pos=(1487,88)
68.9413 	EXP 	New trial (rep=0, index=9): OrderedDict([('Type', 'Human'), ('Spatial_Frequency', 'HSF'), ('filepath', 'Stimuli For Psychopy/Human/matched-32-cpi-low-Rafd090_33_Caucasian_male_neutral_frontal.jpg'), ('file_name', 'matched-32-cpi-low-Rafd090_33_Caucasian_male_neutral_frontal.jpg')])
68.9444 	EXP 	Fixation: autoDraw = True
69.9538 	EXP 	Fixation: autoDraw = False
69.9538 	EXP 	Fixation: autoDraw = False
69.9538 	EXP 	Human_image: image = 'Stimuli For Psychopy/Human/matched-32-cpi-low-Rafd090_33_Caucasian_male_neutral_frontal.jpg'
69.9538 	EXP 	Human_image: autoDraw = True
70.9535 	EXP 	Human_image: autoDraw = False
70.9535 	EXP 	Human_image: autoDraw = False
70.9535 	EXP 	roi: autoDraw = False
70.9535 	EXP 	Likebility_slider_3: markerPos = None
70.9535 	EXP 	Likebility_slider_3: markerPos = 0.0
70.9535 	EXP 	Likebility_slider_3: autoDraw = True
70.9535 	EXP 	ratingText: autoDraw = True
70.9535 	EXP 	instruct_Likeability_2: autoDraw = True
71.5093 	DATA 	Mouse: Left button down, pos=(1130,456)
71.5385 	EXP 	Likebility_slider_3: markerPos = 31.481481481481495
71.5537 	EXP 	Likebility_slider_3: markerPos = 31.481481481481495
71.5546 	DATA 	Mouse:  Left button up, pos=(1130,456)
71.5703 	EXP 	Likebility_slider_3: markerPos = 31.481481481481495
71.5884 	EXP 	image: autoDraw = True
71.9889 	DATA 	Mouse: Left button down, pos=(1425,58)
71.9903 	EXP 	window1: recordFrameIntervals = False
72.0051 	EXP 	Likebility_slider_3: autoDraw = False
72.0051 	EXP 	ratingText: autoDraw = False
72.0051 	EXP 	image: autoDraw = False
72.0051 	EXP 	instruct_Likeability_2: autoDraw = False
72.0052 	EXP 	window1: recordFrameIntervals = False
72.2743 	DATA 	Mouse:  Left button up, pos=(1425,58)
72.4747 	EXP 	New trial (rep=0, index=10): OrderedDict([('Type', 'Human'), ('Spatial_Frequency', 'LSF'), ('filepath', 'Stimuli For Psychopy/Human/matched-8-cpi-low-Rafd090_19_Caucasian_female_neutral_frontal.jpg'), ('file_name', 'matched-8-cpi-low-Rafd090_19_Caucasian_female_neutral_frontal.jpg')])
72.4768 	EXP 	Fixation: autoDraw = True
73.4864 	EXP 	Fixation: autoDraw = False
73.4864 	EXP 	Fixation: autoDraw = False
73.4864 	EXP 	Human_image: image = 'Stimuli For Psychopy/Human/matched-8-cpi-low-Rafd090_19_Caucasian_female_neutral_frontal.jpg'
73.4864 	EXP 	Human_image: autoDraw = True
74.4906 	EXP 	Human_image: autoDraw = False
74.4906 	EXP 	Human_image: autoDraw = False
74.4906 	EXP 	roi: autoDraw = False
74.4906 	EXP 	Likebility_slider_3: markerPos = None
74.4906 	EXP 	Likebility_slider_3: markerPos = 0.0
74.4906 	EXP 	Likebility_slider_3: autoDraw = True
74.4906 	EXP 	ratingText: autoDraw = True
74.4906 	EXP 	instruct_Likeability_2: autoDraw = True
75.2060 	DATA 	Mouse: Left button down, pos=(767,456)
75.2200 	EXP 	Likebility_slider_3: markerPos = -35.74074074074073
75.2383 	EXP 	Likebility_slider_3: markerPos = -35.74074074074073
75.2549 	EXP 	Likebility_slider_3: markerPos = -35.74074074074073
75.2566 	DATA 	Mouse:  Left button up, pos=(767,456)
75.2717 	EXP 	Likebility_slider_3: markerPos = -35.74074074074073
75.2883 	EXP 	image: autoDraw = True
75.7722 	DATA 	Mouse: Left button down, pos=(1442,111)
75.7738 	EXP 	window1: recordFrameIntervals = False
75.7883 	EXP 	Likebility_slider_3: autoDraw = False
75.7883 	EXP 	ratingText: autoDraw = False
75.7883 	EXP 	image: autoDraw = False
75.7883 	EXP 	instruct_Likeability_2: autoDraw = False
75.7884 	EXP 	window1: recordFrameIntervals = False
76.0572 	DATA 	Mouse:  Left button up, pos=(1443,110)
76.2575 	EXP 	New trial (rep=0, index=11): OrderedDict([('Type', 'Human'), ('Spatial_Frequency', 'BSF'), ('filepath', 'Stimuli For Psychopy/Human/matched-Rafd090_18_Caucasian_female_neutral_frontal.jpg'), ('file_name', 'matched-Rafd090_18_Caucasian_female_neutral_frontal.jpg')])
76.2597 	EXP 	Fixation: autoDraw = True
77.2738 	EXP 	Fixation: autoDraw = False
77.2738 	EXP 	Fixation: autoDraw = False
77.2738 	EXP 	Human_image: image = 'Stimuli For Psychopy/Human/matched-Rafd090_18_Caucasian_female_neutral_frontal.jpg'
77.2738 	EXP 	Human_image: autoDraw = True
78.2738 	EXP 	Human_image: autoDraw = False
78.2738 	EXP 	Human_image: autoDraw = False
78.2738 	EXP 	roi: autoDraw = False
78.2738 	EXP 	Likebility_slider_3: markerPos = None
78.2738 	EXP 	Likebility_slider_3: markerPos = 0.0
78.2738 	EXP 	Likebility_slider_3: autoDraw = True
78.2738 	EXP 	ratingText: autoDraw = True
78.2738 	EXP 	instruct_Likeability_2: autoDraw = True
79.0893 	DATA 	Mouse: Left button down, pos=(1206,436)
79.1050 	EXP 	Likebility_slider_3: markerPos = 45.55555555555554
79.1216 	EXP 	Likebility_slider_3: markerPos = 45.55555555555554
79.1384 	EXP 	Likebility_slider_3: markerPos = 45.55555555555554
79.1393 	DATA 	Mouse:  Left button up, pos=(1206,436)
79.1535 	EXP 	Likebility_slider_3: markerPos = 45.55555555555554
79.1716 	EXP 	image: autoDraw = True
79.6219 	DATA 	Mouse: Left button down, pos=(1455,98)
79.6235 	EXP 	window1: recordFrameIntervals = False
79.6384 	EXP 	Likebility_slider_3: autoDraw = False
79.6384 	EXP 	ratingText: autoDraw = False
79.6384 	EXP 	image: autoDraw = False
79.6384 	EXP 	instruct_Likeability_2: autoDraw = False
79.6387 	EXP 	window1: recordFrameIntervals = False
79.9081 	DATA 	Mouse:  Left button up, pos=(1455,98)
80.1081 	EXP 	New trial (rep=0, index=12): OrderedDict([('Type', 'Human'), ('Spatial_Frequency', 'HSF'), ('filepath', 'Stimuli For Psychopy/Human/matched-32-cpi-low-Rafd090_01_Caucasian_female_neutral_frontal.jpg'), ('file_name', 'matched-32-cpi-low-Rafd090_01_Caucasian_female_neutral_frontal.jpg')])
80.1102 	EXP 	Fixation: autoDraw = True
81.1216 	EXP 	Fixation: autoDraw = False
81.1216 	EXP 	Fixation: autoDraw = False
81.1216 	EXP 	Human_image: image = 'Stimuli For Psychopy/Human/matched-32-cpi-low-Rafd090_01_Caucasian_female_neutral_frontal.jpg'
81.1216 	EXP 	Human_image: autoDraw = True
82.1235 	EXP 	Human_image: autoDraw = False
82.1235 	EXP 	Human_image: autoDraw = False
82.1235 	EXP 	roi: autoDraw = False
82.1235 	EXP 	Likebility_slider_3: markerPos = None
82.1235 	EXP 	Likebility_slider_3: markerPos = 0.0
82.1235 	EXP 	Likebility_slider_3: autoDraw = True
82.1235 	EXP 	ratingText: autoDraw = True
82.1235 	EXP 	instruct_Likeability_2: autoDraw = True
82.9725 	DATA 	Mouse: Left button down, pos=(830,450)
82.9882 	EXP 	Likebility_slider_3: markerPos = -24.074074074074076
83.0049 	EXP 	Likebility_slider_3: markerPos = -24.074074074074076
83.0214 	EXP 	Likebility_slider_3: markerPos = -24.074074074074076
83.0220 	DATA 	Mouse:  Left button up, pos=(830,450)
83.0381 	EXP 	Likebility_slider_3: markerPos = -24.074074074074076
83.0548 	EXP 	image: autoDraw = True
83.4871 	DATA 	Mouse: Left button down, pos=(1441,84)
83.4885 	EXP 	window1: recordFrameIntervals = False
83.5049 	EXP 	Likebility_slider_3: autoDraw = False
83.5049 	EXP 	ratingText: autoDraw = False
83.5049 	EXP 	image: autoDraw = False
83.5049 	EXP 	instruct_Likeability_2: autoDraw = False
83.5050 	EXP 	window1: recordFrameIntervals = False
83.7728 	DATA 	Mouse:  Left button up, pos=(1441,84)
83.9734 	EXP 	New trial (rep=0, index=13): OrderedDict([('Type', 'Human'), ('Spatial_Frequency', 'HSF'), ('filepath', 'Stimuli For Psychopy/Human/matched-32-cpi-low-Rafd090_18_Caucasian_female_neutral_frontal.jpg'), ('file_name', 'matched-32-cpi-low-Rafd090_18_Caucasian_female_neutral_frontal.jpg')])
83.9755 	EXP 	Fixation: autoDraw = True
84.9862 	EXP 	Fixation: autoDraw = False
84.9862 	EXP 	Fixation: autoDraw = False
84.9862 	EXP 	Human_image: image = 'Stimuli For Psychopy/Human/matched-32-cpi-low-Rafd090_18_Caucasian_female_neutral_frontal.jpg'
84.9862 	EXP 	Human_image: autoDraw = True
85.9901 	EXP 	Human_image: autoDraw = False
85.9901 	EXP 	Human_image: autoDraw = False
85.9901 	EXP 	roi: autoDraw = False
85.9901 	EXP 	Likebility_slider_3: markerPos = None
85.9901 	EXP 	Likebility_slider_3: markerPos = 0.0
85.9901 	EXP 	Likebility_slider_3: autoDraw = True
85.9901 	EXP 	ratingText: autoDraw = True
85.9901 	EXP 	instruct_Likeability_2: autoDraw = True
86.7222 	DATA 	Mouse: Left button down, pos=(784,451)
86.7381 	EXP 	Likebility_slider_3: markerPos = -32.592592592592595
86.7548 	EXP 	Likebility_slider_3: markerPos = -32.592592592592595
86.7592 	DATA 	Mouse:  Left button up, pos=(784,451)
86.7699 	EXP 	Likebility_slider_3: markerPos = -32.592592592592595
86.7882 	EXP 	Likebility_slider_3: markerPos = -32.592592592592595
86.8048 	EXP 	image: autoDraw = True
87.2051 	DATA 	Mouse: Left button down, pos=(1396,90)
87.2069 	EXP 	window1: recordFrameIntervals = False
87.2214 	EXP 	Likebility_slider_3: autoDraw = False
87.2214 	EXP 	ratingText: autoDraw = False
87.2214 	EXP 	image: autoDraw = False
87.2214 	EXP 	instruct_Likeability_2: autoDraw = False
87.2215 	EXP 	window1: recordFrameIntervals = False
87.4907 	DATA 	Mouse:  Left button up, pos=(1396,90)
87.6910 	EXP 	New trial (rep=0, index=14): OrderedDict([('Type', 'Human'), ('Spatial_Frequency', 'BSF'), ('filepath', 'Stimuli For Psychopy/Human/matched-Rafd090_26_Caucasian_female_neutral_frontal.jpg'), ('file_name', 'matched-Rafd090_26_Caucasian_female_neutral_frontal.jpg')])
87.6931 	EXP 	Fixation: autoDraw = True
88.7028 	EXP 	Fixation: autoDraw = False
88.7028 	EXP 	Fixation: autoDraw = False
88.7028 	EXP 	Human_image: image = 'Stimuli For Psychopy/Human/matched-Rafd090_26_Caucasian_female_neutral_frontal.jpg'
88.7028 	EXP 	Human_image: autoDraw = True
89.7068 	EXP 	Human_image: autoDraw = False
89.7068 	EXP 	Human_image: autoDraw = False
89.7068 	EXP 	roi: autoDraw = False
89.7068 	EXP 	Likebility_slider_3: markerPos = None
89.7068 	EXP 	Likebility_slider_3: markerPos = 0.0
89.7068 	EXP 	Likebility_slider_3: autoDraw = True
89.7068 	EXP 	ratingText: autoDraw = True
89.7068 	EXP 	instruct_Likeability_2: autoDraw = True
90.9556 	DATA 	Mouse: Left button down, pos=(1134,450)
90.9714 	EXP 	Likebility_slider_3: markerPos = 32.22222222222223
90.9880 	EXP 	Likebility_slider_3: markerPos = 32.22222222222223
91.0047 	EXP 	Likebility_slider_3: markerPos = 32.22222222222223
91.0060 	DATA 	Mouse:  Left button up, pos=(1134,450)
91.0197 	EXP 	Likebility_slider_3: markerPos = 32.22222222222223
91.0385 	EXP 	image: autoDraw = True
91.4548 	DATA 	Mouse: Left button down, pos=(1473,109)
91.4562 	EXP 	window1: recordFrameIntervals = False
91.4713 	EXP 	Likebility_slider_3: autoDraw = False
91.4713 	EXP 	ratingText: autoDraw = False
91.4713 	EXP 	image: autoDraw = False
91.4713 	EXP 	instruct_Likeability_2: autoDraw = False
91.4714 	EXP 	window1: recordFrameIntervals = False
91.7404 	DATA 	Mouse:  Left button up, pos=(1473,109)
91.9406 	EXP 	New trial (rep=0, index=15): OrderedDict([('Type', 'Human'), ('Spatial_Frequency', 'BSF'), ('filepath', 'Stimuli For Psychopy/Human/matched-Rafd090_33_Caucasian_male_neutral_frontal.jpg'), ('file_name', 'matched-Rafd090_33_Caucasian_male_neutral_frontal.jpg')])
91.9438 	EXP 	Fixation: autoDraw = True
92.9569 	EXP 	Fixation: autoDraw = False
92.9569 	EXP 	Fixation: autoDraw = False
92.9569 	EXP 	Human_image: image = 'Stimuli For Psychopy/Human/matched-Rafd090_33_Caucasian_male_neutral_frontal.jpg'
92.9569 	EXP 	Human_image: autoDraw = True
93.9568 	EXP 	Human_image: autoDraw = False
93.9568 	EXP 	Human_image: autoDraw = False
93.9568 	EXP 	roi: autoDraw = False
93.9568 	EXP 	Likebility_slider_3: markerPos = None
93.9568 	EXP 	Likebility_slider_3: markerPos = 0.0
93.9568 	EXP 	Likebility_slider_3: autoDraw = True
93.9568 	EXP 	ratingText: autoDraw = True
93.9568 	EXP 	instruct_Likeability_2: autoDraw = True
94.9263 	DATA 	Mouse: Left button down, pos=(1258,447)
94.9547 	EXP 	Likebility_slider_3: markerPos = 55.18518518518519
94.9712 	EXP 	Likebility_slider_3: markerPos = 55.18518518518519
94.9718 	DATA 	Mouse:  Left button up, pos=(1258,447)
94.9881 	EXP 	Likebility_slider_3: markerPos = 55.18518518518519
95.0046 	EXP 	image: autoDraw = True
95.4083 	DATA 	Mouse: Left button down, pos=(1407,44)
95.4229 	EXP 	window1: recordFrameIntervals = False
95.4378 	EXP 	Likebility_slider_3: autoDraw = False
95.4378 	EXP 	ratingText: autoDraw = False
95.4378 	EXP 	image: autoDraw = False
95.4378 	EXP 	instruct_Likeability_2: autoDraw = False
95.4379 	EXP 	window1: recordFrameIntervals = False
95.7068 	DATA 	Mouse:  Left button up, pos=(1407,44)
95.9070 	EXP 	New trial (rep=0, index=16): OrderedDict([('Type', 'Human'), ('Spatial_Frequency', 'BSF'), ('filepath', 'Stimuli For Psychopy/Human/matched-Rafd090_16_Caucasian_female_neutral_frontal.jpg'), ('file_name', 'matched-Rafd090_16_Caucasian_female_neutral_frontal.jpg')])
95.9090 	EXP 	Fixation: autoDraw = True
96.9198 	EXP 	Fixation: autoDraw = False
96.9198 	EXP 	Fixation: autoDraw = False
96.9198 	EXP 	Human_image: image = 'Stimuli For Psychopy/Human/matched-Rafd090_16_Caucasian_female_neutral_frontal.jpg'
96.9198 	EXP 	Human_image: autoDraw = True
97.9234 	EXP 	Human_image: autoDraw = False
97.9234 	EXP 	Human_image: autoDraw = False
97.9234 	EXP 	roi: autoDraw = False
97.9234 	EXP 	Likebility_slider_3: markerPos = None
97.9234 	EXP 	Likebility_slider_3: markerPos = 0.0
97.9234 	EXP 	Likebility_slider_3: autoDraw = True
97.9234 	EXP 	ratingText: autoDraw = True
97.9234 	EXP 	instruct_Likeability_2: autoDraw = True
98.8222 	DATA 	Mouse: Left button down, pos=(1319,436)
98.8379 	EXP 	Likebility_slider_3: markerPos = 66.4814814814815
98.8529 	EXP 	Likebility_slider_3: markerPos = 66.4814814814815
98.8573 	DATA 	Mouse:  Left button up, pos=(1319,436)
98.8712 	EXP 	Likebility_slider_3: markerPos = 66.4814814814815
98.8878 	EXP 	Likebility_slider_3: markerPos = 66.4814814814815
98.9045 	EXP 	image: autoDraw = True
99.4550 	DATA 	Mouse: Left button down, pos=(1372,96)
99.4567 	EXP 	window1: recordFrameIntervals = False
99.4711 	EXP 	Likebility_slider_3: autoDraw = False
99.4711 	EXP 	ratingText: autoDraw = False
99.4711 	EXP 	image: autoDraw = False
99.4711 	EXP 	instruct_Likeability_2: autoDraw = False
99.4712 	EXP 	window1: recordFrameIntervals = False
99.7403 	DATA 	Mouse:  Left button up, pos=(1372,96)
99.9403 	EXP 	New trial (rep=0, index=17): OrderedDict([('Type', 'Human'), ('Spatial_Frequency', 'BSF'), ('filepath', 'Stimuli For Psychopy/Human/matched-Rafd090_36_Caucasian_male_neutral_frontal.jpg'), ('file_name', 'matched-Rafd090_36_Caucasian_male_neutral_frontal.jpg')])
99.9423 	EXP 	Fixation: autoDraw = True
100.9572 	EXP 	Fixation: autoDraw = False
100.9572 	EXP 	Fixation: autoDraw = False
100.9572 	EXP 	Human_image: image = 'Stimuli For Psychopy/Human/matched-Rafd090_36_Caucasian_male_neutral_frontal.jpg'
100.9572 	EXP 	Human_image: autoDraw = True
101.9569 	EXP 	Human_image: autoDraw = False
101.9569 	EXP 	Human_image: autoDraw = False
101.9569 	EXP 	roi: autoDraw = False
101.9569 	EXP 	Likebility_slider_3: markerPos = None
101.9569 	EXP 	Likebility_slider_3: markerPos = 0.0
101.9569 	EXP 	Likebility_slider_3: autoDraw = True
101.9569 	EXP 	ratingText: autoDraw = True
101.9569 	EXP 	instruct_Likeability_2: autoDraw = True
102.6371 	DATA 	Mouse: Left button down, pos=(1275,439)
102.6543 	EXP 	Likebility_slider_3: markerPos = 58.33333333333334
102.6615 	DATA 	Mouse:  Left button up, pos=(1275,439)
102.6710 	EXP 	Likebility_slider_3: markerPos = 58.33333333333334
102.6878 	EXP 	Likebility_slider_3: markerPos = 58.33333333333334
102.7045 	EXP 	image: autoDraw = True
103.0383 	DATA 	Mouse: Left button down, pos=(1406,72)
103.0400 	EXP 	window1: recordFrameIntervals = False
103.0530 	EXP 	Likebility_slider_3: autoDraw = False
103.0530 	EXP 	ratingText: autoDraw = False
103.0530 	EXP 	image: autoDraw = False
103.0530 	EXP 	instruct_Likeability_2: autoDraw = False
103.0532 	EXP 	window1: recordFrameIntervals = False
103.3246 	DATA 	Mouse:  Left button up, pos=(1407,71)
103.5247 	EXP 	New trial (rep=0, index=18): OrderedDict([('Type', 'Human'), ('Spatial_Frequency', 'LSF'), ('filepath', 'Stimuli For Psychopy/Human/matched-8-cpi-low-Rafd090_16_Caucasian_female_neutral_frontal.jpg'), ('file_name', 'matched-8-cpi-low-Rafd090_16_Caucasian_female_neutral_frontal.jpg')])
103.5377 	EXP 	Fixation: autoDraw = True
104.5370 	EXP 	Fixation: autoDraw = False
104.5370 	EXP 	Fixation: autoDraw = False
104.5370 	EXP 	Human_image: image = 'Stimuli For Psychopy/Human/matched-8-cpi-low-Rafd090_16_Caucasian_female_neutral_frontal.jpg'
104.5370 	EXP 	Human_image: autoDraw = True
105.5399 	EXP 	Human_image: autoDraw = False
105.5399 	EXP 	Human_image: autoDraw = False
105.5399 	EXP 	roi: autoDraw = False
105.5399 	EXP 	Likebility_slider_3: markerPos = None
105.5399 	EXP 	Likebility_slider_3: markerPos = 0.0
105.5399 	EXP 	Likebility_slider_3: autoDraw = True
105.5399 	EXP 	ratingText: autoDraw = True
105.5399 	EXP 	instruct_Likeability_2: autoDraw = True
105.9717 	DATA 	Mouse: Left button down, pos=(752,454)
105.9877 	EXP 	Likebility_slider_3: markerPos = -38.51851851851852
106.0043 	EXP 	Likebility_slider_3: markerPos = -38.51851851851852
106.0052 	DATA 	Mouse:  Left button up, pos=(752,454)
106.0193 	EXP 	Likebility_slider_3: markerPos = -38.51851851851852
106.0378 	EXP 	image: autoDraw = True
106.4720 	DATA 	Mouse: Left button down, pos=(1520,83)
106.4737 	EXP 	window1: recordFrameIntervals = False
106.4876 	EXP 	Likebility_slider_3: autoDraw = False
106.4876 	EXP 	ratingText: autoDraw = False
106.4876 	EXP 	image: autoDraw = False
106.4876 	EXP 	instruct_Likeability_2: autoDraw = False
106.4877 	EXP 	window1: recordFrameIntervals = False
106.7584 	DATA 	Mouse:  Left button up, pos=(1520,83)
106.9586 	EXP 	New trial (rep=0, index=19): OrderedDict([('Type', 'Human'), ('Spatial_Frequency', 'BSF'), ('filepath', 'Stimuli For Psychopy/Human/matched-Rafd090_19_Caucasian_female_neutral_frontal.jpg'), ('file_name', 'matched-Rafd090_19_Caucasian_female_neutral_frontal.jpg')])
106.9709 	EXP 	Fixation: autoDraw = True
107.9693 	EXP 	Fixation: autoDraw = False
107.9693 	EXP 	Fixation: autoDraw = False
107.9693 	EXP 	Human_image: image = 'Stimuli For Psychopy/Human/matched-Rafd090_19_Caucasian_female_neutral_frontal.jpg'
107.9693 	EXP 	Human_image: autoDraw = True
108.9732 	EXP 	Human_image: autoDraw = False
108.9732 	EXP 	Human_image: autoDraw = False
108.9732 	EXP 	roi: autoDraw = False
108.9732 	EXP 	Likebility_slider_3: markerPos = None
108.9732 	EXP 	Likebility_slider_3: markerPos = 0.0
108.9732 	EXP 	Likebility_slider_3: autoDraw = True
108.9732 	EXP 	ratingText: autoDraw = True
108.9732 	EXP 	instruct_Likeability_2: autoDraw = True
109.4707 	DATA 	Mouse: Left button down, pos=(1134,438)
109.4862 	EXP 	Likebility_slider_3: markerPos = 32.22222222222223
109.5027 	EXP 	Likebility_slider_3: markerPos = 32.22222222222223
109.5040 	DATA 	Mouse:  Left button up, pos=(1134,438)
109.5209 	EXP 	Likebility_slider_3: markerPos = 32.22222222222223
109.5376 	EXP 	image: autoDraw = True
110.1547 	DATA 	Mouse: Left button down, pos=(1460,91)
110.1577 	EXP 	window1: recordFrameIntervals = False
110.1710 	EXP 	Likebility_slider_3: autoDraw = False
110.1710 	EXP 	ratingText: autoDraw = False
110.1710 	EXP 	image: autoDraw = False
110.1710 	EXP 	instruct_Likeability_2: autoDraw = False
110.1711 	EXP 	window1: recordFrameIntervals = False
110.4416 	DATA 	Mouse:  Left button up, pos=(1460,91)
110.6421 	EXP 	New trial (rep=0, index=20): OrderedDict([('Type', 'Human'), ('Spatial_Frequency', 'LSF'), ('filepath', 'Stimuli For Psychopy/Human/matched-8-cpi-low-Rafd090_18_Caucasian_female_neutral_frontal.jpg'), ('file_name', 'matched-8-cpi-low-Rafd090_18_Caucasian_female_neutral_frontal.jpg')])
110.6544 	EXP 	Fixation: autoDraw = True
111.6563 	EXP 	Fixation: autoDraw = False
111.6563 	EXP 	Fixation: autoDraw = False
111.6563 	EXP 	Human_image: image = 'Stimuli For Psychopy/Human/matched-8-cpi-low-Rafd090_18_Caucasian_female_neutral_frontal.jpg'
111.6732 	EXP 	Human_image: autoDraw = True
112.6731 	EXP 	Human_image: autoDraw = False
112.6731 	EXP 	Human_image: autoDraw = False
112.6731 	EXP 	roi: autoDraw = False
112.6731 	EXP 	Likebility_slider_3: markerPos = None
112.6731 	EXP 	Likebility_slider_3: markerPos = 0.0
112.6731 	EXP 	Likebility_slider_3: autoDraw = True
112.6731 	EXP 	ratingText: autoDraw = True
112.6731 	EXP 	instruct_Likeability_2: autoDraw = True
113.1550 	DATA 	Mouse: Left button down, pos=(707,414)
113.1708 	EXP 	Likebility_slider_3: markerPos = -46.851851851851855
113.1875 	EXP 	Likebility_slider_3: markerPos = -46.851851851851855
113.1922 	DATA 	Mouse:  Left button up, pos=(707,414)
113.2025 	EXP 	Likebility_slider_3: markerPos = -46.851851851851855
113.2209 	EXP 	Likebility_slider_3: markerPos = -46.851851851851855
113.2375 	EXP 	image: autoDraw = True
113.6379 	DATA 	Mouse: Left button down, pos=(1432,67)
113.6399 	EXP 	window1: recordFrameIntervals = False
113.6542 	EXP 	Likebility_slider_3: autoDraw = False
113.6542 	EXP 	ratingText: autoDraw = False
113.6542 	EXP 	image: autoDraw = False
113.6542 	EXP 	instruct_Likeability_2: autoDraw = False
113.6543 	EXP 	window1: recordFrameIntervals = False
113.9234 	DATA 	Mouse:  Left button up, pos=(1432,67)
114.1236 	EXP 	New trial (rep=0, index=21): OrderedDict([('Type', 'Human'), ('Spatial_Frequency', 'HSF'), ('filepath', 'Stimuli For Psychopy/Human/matched-32-cpi-low-Rafd090_31_Caucasian_female_neutral_frontal.jpg'), ('file_name', 'matched-32-cpi-low-Rafd090_31_Caucasian_female_neutral_frontal.jpg')])
114.1257 	EXP 	Fixation: autoDraw = True
115.1357 	EXP 	Fixation: autoDraw = False
115.1357 	EXP 	Fixation: autoDraw = False
115.1357 	EXP 	Human_image: image = 'Stimuli For Psychopy/Human/matched-32-cpi-low-Rafd090_31_Caucasian_female_neutral_frontal.jpg'
115.1357 	EXP 	Human_image: autoDraw = True
116.1358 	EXP 	Human_image: autoDraw = False
116.1358 	EXP 	Human_image: autoDraw = False
116.1358 	EXP 	roi: autoDraw = False
116.1358 	EXP 	Likebility_slider_3: markerPos = None
116.1358 	EXP 	Likebility_slider_3: markerPos = 0.0
116.1540 	EXP 	Likebility_slider_3: autoDraw = True
116.1540 	EXP 	ratingText: autoDraw = True
116.1540 	EXP 	instruct_Likeability_2: autoDraw = True
116.5748 	DATA 	Mouse: Left button down, pos=(818,432)
116.6042 	EXP 	Likebility_slider_3: markerPos = -26.29629629629629
116.6208 	EXP 	Likebility_slider_3: markerPos = -26.29629629629629
116.6216 	DATA 	Mouse:  Left button up, pos=(818,432)
116.6360 	EXP 	Likebility_slider_3: markerPos = -26.29629629629629
116.6542 	EXP 	image: autoDraw = True
117.0536 	DATA 	Mouse: Left button down, pos=(1484,41)
117.0564 	EXP 	window1: recordFrameIntervals = False
117.0707 	EXP 	Likebility_slider_3: autoDraw = False
117.0707 	EXP 	ratingText: autoDraw = False
117.0707 	EXP 	image: autoDraw = False
117.0707 	EXP 	instruct_Likeability_2: autoDraw = False
117.0708 	EXP 	window1: recordFrameIntervals = False
117.3403 	DATA 	Mouse:  Left button up, pos=(1484,41)
117.5404 	EXP 	New trial (rep=0, index=22): OrderedDict([('Type', 'Human'), ('Spatial_Frequency', 'BSF'), ('filepath', 'Stimuli For Psychopy/Human/matched-Rafd090_22_Caucasian_female_neutral_frontal.jpg'), ('file_name', 'matched-Rafd090_22_Caucasian_female_neutral_frontal.jpg')])
117.5425 	EXP 	Fixation: autoDraw = True
118.5564 	EXP 	Fixation: autoDraw = False
118.5564 	EXP 	Fixation: autoDraw = False
118.5564 	EXP 	Human_image: image = 'Stimuli For Psychopy/Human/matched-Rafd090_22_Caucasian_female_neutral_frontal.jpg'
118.5564 	EXP 	Human_image: autoDraw = True
119.5564 	EXP 	Human_image: autoDraw = False
119.5564 	EXP 	Human_image: autoDraw = False
119.5564 	EXP 	roi: autoDraw = False
119.5564 	EXP 	Likebility_slider_3: markerPos = None
119.5564 	EXP 	Likebility_slider_3: markerPos = 0.0
119.5564 	EXP 	Likebility_slider_3: autoDraw = True
119.5564 	EXP 	ratingText: autoDraw = True
119.5564 	EXP 	instruct_Likeability_2: autoDraw = True
120.3720 	DATA 	Mouse: Left button down, pos=(1170,423)
120.3873 	EXP 	Likebility_slider_3: markerPos = 38.888888888888886
120.4025 	EXP 	Likebility_slider_3: markerPos = 38.888888888888886
120.4208 	EXP 	Likebility_slider_3: markerPos = 38.888888888888886
120.4375 	EXP 	Likebility_slider_3: markerPos = 38.888888888888886
120.4380 	DATA 	Mouse:  Left button up, pos=(1170,423)
120.4542 	EXP 	Likebility_slider_3: markerPos = 38.888888888888886
120.4706 	EXP 	image: autoDraw = True
120.9710 	DATA 	Mouse: Left button down, pos=(1436,42)
120.9723 	EXP 	window1: recordFrameIntervals = False
120.9872 	EXP 	Likebility_slider_3: autoDraw = False
120.9872 	EXP 	ratingText: autoDraw = False
120.9872 	EXP 	image: autoDraw = False
120.9872 	EXP 	instruct_Likeability_2: autoDraw = False
120.9873 	EXP 	window1: recordFrameIntervals = False
121.2568 	DATA 	Mouse:  Left button up, pos=(1436,42)
121.4571 	EXP 	New trial (rep=0, index=23): OrderedDict([('Type', 'Human'), ('Spatial_Frequency', 'HSF'), ('filepath', 'Stimuli For Psychopy/Human/matched-32-cpi-low-Rafd090_28_Caucasian_male_neutral_frontal.jpg'), ('file_name', 'matched-32-cpi-low-Rafd090_28_Caucasian_male_neutral_frontal.jpg')])
121.4590 	EXP 	Fixation: autoDraw = True
122.4703 	EXP 	Fixation: autoDraw = False
122.4703 	EXP 	Fixation: autoDraw = False
122.4703 	EXP 	Human_image: image = 'Stimuli For Psychopy/Human/matched-32-cpi-low-Rafd090_28_Caucasian_male_neutral_frontal.jpg'
122.4703 	EXP 	Human_image: autoDraw = True
123.4708 	EXP 	Human_image: autoDraw = False
123.4708 	EXP 	Human_image: autoDraw = False
123.4708 	EXP 	roi: autoDraw = False
123.4708 	EXP 	Likebility_slider_3: markerPos = None
123.4708 	EXP 	Likebility_slider_3: markerPos = 0.0
123.4873 	EXP 	Likebility_slider_3: autoDraw = True
123.4873 	EXP 	ratingText: autoDraw = True
123.4873 	EXP 	instruct_Likeability_2: autoDraw = True
124.0546 	DATA 	Mouse: Left button down, pos=(619,444)
124.0709 	EXP 	Likebility_slider_3: markerPos = -63.14814814814815
124.0873 	EXP 	Likebility_slider_3: markerPos = -63.14814814814815
124.0881 	DATA 	Mouse:  Left button up, pos=(619,444)
124.1040 	EXP 	Likebility_slider_3: markerPos = -63.14814814814815
124.1205 	EXP 	image: autoDraw = True
124.6698 	DATA 	Mouse: Left button down, pos=(1453,99)
124.6713 	EXP 	window1: recordFrameIntervals = False
124.6873 	EXP 	Likebility_slider_3: autoDraw = False
124.6873 	EXP 	ratingText: autoDraw = False
124.6873 	EXP 	image: autoDraw = False
124.6873 	EXP 	instruct_Likeability_2: autoDraw = False
124.6874 	EXP 	window1: recordFrameIntervals = False
124.9560 	DATA 	Mouse:  Left button up, pos=(1451,99)
125.1563 	EXP 	New trial (rep=0, index=24): OrderedDict([('Type', 'Human'), ('Spatial_Frequency', 'BSF'), ('filepath', 'Stimuli For Psychopy/Human/matched-Rafd090_01_Caucasian_female_neutral_frontal.jpg'), ('file_name', 'matched-Rafd090_01_Caucasian_female_neutral_frontal.jpg')])
125.1595 	EXP 	Fixation: autoDraw = True
126.1721 	EXP 	Fixation: autoDraw = False
126.1721 	EXP 	Fixation: autoDraw = False
126.1721 	EXP 	Human_image: image = 'Stimuli For Psychopy/Human/matched-Rafd090_01_Caucasian_female_neutral_frontal.jpg'
126.1721 	EXP 	Human_image: autoDraw = True
127.1707 	EXP 	Human_image: autoDraw = False
127.1707 	EXP 	Human_image: autoDraw = False
127.1707 	EXP 	roi: autoDraw = False
127.1707 	EXP 	Likebility_slider_3: markerPos = None
127.1707 	EXP 	Likebility_slider_3: markerPos = 0.0
127.1707 	EXP 	Likebility_slider_3: autoDraw = True
127.1707 	EXP 	ratingText: autoDraw = True
127.1707 	EXP 	instruct_Likeability_2: autoDraw = True
127.7213 	DATA 	Mouse: Left button down, pos=(1370,433)
127.7372 	EXP 	Likebility_slider_3: markerPos = 75.92592592592592
127.7538 	EXP 	Likebility_slider_3: markerPos = 75.92592592592592
127.7587 	DATA 	Mouse:  Left button up, pos=(1370,433)
127.7692 	EXP 	Likebility_slider_3: markerPos = 75.92592592592592
127.7872 	EXP 	Likebility_slider_3: markerPos = 75.92592592592592
127.8042 	EXP 	image: autoDraw = True
128.2024 	DATA 	Mouse: Left button down, pos=(1500,85)
128.2040 	EXP 	window1: recordFrameIntervals = False
128.2208 	EXP 	Likebility_slider_3: autoDraw = False
128.2208 	EXP 	ratingText: autoDraw = False
128.2208 	EXP 	image: autoDraw = False
128.2208 	EXP 	instruct_Likeability_2: autoDraw = False
128.2210 	EXP 	window1: recordFrameIntervals = False
128.4885 	DATA 	Mouse:  Left button up, pos=(1500,85)
128.6888 	EXP 	New trial (rep=0, index=25): OrderedDict([('Type', 'Human'), ('Spatial_Frequency', 'BSF'), ('filepath', 'Stimuli For Psychopy/Human/matched-Rafd090_28_Caucasian_male_neutral_frontal.jpg'), ('file_name', 'matched-Rafd090_28_Caucasian_male_neutral_frontal.jpg')])
128.7039 	EXP 	Fixation: autoDraw = True
129.7019 	EXP 	Fixation: autoDraw = False
129.7019 	EXP 	Fixation: autoDraw = False
129.7019 	EXP 	Human_image: image = 'Stimuli For Psychopy/Human/matched-Rafd090_28_Caucasian_male_neutral_frontal.jpg'
129.7019 	EXP 	Human_image: autoDraw = True
130.7067 	EXP 	Human_image: autoDraw = False
130.7067 	EXP 	Human_image: autoDraw = False
130.7067 	EXP 	roi: autoDraw = False
130.7067 	EXP 	Likebility_slider_3: markerPos = None
130.7067 	EXP 	Likebility_slider_3: markerPos = 0.0
130.7067 	EXP 	Likebility_slider_3: autoDraw = True
130.7067 	EXP 	ratingText: autoDraw = True
130.7067 	EXP 	instruct_Likeability_2: autoDraw = True
131.0716 	DATA 	Mouse: Left button down, pos=(1192,410)
131.0871 	EXP 	Likebility_slider_3: markerPos = 42.96296296296296
131.1037 	EXP 	Likebility_slider_3: markerPos = 42.96296296296296
131.1188 	EXP 	Likebility_slider_3: markerPos = 42.96296296296296
131.1198 	DATA 	Mouse:  Left button up, pos=(1191,411)
131.1371 	EXP 	Likebility_slider_3: markerPos = 42.96296296296296
131.1537 	EXP 	image: autoDraw = True
131.5750 	DATA 	Mouse: Left button down, pos=(1443,86)
131.5877 	EXP 	window1: recordFrameIntervals = False
131.6040 	EXP 	Likebility_slider_3: autoDraw = False
131.6040 	EXP 	ratingText: autoDraw = False
131.6040 	EXP 	image: autoDraw = False
131.6040 	EXP 	instruct_Likeability_2: autoDraw = False
131.6041 	EXP 	window1: recordFrameIntervals = False
131.8715 	DATA 	Mouse:  Left button up, pos=(1443,86)
132.0719 	EXP 	New trial (rep=0, index=26): OrderedDict([('Type', 'Human'), ('Spatial_Frequency', 'LSF'), ('filepath', 'Stimuli For Psychopy/Human/matched-8-cpi-low-Rafd090_37_Caucasian_female_neutral_frontal.jpg'), ('file_name', 'matched-8-cpi-low-Rafd090_37_Caucasian_female_neutral_frontal.jpg')])
132.0873 	EXP 	Fixation: autoDraw = True
133.0859 	EXP 	Fixation: autoDraw = False
133.0859 	EXP 	Fixation: autoDraw = False
133.0859 	EXP 	Human_image: image = 'Stimuli For Psychopy/Human/matched-8-cpi-low-Rafd090_37_Caucasian_female_neutral_frontal.jpg'
133.0859 	EXP 	Human_image: autoDraw = True
134.0893 	EXP 	Human_image: autoDraw = False
134.0893 	EXP 	Human_image: autoDraw = False
134.0893 	EXP 	roi: autoDraw = False
134.0893 	EXP 	Likebility_slider_3: markerPos = None
134.0893 	EXP 	Likebility_slider_3: markerPos = 0.0
134.0893 	EXP 	Likebility_slider_3: autoDraw = True
134.0893 	EXP 	ratingText: autoDraw = True
134.0893 	EXP 	instruct_Likeability_2: autoDraw = True
134.6209 	DATA 	Mouse: Left button down, pos=(628,444)
134.6374 	EXP 	Likebility_slider_3: markerPos = -61.48148148148148
134.6537 	EXP 	Likebility_slider_3: markerPos = -61.48148148148148
134.6705 	EXP 	Likebility_slider_3: markerPos = -61.48148148148148
134.6711 	DATA 	Mouse:  Left button up, pos=(628,444)
134.6855 	EXP 	Likebility_slider_3: markerPos = -61.48148148148148
134.7038 	EXP 	image: autoDraw = True
135.1041 	DATA 	Mouse: Left button down, pos=(1383,73)
135.1054 	EXP 	window1: recordFrameIntervals = False
135.1204 	EXP 	Likebility_slider_3: autoDraw = False
135.1204 	EXP 	ratingText: autoDraw = False
135.1204 	EXP 	image: autoDraw = False
135.1204 	EXP 	instruct_Likeability_2: autoDraw = False
135.1205 	EXP 	window1: recordFrameIntervals = False
135.3902 	DATA 	Mouse:  Left button up, pos=(1383,73)
135.5905 	EXP 	New trial (rep=0, index=27): OrderedDict([('Type', 'Human'), ('Spatial_Frequency', 'HSF'), ('filepath', 'Stimuli For Psychopy/Human/matched-32-cpi-low-Rafd090_37_Caucasian_female_neutral_frontal.jpg'), ('file_name', 'matched-32-cpi-low-Rafd090_37_Caucasian_female_neutral_frontal.jpg')])
135.5926 	EXP 	Fixation: autoDraw = True
136.6021 	EXP 	Fixation: autoDraw = False
136.6021 	EXP 	Fixation: autoDraw = False
136.6021 	EXP 	Human_image: image = 'Stimuli For Psychopy/Human/matched-32-cpi-low-Rafd090_37_Caucasian_female_neutral_frontal.jpg'
136.6021 	EXP 	Human_image: autoDraw = True
137.6057 	EXP 	Human_image: autoDraw = False
137.6057 	EXP 	Human_image: autoDraw = False
137.6057 	EXP 	roi: autoDraw = False
137.6057 	EXP 	Likebility_slider_3: markerPos = None
137.6057 	EXP 	Likebility_slider_3: markerPos = 0.0
137.6057 	EXP 	Likebility_slider_3: autoDraw = True
137.6057 	EXP 	ratingText: autoDraw = True
137.6057 	EXP 	instruct_Likeability_2: autoDraw = True
138.0217 	DATA 	Mouse: Left button down, pos=(792,423)
138.0353 	EXP 	Likebility_slider_3: markerPos = -31.111111111111114
138.0536 	EXP 	Likebility_slider_3: markerPos = -31.111111111111114
138.0707 	EXP 	Likebility_slider_3: markerPos = -31.111111111111114
138.0715 	DATA 	Mouse:  Left button up, pos=(792,423)
138.0869 	EXP 	Likebility_slider_3: markerPos = -31.111111111111114
138.1039 	EXP 	image: autoDraw = True
138.4542 	DATA 	Mouse: Left button down, pos=(1432,91)
138.4560 	EXP 	window1: recordFrameIntervals = False
138.4705 	EXP 	Likebility_slider_3: autoDraw = False
138.4705 	EXP 	ratingText: autoDraw = False
138.4705 	EXP 	image: autoDraw = False
138.4705 	EXP 	instruct_Likeability_2: autoDraw = False
138.4706 	EXP 	window1: recordFrameIntervals = False
138.7403 	DATA 	Mouse:  Left button up, pos=(1432,91)
138.9407 	EXP 	New trial (rep=0, index=28): OrderedDict([('Type', 'Human'), ('Spatial_Frequency', 'LSF'), ('filepath', 'Stimuli For Psychopy/Human/matched-8-cpi-low-Rafd090_26_Caucasian_female_neutral_frontal.jpg'), ('file_name', 'matched-8-cpi-low-Rafd090_26_Caucasian_female_neutral_frontal.jpg')])
138.9428 	EXP 	Fixation: autoDraw = True
139.9537 	EXP 	Fixation: autoDraw = False
139.9537 	EXP 	Fixation: autoDraw = False
139.9537 	EXP 	Human_image: image = 'Stimuli For Psychopy/Human/matched-8-cpi-low-Rafd090_26_Caucasian_female_neutral_frontal.jpg'
139.9537 	EXP 	Human_image: autoDraw = True
140.9558 	EXP 	Human_image: autoDraw = False
140.9558 	EXP 	Human_image: autoDraw = False
140.9558 	EXP 	roi: autoDraw = False
140.9558 	EXP 	Likebility_slider_3: markerPos = None
140.9558 	EXP 	Likebility_slider_3: markerPos = 0.0
140.9558 	EXP 	Likebility_slider_3: autoDraw = True
140.9558 	EXP 	ratingText: autoDraw = True
140.9558 	EXP 	instruct_Likeability_2: autoDraw = True
141.3375 	DATA 	Mouse: Left button down, pos=(740,402)
141.3535 	EXP 	Likebility_slider_3: markerPos = -40.74074074074075
141.3701 	EXP 	Likebility_slider_3: markerPos = -40.74074074074075
141.3746 	DATA 	Mouse:  Left button up, pos=(740,402)
141.3870 	EXP 	Likebility_slider_3: markerPos = -40.74074074074075
141.4035 	EXP 	Likebility_slider_3: markerPos = -40.74074074074075
141.4201 	EXP 	image: autoDraw = True
141.7873 	DATA 	Mouse: Left button down, pos=(1491,16)
141.8372 	DATA 	Mouse:  Left button up, pos=(1491,16)
142.1705 	DATA 	Mouse: Left button down, pos=(1473,67)
142.1718 	EXP 	window1: recordFrameIntervals = False
142.1868 	EXP 	Likebility_slider_3: autoDraw = False
142.1868 	EXP 	ratingText: autoDraw = False
142.1868 	EXP 	image: autoDraw = False
142.1868 	EXP 	instruct_Likeability_2: autoDraw = False
142.1869 	EXP 	window1: recordFrameIntervals = False
142.4566 	DATA 	Mouse:  Left button up, pos=(1473,67)
142.6567 	EXP 	New trial (rep=0, index=29): OrderedDict([('Type', 'Human'), ('Spatial_Frequency', 'LSF'), ('filepath', 'Stimuli For Psychopy/Human/matched-8-cpi-low-Rafd090_36_Caucasian_male_neutral_frontal.jpg'), ('file_name', 'matched-8-cpi-low-Rafd090_36_Caucasian_male_neutral_frontal.jpg')])
142.6589 	EXP 	Fixation: autoDraw = True
143.6682 	EXP 	Fixation: autoDraw = False
143.6682 	EXP 	Fixation: autoDraw = False
143.6682 	EXP 	Human_image: image = 'Stimuli For Psychopy/Human/matched-8-cpi-low-Rafd090_36_Caucasian_male_neutral_frontal.jpg'
143.6682 	EXP 	Human_image: autoDraw = True
144.6723 	EXP 	Human_image: autoDraw = False
144.6723 	EXP 	Human_image: autoDraw = False
144.6723 	EXP 	roi: autoDraw = False
144.6723 	EXP 	Likebility_slider_3: markerPos = None
144.6723 	EXP 	Likebility_slider_3: markerPos = 0.0
144.6723 	EXP 	Likebility_slider_3: autoDraw = True
144.6723 	EXP 	ratingText: autoDraw = True
144.6723 	EXP 	instruct_Likeability_2: autoDraw = True
145.4194 	DATA 	Mouse: Left button down, pos=(626,420)
145.4368 	EXP 	Likebility_slider_3: markerPos = -61.85185185185185
145.4534 	EXP 	Likebility_slider_3: markerPos = -61.85185185185185
145.4701 	EXP 	Likebility_slider_3: markerPos = -61.85185185185185
145.4707 	DATA 	Mouse:  Left button up, pos=(626,420)
145.4867 	EXP 	Likebility_slider_3: markerPos = -61.85185185185185
145.5034 	EXP 	image: autoDraw = True
145.9370 	DATA 	Mouse: Left button down, pos=(1390,96)
145.9383 	EXP 	window1: recordFrameIntervals = False
145.9534 	EXP 	Likebility_slider_3: autoDraw = False
145.9534 	EXP 	ratingText: autoDraw = False
145.9534 	EXP 	image: autoDraw = False
145.9534 	EXP 	instruct_Likeability_2: autoDraw = False
145.9535 	EXP 	window1: recordFrameIntervals = False
146.2224 	DATA 	Mouse:  Left button up, pos=(1390,96)
146.4226 	EXP 	New trial (rep=0, index=30): OrderedDict([('Type', 'Human'), ('Spatial_Frequency', 'LSF'), ('filepath', 'Stimuli For Psychopy/Human/matched-8-cpi-low-Rafd090_30_Caucasian_male_neutral_frontal.jpg'), ('file_name', 'matched-8-cpi-low-Rafd090_30_Caucasian_male_neutral_frontal.jpg')])
146.4246 	EXP 	Fixation: autoDraw = True
147.4348 	EXP 	Fixation: autoDraw = False
147.4348 	EXP 	Fixation: autoDraw = False
147.4348 	EXP 	Human_image: image = 'Stimuli For Psychopy/Human/matched-8-cpi-low-Rafd090_30_Caucasian_male_neutral_frontal.jpg'
147.4348 	EXP 	Human_image: autoDraw = True
148.4348 	EXP 	Human_image: autoDraw = False
148.4348 	EXP 	Human_image: autoDraw = False
148.4348 	EXP 	roi: autoDraw = False
148.4348 	EXP 	Likebility_slider_3: markerPos = None
148.4348 	EXP 	Likebility_slider_3: markerPos = 0.0
148.4348 	EXP 	Likebility_slider_3: autoDraw = True
148.4348 	EXP 	ratingText: autoDraw = True
148.4348 	EXP 	instruct_Likeability_2: autoDraw = True
149.1737 	DATA 	Mouse: Left button down, pos=(529,434)
149.2034 	EXP 	Likebility_slider_3: markerPos = -79.81481481481481
149.2200 	EXP 	Likebility_slider_3: markerPos = -79.81481481481481
149.2210 	DATA 	Mouse:  Left button up, pos=(529,434)
149.2369 	EXP 	Likebility_slider_3: markerPos = -79.81481481481481
149.2535 	EXP 	image: autoDraw = True
149.6538 	DATA 	Mouse: Left button down, pos=(1413,59)
149.6561 	EXP 	window1: recordFrameIntervals = False
149.6700 	EXP 	Likebility_slider_3: autoDraw = False
149.6700 	EXP 	ratingText: autoDraw = False
149.6700 	EXP 	image: autoDraw = False
149.6700 	EXP 	instruct_Likeability_2: autoDraw = False
149.6701 	EXP 	window1: recordFrameIntervals = False
149.9407 	DATA 	Mouse:  Left button up, pos=(1413,59)
150.1408 	EXP 	New trial (rep=0, index=31): OrderedDict([('Type', 'Human'), ('Spatial_Frequency', 'HSF'), ('filepath', 'Stimuli For Psychopy/Human/matched-32-cpi-low-Rafd090_24_Caucasian_male_neutral_frontal.jpg'), ('file_name', 'matched-32-cpi-low-Rafd090_24_Caucasian_male_neutral_frontal.jpg')])
150.1533 	EXP 	Fixation: autoDraw = True
151.1532 	EXP 	Fixation: autoDraw = False
151.1532 	EXP 	Fixation: autoDraw = False
151.1532 	EXP 	Human_image: image = 'Stimuli For Psychopy/Human/matched-32-cpi-low-Rafd090_24_Caucasian_male_neutral_frontal.jpg'
151.1532 	EXP 	Human_image: autoDraw = True
152.1533 	EXP 	Human_image: autoDraw = False
152.1533 	EXP 	Human_image: autoDraw = False
152.1533 	EXP 	roi: autoDraw = False
152.1533 	EXP 	Likebility_slider_3: markerPos = None
152.1533 	EXP 	Likebility_slider_3: markerPos = 0.0
152.1683 	EXP 	Likebility_slider_3: autoDraw = True
152.1683 	EXP 	ratingText: autoDraw = True
152.1683 	EXP 	instruct_Likeability_2: autoDraw = True
152.6374 	DATA 	Mouse: Left button down, pos=(616,445)
152.6533 	EXP 	Likebility_slider_3: markerPos = -63.70370370370371
152.6699 	EXP 	Likebility_slider_3: markerPos = -63.70370370370371
152.6866 	EXP 	Likebility_slider_3: markerPos = -63.70370370370371
152.6872 	DATA 	Mouse:  Left button up, pos=(616,445)
152.7034 	EXP 	Likebility_slider_3: markerPos = -63.70370370370371
152.7184 	EXP 	image: autoDraw = True
153.2690 	DATA 	Mouse: Left button down, pos=(1385,99)
153.2712 	EXP 	window1: recordFrameIntervals = False
153.2866 	EXP 	Likebility_slider_3: autoDraw = False
153.2866 	EXP 	ratingText: autoDraw = False
153.2866 	EXP 	image: autoDraw = False
153.2866 	EXP 	instruct_Likeability_2: autoDraw = False
153.2867 	EXP 	window1: recordFrameIntervals = False
153.5549 	DATA 	Mouse:  Left button up, pos=(1385,87)
153.7551 	EXP 	New trial (rep=0, index=32): OrderedDict([('Type', 'Human'), ('Spatial_Frequency', 'LSF'), ('filepath', 'Stimuli For Psychopy/Human/matched-8-cpi-low-Rafd090_22_Caucasian_female_neutral_frontal.jpg'), ('file_name', 'matched-8-cpi-low-Rafd090_22_Caucasian_female_neutral_frontal.jpg')])
153.7572 	EXP 	Fixation: autoDraw = True
154.7697 	EXP 	Fixation: autoDraw = False
154.7697 	EXP 	Fixation: autoDraw = False
154.7697 	EXP 	Human_image: image = 'Stimuli For Psychopy/Human/matched-8-cpi-low-Rafd090_22_Caucasian_female_neutral_frontal.jpg'
154.7697 	EXP 	Human_image: autoDraw = True
155.7721 	EXP 	Human_image: autoDraw = False
155.7721 	EXP 	Human_image: autoDraw = False
155.7721 	EXP 	roi: autoDraw = False
155.7721 	EXP 	Likebility_slider_3: markerPos = None
155.7721 	EXP 	Likebility_slider_3: markerPos = 0.0
155.7721 	EXP 	Likebility_slider_3: autoDraw = True
155.7721 	EXP 	ratingText: autoDraw = True
155.7721 	EXP 	instruct_Likeability_2: autoDraw = True
156.0856 	DATA 	Mouse: Left button down, pos=(704,425)
156.1036 	EXP 	Likebility_slider_3: markerPos = -47.40740740740741
156.1200 	EXP 	Likebility_slider_3: markerPos = -47.40740740740741
156.1349 	EXP 	Likebility_slider_3: markerPos = -47.40740740740741
156.1355 	DATA 	Mouse:  Left button up, pos=(704,425)
156.1533 	EXP 	Likebility_slider_3: markerPos = -47.40740740740741
156.1700 	EXP 	image: autoDraw = True
156.7034 	DATA 	Mouse: Left button down, pos=(1490,98)
156.7051 	EXP 	window1: recordFrameIntervals = False
156.7198 	EXP 	Likebility_slider_3: autoDraw = False
156.7198 	EXP 	ratingText: autoDraw = False
156.7198 	EXP 	image: autoDraw = False
156.7198 	EXP 	instruct_Likeability_2: autoDraw = False
156.7199 	EXP 	window1: recordFrameIntervals = False
156.9889 	DATA 	Mouse:  Left button up, pos=(1490,98)
157.1895 	EXP 	New trial (rep=0, index=33): OrderedDict([('Type', 'Human'), ('Spatial_Frequency', 'BSF'), ('filepath', 'Stimuli For Psychopy/Human/matched-Rafd090_30_Caucasian_male_neutral_frontal.jpg'), ('file_name', 'matched-Rafd090_30_Caucasian_male_neutral_frontal.jpg')])
157.1918 	EXP 	Fixation: autoDraw = True
158.2014 	EXP 	Fixation: autoDraw = False
158.2014 	EXP 	Fixation: autoDraw = False
158.2014 	EXP 	Human_image: image = 'Stimuli For Psychopy/Human/matched-Rafd090_30_Caucasian_male_neutral_frontal.jpg'
158.2014 	EXP 	Human_image: autoDraw = True
159.2052 	EXP 	Human_image: autoDraw = False
159.2052 	EXP 	Human_image: autoDraw = False
159.2052 	EXP 	roi: autoDraw = False
159.2052 	EXP 	Likebility_slider_3: markerPos = None
159.2052 	EXP 	Likebility_slider_3: markerPos = 0.0
159.2052 	EXP 	Likebility_slider_3: autoDraw = True
159.2052 	EXP 	ratingText: autoDraw = True
159.2052 	EXP 	instruct_Likeability_2: autoDraw = True
159.7426 	DATA 	Mouse: Left button down, pos=(1136,440)
159.7697 	EXP 	Likebility_slider_3: markerPos = 32.59259259259261
159.7730 	DATA 	Mouse:  Left button up, pos=(1136,440)
159.7866 	EXP 	Likebility_slider_3: markerPos = 32.59259259259261
159.8031 	EXP 	image: autoDraw = True
160.2701 	DATA 	Mouse: Left button down, pos=(1474,119)
160.2715 	EXP 	window1: recordFrameIntervals = False
160.2864 	EXP 	Likebility_slider_3: autoDraw = False
160.2864 	EXP 	ratingText: autoDraw = False
160.2864 	EXP 	image: autoDraw = False
160.2864 	EXP 	instruct_Likeability_2: autoDraw = False
160.2865 	EXP 	window1: recordFrameIntervals = False
160.5563 	DATA 	Mouse:  Left button up, pos=(1474,119)
160.7565 	EXP 	New trial (rep=0, index=34): OrderedDict([('Type', 'Human'), ('Spatial_Frequency', 'LSF'), ('filepath', 'Stimuli For Psychopy/Human/matched-8-cpi-low-Rafd090_24_Caucasian_male_neutral_frontal.jpg'), ('file_name', 'matched-8-cpi-low-Rafd090_24_Caucasian_male_neutral_frontal.jpg')])
160.7587 	EXP 	Fixation: autoDraw = True
161.7689 	EXP 	Fixation: autoDraw = False
161.7689 	EXP 	Fixation: autoDraw = False
161.7689 	EXP 	Human_image: image = 'Stimuli For Psychopy/Human/matched-8-cpi-low-Rafd090_24_Caucasian_male_neutral_frontal.jpg'
161.7689 	EXP 	Human_image: autoDraw = True
162.7719 	EXP 	Human_image: autoDraw = False
162.7719 	EXP 	Human_image: autoDraw = False
162.7719 	EXP 	roi: autoDraw = False
162.7719 	EXP 	Likebility_slider_3: markerPos = None
162.7719 	EXP 	Likebility_slider_3: markerPos = 0.0
162.7719 	EXP 	Likebility_slider_3: autoDraw = True
162.7719 	EXP 	ratingText: autoDraw = True
162.7719 	EXP 	instruct_Likeability_2: autoDraw = True
163.3370 	DATA 	Mouse: Left button down, pos=(642,420)
163.3531 	EXP 	Likebility_slider_3: markerPos = -58.88888888888889
163.3697 	EXP 	Likebility_slider_3: markerPos = -58.88888888888889
163.3704 	DATA 	Mouse:  Left button up, pos=(642,420)
163.3848 	EXP 	Likebility_slider_3: markerPos = -58.88888888888889
163.4032 	EXP 	image: autoDraw = True
163.7700 	DATA 	Mouse: Left button down, pos=(1464,48)
163.7715 	EXP 	window1: recordFrameIntervals = False
163.7865 	EXP 	Likebility_slider_3: autoDraw = False
163.7865 	EXP 	ratingText: autoDraw = False
163.7865 	EXP 	image: autoDraw = False
163.7865 	EXP 	instruct_Likeability_2: autoDraw = False
163.7866 	EXP 	window1: recordFrameIntervals = False
164.0560 	DATA 	Mouse:  Left button up, pos=(1464,48)
164.2562 	EXP 	New trial (rep=0, index=35): OrderedDict([('Type', 'Human'), ('Spatial_Frequency', 'HSF'), ('filepath', 'Stimuli For Psychopy/Human/matched-32-cpi-low-Rafd090_30_Caucasian_male_neutral_frontal.jpg'), ('file_name', 'matched-32-cpi-low-Rafd090_30_Caucasian_male_neutral_frontal.jpg')])
164.2584 	EXP 	Fixation: autoDraw = True
165.2688 	EXP 	Fixation: autoDraw = False
165.2688 	EXP 	Fixation: autoDraw = False
165.2688 	EXP 	Human_image: image = 'Stimuli For Psychopy/Human/matched-32-cpi-low-Rafd090_30_Caucasian_male_neutral_frontal.jpg'
165.2688 	EXP 	Human_image: autoDraw = True
166.2715 	EXP 	Human_image: autoDraw = False
166.2715 	EXP 	Human_image: autoDraw = False
166.2715 	EXP 	roi: autoDraw = False
166.2715 	EXP 	Likebility_slider_3: markerPos = None
166.2715 	EXP 	Likebility_slider_3: markerPos = 0.0
166.2715 	EXP 	Likebility_slider_3: autoDraw = True
166.2715 	EXP 	ratingText: autoDraw = True
166.2715 	EXP 	instruct_Likeability_2: autoDraw = True
166.8522 	DATA 	Mouse: Left button down, pos=(774,456)
166.8696 	EXP 	Likebility_slider_3: markerPos = -34.44444444444444
166.8862 	EXP 	Likebility_slider_3: markerPos = -34.44444444444444
166.9029 	EXP 	Likebility_slider_3: markerPos = -34.44444444444444
166.9037 	DATA 	Mouse:  Left button up, pos=(774,457)
166.9198 	EXP 	Likebility_slider_3: markerPos = -34.44444444444444
166.9363 	EXP 	image: autoDraw = True
167.3534 	DATA 	Mouse: Left button down, pos=(1429,105)
167.3549 	EXP 	window1: recordFrameIntervals = False
167.3680 	EXP 	Likebility_slider_3: autoDraw = False
167.3680 	EXP 	ratingText: autoDraw = False
167.3680 	EXP 	image: autoDraw = False
167.3680 	EXP 	instruct_Likeability_2: autoDraw = False
167.3681 	EXP 	window1: recordFrameIntervals = False
167.6395 	DATA 	Mouse:  Left button up, pos=(1429,105)
167.8401 	EXP 	New trial (rep=0, index=36): OrderedDict([('Type', 'Human'), ('Spatial_Frequency', 'HSF'), ('filepath', 'Stimuli For Psychopy/Human/matched-32-cpi-low-Rafd090_12_Caucasian_female_neutral_frontal.jpg'), ('file_name', 'matched-32-cpi-low-Rafd090_12_Caucasian_female_neutral_frontal.jpg')])
167.8532 	EXP 	Fixation: autoDraw = True
168.8512 	EXP 	Fixation: autoDraw = False
168.8512 	EXP 	Fixation: autoDraw = False
168.8512 	EXP 	Human_image: image = 'Stimuli For Psychopy/Human/matched-32-cpi-low-Rafd090_12_Caucasian_female_neutral_frontal.jpg'
168.8512 	EXP 	Human_image: autoDraw = True
169.8529 	EXP 	Human_image: autoDraw = False
169.8529 	EXP 	Human_image: autoDraw = False
169.8529 	EXP 	roi: autoDraw = False
169.8529 	EXP 	Likebility_slider_3: markerPos = None
169.8529 	EXP 	Likebility_slider_3: markerPos = 0.0
169.8679 	EXP 	Likebility_slider_3: autoDraw = True
169.8679 	EXP 	ratingText: autoDraw = True
169.8679 	EXP 	instruct_Likeability_2: autoDraw = True
170.2868 	DATA 	Mouse: Left button down, pos=(811,415)
170.3030 	EXP 	Likebility_slider_3: markerPos = -27.592592592592595
170.3199 	EXP 	Likebility_slider_3: markerPos = -27.592592592592595
170.3347 	EXP 	Likebility_slider_3: markerPos = -27.592592592592595
170.3354 	DATA 	Mouse:  Left button up, pos=(811,415)
170.3531 	EXP 	Likebility_slider_3: markerPos = -27.592592592592595
170.3696 	EXP 	image: autoDraw = True
170.8233 	DATA 	Mouse: Left button down, pos=(1449,86)
170.8385 	EXP 	window1: recordFrameIntervals = False
170.8533 	EXP 	Likebility_slider_3: autoDraw = False
170.8533 	EXP 	ratingText: autoDraw = False
170.8533 	EXP 	image: autoDraw = False
170.8533 	EXP 	instruct_Likeability_2: autoDraw = False
170.8534 	EXP 	window1: recordFrameIntervals = False
171.1221 	DATA 	Mouse:  Left button up, pos=(1449,86)
171.3224 	EXP 	New trial (rep=0, index=37): OrderedDict([('Type', 'Human'), ('Spatial_Frequency', 'HSF'), ('filepath', 'Stimuli For Psychopy/Human/matched-32-cpi-low-Rafd090_26_Caucasian_female_neutral_frontal.jpg'), ('file_name', 'matched-32-cpi-low-Rafd090_26_Caucasian_female_neutral_frontal.jpg')])
171.3246 	EXP 	Fixation: autoDraw = True
172.3355 	EXP 	Fixation: autoDraw = False
172.3355 	EXP 	Fixation: autoDraw = False
172.3355 	EXP 	Human_image: image = 'Stimuli For Psychopy/Human/matched-32-cpi-low-Rafd090_26_Caucasian_female_neutral_frontal.jpg'
172.3355 	EXP 	Human_image: autoDraw = True
173.3363 	EXP 	Human_image: autoDraw = False
173.3363 	EXP 	Human_image: autoDraw = False
173.3363 	EXP 	roi: autoDraw = False
173.3363 	EXP 	Likebility_slider_3: markerPos = None
173.3363 	EXP 	Likebility_slider_3: markerPos = 0.0
173.3511 	EXP 	Likebility_slider_3: autoDraw = True
173.3511 	EXP 	ratingText: autoDraw = True
173.3511 	EXP 	instruct_Likeability_2: autoDraw = True
173.9520 	DATA 	Mouse: Left button down, pos=(816,401)
173.9699 	EXP 	Likebility_slider_3: markerPos = -26.666666666666657
173.9861 	EXP 	Likebility_slider_3: markerPos = -26.666666666666657
174.0027 	EXP 	Likebility_slider_3: markerPos = -26.666666666666657
174.0074 	DATA 	Mouse:  Left button up, pos=(816,401)
174.0178 	EXP 	Likebility_slider_3: markerPos = -26.666666666666657
174.0361 	EXP 	Likebility_slider_3: markerPos = -26.666666666666657
174.0529 	EXP 	image: autoDraw = True
174.6201 	DATA 	Mouse: Left button down, pos=(1508,91)
174.6218 	EXP 	window1: recordFrameIntervals = False
174.6347 	EXP 	Likebility_slider_3: autoDraw = False
174.6347 	EXP 	ratingText: autoDraw = False
174.6347 	EXP 	image: autoDraw = False
174.6347 	EXP 	instruct_Likeability_2: autoDraw = False
174.6349 	EXP 	window1: recordFrameIntervals = False
174.9059 	DATA 	Mouse:  Left button up, pos=(1508,91)
175.1061 	EXP 	New trial (rep=0, index=38): OrderedDict([('Type', 'Human'), ('Spatial_Frequency', 'HSF'), ('filepath', 'Stimuli For Psychopy/Human/matched-32-cpi-low-Rafd090_16_Caucasian_female_neutral_frontal.jpg'), ('file_name', 'matched-32-cpi-low-Rafd090_16_Caucasian_female_neutral_frontal.jpg')])
175.1217 	EXP 	Fixation: autoDraw = True
176.1216 	EXP 	Fixation: autoDraw = False
176.1216 	EXP 	Fixation: autoDraw = False
176.1216 	EXP 	Human_image: image = 'Stimuli For Psychopy/Human/matched-32-cpi-low-Rafd090_16_Caucasian_female_neutral_frontal.jpg'
176.1216 	EXP 	Human_image: autoDraw = True
177.1174 	EXP 	Human_image: autoDraw = False
177.1174 	EXP 	Human_image: autoDraw = False
177.1174 	EXP 	roi: autoDraw = False
177.1174 	EXP 	Likebility_slider_3: markerPos = None
177.1174 	EXP 	Likebility_slider_3: markerPos = 0.0
177.1174 	EXP 	Likebility_slider_3: autoDraw = True
177.1174 	EXP 	ratingText: autoDraw = True
177.1174 	EXP 	instruct_Likeability_2: autoDraw = True
178.2532 	DATA 	Mouse: Left button down, pos=(690,446)
178.2693 	EXP 	Likebility_slider_3: markerPos = -50.0
178.2860 	EXP 	Likebility_slider_3: markerPos = -50.0
178.3027 	EXP 	Likebility_slider_3: markerPos = -50.0
178.3034 	DATA 	Mouse:  Left button up, pos=(690,446)
178.3194 	EXP 	Likebility_slider_3: markerPos = -50.0
178.3361 	EXP 	image: autoDraw = True
179.3054 	DATA 	Mouse: Left button down, pos=(760,443)
179.3216 	EXP 	Likebility_slider_3: markerPos = -37.03703703703704
179.3383 	EXP 	Likebility_slider_3: markerPos = -37.03703703703704
179.3550 	EXP 	Likebility_slider_3: markerPos = -37.03703703703704
179.3553 	DATA 	Mouse:  Left button up, pos=(760,443)
179.3716 	EXP 	Likebility_slider_3: markerPos = -37.03703703703704
179.8385 	DATA 	Mouse: Left button down, pos=(1434,81)
179.8399 	EXP 	window1: recordFrameIntervals = False
179.8548 	EXP 	Likebility_slider_3: autoDraw = False
179.8548 	EXP 	ratingText: autoDraw = False
179.8548 	EXP 	image: autoDraw = False
179.8548 	EXP 	instruct_Likeability_2: autoDraw = False
179.8549 	EXP 	window1: recordFrameIntervals = False
180.1244 	DATA 	Mouse:  Left button up, pos=(1434,81)
180.3247 	EXP 	New trial (rep=0, index=39): OrderedDict([('Type', 'Human'), ('Spatial_Frequency', 'HSF'), ('filepath', 'Stimuli For Psychopy/Human/matched-32-cpi-low-Rafd090_22_Caucasian_female_neutral_frontal.jpg'), ('file_name', 'matched-32-cpi-low-Rafd090_22_Caucasian_female_neutral_frontal.jpg')])
180.3278 	EXP 	Fixation: autoDraw = True
181.3381 	EXP 	Fixation: autoDraw = False
181.3381 	EXP 	Fixation: autoDraw = False
181.3381 	EXP 	Human_image: image = 'Stimuli For Psychopy/Human/matched-32-cpi-low-Rafd090_22_Caucasian_female_neutral_frontal.jpg'
181.3549 	EXP 	Human_image: autoDraw = True
182.3692 	EXP 	Human_image: autoDraw = False
182.3692 	EXP 	roi: autoDraw = False
182.3692 	EXP 	Likebility_slider_3: markerPos = None
182.3692 	EXP 	Likebility_slider_3: markerPos = 0.0
182.3692 	EXP 	Likebility_slider_3: autoDraw = True
182.3692 	EXP 	ratingText: autoDraw = True
182.3692 	EXP 	instruct_Likeability_2: autoDraw = True
183.0019 	DATA 	Mouse: Left button down, pos=(813,444)
183.0192 	EXP 	Likebility_slider_3: markerPos = -27.222222222222214
183.0359 	EXP 	Likebility_slider_3: markerPos = -27.222222222222214
183.0364 	DATA 	Mouse:  Left button up, pos=(813,444)
183.0529 	EXP 	Likebility_slider_3: markerPos = -27.222222222222214
183.0692 	EXP 	image: autoDraw = True
183.5219 	DATA 	Mouse: Left button down, pos=(1422,104)
183.5233 	EXP 	window1: recordFrameIntervals = False
183.5381 	EXP 	Likebility_slider_3: autoDraw = False
183.5381 	EXP 	ratingText: autoDraw = False
183.5381 	EXP 	image: autoDraw = False
183.5381 	EXP 	instruct_Likeability_2: autoDraw = False
183.5382 	EXP 	window1: recordFrameIntervals = False
183.8076 	DATA 	Mouse:  Left button up, pos=(1422,104)
184.0080 	EXP 	New trial (rep=0, index=40): OrderedDict([('Type', 'Human'), ('Spatial_Frequency', 'HSF'), ('filepath', 'Stimuli For Psychopy/Human/matched-32-cpi-low-Rafd090_19_Caucasian_female_neutral_frontal.jpg'), ('file_name', 'matched-32-cpi-low-Rafd090_19_Caucasian_female_neutral_frontal.jpg')])
184.0112 	EXP 	Fixation: autoDraw = True
185.0214 	EXP 	Fixation: autoDraw = False
185.0214 	EXP 	Fixation: autoDraw = False
185.0214 	EXP 	Human_image: image = 'Stimuli For Psychopy/Human/matched-32-cpi-low-Rafd090_19_Caucasian_female_neutral_frontal.jpg'
185.0382 	EXP 	Human_image: autoDraw = True
186.0379 	EXP 	Human_image: autoDraw = False
186.0379 	EXP 	Human_image: autoDraw = False
186.0379 	EXP 	roi: autoDraw = False
186.0379 	EXP 	Likebility_slider_3: markerPos = None
186.0379 	EXP 	Likebility_slider_3: markerPos = 0.0
186.0379 	EXP 	Likebility_slider_3: autoDraw = True
186.0379 	EXP 	ratingText: autoDraw = True
186.0379 	EXP 	instruct_Likeability_2: autoDraw = True
186.7198 	DATA 	Mouse: Left button down, pos=(794,410)
186.7358 	EXP 	Likebility_slider_3: markerPos = -30.740740740740733
186.7525 	EXP 	Likebility_slider_3: markerPos = -30.740740740740733
186.7570 	DATA 	Mouse:  Left button up, pos=(794,410)
186.7693 	EXP 	Likebility_slider_3: markerPos = -30.740740740740733
186.7859 	EXP 	Likebility_slider_3: markerPos = -30.740740740740733
186.8026 	EXP 	image: autoDraw = True
187.2362 	DATA 	Mouse: Left button down, pos=(1480,95)
187.2375 	EXP 	window1: recordFrameIntervals = False
187.2525 	EXP 	Likebility_slider_3: autoDraw = False
187.2525 	EXP 	ratingText: autoDraw = False
187.2525 	EXP 	image: autoDraw = False
187.2525 	EXP 	instruct_Likeability_2: autoDraw = False
187.2526 	EXP 	window1: recordFrameIntervals = False
187.5216 	DATA 	Mouse:  Left button up, pos=(1480,95)
187.7219 	EXP 	New trial (rep=0, index=41): OrderedDict([('Type', 'Human'), ('Spatial_Frequency', 'LSF'), ('filepath', 'Stimuli For Psychopy/Human/matched-8-cpi-low-Rafd090_31_Caucasian_female_neutral_frontal.jpg'), ('file_name', 'matched-8-cpi-low-Rafd090_31_Caucasian_female_neutral_frontal.jpg')])
187.7239 	EXP 	Fixation: autoDraw = True
188.7364 	EXP 	Fixation: autoDraw = False
188.7364 	EXP 	Fixation: autoDraw = False
188.7364 	EXP 	Human_image: image = 'Stimuli For Psychopy/Human/matched-8-cpi-low-Rafd090_31_Caucasian_female_neutral_frontal.jpg'
188.7364 	EXP 	Human_image: autoDraw = True
189.7380 	EXP 	Human_image: autoDraw = False
189.7380 	EXP 	Human_image: autoDraw = False
189.7380 	EXP 	roi: autoDraw = False
189.7380 	EXP 	Likebility_slider_3: markerPos = None
189.7380 	EXP 	Likebility_slider_3: markerPos = 0.0
189.7380 	EXP 	Likebility_slider_3: autoDraw = True
189.7380 	EXP 	ratingText: autoDraw = True
189.7380 	EXP 	instruct_Likeability_2: autoDraw = True
190.2350 	DATA 	Mouse: Left button down, pos=(627,424)
190.2524 	EXP 	Likebility_slider_3: markerPos = -61.66666666666667
190.2691 	EXP 	Likebility_slider_3: markerPos = -61.66666666666667
190.2700 	DATA 	Mouse:  Left button up, pos=(627,424)
190.2841 	EXP 	Likebility_slider_3: markerPos = -61.66666666666667
190.3024 	EXP 	image: autoDraw = True
190.7861 	DATA 	Mouse: Left button down, pos=(1537,78)
190.7877 	EXP 	window1: recordFrameIntervals = False
190.8024 	EXP 	Likebility_slider_3: autoDraw = False
190.8024 	EXP 	ratingText: autoDraw = False
190.8024 	EXP 	image: autoDraw = False
190.8024 	EXP 	instruct_Likeability_2: autoDraw = False
190.8025 	EXP 	window1: recordFrameIntervals = False
191.0721 	DATA 	Mouse:  Left button up, pos=(1537,78)
191.2724 	EXP 	New trial (rep=0, index=42): OrderedDict([('Type', 'Human'), ('Spatial_Frequency', 'LSF'), ('filepath', 'Stimuli For Psychopy/Human/matched-8-cpi-low-Rafd090_12_Caucasian_female_neutral_frontal.jpg'), ('file_name', 'matched-8-cpi-low-Rafd090_12_Caucasian_female_neutral_frontal.jpg')])
191.2745 	EXP 	Fixation: autoDraw = True
192.2843 	EXP 	Fixation: autoDraw = False
192.2843 	EXP 	Fixation: autoDraw = False
192.2843 	EXP 	Human_image: image = 'Stimuli For Psychopy/Human/matched-8-cpi-low-Rafd090_12_Caucasian_female_neutral_frontal.jpg'
192.2843 	EXP 	Human_image: autoDraw = True
193.2842 	EXP 	Human_image: autoDraw = False
193.2842 	EXP 	Human_image: autoDraw = False
193.2842 	EXP 	roi: autoDraw = False
193.2842 	EXP 	Likebility_slider_3: markerPos = None
193.2842 	EXP 	Likebility_slider_3: markerPos = 0.0
193.2842 	EXP 	Likebility_slider_3: autoDraw = True
193.2842 	EXP 	ratingText: autoDraw = True
193.2842 	EXP 	instruct_Likeability_2: autoDraw = True
193.7032 	DATA 	Mouse: Left button down, pos=(588,414)
193.7176 	EXP 	Likebility_slider_3: markerPos = -68.88888888888889
193.7358 	EXP 	Likebility_slider_3: markerPos = -68.88888888888889
193.7525 	EXP 	Likebility_slider_3: markerPos = -68.88888888888889
193.7531 	DATA 	Mouse:  Left button up, pos=(588,414)
193.7676 	EXP 	Likebility_slider_3: markerPos = -68.88888888888889
193.7858 	EXP 	image: autoDraw = True
194.3694 	DATA 	Mouse: Left button down, pos=(1458,102)
194.3709 	EXP 	window1: recordFrameIntervals = False
194.3857 	EXP 	Likebility_slider_3: autoDraw = False
194.3857 	EXP 	ratingText: autoDraw = False
194.3857 	EXP 	image: autoDraw = False
194.3857 	EXP 	instruct_Likeability_2: autoDraw = False
194.3858 	EXP 	window1: recordFrameIntervals = False
194.6556 	DATA 	Mouse:  Left button up, pos=(1458,102)
194.8558 	EXP 	New trial (rep=0, index=43): OrderedDict([('Type', 'Human'), ('Spatial_Frequency', 'HSF'), ('filepath', 'Stimuli For Psychopy/Human/matched-32-cpi-low-Rafd090_32_Caucasian_female_neutral_frontal.jpg'), ('file_name', 'matched-32-cpi-low-Rafd090_32_Caucasian_female_neutral_frontal.jpg')])
194.8580 	EXP 	Fixation: autoDraw = True
195.8673 	EXP 	Fixation: autoDraw = False
195.8673 	EXP 	Fixation: autoDraw = False
195.8673 	EXP 	Human_image: image = 'Stimuli For Psychopy/Human/matched-32-cpi-low-Rafd090_32_Caucasian_female_neutral_frontal.jpg'
195.8673 	EXP 	Human_image: autoDraw = True
196.8710 	EXP 	Human_image: autoDraw = False
196.8710 	EXP 	Human_image: autoDraw = False
196.8710 	EXP 	roi: autoDraw = False
196.8710 	EXP 	Likebility_slider_3: markerPos = None
196.8710 	EXP 	Likebility_slider_3: markerPos = 0.0
196.8710 	EXP 	Likebility_slider_3: autoDraw = True
196.8710 	EXP 	ratingText: autoDraw = True
196.8710 	EXP 	instruct_Likeability_2: autoDraw = True
197.3035 	DATA 	Mouse: Left button down, pos=(725,419)
197.3174 	EXP 	Likebility_slider_3: markerPos = -43.51851851851851
197.3357 	EXP 	Likebility_slider_3: markerPos = -43.51851851851851
197.3522 	EXP 	Likebility_slider_3: markerPos = -43.51851851851851
197.3568 	DATA 	Mouse:  Left button up, pos=(725,419)
197.3689 	EXP 	Likebility_slider_3: markerPos = -43.51851851851851
197.3856 	EXP 	Likebility_slider_3: markerPos = -43.51851851851851
197.4023 	EXP 	image: autoDraw = True
197.7693 	DATA 	Mouse: Left button down, pos=(1623,75)
197.7707 	EXP 	window1: recordFrameIntervals = False
197.7856 	EXP 	Likebility_slider_3: autoDraw = False
197.7856 	EXP 	ratingText: autoDraw = False
197.7856 	EXP 	image: autoDraw = False
197.7856 	EXP 	instruct_Likeability_2: autoDraw = False
197.7857 	EXP 	window1: recordFrameIntervals = False
198.0547 	DATA 	Mouse:  Left button up, pos=(1623,75)
198.2553 	EXP 	New trial (rep=0, index=44): OrderedDict([('Type', 'Human'), ('Spatial_Frequency', 'LSF'), ('filepath', 'Stimuli For Psychopy/Human/matched-8-cpi-low-Rafd090_28_Caucasian_male_neutral_frontal.jpg'), ('file_name', 'matched-8-cpi-low-Rafd090_28_Caucasian_male_neutral_frontal.jpg')])
198.2574 	EXP 	Fixation: autoDraw = True
199.2686 	EXP 	Fixation: autoDraw = False
199.2686 	EXP 	Fixation: autoDraw = False
199.2686 	EXP 	Human_image: image = 'Stimuli For Psychopy/Human/matched-8-cpi-low-Rafd090_28_Caucasian_male_neutral_frontal.jpg'
199.2686 	EXP 	Human_image: autoDraw = True
200.2711 	EXP 	Human_image: autoDraw = False
200.2711 	EXP 	Human_image: autoDraw = False
200.2711 	EXP 	roi: autoDraw = False
200.2711 	EXP 	Likebility_slider_3: markerPos = None
200.2711 	EXP 	Likebility_slider_3: markerPos = 0.0
200.2711 	EXP 	Likebility_slider_3: autoDraw = True
200.2711 	EXP 	ratingText: autoDraw = True
200.2711 	EXP 	instruct_Likeability_2: autoDraw = True
201.4059 	DATA 	Mouse: Left button down, pos=(553,421)
201.4361 	EXP 	Likebility_slider_3: markerPos = -75.37037037037037
201.4507 	EXP 	Likebility_slider_3: markerPos = -75.37037037037037
201.4515 	DATA 	Mouse:  Left button up, pos=(553,421)
201.4673 	EXP 	Likebility_slider_3: markerPos = -75.37037037037037
201.4855 	EXP 	image: autoDraw = True
202.0027 	DATA 	Mouse: Left button down, pos=(1465,112)
202.0043 	EXP 	window1: recordFrameIntervals = False
202.0192 	EXP 	Likebility_slider_3: autoDraw = False
202.0192 	EXP 	ratingText: autoDraw = False
202.0192 	EXP 	image: autoDraw = False
202.0192 	EXP 	instruct_Likeability_2: autoDraw = False
202.0193 	EXP 	window1: recordFrameIntervals = False
202.2883 	DATA 	Mouse:  Left button up, pos=(1465,112)
203.5054 	EXP 	eyetracker.setRecordingState(False)
203.5555 	EXP 	window1: mouseVisible = True
